Starting Task 9: Model=lstm, LR_D=0.0005, LR_G=0.0025
Running on cuda
Sampled 10 new goals.
Collecting Ground Truth (Standard MuJoCo) trajectories...
Warp 1.12.0 initialized:
   CUDA Toolkit 12.9, Driver 12.8
   Devices:
     "cpu"      : "x86_64"
     "cuda:0"   : "NVIDIA RTX 5000 Ada Generation" (31 GiB, sm_89, mempool enabled)
   Kernel cache:
     /home/kg878/.cache/warp/1.12.0
Module mujoco_warp._src.smooth f756680 load on device 'cuda:0' took 7.66 ms  (cached)
Module mujoco_warp._src.collision_driver 4d8b905 load on device 'cuda:0' took 4.46 ms  (cached)
Module _nxn_broadphase__locals__kernel_83765485 8376548 load on device 'cuda:0' took 3.98 ms  (cached)
Module _primitive_narrowphase__locals__primitive_narrowphase_799bf360 799bf36 load on device 'cuda:0' took 5.97 ms  (cached)
Module mujoco_warp._src.constraint 63c97cb load on device 'cuda:0' took 6.92 ms  (cached)
Module mujoco_warp._src.passive 7fb8524 load on device 'cuda:0' took 5.56 ms  (cached)
Module mujoco_warp._src.forward 5a5c0b5 load on device 'cuda:0' took 4.58 ms  (cached)
Module mujoco_warp._src.support 343d1ae load on device 'cuda:0' took 4.81 ms  (cached)
Module _tile_cholesky_factorize_solve__locals__cholesky_factorize_solve_31e2b081 1603efb load on device 'cuda:0' took 30.35 ms  (cached)
Module mujoco_warp._src.solver eaac975 load on device 'cuda:0' took 6.11 ms  (cached)
Module solve_init_jaref__locals__kernel_21fae504 21fae50 load on device 'cuda:0' took 3.68 ms  (cached)
Module mul_m_dense__locals___mul_m_dense_fbd74bb9 fbd74bb load on device 'cuda:0' took 4.05 ms  (cached)
Module update_constraint_efc__locals__kernel_d4ac54f8 d4ac54f load on device 'cuda:0' took 4.84 ms  (cached)
Module update_constraint_gauss_cost__locals__kernel_73299c19 73299c1 load on device 'cuda:0' took 3.45 ms  (cached)
Module update_gradient_JTDAJ_dense_tiled__locals__kernel_92d753e0 6f5ab40 load on device 'cuda:0' took 3.99 ms  (cached)
Module update_gradient_cholesky__locals__kernel_1e67b2d5 4da60ef load on device 'cuda:0' took 30.17 ms  (cached)
Module linesearch_iterative__locals__kernel_e835d44f c716e5e load on device 'cuda:0' took 5.00 ms  (cached)
Module update_constraint_efc__locals__kernel_5c3dedb8 5c3dedb load on device 'cuda:0' took 3.75 ms  (cached)
Module _tile_euler_dense__locals__euler_dense_c71389e7 8e3457a load on device 'cuda:0' took 32.13 ms  (cached)
Module comfree_warp.mujoco_warp._src.smooth c02eb38 load on device 'cuda:0' took 7.16 ms  (cached)
Module _tile_cholesky_factorize__locals__cholesky_factorize_d03d54d2 1278567 load on device 'cuda:0' took 25.01 ms  (cached)
Module comfree_warp.mujoco_warp._src.collision_driver 4d8b905 load on device 'cuda:0' took 5.55 ms  (cached)
Module _primitive_narrowphase__locals__primitive_narrowphase_fa8f2c5f fa8f2c5 load on device 'cuda:0' took 6.13 ms  (cached)
Module comfree_warp.comfree_core._src.constraint 244f68b load on device 'cuda:0' took 5.68 ms  (cached)
Module comfree_warp.mujoco_warp._src.passive 5be88d0 load on device 'cuda:0' took 5.23 ms  (cached)
Module comfree_warp.mujoco_warp._src.forward 13e94f4 load on device 'cuda:0' took 5.00 ms  (cached)
Module comfree_warp.mujoco_warp._src.support 343d1ae load on device 'cuda:0' took 4.32 ms  (cached)
Module comfree_warp.comfree_core._src.forward 7a027f4 load on device 'cuda:0' took 3.50 ms  (cached)
Module _tile_cholesky_solve__locals__cholesky_solve_612ff9f0 d6a4fa0 load on device 'cuda:0' took 24.25 ms  (cached)
Module comfree_warp.mujoco_warp._src.sensor db84035 load on device 'cuda:0' took 5.48 ms  (cached)

=== GAN Iteration 1/20 ===
Collecting Generated (ComFree_Warp) trajectories...
Training Discriminator for 10 epochs...
Discriminator Loss: 0.7016
Optimizing ComFree parameters to fool the Discriminator...
  Step   1 | loss=0.640202 | k=0.39999 (log_k=-0.91629), d=0.01000 (log_d=-4.60517)
  Step   2 | loss=0.640231 | k=0.39997 (log_k=-0.91632), d=0.01001 (log_d=-4.60526)
  Step   3 | loss=0.640223 | k=0.39996 (log_k=-0.91637), d=0.01001 (log_d=-4.60454)
  Step   4 | loss=0.640221 | k=0.39994 (log_k=-0.91640), d=0.01001 (log_d=-4.60461)
  Step   5 | loss=0.640218 | k=0.39992 (log_k=-0.91643), d=0.01000 (log_d=-4.60467)
  Step   6 | loss=0.640214 | k=0.39991 (log_k=-0.91648), d=0.01000 (log_d=-4.60476)
  Step   7 | loss=0.640211 | k=0.39990 (log_k=-0.91652), d=0.01000 (log_d=-4.60485)
  Step   8 | loss=0.640207 | k=0.39987 (log_k=-0.91655), d=0.01000 (log_d=-4.60492)
  Step   9 | loss=0.640202 | k=0.39986 (log_k=-0.91661), d=0.01000 (log_d=-4.60502)
  Step  10 | loss=0.640229 | k=0.39983 (log_k=-0.91665), d=0.01001 (log_d=-4.60512)
  Step  11 | loss=0.640222 | k=0.39982 (log_k=-0.91671), d=0.01001 (log_d=-4.60441)
  Step  12 | loss=0.640220 | k=0.39981 (log_k=-0.91674), d=0.01001 (log_d=-4.60448)
  Step  13 | loss=0.640216 | k=0.39978 (log_k=-0.91677), d=0.01001 (log_d=-4.60455)
  Step  14 | loss=0.640212 | k=0.39977 (log_k=-0.91683), d=0.01000 (log_d=-4.60466)
  Step  15 | loss=0.640208 | k=0.39975 (log_k=-0.91687), d=0.01000 (log_d=-4.60474)
  Step  16 | loss=0.640202 | k=0.39973 (log_k=-0.91692), d=0.01000 (log_d=-4.60483)
  Step  17 | loss=0.640229 | k=0.39970 (log_k=-0.91697), d=0.01001 (log_d=-4.60495)
  Step  18 | loss=0.640223 | k=0.39969 (log_k=-0.91703), d=0.01001 (log_d=-4.60424)
  Step  19 | loss=0.640221 | k=0.39968 (log_k=-0.91706), d=0.01001 (log_d=-4.60431)
  Step  20 | loss=0.640217 | k=0.39965 (log_k=-0.91709), d=0.01001 (log_d=-4.60437)
Generator Loss: 0.6402 | Updated Params -> K: 0.39986, D: 0.01000

=== GAN Iteration 2/20 ===
Collecting Generated (ComFree_Warp) trajectories...
Training Discriminator for 10 epochs...
Discriminator Loss: 0.6926
Optimizing ComFree parameters to fool the Discriminator...
  Step   1 | loss=0.642632 | k=0.39990 (log_k=-0.91665), d=0.01000 (log_d=-4.60512)
  Step   2 | loss=0.642599 | k=0.39996 (log_k=-0.91654), d=0.00995 (log_d=-4.60492)
  Step   3 | loss=0.645734 | k=0.39991 (log_k=-0.91639), d=0.00995 (log_d=-4.60971)
  Step   4 | loss=0.645709 | k=0.39990 (log_k=-0.91652), d=0.00995 (log_d=-4.60985)
  Step   5 | loss=0.645707 | k=0.39988 (log_k=-0.91653), d=0.00995 (log_d=-4.60988)
  Step   6 | loss=0.645708 | k=0.39987 (log_k=-0.91660), d=0.00995 (log_d=-4.60984)
  Step   7 | loss=0.645710 | k=0.39986 (log_k=-0.91661), d=0.00995 (log_d=-4.60980)
  Step   8 | loss=0.645707 | k=0.39984 (log_k=-0.91663), d=0.00995 (log_d=-4.60985)
  Step   9 | loss=0.645709 | k=0.39983 (log_k=-0.91669), d=0.00995 (log_d=-4.60979)
  Step  10 | loss=0.645709 | k=0.39983 (log_k=-0.91671), d=0.00995 (log_d=-4.60977)
  Step  11 | loss=0.645710 | k=0.39982 (log_k=-0.91672), d=0.00995 (log_d=-4.60976)
  Step  12 | loss=0.645709 | k=0.39982 (log_k=-0.91673), d=0.00995 (log_d=-4.60977)
  Step  13 | loss=0.645711 | k=0.39988 (log_k=-0.91674), d=0.00995 (log_d=-4.60973)
  Step  14 | loss=0.645707 | k=0.39985 (log_k=-0.91660), d=0.00995 (log_d=-4.60985)
  Step  15 | loss=0.645709 | k=0.39984 (log_k=-0.91666), d=0.00995 (log_d=-4.60979)
  Step  16 | loss=0.645708 | k=0.39984 (log_k=-0.91668), d=0.00995 (log_d=-4.60979)
  Step  17 | loss=0.645709 | k=0.39983 (log_k=-0.91670), d=0.00995 (log_d=-4.60977)
  Step  18 | loss=0.645709 | k=0.39982 (log_k=-0.91672), d=0.00995 (log_d=-4.60978)
  Step  19 | loss=0.645710 | k=0.39988 (log_k=-0.91673), d=0.00995 (log_d=-4.60974)
  Step  20 | loss=0.645710 | k=0.39987 (log_k=-0.91659), d=0.00995 (log_d=-4.60981)
Generator Loss: 0.6426 | Updated Params -> K: 0.39996, D: 0.00995

=== GAN Iteration 3/20 ===
Collecting Generated (ComFree_Warp) trajectories...
Training Discriminator for 10 epochs...
Discriminator Loss: 0.6774
Optimizing ComFree parameters to fool the Discriminator...
  Step   1 | loss=0.620945 | k=0.40044 (log_k=-0.91639), d=0.00998 (log_d=-4.60971)
  Step   2 | loss=0.630516 | k=0.40867 (log_k=-0.91519), d=0.00993 (log_d=-4.60738)
  Step   3 | loss=0.646350 | k=0.40836 (log_k=-0.89485), d=0.00991 (log_d=-4.61242)
  Step   4 | loss=0.649338 | k=0.40481 (log_k=-0.89560), d=0.00955 (log_d=-4.61411)
  Step   5 | loss=0.604529 | k=0.40264 (log_k=-0.90433), d=0.00950 (log_d=-4.65161)
  Step   6 | loss=0.621488 | k=0.40302 (log_k=-0.90972), d=0.00951 (log_d=-4.65607)
  Step   7 | loss=0.612057 | k=0.39426 (log_k=-0.90876), d=0.00922 (log_d=-4.65490)
  Step   8 | loss=0.638606 | k=0.39443 (log_k=-0.93073), d=0.00922 (log_d=-4.68684)
  Step   9 | loss=0.638746 | k=0.39373 (log_k=-0.93031), d=0.00921 (log_d=-4.68592)
  Step  10 | loss=0.625548 | k=0.39518 (log_k=-0.93209), d=0.00927 (log_d=-4.68747)
  Step  11 | loss=0.640271 | k=0.39522 (log_k=-0.92841), d=0.00920 (log_d=-4.68134)
  Step  12 | loss=0.638377 | k=0.39389 (log_k=-0.92832), d=0.00916 (log_d=-4.68865)
  Step  13 | loss=0.612775 | k=0.39360 (log_k=-0.93169), d=0.00912 (log_d=-4.69331)
  Step  14 | loss=0.598958 | k=0.39354 (log_k=-0.93241), d=0.00912 (log_d=-4.69737)
  Step  15 | loss=0.612212 | k=0.39345 (log_k=-0.93257), d=0.01270 (log_d=-4.69751)
  Step  16 | loss=0.657994 | k=0.39432 (log_k=-0.93280), d=0.01279 (log_d=-4.36623)
  Step  17 | loss=0.642056 | k=0.39707 (log_k=-0.93059), d=0.01319 (log_d=-4.35912)
  Step  18 | loss=0.667001 | k=0.39689 (log_k=-0.92363), d=0.01325 (log_d=-4.32799)
  Step  19 | loss=0.655844 | k=0.38938 (log_k=-0.92410), d=0.01288 (log_d=-4.32368)
  Step  20 | loss=0.638901 | k=0.37120 (log_k=-0.94319), d=0.01108 (log_d=-4.35236)
Generator Loss: 0.5990 | Updated Params -> K: 0.39354, D: 0.00912

=== GAN Iteration 4/20 ===
Collecting Generated (ComFree_Warp) trajectories...
Training Discriminator for 10 epochs...
Discriminator Loss: 0.6418
Optimizing ComFree parameters to fool the Discriminator...
  Step   1 | loss=0.659123 | k=0.39384 (log_k=-0.93257), d=0.00914 (log_d=-4.69751)
  Step   2 | loss=0.658865 | k=0.39433 (log_k=-0.93182), d=0.00917 (log_d=-4.69548)
  Step   3 | loss=0.659734 | k=0.39516 (log_k=-0.93056), d=0.00921 (log_d=-4.69179)
  Step   4 | loss=0.666110 | k=0.39564 (log_k=-0.92846), d=0.00923 (log_d=-4.68754)
  Step   5 | loss=0.664704 | k=0.39930 (log_k=-0.92726), d=0.00948 (log_d=-4.68482)
  Step   6 | loss=0.512989 | k=0.40055 (log_k=-0.91803), d=0.00950 (log_d=-4.65890)
  Step   7 | loss=0.443400 | k=0.41187 (log_k=-0.91492), d=0.00264 (log_d=-4.65620)
  Step   8 | loss=0.482095 | k=0.41185 (log_k=-0.88706), d=0.00264 (log_d=-5.93697)
  Step   9 | loss=0.482098 | k=0.41188 (log_k=-0.88710), d=0.00264 (log_d=-5.93699)
  Step  10 | loss=0.482092 | k=0.41185 (log_k=-0.88702), d=0.00264 (log_d=-5.93701)
  Step  11 | loss=0.482096 | k=0.41192 (log_k=-0.88709), d=0.00264 (log_d=-5.93711)
  Step  12 | loss=0.482094 | k=0.41190 (log_k=-0.88693), d=0.00264 (log_d=-5.93713)
  Step  13 | loss=0.482088 | k=0.41187 (log_k=-0.88697), d=0.00264 (log_d=-5.93717)
  Step  14 | loss=0.482092 | k=0.41194 (log_k=-0.88705), d=0.00264 (log_d=-5.93732)
  Step  15 | loss=0.482089 | k=0.41192 (log_k=-0.88689), d=0.00264 (log_d=-5.93734)
  Step  16 | loss=0.482084 | k=0.41189 (log_k=-0.88693), d=0.00264 (log_d=-5.93737)
  Step  17 | loss=0.482088 | k=0.41195 (log_k=-0.88700), d=0.00264 (log_d=-5.93749)
  Step  18 | loss=0.482086 | k=0.41194 (log_k=-0.88684), d=0.00264 (log_d=-5.93751)
  Step  19 | loss=0.482083 | k=0.41194 (log_k=-0.88688), d=0.00264 (log_d=-5.93754)
  Step  20 | loss=0.482080 | k=0.41191 (log_k=-0.88688), d=0.00264 (log_d=-5.93763)
Generator Loss: 0.4434 | Updated Params -> K: 0.41187, D: 0.00264

=== GAN Iteration 5/20 ===
Collecting Generated (ComFree_Warp) trajectories...
Training Discriminator for 10 epochs...
Discriminator Loss: 0.6952
Optimizing ComFree parameters to fool the Discriminator...
  Step   1 | loss=0.595275 | k=0.41154 (log_k=-0.88706), d=0.00264 (log_d=-5.93697)
  Step   2 | loss=0.594988 | k=0.41120 (log_k=-0.88786), d=0.00264 (log_d=-5.93721)
  Step   3 | loss=0.594465 | k=0.41058 (log_k=-0.88867), d=0.00264 (log_d=-5.93734)
  Step   4 | loss=0.593783 | k=0.41005 (log_k=-0.89019), d=0.00264 (log_d=-5.93787)
  Step   5 | loss=0.593079 | k=0.40962 (log_k=-0.89148), d=0.00264 (log_d=-5.93848)
  Step   6 | loss=0.592227 | k=0.40917 (log_k=-0.89253), d=0.00263 (log_d=-5.93887)
  Step   7 | loss=0.591731 | k=0.40872 (log_k=-0.89363), d=0.00263 (log_d=-5.93936)
  Step   8 | loss=0.591272 | k=0.40833 (log_k=-0.89473), d=0.00263 (log_d=-5.93972)
  Step   9 | loss=0.590730 | k=0.40790 (log_k=-0.89569), d=0.00263 (log_d=-5.94009)
  Step  10 | loss=0.590296 | k=0.40752 (log_k=-0.89674), d=0.00263 (log_d=-5.94053)
  Step  11 | loss=0.589611 | k=0.40719 (log_k=-0.89765), d=0.00263 (log_d=-5.94082)
  Step  12 | loss=0.589098 | k=0.40678 (log_k=-0.89847), d=0.00263 (log_d=-5.94113)
  Step  13 | loss=0.588608 | k=0.40636 (log_k=-0.89949), d=0.00263 (log_d=-5.94166)
  Step  14 | loss=0.588126 | k=0.40602 (log_k=-0.90051), d=0.00263 (log_d=-5.94221)
  Step  15 | loss=0.587735 | k=0.40561 (log_k=-0.90135), d=0.00262 (log_d=-5.94256)
  Step  16 | loss=0.587285 | k=0.40516 (log_k=-0.90237), d=0.00262 (log_d=-5.94293)
  Step  17 | loss=0.586790 | k=0.40469 (log_k=-0.90348), d=0.00262 (log_d=-5.94342)
  Step  18 | loss=0.586304 | k=0.40431 (log_k=-0.90462), d=0.00262 (log_d=-5.94390)
  Step  19 | loss=0.585716 | k=0.40366 (log_k=-0.90557), d=0.00262 (log_d=-5.94407)
  Step  20 | loss=0.584783 | k=0.40317 (log_k=-0.90719), d=0.00262 (log_d=-5.94492)
Generator Loss: 0.5848 | Updated Params -> K: 0.40317, D: 0.00262

=== GAN Iteration 6/20 ===
Collecting Generated (ComFree_Warp) trajectories...
Training Discriminator for 10 epochs...
Discriminator Loss: 0.6935
Optimizing ComFree parameters to fool the Discriminator...
  Step   1 | loss=0.573186 | k=0.40315 (log_k=-0.90839), d=0.00262 (log_d=-5.94551)
  Step   2 | loss=0.573185 | k=0.40313 (log_k=-0.90845), d=0.00262 (log_d=-5.94553)
  Step   3 | loss=0.573184 | k=0.40311 (log_k=-0.90850), d=0.00262 (log_d=-5.94555)
  Step   4 | loss=0.573182 | k=0.40308 (log_k=-0.90855), d=0.00262 (log_d=-5.94557)
  Step   5 | loss=0.573181 | k=0.40306 (log_k=-0.90861), d=0.00262 (log_d=-5.94559)
  Step   6 | loss=0.573180 | k=0.40304 (log_k=-0.90867), d=0.00262 (log_d=-5.94561)
  Step   7 | loss=0.573178 | k=0.40302 (log_k=-0.90872), d=0.00262 (log_d=-5.94564)
  Step   8 | loss=0.573177 | k=0.40299 (log_k=-0.90878), d=0.00262 (log_d=-5.94566)
  Step   9 | loss=0.573175 | k=0.40297 (log_k=-0.90883), d=0.00262 (log_d=-5.94569)
  Step  10 | loss=0.573173 | k=0.40295 (log_k=-0.90889), d=0.00262 (log_d=-5.94571)
  Step  11 | loss=0.573172 | k=0.40292 (log_k=-0.90895), d=0.00262 (log_d=-5.94574)
  Step  12 | loss=0.573170 | k=0.40290 (log_k=-0.90901), d=0.00262 (log_d=-5.94576)
  Step  13 | loss=0.573169 | k=0.40288 (log_k=-0.90907), d=0.00262 (log_d=-5.94579)
  Step  14 | loss=0.573167 | k=0.40285 (log_k=-0.90912), d=0.00262 (log_d=-5.94581)
  Step  15 | loss=0.573166 | k=0.40283 (log_k=-0.90918), d=0.00262 (log_d=-5.94583)
  Step  16 | loss=0.573165 | k=0.40282 (log_k=-0.90923), d=0.00262 (log_d=-5.94585)
  Step  17 | loss=0.573164 | k=0.40280 (log_k=-0.90927), d=0.00262 (log_d=-5.94587)
  Step  18 | loss=0.573164 | k=0.40279 (log_k=-0.90931), d=0.00262 (log_d=-5.94588)
  Step  19 | loss=0.573163 | k=0.40277 (log_k=-0.90935), d=0.00262 (log_d=-5.94590)
  Step  20 | loss=0.573162 | k=0.40276 (log_k=-0.90939), d=0.00262 (log_d=-5.94592)
Generator Loss: 0.5732 | Updated Params -> K: 0.40276, D: 0.00262

=== GAN Iteration 7/20 ===
Collecting Generated (ComFree_Warp) trajectories...
Training Discriminator for 10 epochs...
Discriminator Loss: 0.6905
Optimizing ComFree parameters to fool the Discriminator...
  Step   1 | loss=0.585708 | k=0.40274 (log_k=-0.90942), d=0.00262 (log_d=-5.94593)
  Step   2 | loss=0.585708 | k=0.40273 (log_k=-0.90946), d=0.00262 (log_d=-5.94594)
  Step   3 | loss=0.585707 | k=0.40272 (log_k=-0.90949), d=0.00262 (log_d=-5.94594)
  Step   4 | loss=0.585707 | k=0.40270 (log_k=-0.90953), d=0.00262 (log_d=-5.94595)
  Step   5 | loss=0.585706 | k=0.40269 (log_k=-0.90956), d=0.00262 (log_d=-5.94596)
  Step   6 | loss=0.585706 | k=0.40267 (log_k=-0.90959), d=0.00262 (log_d=-5.94597)
  Step   7 | loss=0.585705 | k=0.40266 (log_k=-0.90963), d=0.00262 (log_d=-5.94597)
  Step   8 | loss=0.585705 | k=0.40265 (log_k=-0.90966), d=0.00262 (log_d=-5.94598)
  Step   9 | loss=0.585704 | k=0.40263 (log_k=-0.90969), d=0.00262 (log_d=-5.94599)
  Step  10 | loss=0.585704 | k=0.40262 (log_k=-0.90973), d=0.00262 (log_d=-5.94599)
  Step  11 | loss=0.585703 | k=0.40261 (log_k=-0.90976), d=0.00262 (log_d=-5.94600)
  Step  12 | loss=0.585703 | k=0.40259 (log_k=-0.90980), d=0.00262 (log_d=-5.94601)
  Step  13 | loss=0.585702 | k=0.40258 (log_k=-0.90983), d=0.00262 (log_d=-5.94601)
  Step  14 | loss=0.585702 | k=0.40257 (log_k=-0.90986), d=0.00262 (log_d=-5.94602)
  Step  15 | loss=0.585701 | k=0.40255 (log_k=-0.90990), d=0.00262 (log_d=-5.94603)
  Step  16 | loss=0.585701 | k=0.40254 (log_k=-0.90993), d=0.00262 (log_d=-5.94603)
  Step  17 | loss=0.585700 | k=0.40252 (log_k=-0.90997), d=0.00262 (log_d=-5.94604)
  Step  18 | loss=0.585700 | k=0.40251 (log_k=-0.91000), d=0.00262 (log_d=-5.94604)
  Step  19 | loss=0.585699 | k=0.40250 (log_k=-0.91003), d=0.00262 (log_d=-5.94605)
  Step  20 | loss=0.585699 | k=0.40248 (log_k=-0.91007), d=0.00262 (log_d=-5.94606)
Generator Loss: 0.5857 | Updated Params -> K: 0.40248, D: 0.00262

=== GAN Iteration 8/20 ===
Collecting Generated (ComFree_Warp) trajectories...
Training Discriminator for 10 epochs...
Discriminator Loss: 0.6905
Optimizing ComFree parameters to fool the Discriminator...
  Step   1 | loss=0.580426 | k=0.40249 (log_k=-0.91010), d=0.00262 (log_d=-5.94606)
  Step   2 | loss=0.580426 | k=0.40251 (log_k=-0.91007), d=0.00262 (log_d=-5.94606)
  Step   3 | loss=0.580426 | k=0.40252 (log_k=-0.91005), d=0.00262 (log_d=-5.94606)
  Step   4 | loss=0.580426 | k=0.40253 (log_k=-0.91002), d=0.00262 (log_d=-5.94606)
  Step   5 | loss=0.580425 | k=0.40254 (log_k=-0.90999), d=0.00262 (log_d=-5.94606)
  Step   6 | loss=0.580425 | k=0.40255 (log_k=-0.90996), d=0.00262 (log_d=-5.94606)
  Step   7 | loss=0.580425 | k=0.40256 (log_k=-0.90993), d=0.00262 (log_d=-5.94605)
  Step   8 | loss=0.580424 | k=0.40258 (log_k=-0.90990), d=0.00262 (log_d=-5.94605)
  Step   9 | loss=0.580424 | k=0.40259 (log_k=-0.90987), d=0.00262 (log_d=-5.94605)
  Step  10 | loss=0.580423 | k=0.40260 (log_k=-0.90984), d=0.00262 (log_d=-5.94604)
  Step  11 | loss=0.580423 | k=0.40261 (log_k=-0.90981), d=0.00262 (log_d=-5.94604)
  Step  12 | loss=0.580423 | k=0.40262 (log_k=-0.90978), d=0.00262 (log_d=-5.94604)
  Step  13 | loss=0.580422 | k=0.40264 (log_k=-0.90975), d=0.00262 (log_d=-5.94604)
  Step  14 | loss=0.580422 | k=0.40265 (log_k=-0.90972), d=0.00262 (log_d=-5.94603)
  Step  15 | loss=0.580422 | k=0.40266 (log_k=-0.90969), d=0.00262 (log_d=-5.94603)
  Step  16 | loss=0.580421 | k=0.40267 (log_k=-0.90966), d=0.00262 (log_d=-5.94602)
  Step  17 | loss=0.580421 | k=0.40269 (log_k=-0.90963), d=0.00262 (log_d=-5.94601)
  Step  18 | loss=0.580420 | k=0.40270 (log_k=-0.90959), d=0.00262 (log_d=-5.94601)
  Step  19 | loss=0.580420 | k=0.40271 (log_k=-0.90956), d=0.00262 (log_d=-5.94600)
  Step  20 | loss=0.580419 | k=0.40273 (log_k=-0.90953), d=0.00262 (log_d=-5.94599)
Generator Loss: 0.5804 | Updated Params -> K: 0.40273, D: 0.00262

=== GAN Iteration 9/20 ===
Collecting Generated (ComFree_Warp) trajectories...
Training Discriminator for 10 epochs...
Discriminator Loss: 0.6902
Optimizing ComFree parameters to fool the Discriminator...
  Step   1 | loss=0.580487 | k=0.40276 (log_k=-0.90950), d=0.00262 (log_d=-5.94599)
  Step   2 | loss=0.580484 | k=0.40280 (log_k=-0.90941), d=0.00262 (log_d=-5.94597)
  Step   3 | loss=0.580481 | k=0.40283 (log_k=-0.90932), d=0.00262 (log_d=-5.94595)
  Step   4 | loss=0.580478 | k=0.40287 (log_k=-0.90923), d=0.00262 (log_d=-5.94593)
  Step   5 | loss=0.580475 | k=0.40290 (log_k=-0.90915), d=0.00262 (log_d=-5.94592)
  Step   6 | loss=0.580472 | k=0.40294 (log_k=-0.90906), d=0.00262 (log_d=-5.94590)
  Step   7 | loss=0.580469 | k=0.40297 (log_k=-0.90898), d=0.00262 (log_d=-5.94588)
  Step   8 | loss=0.580466 | k=0.40301 (log_k=-0.90889), d=0.00262 (log_d=-5.94586)
  Step   9 | loss=0.580462 | k=0.40304 (log_k=-0.90880), d=0.00262 (log_d=-5.94584)
  Step  10 | loss=0.580459 | k=0.40308 (log_k=-0.90871), d=0.00262 (log_d=-5.94583)
  Step  11 | loss=0.580456 | k=0.40311 (log_k=-0.90863), d=0.00262 (log_d=-5.94581)
  Step  12 | loss=0.580453 | k=0.40314 (log_k=-0.90855), d=0.00262 (log_d=-5.94579)
  Step  13 | loss=0.580450 | k=0.40318 (log_k=-0.90846), d=0.00262 (log_d=-5.94578)
  Step  14 | loss=0.580447 | k=0.40321 (log_k=-0.90837), d=0.00262 (log_d=-5.94576)
  Step  15 | loss=0.580444 | k=0.40325 (log_k=-0.90829), d=0.00262 (log_d=-5.94574)
  Step  16 | loss=0.580441 | k=0.40328 (log_k=-0.90820), d=0.00262 (log_d=-5.94572)
  Step  17 | loss=0.580438 | k=0.40332 (log_k=-0.90812), d=0.00262 (log_d=-5.94571)
  Step  18 | loss=0.580435 | k=0.40335 (log_k=-0.90804), d=0.00262 (log_d=-5.94569)
  Step  19 | loss=0.580432 | k=0.40338 (log_k=-0.90795), d=0.00262 (log_d=-5.94567)
  Step  20 | loss=0.580429 | k=0.40342 (log_k=-0.90787), d=0.00262 (log_d=-5.94566)
Generator Loss: 0.5804 | Updated Params -> K: 0.40342, D: 0.00262

=== GAN Iteration 10/20 ===
Collecting Generated (ComFree_Warp) trajectories...
Training Discriminator for 10 epochs...
Discriminator Loss: 0.6895
Optimizing ComFree parameters to fool the Discriminator...
  Step   1 | loss=0.588181 | k=0.40347 (log_k=-0.90778), d=0.00262 (log_d=-5.94564)
  Step   2 | loss=0.588166 | k=0.40351 (log_k=-0.90764), d=0.00262 (log_d=-5.94559)
  Step   3 | loss=0.588162 | k=0.40356 (log_k=-0.90755), d=0.00262 (log_d=-5.94558)
  Step   4 | loss=0.588156 | k=0.40361 (log_k=-0.90743), d=0.00262 (log_d=-5.94554)
  Step   5 | loss=0.588147 | k=0.40368 (log_k=-0.90730), d=0.00262 (log_d=-5.94550)
  Step   6 | loss=0.588132 | k=0.40377 (log_k=-0.90712), d=0.00262 (log_d=-5.94544)
  Step   7 | loss=0.588109 | k=0.40386 (log_k=-0.90690), d=0.00262 (log_d=-5.94535)
  Step   8 | loss=0.588087 | k=0.40237 (log_k=-0.90668), d=0.00262 (log_d=-5.94527)
  Step   9 | loss=0.587792 | k=0.40199 (log_k=-0.91038), d=0.00262 (log_d=-5.94518)
  Step  10 | loss=0.587320 | k=0.40165 (log_k=-0.91132), d=0.00262 (log_d=-5.94568)
  Step  11 | loss=0.586937 | k=0.40144 (log_k=-0.91218), d=0.00262 (log_d=-5.94614)
  Step  12 | loss=0.586845 | k=0.40134 (log_k=-0.91270), d=0.00261 (log_d=-5.94641)
  Step  13 | loss=0.586819 | k=0.40128 (log_k=-0.91294), d=0.00261 (log_d=-5.94657)
  Step  14 | loss=0.586807 | k=0.40123 (log_k=-0.91310), d=0.00261 (log_d=-5.94668)
  Step  15 | loss=0.586801 | k=0.40121 (log_k=-0.91321), d=0.00261 (log_d=-5.94677)
  Step  16 | loss=0.586797 | k=0.40118 (log_k=-0.91328), d=0.00261 (log_d=-5.94684)
  Step  17 | loss=0.586795 | k=0.40117 (log_k=-0.91334), d=0.00261 (log_d=-5.94690)
  Step  18 | loss=0.586794 | k=0.40116 (log_k=-0.91338), d=0.00261 (log_d=-5.94696)
  Step  19 | loss=0.586793 | k=0.40115 (log_k=-0.91340), d=0.00261 (log_d=-5.94701)
  Step  20 | loss=0.586792 | k=0.40115 (log_k=-0.91342), d=0.00261 (log_d=-5.94705)
Generator Loss: 0.5868 | Updated Params -> K: 0.40115, D: 0.00261

=== GAN Iteration 11/20 ===
Collecting Generated (ComFree_Warp) trajectories...
Training Discriminator for 10 epochs...
Discriminator Loss: 0.6892
Optimizing ComFree parameters to fool the Discriminator...
  Step   1 | loss=0.611512 | k=0.40126 (log_k=-0.91343), d=0.00261 (log_d=-5.94709)
  Step   2 | loss=0.611481 | k=0.40145 (log_k=-0.91315), d=0.00261 (log_d=-5.94712)
  Step   3 | loss=0.611381 | k=0.40160 (log_k=-0.91268), d=0.00261 (log_d=-5.94676)
  Step   4 | loss=0.611326 | k=0.40174 (log_k=-0.91230), d=0.00262 (log_d=-5.94665)
  Step   5 | loss=0.615809 | k=0.40192 (log_k=-0.91194), d=0.00262 (log_d=-5.94648)
  Step   6 | loss=0.615630 | k=0.40181 (log_k=-0.91150), d=0.00262 (log_d=-5.94583)
  Step   7 | loss=0.615560 | k=0.40182 (log_k=-0.91177), d=0.00262 (log_d=-5.94547)
  Step   8 | loss=0.615447 | k=0.40177 (log_k=-0.91176), d=0.00262 (log_d=-5.94505)
  Step   9 | loss=0.615359 | k=0.40178 (log_k=-0.91187), d=0.00263 (log_d=-5.94462)
  Step  10 | loss=0.613964 | k=0.40151 (log_k=-0.91186), d=0.00263 (log_d=-5.93993)
  Step  11 | loss=0.614561 | k=0.40163 (log_k=-0.91253), d=0.00263 (log_d=-5.94248)
  Step  12 | loss=0.614461 | k=0.40167 (log_k=-0.91222), d=0.00264 (log_d=-5.94196)
  Step  13 | loss=0.613348 | k=0.40137 (log_k=-0.91213), d=0.00264 (log_d=-5.93675)
  Step  14 | loss=0.613214 | k=0.40130 (log_k=-0.91288), d=0.00264 (log_d=-5.93660)
  Step  15 | loss=0.613199 | k=0.40127 (log_k=-0.91305), d=0.00264 (log_d=-5.93645)
  Step  16 | loss=0.613186 | k=0.40127 (log_k=-0.91313), d=0.00264 (log_d=-5.93628)
  Step  17 | loss=0.613152 | k=0.40126 (log_k=-0.91312), d=0.00264 (log_d=-5.93606)
  Step  18 | loss=0.613112 | k=0.40128 (log_k=-0.91314), d=0.00264 (log_d=-5.93575)
  Step  19 | loss=0.613062 | k=0.40127 (log_k=-0.91309), d=0.00264 (log_d=-5.93537)
  Step  20 | loss=0.613024 | k=0.40135 (log_k=-0.91313), d=0.00265 (log_d=-5.93510)
Generator Loss: 0.6113 | Updated Params -> K: 0.40174, D: 0.00262

=== GAN Iteration 12/20 ===
Collecting Generated (ComFree_Warp) trajectories...
Training Discriminator for 10 epochs...
Discriminator Loss: 0.6890
Optimizing ComFree parameters to fool the Discriminator...
  Step   1 | loss=0.626031 | k=0.40426 (log_k=-0.91194), d=0.00263 (log_d=-5.94648)
  Step   2 | loss=0.625522 | k=0.40450 (log_k=-0.90571), d=0.00263 (log_d=-5.93968)
  Step   3 | loss=0.625386 | k=0.40455 (log_k=-0.90511), d=0.00263 (log_d=-5.93939)
  Step   4 | loss=0.625362 | k=0.40471 (log_k=-0.90497), d=0.00263 (log_d=-5.93921)
  Step   5 | loss=0.625308 | k=0.40486 (log_k=-0.90460), d=0.00263 (log_d=-5.93908)
  Step   6 | loss=0.625255 | k=0.40497 (log_k=-0.90422), d=0.00263 (log_d=-5.93897)
  Step   7 | loss=0.625221 | k=0.40508 (log_k=-0.90395), d=0.00264 (log_d=-5.93893)
  Step   8 | loss=0.625189 | k=0.40519 (log_k=-0.90367), d=0.00264 (log_d=-5.93886)
  Step   9 | loss=0.625118 | k=0.40495 (log_k=-0.90341), d=0.00263 (log_d=-5.93880)
  Step  10 | loss=0.625251 | k=0.40509 (log_k=-0.90400), d=0.00263 (log_d=-5.93942)
  Step  11 | loss=0.625201 | k=0.40520 (log_k=-0.90365), d=0.00263 (log_d=-5.93927)
  Step  12 | loss=0.625163 | k=0.40553 (log_k=-0.90337), d=0.00264 (log_d=-5.93909)
  Step  13 | loss=0.625252 | k=0.40572 (log_k=-0.90255), d=0.00264 (log_d=-5.93875)
  Step  14 | loss=0.625143 | k=0.40589 (log_k=-0.90210), d=0.00264 (log_d=-5.93849)
  Step  15 | loss=0.624734 | k=0.40610 (log_k=-0.90167), d=0.00264 (log_d=-5.93828)
  Step  16 | loss=0.624600 | k=0.40629 (log_k=-0.90115), d=0.00264 (log_d=-5.93797)
  Step  17 | loss=0.624495 | k=0.40646 (log_k=-0.90070), d=0.00264 (log_d=-5.93770)
  Step  18 | loss=0.624411 | k=0.40659 (log_k=-0.90028), d=0.00264 (log_d=-5.93747)
  Step  19 | loss=0.624363 | k=0.40671 (log_k=-0.89994), d=0.00264 (log_d=-5.93730)
  Step  20 | loss=0.624325 | k=0.40683 (log_k=-0.89966), d=0.00264 (log_d=-5.93716)
Generator Loss: 0.6243 | Updated Params -> K: 0.40683, D: 0.00264

=== GAN Iteration 13/20 ===
Collecting Generated (ComFree_Warp) trajectories...
Training Discriminator for 10 epochs...
Discriminator Loss: 0.6874
Optimizing ComFree parameters to fool the Discriminator...
  Step   1 | loss=0.653394 | k=0.40707 (log_k=-0.89937), d=0.00264 (log_d=-5.93701)
  Step   2 | loss=0.653297 | k=0.40718 (log_k=-0.89876), d=0.00264 (log_d=-5.93693)
  Step   3 | loss=0.653246 | k=0.40738 (log_k=-0.89849), d=0.00264 (log_d=-5.93688)
  Step   4 | loss=0.653153 | k=0.40755 (log_k=-0.89801), d=0.00264 (log_d=-5.93675)
  Step   5 | loss=0.653085 | k=0.40772 (log_k=-0.89759), d=0.00264 (log_d=-5.93672)
  Step   6 | loss=0.653014 | k=0.40789 (log_k=-0.89717), d=0.00264 (log_d=-5.93665)
  Step   7 | loss=0.652892 | k=0.40790 (log_k=-0.89676), d=0.00264 (log_d=-5.93661)
  Step   8 | loss=0.652888 | k=0.40795 (log_k=-0.89672), d=0.00264 (log_d=-5.93673)
  Step   9 | loss=0.652881 | k=0.40797 (log_k=-0.89662), d=0.00264 (log_d=-5.93680)
  Step  10 | loss=0.652871 | k=0.40795 (log_k=-0.89657), d=0.00264 (log_d=-5.93687)
  Step  11 | loss=0.652871 | k=0.40799 (log_k=-0.89662), d=0.00264 (log_d=-5.93699)
  Step  12 | loss=0.652863 | k=0.40796 (log_k=-0.89651), d=0.00264 (log_d=-5.93707)
  Step  13 | loss=0.652867 | k=0.40806 (log_k=-0.89659), d=0.00264 (log_d=-5.93726)
  Step  14 | loss=0.652859 | k=0.40814 (log_k=-0.89634), d=0.00264 (log_d=-5.93723)
  Step  15 | loss=0.652838 | k=0.40844 (log_k=-0.89615), d=0.00264 (log_d=-5.93729)
  Step  16 | loss=0.652669 | k=0.40860 (log_k=-0.89541), d=0.00264 (log_d=-5.93707)
  Step  17 | loss=0.652584 | k=0.40874 (log_k=-0.89502), d=0.00264 (log_d=-5.93696)
  Step  18 | loss=0.652522 | k=0.40890 (log_k=-0.89467), d=0.00264 (log_d=-5.93700)
  Step  19 | loss=0.652433 | k=0.40918 (log_k=-0.89429), d=0.00264 (log_d=-5.93699)
  Step  20 | loss=0.652458 | k=0.40938 (log_k=-0.89361), d=0.00264 (log_d=-5.93690)
Generator Loss: 0.6524 | Updated Params -> K: 0.40918, D: 0.00264

=== GAN Iteration 14/20 ===
Collecting Generated (ComFree_Warp) trajectories...
Training Discriminator for 10 epochs...
Discriminator Loss: 0.6787
Optimizing ComFree parameters to fool the Discriminator...
  Step   1 | loss=0.555494 | k=0.40994 (log_k=-0.89361), d=0.00264 (log_d=-5.93690)
  Step   2 | loss=0.553522 | k=0.41070 (log_k=-0.89174), d=0.00264 (log_d=-5.93628)
  Step   3 | loss=0.551968 | k=0.41143 (log_k=-0.88990), d=0.00264 (log_d=-5.93577)
  Step   4 | loss=0.581320 | k=0.40915 (log_k=-0.88813), d=0.00264 (log_d=-5.93529)
  Step   5 | loss=0.556036 | k=0.41000 (log_k=-0.89366), d=0.00264 (log_d=-5.93843)
  Step   6 | loss=0.554148 | k=0.41073 (log_k=-0.89159), d=0.00264 (log_d=-5.93749)
  Step   7 | loss=0.552162 | k=0.41157 (log_k=-0.88981), d=0.00264 (log_d=-5.93698)
  Step   8 | loss=0.580732 | k=0.40975 (log_k=-0.88779), d=0.00263 (log_d=-5.93637)
  Step   9 | loss=0.555043 | k=0.41059 (log_k=-0.89221), d=0.00264 (log_d=-5.93897)
  Step  10 | loss=0.552723 | k=0.41139 (log_k=-0.89016), d=0.00264 (log_d=-5.93806)
  Step  11 | loss=0.579895 | k=0.41168 (log_k=-0.88822), d=0.00264 (log_d=-5.93743)
  Step  12 | loss=0.580015 | k=0.41060 (log_k=-0.88752), d=0.00263 (log_d=-5.93761)
  Step  13 | loss=0.553514 | k=0.41141 (log_k=-0.89014), d=0.00264 (log_d=-5.93939)
  Step  14 | loss=0.551286 | k=0.41218 (log_k=-0.88817), d=0.00264 (log_d=-5.93871)
  Step  15 | loss=0.581803 | k=0.40881 (log_k=-0.88630), d=0.00263 (log_d=-5.93816)
  Step  16 | loss=0.558928 | k=0.40949 (log_k=-0.89450), d=0.00263 (log_d=-5.94266)
  Step  17 | loss=0.557735 | k=0.42377 (log_k=-0.89284), d=0.00271 (log_d=-5.94219)
  Step  18 | loss=0.585305 | k=0.42458 (log_k=-0.85857), d=0.00271 (log_d=-5.90925)
  Step  19 | loss=0.583726 | k=0.42548 (log_k=-0.85667), d=0.00271 (log_d=-5.90975)
  Step  20 | loss=0.581779 | k=0.42652 (log_k=-0.85455), d=0.00271 (log_d=-5.90993)
Generator Loss: 0.5513 | Updated Params -> K: 0.41218, D: 0.00264

=== GAN Iteration 15/20 ===
Collecting Generated (ComFree_Warp) trajectories...
Training Discriminator for 10 epochs...
Discriminator Loss: 0.6807
Optimizing ComFree parameters to fool the Discriminator...
  Step   1 | loss=0.595654 | k=0.41322 (log_k=-0.88630), d=0.00264 (log_d=-5.93816)
  Step   2 | loss=0.593153 | k=0.41423 (log_k=-0.88377), d=0.00264 (log_d=-5.93782)
  Step   3 | loss=0.584629 | k=0.41690 (log_k=-0.88134), d=0.00265 (log_d=-5.93751)
  Step   4 | loss=0.567388 | k=0.41850 (log_k=-0.87492), d=0.00265 (log_d=-5.93330)
  Step   5 | loss=0.561453 | k=0.41999 (log_k=-0.87107), d=0.00265 (log_d=-5.93248)
  Step   6 | loss=0.556546 | k=0.42141 (log_k=-0.86753), d=0.00266 (log_d=-5.93165)
  Step   7 | loss=0.563652 | k=0.42247 (log_k=-0.86415), d=0.00266 (log_d=-5.93089)
  Step   8 | loss=0.561453 | k=0.42077 (log_k=-0.86163), d=0.00266 (log_d=-5.93018)
  Step   9 | loss=0.553878 | k=0.42213 (log_k=-0.86567), d=0.00266 (log_d=-5.93089)
  Step  10 | loss=0.560650 | k=0.42435 (log_k=-0.86243), d=0.00266 (log_d=-5.93036)
  Step  11 | loss=0.558576 | k=0.42441 (log_k=-0.85721), d=0.00265 (log_d=-5.93056)
  Step  12 | loss=0.559435 | k=0.42609 (log_k=-0.85706), d=0.00266 (log_d=-5.93281)
  Step  13 | loss=0.553530 | k=0.42753 (log_k=-0.85310), d=0.00266 (log_d=-5.93126)
  Step  14 | loss=0.549274 | k=0.42894 (log_k=-0.84974), d=0.00266 (log_d=-5.93049)
  Step  15 | loss=0.578794 | k=0.42860 (log_k=-0.84644), d=0.00266 (log_d=-5.92975)
  Step  16 | loss=0.578591 | k=0.42900 (log_k=-0.84723), d=0.00266 (log_d=-5.93032)
  Step  17 | loss=0.578659 | k=0.42869 (log_k=-0.84631), d=0.00266 (log_d=-5.93047)
  Step  18 | loss=0.578501 | k=0.42929 (log_k=-0.84703), d=0.00266 (log_d=-5.93102)
  Step  19 | loss=0.582787 | k=0.42860 (log_k=-0.84562), d=0.00265 (log_d=-5.93090)
  Step  20 | loss=0.578781 | k=0.42967 (log_k=-0.84724), d=0.00266 (log_d=-5.93182)
Generator Loss: 0.5493 | Updated Params -> K: 0.42894, D: 0.00266

=== GAN Iteration 16/20 ===
Collecting Generated (ComFree_Warp) trajectories...
Training Discriminator for 10 epochs...
Discriminator Loss: 0.6928
Optimizing ComFree parameters to fool the Discriminator...
  Step   1 | loss=0.590605 | k=0.43165 (log_k=-0.84644), d=0.00266 (log_d=-5.92975)
  Step   2 | loss=0.563629 | k=0.42370 (log_k=-0.84014), d=0.00262 (log_d=-5.92962)
  Step   3 | loss=0.648381 | k=0.42448 (log_k=-0.85874), d=0.00263 (log_d=-5.94301)
  Step   4 | loss=0.646066 | k=0.42542 (log_k=-0.85689), d=0.00263 (log_d=-5.94186)
  Step   5 | loss=0.642118 | k=0.59214 (log_k=-0.85469), d=0.00365 (log_d=-5.94042)
  Step   6 | loss=0.523461 | k=0.59108 (log_k=-0.52401), d=0.00366 (log_d=-5.61169)
  Step   7 | loss=0.574698 | k=0.59155 (log_k=-0.52580), d=0.00366 (log_d=-5.61118)
  Step   8 | loss=0.574719 | k=0.59114 (log_k=-0.52501), d=0.00366 (log_d=-5.61118)
  Step   9 | loss=0.574574 | k=0.59185 (log_k=-0.52570), d=0.00366 (log_d=-5.61042)
  Step  10 | loss=0.523090 | k=0.59087 (log_k=-0.52450), d=0.00366 (log_d=-5.60995)
  Step  11 | loss=0.575126 | k=0.59200 (log_k=-0.52616), d=0.00366 (log_d=-5.60922)
  Step  12 | loss=0.523204 | k=0.59100 (log_k=-0.52425), d=0.00366 (log_d=-5.60977)
  Step  13 | loss=0.574952 | k=0.59195 (log_k=-0.52593), d=0.00366 (log_d=-5.60920)
  Step  14 | loss=0.523008 | k=0.59109 (log_k=-0.52433), d=0.00367 (log_d=-5.60914)
  Step  15 | loss=0.574911 | k=0.59213 (log_k=-0.52579), d=0.00367 (log_d=-5.60861)
  Step  16 | loss=0.523092 | k=0.59112 (log_k=-0.52403), d=0.00367 (log_d=-5.60858)
  Step  17 | loss=0.574854 | k=0.59228 (log_k=-0.52574), d=0.00367 (log_d=-5.60816)
  Step  18 | loss=0.523241 | k=0.59085 (log_k=-0.52377), d=0.00367 (log_d=-5.60795)
  Step  19 | loss=0.575243 | k=0.59201 (log_k=-0.52620), d=0.00367 (log_d=-5.60771)
  Step  20 | loss=0.522863 | k=0.59078 (log_k=-0.52423), d=0.00367 (log_d=-5.60807)
Generator Loss: 0.5229 | Updated Params -> K: 0.59078, D: 0.00367

=== GAN Iteration 17/20 ===
Collecting Generated (ComFree_Warp) trajectories...
Training Discriminator for 10 epochs...
Discriminator Loss: 0.4697
Optimizing ComFree parameters to fool the Discriminator...
  Step   1 | loss=0.679625 | k=0.59005 (log_k=-0.52631), d=0.00366 (log_d=-5.60773)
  Step   2 | loss=0.679809 | k=0.58972 (log_k=-0.52754), d=0.00366 (log_d=-5.60923)
  Step   3 | loss=0.679338 | k=0.58951 (log_k=-0.52811), d=0.00366 (log_d=-5.61024)
  Step   4 | loss=0.678669 | k=0.58879 (log_k=-0.52847), d=0.00365 (log_d=-5.61114)
  Step   5 | loss=0.678837 | k=0.58854 (log_k=-0.52968), d=0.00365 (log_d=-5.61243)
  Step   6 | loss=0.678562 | k=0.58916 (log_k=-0.53012), d=0.00365 (log_d=-5.61345)
  Step   7 | loss=0.678477 | k=0.58886 (log_k=-0.52906), d=0.00364 (log_d=-5.61365)
  Step   8 | loss=0.678254 | k=0.58943 (log_k=-0.52957), d=0.00364 (log_d=-5.61455)
  Step   9 | loss=0.678191 | k=0.58901 (log_k=-0.52859), d=0.00364 (log_d=-5.61470)
  Step  10 | loss=0.678506 | k=0.58969 (log_k=-0.52932), d=0.00364 (log_d=-5.61555)
  Step  11 | loss=0.677975 | k=0.58923 (log_k=-0.52816), d=0.00364 (log_d=-5.61561)
  Step  12 | loss=0.678328 | k=0.58992 (log_k=-0.52893), d=0.00364 (log_d=-5.61655)
  Step  13 | loss=0.677774 | k=0.58947 (log_k=-0.52778), d=0.00363 (log_d=-5.61652)
  Step  14 | loss=0.678159 | k=0.59006 (log_k=-0.52853), d=0.00363 (log_d=-5.61728)
  Step  15 | loss=0.677612 | k=0.58950 (log_k=-0.52753), d=0.00363 (log_d=-5.61722)
  Step  16 | loss=0.678174 | k=0.59022 (log_k=-0.52848), d=0.00363 (log_d=-5.61812)
  Step  17 | loss=0.677476 | k=0.58971 (log_k=-0.52725), d=0.00363 (log_d=-5.61794)
  Step  18 | loss=0.678041 | k=0.59037 (log_k=-0.52812), d=0.00363 (log_d=-5.61872)
  Step  19 | loss=0.677361 | k=0.58977 (log_k=-0.52701), d=0.00363 (log_d=-5.61856)
  Step  20 | loss=0.678063 | k=0.59058 (log_k=-0.52802), d=0.00363 (log_d=-5.61939)
Generator Loss: 0.6774 | Updated Params -> K: 0.58977, D: 0.00363

=== GAN Iteration 18/20 ===
Collecting Generated (ComFree_Warp) trajectories...
Training Discriminator for 10 epochs...
Discriminator Loss: 0.3935
Optimizing ComFree parameters to fool the Discriminator...
  Step   1 | loss=0.717873 | k=0.58918 (log_k=-0.52802), d=0.00362 (log_d=-5.61939)
  Step   2 | loss=0.717393 | k=0.58862 (log_k=-0.52903), d=0.00362 (log_d=-5.61996)
  Step   3 | loss=0.716935 | k=0.58796 (log_k=-0.52998), d=0.00362 (log_d=-5.62045)
  Step   4 | loss=0.716490 | k=0.58745 (log_k=-0.53109), d=0.00362 (log_d=-5.62072)
  Step   5 | loss=0.716363 | k=0.58742 (log_k=-0.53197), d=0.00362 (log_d=-5.62087)
  Step   6 | loss=0.716293 | k=0.58738 (log_k=-0.53201), d=0.00362 (log_d=-5.62043)
  Step   7 | loss=0.716271 | k=0.58714 (log_k=-0.53209), d=0.00362 (log_d=-5.62030)
  Step   8 | loss=0.716176 | k=0.58653 (log_k=-0.53249), d=0.00362 (log_d=-5.62009)
  Step   9 | loss=0.715711 | k=0.58523 (log_k=-0.53353), d=0.00362 (log_d=-5.62031)
  Step  10 | loss=0.714922 | k=0.58493 (log_k=-0.53575), d=0.00354 (log_d=-5.62026)
  Step  11 | loss=0.779419 | k=0.58634 (log_k=-0.53626), d=0.00354 (log_d=-5.64460)
  Step  12 | loss=0.780639 | k=0.58987 (log_k=-0.53385), d=0.00355 (log_d=-5.64417)
  Step  13 | loss=0.807306 | k=0.59084 (log_k=-0.52785), d=0.00353 (log_d=-5.63953)
  Step  14 | loss=0.806943 | k=0.59217 (log_k=-0.52622), d=0.00353 (log_d=-5.64513)
  Step  15 | loss=0.807748 | k=0.59360 (log_k=-0.52396), d=0.00354 (log_d=-5.64517)
  Step  16 | loss=0.805638 | k=0.59519 (log_k=-0.52155), d=0.00354 (log_d=-5.64331)
  Step  17 | loss=0.803578 | k=0.59617 (log_k=-0.51888), d=0.00353 (log_d=-5.64362)
  Step  18 | loss=0.802955 | k=0.59440 (log_k=-0.51722), d=0.00352 (log_d=-5.64530)
  Step  19 | loss=0.811243 | k=0.59489 (log_k=-0.52021), d=0.00332 (log_d=-5.64994)
  Step  20 | loss=0.766966 | k=0.59910 (log_k=-0.51939), d=0.00332 (log_d=-5.70801)
Generator Loss: 0.7149 | Updated Params -> K: 0.58493, D: 0.00354

=== GAN Iteration 19/20 ===
Collecting Generated (ComFree_Warp) trajectories...
Training Discriminator for 10 epochs...
Discriminator Loss: 0.3117
Optimizing ComFree parameters to fool the Discriminator...
  Step   1 | loss=0.774322 | k=0.59929 (log_k=-0.53626), d=0.00353 (log_d=-5.64460)
  Step   2 | loss=0.743628 | k=0.60085 (log_k=-0.51200), d=0.00353 (log_d=-5.64647)
  Step   3 | loss=0.739415 | k=0.61316 (log_k=-0.50942), d=0.00353 (log_d=-5.64739)
  Step   4 | loss=0.735792 | k=0.61263 (log_k=-0.48913), d=0.00352 (log_d=-5.64672)
  Step   5 | loss=0.722641 | k=0.62899 (log_k=-0.48999), d=0.00360 (log_d=-5.64864)
  Step   6 | loss=0.497511 | k=0.63206 (log_k=-0.46364), d=0.00361 (log_d=-5.62619)
  Step   7 | loss=0.319168 | k=0.63217 (log_k=-0.45878), d=0.00361 (log_d=-5.62400)
  Step   8 | loss=0.319036 | k=0.63208 (log_k=-0.45860), d=0.00361 (log_d=-5.62365)
  Step   9 | loss=0.318795 | k=0.63217 (log_k=-0.45875), d=0.00362 (log_d=-5.62282)
  Step  10 | loss=0.318594 | k=0.63215 (log_k=-0.45860), d=0.00362 (log_d=-5.62198)
  Step  11 | loss=0.318552 | k=0.63180 (log_k=-0.45862), d=0.00362 (log_d=-5.62178)
  Step  12 | loss=0.318436 | k=0.63206 (log_k=-0.45918), d=0.00362 (log_d=-5.62131)
  Step  13 | loss=0.318293 | k=0.63144 (log_k=-0.45877), d=0.00362 (log_d=-5.62052)
  Step  14 | loss=0.318227 | k=0.63158 (log_k=-0.45976), d=0.00363 (log_d=-5.62023)
  Step  15 | loss=0.318040 | k=0.63134 (log_k=-0.45953), d=0.00363 (log_d=-5.61949)
  Step  16 | loss=0.318020 | k=0.63153 (log_k=-0.45991), d=0.00363 (log_d=-5.61924)
  Step  17 | loss=0.317876 | k=0.63149 (log_k=-0.45961), d=0.00363 (log_d=-5.61842)
  Step  18 | loss=0.317826 | k=0.63127 (log_k=-0.45968), d=0.00363 (log_d=-5.61814)
  Step  19 | loss=0.317782 | k=0.63105 (log_k=-0.46002), d=0.00363 (log_d=-5.61795)
  Step  20 | loss=0.317745 | k=0.63109 (log_k=-0.46037), d=0.00364 (log_d=-5.61762)
Generator Loss: 0.3177 | Updated Params -> K: 0.63109, D: 0.00364

=== GAN Iteration 20/20 ===
Collecting Generated (ComFree_Warp) trajectories...
Training Discriminator for 10 epochs...
Discriminator Loss: 0.4101
Optimizing ComFree parameters to fool the Discriminator...
  Step   1 | loss=0.919558 | k=0.63101 (log_k=-0.46031), d=0.00364 (log_d=-5.61692)
  Step   2 | loss=0.919549 | k=0.63094 (log_k=-0.46043), d=0.00364 (log_d=-5.61702)
  Step   3 | loss=0.919539 | k=0.63086 (log_k=-0.46055), d=0.00363 (log_d=-5.61712)
  Step   4 | loss=0.919529 | k=0.63078 (log_k=-0.46067), d=0.00363 (log_d=-5.61722)
  Step   5 | loss=0.919518 | k=0.63070 (log_k=-0.46080), d=0.00363 (log_d=-5.61733)
  Step   6 | loss=0.919507 | k=0.63062 (log_k=-0.46092), d=0.00363 (log_d=-5.61743)
  Step   7 | loss=0.919496 | k=0.63055 (log_k=-0.46105), d=0.00363 (log_d=-5.61754)
  Step   8 | loss=0.919486 | k=0.63046 (log_k=-0.46117), d=0.00363 (log_d=-5.61764)
  Step   9 | loss=0.919474 | k=0.63038 (log_k=-0.46130), d=0.00363 (log_d=-5.61776)
  Step  10 | loss=0.919464 | k=0.63030 (log_k=-0.46143), d=0.00363 (log_d=-5.61786)
  Step  11 | loss=0.919454 | k=0.63023 (log_k=-0.46155), d=0.00363 (log_d=-5.61797)
  Step  12 | loss=0.919444 | k=0.63016 (log_k=-0.46168), d=0.00363 (log_d=-5.61807)
  Step  13 | loss=0.919436 | k=0.63009 (log_k=-0.46179), d=0.00363 (log_d=-5.61816)
  Step  14 | loss=0.919429 | k=0.63002 (log_k=-0.46190), d=0.00363 (log_d=-5.61824)
  Step  15 | loss=0.919422 | k=0.62996 (log_k=-0.46200), d=0.00363 (log_d=-5.61832)
  Step  16 | loss=0.919416 | k=0.62990 (log_k=-0.46210), d=0.00363 (log_d=-5.61840)
  Step  17 | loss=0.919410 | k=0.62984 (log_k=-0.46220), d=0.00363 (log_d=-5.61847)
  Step  18 | loss=0.919404 | k=0.62977 (log_k=-0.46230), d=0.00363 (log_d=-5.61854)
  Step  19 | loss=0.919388 | k=0.62955 (log_k=-0.46239), d=0.00363 (log_d=-5.61861)
  Step  20 | loss=0.919423 | k=0.62950 (log_k=-0.46275), d=0.00363 (log_d=-5.61894)
Generator Loss: 0.9194 | Updated Params -> K: 0.62955, D: 0.00363

Training complete. Artifacts saved to: /home/kg878/scratch_pi_amd78/kg878/gan_training/results/run_lstm_lr_d0.0005_lr_g0.0025
