Starting Task 4: Model=cnn, LR_D=0.00025, LR_G=0.005
Running on cuda
Sampled 10 new goals.
Collecting Ground Truth (Standard MuJoCo) trajectories...
Warp 1.12.0 initialized:
   CUDA Toolkit 12.9, Driver 12.8
   Devices:
     "cpu"      : "x86_64"
     "cuda:0"   : "NVIDIA RTX 5000 Ada Generation" (31 GiB, sm_89, mempool enabled)
   Kernel cache:
     /home/kg878/.cache/warp/1.12.0
Module mujoco_warp._src.smooth f756680 load on device 'cuda:0' took 6.14 ms  (cached)
Module mujoco_warp._src.collision_driver 4d8b905 load on device 'cuda:0' took 0.86 ms  (cached)
Module _nxn_broadphase__locals__kernel_83765485 8376548 load on device 'cuda:0' took 1.12 ms  (cached)
Module _primitive_narrowphase__locals__primitive_narrowphase_799bf360 799bf36 load on device 'cuda:0' took 0.93 ms  (cached)
Module mujoco_warp._src.constraint 63c97cb load on device 'cuda:0' took 1.54 ms  (cached)
Module mujoco_warp._src.passive 7fb8524 load on device 'cuda:0' took 1.23 ms  (cached)
Module mujoco_warp._src.forward 5a5c0b5 load on device 'cuda:0' took 1.23 ms  (cached)
Module mujoco_warp._src.support 343d1ae load on device 'cuda:0' took 1.04 ms  (cached)
Module _tile_cholesky_factorize_solve__locals__cholesky_factorize_solve_31e2b081 1603efb load on device 'cuda:0' took 25.58 ms  (cached)
Module mujoco_warp._src.solver eaac975 load on device 'cuda:0' took 1.15 ms  (cached)
Module solve_init_jaref__locals__kernel_21fae504 21fae50 load on device 'cuda:0' took 1.23 ms  (cached)
Module mul_m_dense__locals___mul_m_dense_fbd74bb9 fbd74bb load on device 'cuda:0' took 1.64 ms  (cached)
Module update_constraint_efc__locals__kernel_d4ac54f8 d4ac54f load on device 'cuda:0' took 0.85 ms  (cached)
Module update_constraint_gauss_cost__locals__kernel_73299c19 73299c1 load on device 'cuda:0' took 0.86 ms  (cached)
Module update_gradient_JTDAJ_dense_tiled__locals__kernel_92d753e0 6f5ab40 load on device 'cuda:0' took 1.22 ms  (cached)
Module update_gradient_cholesky__locals__kernel_1e67b2d5 4da60ef load on device 'cuda:0' took 26.66 ms  (cached)
Module linesearch_iterative__locals__kernel_e835d44f c716e5e load on device 'cuda:0' took 1.62 ms  (cached)
Module update_constraint_efc__locals__kernel_5c3dedb8 5c3dedb load on device 'cuda:0' took 1.12 ms  (cached)
Module _tile_euler_dense__locals__euler_dense_c71389e7 8e3457a load on device 'cuda:0' took 27.01 ms  (cached)
Module comfree_warp.mujoco_warp._src.smooth c02eb38 load on device 'cuda:0' took 1.53 ms  (cached)
Module _tile_cholesky_factorize__locals__cholesky_factorize_d03d54d2 1278567 load on device 'cuda:0' took 19.30 ms  (cached)
Module comfree_warp.mujoco_warp._src.collision_driver 4d8b905 load on device 'cuda:0' took 1.64 ms  (cached)
Module _primitive_narrowphase__locals__primitive_narrowphase_fa8f2c5f fa8f2c5 load on device 'cuda:0' took 2.40 ms  (cached)
Module comfree_warp.comfree_core._src.constraint 244f68b load on device 'cuda:0' took 2.23 ms  (cached)
Module comfree_warp.mujoco_warp._src.passive 5be88d0 load on device 'cuda:0' took 1.48 ms  (cached)
Module comfree_warp.mujoco_warp._src.forward 13e94f4 load on device 'cuda:0' took 1.62 ms  (cached)
Module comfree_warp.mujoco_warp._src.support 343d1ae load on device 'cuda:0' took 1.34 ms  (cached)
Module comfree_warp.comfree_core._src.forward 7a027f4 load on device 'cuda:0' took 2.13 ms  (cached)
Module _tile_cholesky_solve__locals__cholesky_solve_612ff9f0 d6a4fa0 load on device 'cuda:0' took 19.50 ms  (cached)
Module comfree_warp.mujoco_warp._src.sensor db84035 load on device 'cuda:0' took 1.55 ms  (cached)

=== GAN Iteration 1/30 ===
Collecting Generated (ComFree_Warp) trajectories...
Training Discriminator for 10 epochs...
Discriminator Loss: 0.6603
Optimizing ComFree parameters...
  Step   1 | loss=0.648850 | k=[2.00e-01], d=[9.99e-03]
  Step   2 | loss=0.648854 | k=[2.00e-01], d=[9.99e-03]
Generator Loss: 0.6488 | Updated Params -> K: 2.00e-01, D: 9.99e-03

=== GAN Iteration 2/30 ===
Collecting Generated (ComFree_Warp) trajectories...
Training Discriminator for 10 epochs...
Discriminator Loss: 0.6454
Optimizing ComFree parameters...
  Step   1 | loss=0.682331 | k=[2.00e-01], d=[9.99e-03]
  Step   2 | loss=0.682321 | k=[2.00e-01], d=[9.99e-03]
Generator Loss: 0.6823 | Updated Params -> K: 2.00e-01, D: 9.99e-03

=== GAN Iteration 3/30 ===
Collecting Generated (ComFree_Warp) trajectories...
Training Discriminator for 10 epochs...
Discriminator Loss: 0.6269
Optimizing ComFree parameters...
  Step   1 | loss=0.710959 | k=[2.00e-01], d=[9.99e-03]
  Step   2 | loss=0.710924 | k=[2.00e-01], d=[9.98e-03]
Generator Loss: 0.7109 | Updated Params -> K: 2.00e-01, D: 9.98e-03

=== GAN Iteration 4/30 ===
Collecting Generated (ComFree_Warp) trajectories...
Training Discriminator for 10 epochs...
Discriminator Loss: 0.6054
Optimizing ComFree parameters...
  Step   1 | loss=0.711641 | k=[2.00e-01], d=[9.98e-03]
  Step   2 | loss=0.711631 | k=[2.00e-01], d=[9.98e-03]
Generator Loss: 0.7116 | Updated Params -> K: 2.00e-01, D: 9.98e-03

=== GAN Iteration 5/30 ===
Collecting Generated (ComFree_Warp) trajectories...
Training Discriminator for 10 epochs...
Discriminator Loss: 0.5940
Optimizing ComFree parameters...
  Step   1 | loss=0.726354 | k=[2.00e-01], d=[9.98e-03]
  Step   2 | loss=0.726340 | k=[2.00e-01], d=[9.97e-03]
Generator Loss: 0.7263 | Updated Params -> K: 2.00e-01, D: 9.97e-03

=== GAN Iteration 6/30 ===
Collecting Generated (ComFree_Warp) trajectories...
Training Discriminator for 10 epochs...
Discriminator Loss: 0.5693
Optimizing ComFree parameters...
  Step   1 | loss=0.724994 | k=[2.00e-01], d=[9.97e-03]
  Step   2 | loss=0.724965 | k=[2.00e-01], d=[9.97e-03]
Generator Loss: 0.7250 | Updated Params -> K: 2.00e-01, D: 9.97e-03

=== GAN Iteration 7/30 ===
Collecting Generated (ComFree_Warp) trajectories...
Training Discriminator for 10 epochs...
Discriminator Loss: 0.5505
Optimizing ComFree parameters...
  Step   1 | loss=0.733143 | k=[2.00e-01], d=[9.96e-03]
  Step   2 | loss=0.733111 | k=[2.00e-01], d=[9.96e-03]
Generator Loss: 0.7331 | Updated Params -> K: 2.00e-01, D: 9.96e-03

=== GAN Iteration 8/30 ===
Collecting Generated (ComFree_Warp) trajectories...
Training Discriminator for 10 epochs...
Discriminator Loss: 0.5144
Optimizing ComFree parameters...
  Step   1 | loss=0.758105 | k=[2.00e-01], d=[9.95e-03]
  Step   2 | loss=0.758052 | k=[2.00e-01], d=[9.95e-03]
Generator Loss: 0.7581 | Updated Params -> K: 2.00e-01, D: 9.95e-03

=== GAN Iteration 9/30 ===
Collecting Generated (ComFree_Warp) trajectories...
Training Discriminator for 10 epochs...
Discriminator Loss: 0.4506
Optimizing ComFree parameters...
  Step   1 | loss=0.778122 | k=[2.00e-01], d=[9.94e-03]
  Step   2 | loss=0.778037 | k=[2.00e-01], d=[9.93e-03]
Generator Loss: 0.7780 | Updated Params -> K: 2.00e-01, D: 9.93e-03

=== GAN Iteration 10/30 ===
Collecting Generated (ComFree_Warp) trajectories...
Training Discriminator for 10 epochs...
Discriminator Loss: 0.3853
Optimizing ComFree parameters...
  Step   1 | loss=0.818450 | k=[2.00e-01], d=[9.97e-03]
  Step   2 | loss=0.820190 | k=[2.00e-01], d=[9.95e-03]
Generator Loss: 0.8185 | Updated Params -> K: 2.00e-01, D: 9.97e-03

=== GAN Iteration 11/30 ===
Collecting Generated (ComFree_Warp) trajectories...
Training Discriminator for 10 epochs...
Discriminator Loss: 0.3008
Optimizing ComFree parameters...
  Step   1 | loss=0.845872 | k=[2.00e-01], d=[9.95e-03]
  Step   2 | loss=0.845470 | k=[2.00e-01], d=[9.94e-03]
Generator Loss: 0.8455 | Updated Params -> K: 2.00e-01, D: 9.94e-03

=== GAN Iteration 12/30 ===
Collecting Generated (ComFree_Warp) trajectories...
Training Discriminator for 10 epochs...
Discriminator Loss: 0.2173
Optimizing ComFree parameters...
  Step   1 | loss=0.913732 | k=[2.00e-01], d=[9.93e-03]
  Step   2 | loss=0.913470 | k=[2.00e-01], d=[9.92e-03]
Generator Loss: 0.9135 | Updated Params -> K: 2.00e-01, D: 9.92e-03

=== GAN Iteration 13/30 ===
Collecting Generated (ComFree_Warp) trajectories...
Training Discriminator for 10 epochs...
Discriminator Loss: 0.1528
Optimizing ComFree parameters...
  Step   1 | loss=0.928467 | k=[2.00e-01], d=[9.90e-03]
  Step   2 | loss=0.928075 | k=[2.00e-01], d=[9.89e-03]
Generator Loss: 0.9281 | Updated Params -> K: 2.00e-01, D: 9.89e-03

=== GAN Iteration 14/30 ===
Collecting Generated (ComFree_Warp) trajectories...
Training Discriminator for 10 epochs...
Discriminator Loss: 0.1064
Optimizing ComFree parameters...
  Step   1 | loss=0.953681 | k=[2.00e-01], d=[9.88e-03]
  Step   2 | loss=0.953539 | k=[2.00e-01], d=[9.87e-03]
Generator Loss: 0.9535 | Updated Params -> K: 2.00e-01, D: 9.87e-03

=== GAN Iteration 15/30 ===
Collecting Generated (ComFree_Warp) trajectories...
Training Discriminator for 10 epochs...
Discriminator Loss: 0.0727
Optimizing ComFree parameters...
  Step   1 | loss=0.960469 | k=[1.99e-01], d=[9.87e-03]
  Step   2 | loss=0.960321 | k=[1.99e-01], d=[9.86e-03]
Generator Loss: 0.9603 | Updated Params -> K: 1.99e-01, D: 9.86e-03

=== GAN Iteration 16/30 ===
Collecting Generated (ComFree_Warp) trajectories...
Training Discriminator for 10 epochs...
Discriminator Loss: 0.0497
Optimizing ComFree parameters...
  Step   1 | loss=0.975691 | k=[1.99e-01], d=[9.85e-03]
  Step   2 | loss=0.975638 | k=[1.99e-01], d=[9.85e-03]
Generator Loss: 0.9756 | Updated Params -> K: 1.99e-01, D: 9.85e-03

=== GAN Iteration 17/30 ===
Collecting Generated (ComFree_Warp) trajectories...
Training Discriminator for 10 epochs...
Discriminator Loss: 0.0352
Optimizing ComFree parameters...
  Step   1 | loss=0.980055 | k=[1.99e-01], d=[9.85e-03]
  Step   2 | loss=0.980022 | k=[1.99e-01], d=[9.85e-03]
Generator Loss: 0.9800 | Updated Params -> K: 1.99e-01, D: 9.85e-03

=== GAN Iteration 18/30 ===
Collecting Generated (ComFree_Warp) trajectories...
Training Discriminator for 10 epochs...
Discriminator Loss: 0.0253
Optimizing ComFree parameters...
  Step   1 | loss=0.985632 | k=[1.99e-01], d=[9.84e-03]
  Step   2 | loss=0.985627 | k=[1.99e-01], d=[9.84e-03]
Generator Loss: 0.9856 | Updated Params -> K: 1.99e-01, D: 9.84e-03

=== GAN Iteration 19/30 ===
Collecting Generated (ComFree_Warp) trajectories...
Training Discriminator for 10 epochs...
Discriminator Loss: 0.0188
Optimizing ComFree parameters...
  Step   1 | loss=0.992299 | k=[1.99e-01], d=[9.84e-03]
  Step   2 | loss=0.992295 | k=[2.00e-01], d=[9.84e-03]
Generator Loss: 0.9923 | Updated Params -> K: 2.00e-01, D: 9.84e-03

=== GAN Iteration 20/30 ===
Collecting Generated (ComFree_Warp) trajectories...
Training Discriminator for 10 epochs...
Discriminator Loss: 0.0144
Optimizing ComFree parameters...
  Step   1 | loss=0.995324 | k=[2.00e-01], d=[9.84e-03]
  Step   2 | loss=0.995322 | k=[2.00e-01], d=[9.84e-03]
Generator Loss: 0.9953 | Updated Params -> K: 2.00e-01, D: 9.84e-03

=== GAN Iteration 21/30 ===
Collecting Generated (ComFree_Warp) trajectories...
Training Discriminator for 10 epochs...
Discriminator Loss: 0.0113
Optimizing ComFree parameters...
  Step   1 | loss=0.993303 | k=[2.00e-01], d=[9.84e-03]
  Step   2 | loss=0.993295 | k=[2.00e-01], d=[9.84e-03]
Generator Loss: 0.9933 | Updated Params -> K: 2.00e-01, D: 9.84e-03

=== GAN Iteration 22/30 ===
Collecting Generated (ComFree_Warp) trajectories...
Training Discriminator for 10 epochs...
Discriminator Loss: 0.0092
Optimizing ComFree parameters...
  Step   1 | loss=0.995663 | k=[2.00e-01], d=[9.84e-03]
  Step   2 | loss=0.995662 | k=[2.00e-01], d=[9.84e-03]
Generator Loss: 0.9957 | Updated Params -> K: 2.00e-01, D: 9.84e-03

=== GAN Iteration 23/30 ===
Collecting Generated (ComFree_Warp) trajectories...
Training Discriminator for 10 epochs...
Discriminator Loss: 0.0077
Optimizing ComFree parameters...
  Step   1 | loss=0.998421 | k=[2.00e-01], d=[9.83e-03]
  Step   2 | loss=0.998421 | k=[2.00e-01], d=[9.83e-03]
Generator Loss: 0.9984 | Updated Params -> K: 2.00e-01, D: 9.83e-03

=== GAN Iteration 24/30 ===
Collecting Generated (ComFree_Warp) trajectories...
Training Discriminator for 10 epochs...
Discriminator Loss: 0.0066
Optimizing ComFree parameters...
  Step   1 | loss=0.997047 | k=[2.00e-01], d=[9.83e-03]
  Step   2 | loss=0.997044 | k=[2.00e-01], d=[9.83e-03]
Generator Loss: 0.9970 | Updated Params -> K: 2.00e-01, D: 9.83e-03

=== GAN Iteration 25/30 ===
Collecting Generated (ComFree_Warp) trajectories...
Training Discriminator for 10 epochs...
Discriminator Loss: 0.0058
Optimizing ComFree parameters...
  Step   1 | loss=0.997175 | k=[2.00e-01], d=[9.83e-03]
  Step   2 | loss=0.997173 | k=[2.00e-01], d=[9.83e-03]
Generator Loss: 0.9972 | Updated Params -> K: 2.00e-01, D: 9.83e-03

=== GAN Iteration 26/30 ===
Collecting Generated (ComFree_Warp) trajectories...
Training Discriminator for 10 epochs...
Discriminator Loss: 0.0053
Optimizing ComFree parameters...
  Step   1 | loss=0.997834 | k=[2.00e-01], d=[9.83e-03]
  Step   2 | loss=0.997831 | k=[2.00e-01], d=[9.83e-03]
Generator Loss: 0.9978 | Updated Params -> K: 2.00e-01, D: 9.83e-03

=== GAN Iteration 27/30 ===
Collecting Generated (ComFree_Warp) trajectories...
Training Discriminator for 10 epochs...
Discriminator Loss: 0.0048
Optimizing ComFree parameters...
  Step   1 | loss=0.998885 | k=[2.00e-01], d=[9.83e-03]
  Step   2 | loss=0.998884 | k=[2.00e-01], d=[9.83e-03]
Generator Loss: 0.9989 | Updated Params -> K: 2.00e-01, D: 9.83e-03

=== GAN Iteration 28/30 ===
Collecting Generated (ComFree_Warp) trajectories...
Training Discriminator for 10 epochs...
Discriminator Loss: 0.0045
Optimizing ComFree parameters...
  Step   1 | loss=0.998358 | k=[2.00e-01], d=[9.83e-03]
  Step   2 | loss=0.998358 | k=[2.00e-01], d=[9.83e-03]
Generator Loss: 0.9984 | Updated Params -> K: 2.00e-01, D: 9.83e-03

=== GAN Iteration 29/30 ===
Collecting Generated (ComFree_Warp) trajectories...
Training Discriminator for 10 epochs...
Discriminator Loss: 0.0042
Optimizing ComFree parameters...
  Step   1 | loss=0.998754 | k=[2.00e-01], d=[9.83e-03]
  Step   2 | loss=0.998753 | k=[2.00e-01], d=[9.83e-03]
Generator Loss: 0.9988 | Updated Params -> K: 2.00e-01, D: 9.83e-03

=== GAN Iteration 30/30 ===
Collecting Generated (ComFree_Warp) trajectories...
Training Discriminator for 10 epochs...
Discriminator Loss: 0.0040
Optimizing ComFree parameters...
  Step   1 | loss=0.998944 | k=[2.00e-01], d=[9.83e-03]
  Step   2 | loss=0.998943 | k=[2.00e-01], d=[9.83e-03]
Generator Loss: 0.9989 | Updated Params -> K: 2.00e-01, D: 9.83e-03

Training complete. Artifacts saved to: /home/kg878/scratch_pi_amd78/kg878/gan_training/results/run_cnn_lr_d0.00025_lr_g0.005
