Starting Task 4: Model=cnn, LR_D=0.000025, LR_G=0.0025
Running on cuda
Sampled 10 new goals.
Collecting Ground Truth (Standard MuJoCo) trajectories...
Warp 1.12.0 initialized:
   CUDA Toolkit 12.9, Driver 12.8
   Devices:
     "cpu"      : "x86_64"
     "cuda:0"   : "NVIDIA RTX 5000 Ada Generation" (31 GiB, sm_89, mempool enabled)
   Kernel cache:
     /home/kg878/.cache/warp/1.12.0
Module mujoco_warp._src.smooth f756680 load on device 'cuda:0' took 9.85 ms  (cached)
Module mujoco_warp._src.collision_driver 4d8b905 load on device 'cuda:0' took 0.93 ms  (cached)
Module _nxn_broadphase__locals__kernel_83765485 8376548 load on device 'cuda:0' took 0.90 ms  (cached)
Module _primitive_narrowphase__locals__primitive_narrowphase_799bf360 799bf36 load on device 'cuda:0' took 1.06 ms  (cached)
Module mujoco_warp._src.constraint 63c97cb load on device 'cuda:0' took 1.95 ms  (cached)
Module mujoco_warp._src.passive 7fb8524 load on device 'cuda:0' took 1.03 ms  (cached)
Module mujoco_warp._src.forward 5a5c0b5 load on device 'cuda:0' took 2.57 ms  (cached)
Module mujoco_warp._src.support 343d1ae load on device 'cuda:0' took 1.80 ms  (cached)
Module _tile_cholesky_factorize_solve__locals__cholesky_factorize_solve_31e2b081 1603efb load on device 'cuda:0' took 25.44 ms  (cached)
Module mujoco_warp._src.solver eaac975 load on device 'cuda:0' took 1.04 ms  (cached)
Module solve_init_jaref__locals__kernel_21fae504 21fae50 load on device 'cuda:0' took 0.89 ms  (cached)
Module mul_m_dense__locals___mul_m_dense_fbd74bb9 fbd74bb load on device 'cuda:0' took 0.93 ms  (cached)
Module update_constraint_efc__locals__kernel_d4ac54f8 d4ac54f load on device 'cuda:0' took 0.86 ms  (cached)
Module update_constraint_gauss_cost__locals__kernel_73299c19 73299c1 load on device 'cuda:0' took 0.88 ms  (cached)
Module update_gradient_JTDAJ_dense_tiled__locals__kernel_92d753e0 6f5ab40 load on device 'cuda:0' took 1.07 ms  (cached)
Module update_gradient_cholesky__locals__kernel_1e67b2d5 4da60ef load on device 'cuda:0' took 25.78 ms  (cached)
Module linesearch_iterative__locals__kernel_e835d44f c716e5e load on device 'cuda:0' took 1.08 ms  (cached)
Module update_constraint_efc__locals__kernel_5c3dedb8 5c3dedb load on device 'cuda:0' took 0.91 ms  (cached)
Module _tile_euler_dense__locals__euler_dense_c71389e7 8e3457a load on device 'cuda:0' took 25.86 ms  (cached)
Module comfree_warp.mujoco_warp._src.smooth c02eb38 load on device 'cuda:0' took 1.37 ms  (cached)
Module _tile_cholesky_factorize__locals__cholesky_factorize_d03d54d2 1278567 load on device 'cuda:0' took 18.95 ms  (cached)
Module comfree_warp.mujoco_warp._src.collision_driver 4d8b905 load on device 'cuda:0' took 0.99 ms  (cached)
Module _primitive_narrowphase__locals__primitive_narrowphase_fa8f2c5f fa8f2c5 load on device 'cuda:0' took 1.03 ms  (cached)
Module comfree_warp.comfree_core._src.constraint 244f68b load on device 'cuda:0' took 1.09 ms  (cached)
Module comfree_warp.mujoco_warp._src.passive 5be88d0 load on device 'cuda:0' took 1.04 ms  (cached)
Module comfree_warp.mujoco_warp._src.forward 13e94f4 load on device 'cuda:0' took 1.17 ms  (cached)
Module comfree_warp.mujoco_warp._src.support 343d1ae load on device 'cuda:0' took 0.91 ms  (cached)
Module comfree_warp.comfree_core._src.forward 7a027f4 load on device 'cuda:0' took 1.01 ms  (cached)
Module _tile_cholesky_solve__locals__cholesky_solve_612ff9f0 d6a4fa0 load on device 'cuda:0' took 19.42 ms  (cached)
Module comfree_warp.mujoco_warp._src.sensor db84035 load on device 'cuda:0' took 1.18 ms  (cached)

=== GAN Iteration 1/30 ===
Collecting Generated (ComFree_Warp) trajectories...
Training Discriminator for 10 epochs...
Discriminator Loss: 0.6868
Optimizing ComFree parameters...
  Step   1 | loss=0.719546 | k=[2.00e-01], d=[1.00e-02]
  Step   2 | loss=0.719540 | k=[2.00e-01], d=[1.00e-02]
Generator Loss: 0.7195 | Updated Params -> K: 2.00e-01, D: 1.00e-02

=== GAN Iteration 2/30 ===
Collecting Generated (ComFree_Warp) trajectories...
Training Discriminator for 10 epochs...
Discriminator Loss: 0.6860
Optimizing ComFree parameters...
  Step   1 | loss=0.715855 | k=[2.00e-01], d=[1.00e-02]
  Step   2 | loss=0.715848 | k=[2.00e-01], d=[9.99e-03]
Generator Loss: 0.7158 | Updated Params -> K: 2.00e-01, D: 9.99e-03

=== GAN Iteration 3/30 ===
Collecting Generated (ComFree_Warp) trajectories...
Training Discriminator for 10 epochs...
Discriminator Loss: 0.6758
Optimizing ComFree parameters...
  Step   1 | loss=0.718590 | k=[2.00e-01], d=[9.99e-03]
  Step   2 | loss=0.718584 | k=[2.00e-01], d=[9.99e-03]
Generator Loss: 0.7186 | Updated Params -> K: 2.00e-01, D: 9.99e-03

=== GAN Iteration 4/30 ===
Collecting Generated (ComFree_Warp) trajectories...
Training Discriminator for 10 epochs...
Discriminator Loss: 0.6732
Optimizing ComFree parameters...
  Step   1 | loss=0.708889 | k=[2.00e-01], d=[9.99e-03]
  Step   2 | loss=0.708888 | k=[2.00e-01], d=[9.99e-03]
Generator Loss: 0.7089 | Updated Params -> K: 2.00e-01, D: 9.99e-03

=== GAN Iteration 5/30 ===
Collecting Generated (ComFree_Warp) trajectories...
Training Discriminator for 10 epochs...
Discriminator Loss: 0.6779
Optimizing ComFree parameters...
  Step   1 | loss=0.714018 | k=[2.00e-01], d=[9.99e-03]
  Step   2 | loss=0.714004 | k=[2.00e-01], d=[9.99e-03]
Generator Loss: 0.7140 | Updated Params -> K: 2.00e-01, D: 9.99e-03

=== GAN Iteration 6/30 ===
Collecting Generated (ComFree_Warp) trajectories...
Training Discriminator for 10 epochs...
Discriminator Loss: 0.6756
Optimizing ComFree parameters...
  Step   1 | loss=0.708423 | k=[2.00e-01], d=[9.99e-03]
  Step   2 | loss=0.708416 | k=[2.00e-01], d=[9.99e-03]
Generator Loss: 0.7084 | Updated Params -> K: 2.00e-01, D: 9.99e-03

=== GAN Iteration 7/30 ===
Collecting Generated (ComFree_Warp) trajectories...
Training Discriminator for 10 epochs...
Discriminator Loss: 0.6718
Optimizing ComFree parameters...
  Step   1 | loss=0.713273 | k=[2.00e-01], d=[9.98e-03]
  Step   2 | loss=0.713265 | k=[2.00e-01], d=[9.98e-03]
Generator Loss: 0.7133 | Updated Params -> K: 2.00e-01, D: 9.98e-03

=== GAN Iteration 8/30 ===
Collecting Generated (ComFree_Warp) trajectories...
Training Discriminator for 10 epochs...
Discriminator Loss: 0.6714
Optimizing ComFree parameters...
  Step   1 | loss=0.715133 | k=[2.00e-01], d=[9.98e-03]
  Step   2 | loss=0.715127 | k=[2.00e-01], d=[9.98e-03]
Generator Loss: 0.7151 | Updated Params -> K: 2.00e-01, D: 9.98e-03

=== GAN Iteration 9/30 ===
Collecting Generated (ComFree_Warp) trajectories...
Training Discriminator for 10 epochs...
Discriminator Loss: 0.6639
Optimizing ComFree parameters...
  Step   1 | loss=0.707588 | k=[2.00e-01], d=[9.98e-03]
  Step   2 | loss=0.707518 | k=[2.00e-01], d=[9.97e-03]
Generator Loss: 0.7075 | Updated Params -> K: 2.00e-01, D: 9.97e-03

=== GAN Iteration 10/30 ===
Collecting Generated (ComFree_Warp) trajectories...
Training Discriminator for 10 epochs...
Discriminator Loss: 0.6659
Optimizing ComFree parameters...
  Step   1 | loss=0.704761 | k=[2.00e-01], d=[9.97e-03]
  Step   2 | loss=0.704754 | k=[2.00e-01], d=[9.97e-03]
Generator Loss: 0.7048 | Updated Params -> K: 2.00e-01, D: 9.97e-03

=== GAN Iteration 11/30 ===
Collecting Generated (ComFree_Warp) trajectories...
Training Discriminator for 10 epochs...
Discriminator Loss: 0.6635
Optimizing ComFree parameters...
  Step   1 | loss=0.711910 | k=[2.00e-01], d=[9.97e-03]
  Step   2 | loss=0.711901 | k=[2.00e-01], d=[9.97e-03]
Generator Loss: 0.7119 | Updated Params -> K: 2.00e-01, D: 9.97e-03

=== GAN Iteration 12/30 ===
Collecting Generated (ComFree_Warp) trajectories...
Training Discriminator for 10 epochs...
Discriminator Loss: 0.6607
Optimizing ComFree parameters...
  Step   1 | loss=0.704747 | k=[2.00e-01], d=[9.97e-03]
  Step   2 | loss=0.704742 | k=[2.00e-01], d=[9.97e-03]
Generator Loss: 0.7047 | Updated Params -> K: 2.00e-01, D: 9.97e-03

=== GAN Iteration 13/30 ===
Collecting Generated (ComFree_Warp) trajectories...
Training Discriminator for 10 epochs...
Discriminator Loss: 0.6560
Optimizing ComFree parameters...
  Step   1 | loss=0.706923 | k=[2.00e-01], d=[9.96e-03]
  Step   2 | loss=0.706916 | k=[2.00e-01], d=[9.96e-03]
Generator Loss: 0.7069 | Updated Params -> K: 2.00e-01, D: 9.96e-03

=== GAN Iteration 14/30 ===
Collecting Generated (ComFree_Warp) trajectories...
Training Discriminator for 10 epochs...
Discriminator Loss: 0.6520
Optimizing ComFree parameters...
  Step   1 | loss=0.697555 | k=[2.00e-01], d=[9.96e-03]
  Step   2 | loss=0.697554 | k=[2.00e-01], d=[9.96e-03]
Generator Loss: 0.6976 | Updated Params -> K: 2.00e-01, D: 9.96e-03

=== GAN Iteration 15/30 ===
Collecting Generated (ComFree_Warp) trajectories...
Training Discriminator for 10 epochs...
Discriminator Loss: 0.6503
Optimizing ComFree parameters...
  Step   1 | loss=0.699489 | k=[2.00e-01], d=[9.96e-03]
  Step   2 | loss=0.699486 | k=[2.00e-01], d=[9.96e-03]
Generator Loss: 0.6995 | Updated Params -> K: 2.00e-01, D: 9.96e-03

=== GAN Iteration 16/30 ===
Collecting Generated (ComFree_Warp) trajectories...
Training Discriminator for 10 epochs...
Discriminator Loss: 0.6478
Optimizing ComFree parameters...
  Step   1 | loss=0.719457 | k=[2.00e-01], d=[9.96e-03]
  Step   2 | loss=0.719439 | k=[2.00e-01], d=[9.96e-03]
Generator Loss: 0.7194 | Updated Params -> K: 2.00e-01, D: 9.96e-03

=== GAN Iteration 17/30 ===
Collecting Generated (ComFree_Warp) trajectories...
Training Discriminator for 10 epochs...
Discriminator Loss: 0.6463
Optimizing ComFree parameters...
  Step   1 | loss=0.708939 | k=[2.00e-01], d=[9.95e-03]
  Step   2 | loss=0.708931 | k=[2.00e-01], d=[9.95e-03]
Generator Loss: 0.7089 | Updated Params -> K: 2.00e-01, D: 9.95e-03

=== GAN Iteration 18/30 ===
Collecting Generated (ComFree_Warp) trajectories...
Training Discriminator for 10 epochs...
Discriminator Loss: 0.6416
Optimizing ComFree parameters...
  Step   1 | loss=0.707357 | k=[2.00e-01], d=[9.95e-03]
  Step   2 | loss=0.707352 | k=[2.00e-01], d=[9.95e-03]
Generator Loss: 0.7074 | Updated Params -> K: 2.00e-01, D: 9.95e-03

=== GAN Iteration 19/30 ===
Collecting Generated (ComFree_Warp) trajectories...
Training Discriminator for 10 epochs...
Discriminator Loss: 0.6376
Optimizing ComFree parameters...
  Step   1 | loss=0.702312 | k=[2.00e-01], d=[9.95e-03]
  Step   2 | loss=0.702312 | k=[2.00e-01], d=[9.95e-03]
Generator Loss: 0.7023 | Updated Params -> K: 2.00e-01, D: 9.95e-03

=== GAN Iteration 20/30 ===
Collecting Generated (ComFree_Warp) trajectories...
Training Discriminator for 10 epochs...
Discriminator Loss: 0.6333
Optimizing ComFree parameters...
  Step   1 | loss=0.709496 | k=[2.00e-01], d=[9.95e-03]
  Step   2 | loss=0.709493 | k=[2.00e-01], d=[9.95e-03]
Generator Loss: 0.7095 | Updated Params -> K: 2.00e-01, D: 9.95e-03

=== GAN Iteration 21/30 ===
Collecting Generated (ComFree_Warp) trajectories...
Training Discriminator for 10 epochs...
Discriminator Loss: 0.6203
Optimizing ComFree parameters...
  Step   1 | loss=0.723529 | k=[2.00e-01], d=[9.95e-03]
  Step   2 | loss=0.723513 | k=[2.00e-01], d=[9.94e-03]
Generator Loss: 0.7235 | Updated Params -> K: 2.00e-01, D: 9.94e-03

=== GAN Iteration 22/30 ===
Collecting Generated (ComFree_Warp) trajectories...
Training Discriminator for 10 epochs...
Discriminator Loss: 0.6161
Optimizing ComFree parameters...
  Step   1 | loss=0.720432 | k=[2.00e-01], d=[9.95e-03]
  Step   2 | loss=0.720428 | k=[2.00e-01], d=[9.94e-03]
Generator Loss: 0.7204 | Updated Params -> K: 2.00e-01, D: 9.94e-03

=== GAN Iteration 23/30 ===
Collecting Generated (ComFree_Warp) trajectories...
Training Discriminator for 10 epochs...
Discriminator Loss: 0.6058
Optimizing ComFree parameters...
  Step   1 | loss=0.731829 | k=[2.00e-01], d=[9.94e-03]
  Step   2 | loss=0.731819 | k=[2.00e-01], d=[9.94e-03]
Generator Loss: 0.7318 | Updated Params -> K: 2.00e-01, D: 9.94e-03

=== GAN Iteration 24/30 ===
Collecting Generated (ComFree_Warp) trajectories...
Training Discriminator for 10 epochs...
Discriminator Loss: 0.5979
Optimizing ComFree parameters...
  Step   1 | loss=0.729610 | k=[2.00e-01], d=[9.94e-03]
  Step   2 | loss=0.729599 | k=[2.00e-01], d=[9.94e-03]
Generator Loss: 0.7296 | Updated Params -> K: 2.00e-01, D: 9.94e-03

=== GAN Iteration 25/30 ===
Collecting Generated (ComFree_Warp) trajectories...
Training Discriminator for 10 epochs...
Discriminator Loss: 0.5893
Optimizing ComFree parameters...
  Step   1 | loss=0.732294 | k=[2.00e-01], d=[9.94e-03]
  Step   2 | loss=0.732279 | k=[2.00e-01], d=[9.93e-03]
Generator Loss: 0.7323 | Updated Params -> K: 2.00e-01, D: 9.93e-03

=== GAN Iteration 26/30 ===
Collecting Generated (ComFree_Warp) trajectories...
Training Discriminator for 10 epochs...
Discriminator Loss: 0.5792
Optimizing ComFree parameters...
  Step   1 | loss=0.739370 | k=[2.00e-01], d=[9.93e-03]
  Step   2 | loss=0.739354 | k=[2.00e-01], d=[9.93e-03]
Generator Loss: 0.7394 | Updated Params -> K: 2.00e-01, D: 9.93e-03

=== GAN Iteration 27/30 ===
Collecting Generated (ComFree_Warp) trajectories...
Training Discriminator for 10 epochs...
Discriminator Loss: 0.5684
Optimizing ComFree parameters...
  Step   1 | loss=0.733146 | k=[2.00e-01], d=[9.93e-03]
  Step   2 | loss=0.733130 | k=[2.00e-01], d=[9.93e-03]
Generator Loss: 0.7331 | Updated Params -> K: 2.00e-01, D: 9.93e-03

=== GAN Iteration 28/30 ===
Collecting Generated (ComFree_Warp) trajectories...
Training Discriminator for 10 epochs...
Discriminator Loss: 0.5554
Optimizing ComFree parameters...
  Step   1 | loss=0.738435 | k=[2.00e-01], d=[9.92e-03]
  Step   2 | loss=0.738419 | k=[2.00e-01], d=[9.92e-03]
Generator Loss: 0.7384 | Updated Params -> K: 2.00e-01, D: 9.92e-03

=== GAN Iteration 29/30 ===
Collecting Generated (ComFree_Warp) trajectories...
Training Discriminator for 10 epochs...
Discriminator Loss: 0.5432
Optimizing ComFree parameters...
  Step   1 | loss=0.756903 | k=[2.00e-01], d=[9.92e-03]
  Step   2 | loss=0.756871 | k=[2.00e-01], d=[9.92e-03]
Generator Loss: 0.7569 | Updated Params -> K: 2.00e-01, D: 9.92e-03

=== GAN Iteration 30/30 ===
Collecting Generated (ComFree_Warp) trajectories...
Training Discriminator for 10 epochs...
Discriminator Loss: 0.5301
Optimizing ComFree parameters...
  Step   1 | loss=0.741023 | k=[2.00e-01], d=[9.91e-03]
  Step   2 | loss=0.741010 | k=[2.00e-01], d=[9.91e-03]
Generator Loss: 0.7410 | Updated Params -> K: 2.00e-01, D: 9.91e-03

Training complete. Artifacts saved to: /home/kg878/scratch_pi_amd78/kg878/gan_training/results/run_cnn_lr_d0.000025_lr_g0.0025
