Starting Task 6: Model=lstm, LR_D=0.00005, LR_G=0.0025
Running on cuda
Sampled 10 new goals.
Collecting Ground Truth (Standard MuJoCo) trajectories...
Warp 1.12.0 initialized:
   CUDA Toolkit 12.9, Driver 12.8
   Devices:
     "cpu"      : "x86_64"
     "cuda:0"   : "NVIDIA RTX 5000 Ada Generation" (31 GiB, sm_89, mempool enabled)
   Kernel cache:
     /home/kg878/.cache/warp/1.12.0
Module mujoco_warp._src.smooth f756680 load on device 'cuda:0' took 1.58 ms  (cached)
Module mujoco_warp._src.collision_driver 4d8b905 load on device 'cuda:0' took 0.88 ms  (cached)
Module _nxn_broadphase__locals__kernel_83765485 8376548 load on device 'cuda:0' took 0.84 ms  (cached)
Module _primitive_narrowphase__locals__primitive_narrowphase_799bf360 799bf36 load on device 'cuda:0' took 0.90 ms  (cached)
Module mujoco_warp._src.constraint 63c97cb load on device 'cuda:0' took 1.34 ms  (cached)
Module mujoco_warp._src.passive 7fb8524 load on device 'cuda:0' took 0.97 ms  (cached)
Module mujoco_warp._src.forward 5a5c0b5 load on device 'cuda:0' took 1.24 ms  (cached)
Module mujoco_warp._src.support 343d1ae load on device 'cuda:0' took 1.08 ms  (cached)
Module _tile_cholesky_factorize_solve__locals__cholesky_factorize_solve_31e2b081 1603efb load on device 'cuda:0' took 29.35 ms  (cached)
Module mujoco_warp._src.solver eaac975 load on device 'cuda:0' took 1.11 ms  (cached)
Module solve_init_jaref__locals__kernel_21fae504 21fae50 load on device 'cuda:0' took 1.09 ms  (cached)
Module mul_m_dense__locals___mul_m_dense_fbd74bb9 fbd74bb load on device 'cuda:0' took 0.93 ms  (cached)
Module update_constraint_efc__locals__kernel_d4ac54f8 d4ac54f load on device 'cuda:0' took 0.98 ms  (cached)
Module update_constraint_gauss_cost__locals__kernel_73299c19 73299c1 load on device 'cuda:0' took 0.91 ms  (cached)
Module update_gradient_JTDAJ_dense_tiled__locals__kernel_92d753e0 6f5ab40 load on device 'cuda:0' took 1.02 ms  (cached)
Module update_gradient_cholesky__locals__kernel_1e67b2d5 4da60ef load on device 'cuda:0' took 25.89 ms  (cached)
Module linesearch_iterative__locals__kernel_e835d44f c716e5e load on device 'cuda:0' took 1.03 ms  (cached)
Module update_constraint_efc__locals__kernel_5c3dedb8 5c3dedb load on device 'cuda:0' took 1.02 ms  (cached)
Module _tile_euler_dense__locals__euler_dense_c71389e7 8e3457a load on device 'cuda:0' took 25.45 ms  (cached)

=== GAN Iteration 1/20 ===
Collecting Generated (ComFree_Warp) trajectories...
Module comfree_warp.mujoco_warp._src.smooth c02eb38 load on device 'cuda:0' took 14.73 ms  (cached)
Module _tile_cholesky_factorize__locals__cholesky_factorize_d03d54d2 1278567 load on device 'cuda:0' took 16.39 ms  (cached)
Module comfree_warp.mujoco_warp._src.collision_driver 4d8b905 load on device 'cuda:0' took 1.03 ms  (cached)
Module _primitive_narrowphase__locals__primitive_narrowphase_fa8f2c5f fa8f2c5 load on device 'cuda:0' took 0.93 ms  (cached)
Module comfree_warp.comfree_core._src.constraint 244f68b load on device 'cuda:0' took 1.01 ms  (cached)
Module comfree_warp.mujoco_warp._src.passive 5be88d0 load on device 'cuda:0' took 0.95 ms  (cached)
Module comfree_warp.mujoco_warp._src.forward 13e94f4 load on device 'cuda:0' took 1.11 ms  (cached)
Module comfree_warp.mujoco_warp._src.support 343d1ae load on device 'cuda:0' took 0.85 ms  (cached)
Module comfree_warp.comfree_core._src.forward 7a027f4 load on device 'cuda:0' took 0.93 ms  (cached)
Module comfree_forward_mod b48f0c7 load on device 'cuda:0' took 0.99 ms  (cached)
Module _tile_cholesky_solve__locals__cholesky_solve_612ff9f0 d6a4fa0 load on device 'cuda:0' took 19.14 ms  (cached)
Module comfree_warp.mujoco_warp._src.sensor db84035 load on device 'cuda:0' took 1.10 ms  (cached)
Training Discriminator for 10 epochs...
Discriminator Loss: 0.6999
Optimizing ComFree parameters to fool the Discriminator...
  Step   1 | loss=22.921685 | k=[2.00e-01, 1.00e-02, 5.00e-04], d=[9.83e-03, 1.94e-03, 1.87e-04]
  Step   2 | loss=20.288391 | k=[1.96e-01, 1.00e-02, 5.00e-04], d=[1.01e-02, 1.96e-03, 1.75e-04]
  Step   3 | loss=18.112050 | k=[1.88e-01, 1.00e-02, 5.02e-04], d=[9.90e-03, 1.92e-03, 1.62e-04]
  Step   4 | loss=15.775087 | k=[1.79e-01, 1.00e-02, 5.02e-04], d=[1.00e-02, 1.85e-03, 1.47e-04]
  Step   5 | loss=13.237923 | k=[1.78e-01, 1.00e-02, 5.02e-04], d=[1.02e-02, 1.84e-03, 1.38e-04]
  Step   6 | loss=11.943481 | k=[1.78e-01, 1.00e-02, 5.02e-04], d=[9.97e-03, 1.84e-03, 1.31e-04]
  Step   7 | loss=10.847969 | k=[1.77e-01, 1.00e-02, 5.02e-04], d=[1.01e-02, 1.83e-03, 1.24e-04]
  Step   8 | loss=9.910518 | k=[1.78e-01, 1.01e-02, 5.02e-04], d=[1.01e-02, 1.83e-03, 1.19e-04]
  Step   9 | loss=9.334412 | k=[1.80e-01, 1.01e-02, 5.02e-04], d=[1.02e-02, 1.82e-03, 1.15e-04]
  Step  10 | loss=8.752636 | k=[1.82e-01, 1.00e-02, 5.02e-04], d=[1.03e-02, 1.82e-03, 1.12e-04]
Generator Loss: 8.7526 | Updated Params -> K: [1.82e-01, 1.00e-02, 5.02e-04], D: [1.03e-02, 1.82e-03, 1.12e-04]

=== GAN Iteration 2/20 ===
Collecting Generated (ComFree_Warp) trajectories...
Training Discriminator for 10 epochs...
Discriminator Loss: 0.6907
Optimizing ComFree parameters to fool the Discriminator...
  Step   1 | loss=9.692110 | k=[1.84e-01, 1.00e-02, 5.02e-04], d=[1.03e-02, 1.80e-03, 1.06e-04]
  Step   2 | loss=8.877068 | k=[1.86e-01, 1.01e-02, 5.02e-04], d=[1.02e-02, 1.80e-03, 1.03e-04]
  Step   3 | loss=8.454747 | k=[1.87e-01, 1.00e-02, 5.02e-04], d=[1.02e-02, 1.79e-03, 9.92e-05]
  Step   4 | loss=7.992656 | k=[1.88e-01, 1.00e-02, 5.02e-04], d=[1.03e-02, 1.79e-03, 9.73e-05]
  Step   5 | loss=7.756349 | k=[1.87e-01, 1.00e-02, 5.01e-04], d=[1.04e-02, 1.79e-03, 9.51e-05]
  Step   6 | loss=7.493044 | k=[1.87e-01, 9.98e-03, 5.01e-04], d=[1.04e-02, 1.78e-03, 9.23e-05]
  Step   7 | loss=7.136227 | k=[1.88e-01, 9.97e-03, 5.01e-04], d=[1.04e-02, 1.78e-03, 9.07e-05]
  Step   8 | loss=6.945876 | k=[1.91e-01, 9.97e-03, 5.01e-04], d=[1.05e-02, 1.79e-03, 8.98e-05]
  Step   9 | loss=6.865930 | k=[1.90e-01, 9.99e-03, 5.01e-04], d=[1.05e-02, 1.77e-03, 8.75e-05]
  Step  10 | loss=6.576617 | k=[1.92e-01, 9.98e-03, 5.01e-04], d=[1.05e-02, 1.77e-03, 8.62e-05]
Generator Loss: 6.5766 | Updated Params -> K: [1.92e-01, 9.98e-03, 5.01e-04], D: [1.05e-02, 1.77e-03, 8.62e-05]

=== GAN Iteration 3/20 ===
Collecting Generated (ComFree_Warp) trajectories...
Training Discriminator for 10 epochs...
Discriminator Loss: 0.6874
Optimizing ComFree parameters to fool the Discriminator...
  Step   1 | loss=5.665992 | k=[1.93e-01, 1.00e-02, 5.02e-04], d=[1.05e-02, 1.76e-03, 8.47e-05]
  Step   2 | loss=5.513769 | k=[1.92e-01, 1.00e-02, 5.04e-04], d=[1.06e-02, 1.76e-03, 8.30e-05]
  Step   3 | loss=5.355425 | k=[1.93e-01, 1.00e-02, 5.04e-04], d=[1.06e-02, 1.75e-03, 8.09e-05]
  Step   4 | loss=5.142475 | k=[1.93e-01, 1.00e-02, 5.04e-04], d=[1.06e-02, 1.74e-03, 7.95e-05]
  Step   5 | loss=5.008548 | k=[1.94e-01, 1.00e-02, 5.04e-04], d=[1.06e-02, 1.73e-03, 7.84e-05]
  Step   6 | loss=4.906158 | k=[1.94e-01, 1.00e-02, 5.04e-04], d=[1.06e-02, 1.72e-03, 7.64e-05]
  Step   7 | loss=4.713591 | k=[1.94e-01, 1.00e-02, 5.04e-04], d=[1.07e-02, 1.72e-03, 7.55e-05]
  Step   8 | loss=4.638790 | k=[1.94e-01, 1.00e-02, 5.04e-04], d=[1.07e-02, 1.72e-03, 7.39e-05]
  Step   9 | loss=4.491016 | k=[1.94e-01, 1.00e-02, 5.04e-04], d=[1.06e-02, 1.71e-03, 7.28e-05]
  Step  10 | loss=4.396514 | k=[1.93e-01, 1.00e-02, 5.04e-04], d=[1.06e-02, 1.70e-03, 7.18e-05]
Generator Loss: 4.3965 | Updated Params -> K: [1.93e-01, 1.00e-02, 5.04e-04], D: [1.06e-02, 1.70e-03, 7.18e-05]

=== GAN Iteration 4/20 ===
Collecting Generated (ComFree_Warp) trajectories...
Training Discriminator for 10 epochs...
Discriminator Loss: 0.6736
Optimizing ComFree parameters to fool the Discriminator...
  Step   1 | loss=4.597212 | k=[1.93e-01, 1.00e-02, 5.04e-04], d=[1.06e-02, 1.69e-03, 7.05e-05]
  Step   2 | loss=4.470617 | k=[1.92e-01, 1.00e-02, 5.04e-04], d=[1.05e-02, 1.68e-03, 6.93e-05]
  Step   3 | loss=4.354792 | k=[1.92e-01, 9.98e-03, 5.04e-04], d=[1.06e-02, 1.67e-03, 6.82e-05]
  Step   4 | loss=4.251486 | k=[1.92e-01, 9.99e-03, 5.05e-04], d=[1.06e-02, 1.67e-03, 6.72e-05]
  Step   5 | loss=4.164655 | k=[1.92e-01, 9.97e-03, 5.05e-04], d=[1.06e-02, 1.66e-03, 6.62e-05]
  Step   6 | loss=4.074527 | k=[1.93e-01, 9.98e-03, 5.05e-04], d=[1.06e-02, 1.66e-03, 6.53e-05]
  Step   7 | loss=3.997175 | k=[1.93e-01, 9.98e-03, 5.04e-04], d=[1.06e-02, 1.65e-03, 6.46e-05]
  Step   8 | loss=3.931770 | k=[1.94e-01, 9.97e-03, 5.04e-04], d=[1.06e-02, 1.65e-03, 6.37e-05]
  Step   9 | loss=3.855487 | k=[1.93e-01, 9.96e-03, 5.04e-04], d=[1.05e-02, 1.63e-03, 6.27e-05]
  Step  10 | loss=3.761479 | k=[1.93e-01, 9.95e-03, 5.04e-04], d=[1.05e-02, 1.63e-03, 6.18e-05]
Generator Loss: 3.7615 | Updated Params -> K: [1.93e-01, 9.95e-03, 5.04e-04], D: [1.05e-02, 1.63e-03, 6.18e-05]

=== GAN Iteration 5/20 ===
Collecting Generated (ComFree_Warp) trajectories...
Training Discriminator for 10 epochs...
Discriminator Loss: 0.6706
Optimizing ComFree parameters to fool the Discriminator...
  Step   1 | loss=4.075709 | k=[1.92e-01, 9.96e-03, 5.04e-04], d=[1.05e-02, 1.62e-03, 6.08e-05]
  Step   2 | loss=3.975957 | k=[1.92e-01, 9.96e-03, 5.04e-04], d=[1.05e-02, 1.61e-03, 6.00e-05]
  Step   3 | loss=3.899876 | k=[1.91e-01, 9.95e-03, 5.04e-04], d=[1.04e-02, 1.61e-03, 5.90e-05]
  Step   4 | loss=3.808131 | k=[1.90e-01, 9.94e-03, 5.04e-04], d=[1.04e-02, 1.61e-03, 5.82e-05]
  Step   5 | loss=3.742466 | k=[1.91e-01, 9.94e-03, 5.04e-04], d=[1.04e-02, 1.60e-03, 5.75e-05]
  Step   6 | loss=3.674304 | k=[1.91e-01, 9.94e-03, 5.04e-04], d=[1.05e-02, 1.60e-03, 5.70e-05]
  Step   7 | loss=3.628419 | k=[1.91e-01, 9.94e-03, 5.04e-04], d=[1.05e-02, 1.59e-03, 5.62e-05]
  Step   8 | loss=3.555706 | k=[1.91e-01, 9.97e-03, 5.04e-04], d=[1.05e-02, 1.58e-03, 5.55e-05]
  Step   9 | loss=3.497618 | k=[1.91e-01, 9.95e-03, 5.04e-04], d=[1.05e-02, 1.58e-03, 5.48e-05]
  Step  10 | loss=3.431435 | k=[1.90e-01, 9.94e-03, 5.04e-04], d=[1.04e-02, 1.56e-03, 5.40e-05]
Generator Loss: 3.4314 | Updated Params -> K: [1.90e-01, 9.94e-03, 5.04e-04], D: [1.04e-02, 1.56e-03, 5.40e-05]

=== GAN Iteration 6/20 ===
Collecting Generated (ComFree_Warp) trajectories...
Training Discriminator for 10 epochs...
Discriminator Loss: 0.6611
Optimizing ComFree parameters to fool the Discriminator...
  Step   1 | loss=2.983224 | k=[1.90e-01, 9.94e-03, 5.04e-04], d=[1.04e-02, 1.56e-03, 5.35e-05]
  Step   2 | loss=2.943501 | k=[1.90e-01, 9.94e-03, 5.04e-04], d=[1.04e-02, 1.55e-03, 5.30e-05]
  Step   3 | loss=2.907410 | k=[1.90e-01, 9.94e-03, 5.04e-04], d=[1.04e-02, 1.55e-03, 5.25e-05]
  Step   4 | loss=2.871918 | k=[1.91e-01, 9.94e-03, 5.04e-04], d=[1.04e-02, 1.55e-03, 5.22e-05]
  Step   5 | loss=2.847854 | k=[1.91e-01, 9.93e-03, 5.04e-04], d=[1.04e-02, 1.55e-03, 5.16e-05]
  Step   6 | loss=2.810924 | k=[1.91e-01, 9.93e-03, 5.04e-04], d=[1.04e-02, 1.55e-03, 5.13e-05]
  Step   7 | loss=2.785013 | k=[1.91e-01, 9.93e-03, 5.04e-04], d=[1.04e-02, 1.54e-03, 5.09e-05]
  Step   8 | loss=2.753087 | k=[1.90e-01, 9.93e-03, 5.04e-04], d=[1.04e-02, 1.54e-03, 5.04e-05]
  Step   9 | loss=2.724005 | k=[1.91e-01, 9.93e-03, 5.04e-04], d=[1.04e-02, 1.53e-03, 5.00e-05]
  Step  10 | loss=2.697611 | k=[1.90e-01, 9.93e-03, 5.04e-04], d=[1.03e-02, 1.53e-03, 4.96e-05]
Generator Loss: 2.6976 | Updated Params -> K: [1.90e-01, 9.93e-03, 5.04e-04], D: [1.03e-02, 1.53e-03, 4.96e-05]

=== GAN Iteration 7/20 ===
Collecting Generated (ComFree_Warp) trajectories...
Training Discriminator for 10 epochs...
Discriminator Loss: 0.6476
Optimizing ComFree parameters to fool the Discriminator...
  Step   1 | loss=2.635369 | k=[1.90e-01, 9.93e-03, 5.04e-04], d=[1.04e-02, 1.52e-03, 4.92e-05]
  Step   2 | loss=2.608626 | k=[1.90e-01, 9.93e-03, 5.04e-04], d=[1.04e-02, 1.52e-03, 4.89e-05]
  Step   3 | loss=2.584558 | k=[1.90e-01, 9.93e-03, 5.04e-04], d=[1.04e-02, 1.52e-03, 4.85e-05]
  Step   4 | loss=2.560344 | k=[1.90e-01, 9.94e-03, 5.04e-04], d=[1.04e-02, 1.52e-03, 4.82e-05]
  Step   5 | loss=2.539617 | k=[1.90e-01, 9.94e-03, 5.04e-04], d=[1.04e-02, 1.51e-03, 4.79e-05]
  Step   6 | loss=2.517632 | k=[1.90e-01, 9.94e-03, 5.04e-04], d=[1.04e-02, 1.51e-03, 4.75e-05]
  Step   7 | loss=2.496093 | k=[1.90e-01, 9.94e-03, 5.04e-04], d=[1.04e-02, 1.51e-03, 4.72e-05]
  Step   8 | loss=2.476756 | k=[1.90e-01, 9.94e-03, 5.04e-04], d=[1.04e-02, 1.50e-03, 4.69e-05]
  Step   9 | loss=2.456969 | k=[1.90e-01, 9.94e-03, 5.04e-04], d=[1.04e-02, 1.50e-03, 4.66e-05]
  Step  10 | loss=2.437507 | k=[1.90e-01, 9.93e-03, 5.04e-04], d=[1.04e-02, 1.50e-03, 4.63e-05]
Generator Loss: 2.4375 | Updated Params -> K: [1.90e-01, 9.93e-03, 5.04e-04], D: [1.04e-02, 1.50e-03, 4.63e-05]

=== GAN Iteration 8/20 ===
Collecting Generated (ComFree_Warp) trajectories...
Training Discriminator for 10 epochs...
Discriminator Loss: 0.6310
Optimizing ComFree parameters to fool the Discriminator...
  Step   1 | loss=2.791885 | k=[1.91e-01, 9.95e-03, 5.04e-04], d=[1.04e-02, 1.49e-03, 4.60e-05]
  Step   2 | loss=2.767840 | k=[1.91e-01, 9.94e-03, 5.04e-04], d=[1.04e-02, 1.49e-03, 4.56e-05]
  Step   3 | loss=2.739979 | k=[1.91e-01, 9.94e-03, 5.04e-04], d=[1.04e-02, 1.48e-03, 4.52e-05]
  Step   4 | loss=2.709542 | k=[1.91e-01, 9.93e-03, 5.04e-04], d=[1.04e-02, 1.48e-03, 4.48e-05]
  Step   5 | loss=2.674656 | k=[1.90e-01, 9.93e-03, 5.04e-04], d=[1.04e-02, 1.47e-03, 4.44e-05]
  Step   6 | loss=2.645313 | k=[1.90e-01, 9.94e-03, 5.04e-04], d=[1.04e-02, 1.47e-03, 4.40e-05]
  Step   7 | loss=2.612485 | k=[1.90e-01, 9.94e-03, 5.04e-04], d=[1.03e-02, 1.46e-03, 4.36e-05]
  Step   8 | loss=2.583295 | k=[1.90e-01, 9.95e-03, 5.04e-04], d=[1.03e-02, 1.46e-03, 4.33e-05]
  Step   9 | loss=2.556334 | k=[1.90e-01, 9.94e-03, 5.04e-04], d=[1.03e-02, 1.46e-03, 4.30e-05]
  Step  10 | loss=2.534058 | k=[1.90e-01, 9.94e-03, 5.04e-04], d=[1.03e-02, 1.45e-03, 4.27e-05]
Generator Loss: 2.5341 | Updated Params -> K: [1.90e-01, 9.94e-03, 5.04e-04], D: [1.03e-02, 1.45e-03, 4.27e-05]

=== GAN Iteration 9/20 ===
Collecting Generated (ComFree_Warp) trajectories...
Training Discriminator for 10 epochs...
Discriminator Loss: 0.6081
Optimizing ComFree parameters to fool the Discriminator...
  Step   1 | loss=2.210947 | k=[1.88e-01, 9.97e-03, 5.04e-04], d=[1.02e-02, 1.44e-03, 4.25e-05]
  Step   2 | loss=2.171978 | k=[1.87e-01, 9.98e-03, 5.04e-04], d=[1.02e-02, 1.43e-03, 4.22e-05]
  Step   3 | loss=2.150112 | k=[1.87e-01, 9.98e-03, 5.04e-04], d=[1.02e-02, 1.43e-03, 4.20e-05]
  Step   4 | loss=2.132591 | k=[1.87e-01, 9.98e-03, 5.04e-04], d=[1.02e-02, 1.43e-03, 4.17e-05]
  Step   5 | loss=2.118774 | k=[1.86e-01, 9.98e-03, 5.04e-04], d=[1.02e-02, 1.42e-03, 4.15e-05]
  Step   6 | loss=2.105372 | k=[1.86e-01, 9.99e-03, 5.04e-04], d=[1.02e-02, 1.42e-03, 4.14e-05]
  Step   7 | loss=2.094339 | k=[1.86e-01, 9.99e-03, 5.04e-04], d=[1.02e-02, 1.42e-03, 4.12e-05]
  Step   8 | loss=2.081862 | k=[1.86e-01, 9.98e-03, 5.04e-04], d=[1.02e-02, 1.41e-03, 4.10e-05]
  Step   9 | loss=2.067076 | k=[1.86e-01, 9.99e-03, 5.04e-04], d=[1.02e-02, 1.41e-03, 4.08e-05]
  Step  10 | loss=2.056107 | k=[1.86e-01, 9.99e-03, 5.04e-04], d=[1.02e-02, 1.41e-03, 4.05e-05]
Generator Loss: 2.0561 | Updated Params -> K: [1.86e-01, 9.99e-03, 5.04e-04], D: [1.02e-02, 1.41e-03, 4.05e-05]

=== GAN Iteration 10/20 ===
Collecting Generated (ComFree_Warp) trajectories...
Training Discriminator for 10 epochs...
Discriminator Loss: 0.5803
Optimizing ComFree parameters to fool the Discriminator...
  Step   1 | loss=2.257857 | k=[1.86e-01, 9.98e-03, 5.04e-04], d=[1.02e-02, 1.40e-03, 4.03e-05]
  Step   2 | loss=2.238640 | k=[1.86e-01, 9.98e-03, 5.04e-04], d=[1.02e-02, 1.40e-03, 4.01e-05]
  Step   3 | loss=2.225014 | k=[1.86e-01, 9.98e-03, 5.04e-04], d=[1.02e-02, 1.39e-03, 3.98e-05]
  Step   4 | loss=2.209573 | k=[1.86e-01, 9.98e-03, 5.04e-04], d=[1.01e-02, 1.39e-03, 3.96e-05]
  Step   5 | loss=2.193282 | k=[1.86e-01, 9.99e-03, 5.04e-04], d=[1.01e-02, 1.39e-03, 3.94e-05]
  Step   6 | loss=2.179407 | k=[1.86e-01, 9.99e-03, 5.04e-04], d=[1.01e-02, 1.39e-03, 3.92e-05]
  Step   7 | loss=2.166175 | k=[1.86e-01, 9.99e-03, 5.04e-04], d=[1.01e-02, 1.38e-03, 3.90e-05]
  Step   8 | loss=2.152944 | k=[1.86e-01, 9.99e-03, 5.04e-04], d=[1.01e-02, 1.38e-03, 3.87e-05]
  Step   9 | loss=2.137109 | k=[1.86e-01, 9.99e-03, 5.04e-04], d=[1.01e-02, 1.38e-03, 3.85e-05]
  Step  10 | loss=2.121795 | k=[1.86e-01, 9.99e-03, 5.04e-04], d=[1.01e-02, 1.37e-03, 3.83e-05]
Generator Loss: 2.1218 | Updated Params -> K: [1.86e-01, 9.99e-03, 5.04e-04], D: [1.01e-02, 1.37e-03, 3.83e-05]

=== GAN Iteration 11/20 ===
Collecting Generated (ComFree_Warp) trajectories...
Training Discriminator for 10 epochs...
Discriminator Loss: 0.5468
Optimizing ComFree parameters to fool the Discriminator...
  Step   1 | loss=2.169243 | k=[1.86e-01, 9.99e-03, 5.04e-04], d=[1.01e-02, 1.37e-03, 3.80e-05]
  Step   2 | loss=2.155077 | k=[1.86e-01, 9.99e-03, 5.04e-04], d=[1.01e-02, 1.37e-03, 3.79e-05]
  Step   3 | loss=2.143860 | k=[1.86e-01, 9.99e-03, 5.04e-04], d=[1.01e-02, 1.37e-03, 3.77e-05]
  Step   4 | loss=2.130623 | k=[1.86e-01, 1.00e-02, 5.04e-04], d=[1.01e-02, 1.37e-03, 3.75e-05]
  Step   5 | loss=2.120581 | k=[1.86e-01, 9.99e-03, 5.04e-04], d=[1.01e-02, 1.36e-03, 3.73e-05]
  Step   6 | loss=2.107824 | k=[1.86e-01, 1.00e-02, 5.04e-04], d=[1.01e-02, 1.36e-03, 3.71e-05]
  Step   7 | loss=2.095669 | k=[1.87e-01, 1.00e-02, 5.04e-04], d=[1.01e-02, 1.36e-03, 3.69e-05]
  Step   8 | loss=2.080830 | k=[1.87e-01, 1.00e-02, 5.04e-04], d=[1.01e-02, 1.36e-03, 3.67e-05]
  Step   9 | loss=2.069682 | k=[1.87e-01, 1.00e-02, 5.04e-04], d=[1.01e-02, 1.35e-03, 3.65e-05]
  Step  10 | loss=2.058611 | k=[1.86e-01, 1.00e-02, 5.04e-04], d=[1.01e-02, 1.35e-03, 3.63e-05]
Generator Loss: 2.0586 | Updated Params -> K: [1.86e-01, 1.00e-02, 5.04e-04], D: [1.01e-02, 1.35e-03, 3.63e-05]

=== GAN Iteration 12/20 ===
Collecting Generated (ComFree_Warp) trajectories...
Training Discriminator for 10 epochs...
Discriminator Loss: 0.5008
Optimizing ComFree parameters to fool the Discriminator...
  Step   1 | loss=2.072297 | k=[1.86e-01, 1.00e-02, 5.04e-04], d=[1.01e-02, 1.35e-03, 3.61e-05]
  Step   2 | loss=2.060415 | k=[1.86e-01, 1.00e-02, 5.04e-04], d=[1.01e-02, 1.34e-03, 3.60e-05]
  Step   3 | loss=2.050500 | k=[1.86e-01, 1.00e-02, 5.04e-04], d=[1.01e-02, 1.34e-03, 3.58e-05]
  Step   4 | loss=2.040090 | k=[1.86e-01, 1.00e-02, 5.04e-04], d=[1.01e-02, 1.34e-03, 3.56e-05]
  Step   5 | loss=2.028828 | k=[1.86e-01, 1.00e-02, 5.04e-04], d=[1.01e-02, 1.34e-03, 3.55e-05]
  Step   6 | loss=2.019050 | k=[1.86e-01, 1.00e-02, 5.04e-04], d=[1.01e-02, 1.33e-03, 3.53e-05]
  Step   7 | loss=2.010085 | k=[1.86e-01, 1.00e-02, 5.04e-04], d=[1.01e-02, 1.33e-03, 3.51e-05]
  Step   8 | loss=1.999916 | k=[1.86e-01, 1.00e-02, 5.04e-04], d=[1.01e-02, 1.33e-03, 3.50e-05]
  Step   9 | loss=1.989585 | k=[1.86e-01, 1.00e-02, 5.04e-04], d=[1.01e-02, 1.33e-03, 3.48e-05]
  Step  10 | loss=1.981114 | k=[1.86e-01, 1.00e-02, 5.04e-04], d=[1.01e-02, 1.32e-03, 3.47e-05]
Generator Loss: 1.9811 | Updated Params -> K: [1.86e-01, 1.00e-02, 5.04e-04], D: [1.01e-02, 1.32e-03, 3.47e-05]

=== GAN Iteration 13/20 ===
Collecting Generated (ComFree_Warp) trajectories...
Training Discriminator for 10 epochs...
Discriminator Loss: 0.4352
Optimizing ComFree parameters to fool the Discriminator...
  Step   1 | loss=2.090636 | k=[1.86e-01, 1.00e-02, 5.04e-04], d=[1.01e-02, 1.32e-03, 3.45e-05]
  Step   2 | loss=2.078312 | k=[1.86e-01, 1.00e-02, 5.04e-04], d=[1.01e-02, 1.32e-03, 3.43e-05]
  Step   3 | loss=2.069287 | k=[1.86e-01, 1.00e-02, 5.04e-04], d=[1.01e-02, 1.32e-03, 3.42e-05]
  Step   4 | loss=2.059675 | k=[1.86e-01, 1.00e-02, 5.04e-04], d=[1.01e-02, 1.31e-03, 3.40e-05]
  Step   5 | loss=2.048738 | k=[1.86e-01, 1.00e-02, 5.04e-04], d=[1.01e-02, 1.31e-03, 3.39e-05]
  Step   6 | loss=2.037476 | k=[1.86e-01, 1.00e-02, 5.04e-04], d=[1.01e-02, 1.31e-03, 3.37e-05]
  Step   7 | loss=2.028220 | k=[1.86e-01, 1.00e-02, 5.04e-04], d=[1.01e-02, 1.30e-03, 3.36e-05]
  Step   8 | loss=2.017520 | k=[1.86e-01, 1.00e-02, 5.04e-04], d=[1.01e-02, 1.30e-03, 3.34e-05]
  Step   9 | loss=2.008868 | k=[1.86e-01, 1.00e-02, 5.04e-04], d=[1.01e-02, 1.30e-03, 3.33e-05]
  Step  10 | loss=1.998222 | k=[1.86e-01, 1.00e-02, 5.04e-04], d=[1.01e-02, 1.30e-03, 3.31e-05]
Generator Loss: 1.9982 | Updated Params -> K: [1.86e-01, 1.00e-02, 5.04e-04], D: [1.01e-02, 1.30e-03, 3.31e-05]

=== GAN Iteration 14/20 ===
Collecting Generated (ComFree_Warp) trajectories...
Training Discriminator for 10 epochs...
Discriminator Loss: 0.3719
Optimizing ComFree parameters to fool the Discriminator...
  Step   1 | loss=1.415166 | k=[1.85e-01, 1.00e-02, 5.04e-04], d=[1.01e-02, 1.29e-03, 3.30e-05]
  Step   2 | loss=1.400737 | k=[1.85e-01, 1.00e-02, 5.04e-04], d=[1.00e-02, 1.29e-03, 3.29e-05]
  Step   3 | loss=1.388561 | k=[1.84e-01, 1.00e-02, 5.04e-04], d=[1.00e-02, 1.29e-03, 3.28e-05]
  Step   4 | loss=1.377932 | k=[1.83e-01, 1.00e-02, 5.04e-04], d=[1.00e-02, 1.29e-03, 3.28e-05]
  Step   5 | loss=1.369012 | k=[1.83e-01, 1.00e-02, 5.04e-04], d=[9.98e-03, 1.28e-03, 3.27e-05]
  Step   6 | loss=1.359983 | k=[1.82e-01, 1.00e-02, 5.04e-04], d=[9.96e-03, 1.28e-03, 3.26e-05]
  Step   7 | loss=1.353205 | k=[1.82e-01, 1.00e-02, 5.04e-04], d=[9.95e-03, 1.28e-03, 3.25e-05]
  Step   8 | loss=1.346244 | k=[1.81e-01, 1.00e-02, 5.04e-04], d=[9.93e-03, 1.28e-03, 3.25e-05]
  Step   9 | loss=1.340352 | k=[1.81e-01, 1.00e-02, 5.04e-04], d=[9.92e-03, 1.28e-03, 3.24e-05]
  Step  10 | loss=1.549957 | k=[1.80e-01, 1.00e-02, 5.04e-04], d=[9.91e-03, 1.27e-03, 3.23e-05]
Generator Loss: 1.3404 | Updated Params -> K: [1.81e-01, 1.00e-02, 5.04e-04], D: [9.92e-03, 1.28e-03, 3.24e-05]

=== GAN Iteration 15/20 ===
Collecting Generated (ComFree_Warp) trajectories...
Training Discriminator for 10 epochs...
Discriminator Loss: 0.3119
Optimizing ComFree parameters to fool the Discriminator...
  Step   1 | loss=1.819866 | k=[1.81e-01, 1.00e-02, 5.04e-04], d=[9.92e-03, 1.28e-03, 3.23e-05]
  Step   2 | loss=1.815174 | k=[1.81e-01, 1.00e-02, 5.04e-04], d=[9.93e-03, 1.27e-03, 3.22e-05]
  Step   3 | loss=1.809559 | k=[1.81e-01, 1.00e-02, 5.04e-04], d=[9.93e-03, 1.27e-03, 3.21e-05]
  Step   4 | loss=1.803864 | k=[1.81e-01, 1.00e-02, 5.04e-04], d=[9.93e-03, 1.27e-03, 3.20e-05]
  Step   5 | loss=1.797637 | k=[1.81e-01, 1.00e-02, 5.04e-04], d=[9.93e-03, 1.27e-03, 3.19e-05]
  Step   6 | loss=1.792073 | k=[1.81e-01, 1.00e-02, 5.04e-04], d=[9.93e-03, 1.27e-03, 3.18e-05]
  Step   7 | loss=1.786309 | k=[1.81e-01, 1.00e-02, 5.04e-04], d=[9.93e-03, 1.26e-03, 3.17e-05]
  Step   8 | loss=1.780756 | k=[1.81e-01, 1.00e-02, 5.04e-04], d=[9.93e-03, 1.26e-03, 3.15e-05]
  Step   9 | loss=1.774860 | k=[1.81e-01, 1.00e-02, 5.04e-04], d=[9.92e-03, 1.26e-03, 3.14e-05]
  Step  10 | loss=1.769286 | k=[1.81e-01, 1.00e-02, 5.04e-04], d=[9.93e-03, 1.26e-03, 3.14e-05]
Generator Loss: 1.7693 | Updated Params -> K: [1.81e-01, 1.00e-02, 5.04e-04], D: [9.93e-03, 1.26e-03, 3.14e-05]

=== GAN Iteration 16/20 ===
Collecting Generated (ComFree_Warp) trajectories...
Training Discriminator for 10 epochs...
Discriminator Loss: 0.2627
Optimizing ComFree parameters to fool the Discriminator...
  Step   1 | loss=1.848121 | k=[1.81e-01, 1.00e-02, 5.04e-04], d=[9.92e-03, 1.26e-03, 3.12e-05]
  Step   2 | loss=1.840787 | k=[1.81e-01, 1.00e-02, 5.04e-04], d=[9.91e-03, 1.25e-03, 3.11e-05]
  Step   3 | loss=1.834415 | k=[1.81e-01, 1.00e-02, 5.04e-04], d=[9.91e-03, 1.25e-03, 3.10e-05]
  Step   4 | loss=1.828076 | k=[1.81e-01, 1.00e-02, 5.04e-04], d=[9.91e-03, 1.25e-03, 3.09e-05]
  Step   5 | loss=1.822836 | k=[1.81e-01, 1.00e-02, 5.04e-04], d=[9.91e-03, 1.25e-03, 3.08e-05]
  Step   6 | loss=1.816326 | k=[1.81e-01, 1.00e-02, 5.04e-04], d=[9.91e-03, 1.25e-03, 3.07e-05]
  Step   7 | loss=1.810339 | k=[1.81e-01, 1.00e-02, 5.04e-04], d=[9.90e-03, 1.24e-03, 3.06e-05]
  Step   8 | loss=1.804728 | k=[1.81e-01, 1.00e-02, 5.04e-04], d=[9.90e-03, 1.24e-03, 3.04e-05]
  Step   9 | loss=1.798932 | k=[1.81e-01, 1.00e-02, 5.04e-04], d=[9.89e-03, 1.24e-03, 3.03e-05]
  Step  10 | loss=1.792216 | k=[1.81e-01, 1.00e-02, 5.04e-04], d=[9.89e-03, 1.24e-03, 3.02e-05]
Generator Loss: 1.7922 | Updated Params -> K: [1.81e-01, 1.00e-02, 5.04e-04], D: [9.89e-03, 1.24e-03, 3.02e-05]

=== GAN Iteration 17/20 ===
Collecting Generated (ComFree_Warp) trajectories...
Training Discriminator for 10 epochs...
Discriminator Loss: 0.2224
Optimizing ComFree parameters to fool the Discriminator...
  Step   1 | loss=1.791197 | k=[1.81e-01, 1.00e-02, 5.04e-04], d=[9.89e-03, 1.24e-03, 3.01e-05]
  Step   2 | loss=1.785520 | k=[1.81e-01, 1.00e-02, 5.04e-04], d=[9.88e-03, 1.23e-03, 3.00e-05]
  Step   3 | loss=1.780535 | k=[1.81e-01, 1.00e-02, 5.04e-04], d=[9.88e-03, 1.23e-03, 2.99e-05]
  Step   4 | loss=1.775471 | k=[1.81e-01, 1.00e-02, 5.04e-04], d=[9.88e-03, 1.23e-03, 2.98e-05]
  Step   5 | loss=1.769940 | k=[1.81e-01, 1.00e-02, 5.04e-04], d=[9.88e-03, 1.23e-03, 2.97e-05]
  Step   6 | loss=1.765720 | k=[1.81e-01, 1.00e-02, 5.04e-04], d=[9.88e-03, 1.23e-03, 2.96e-05]
  Step   7 | loss=1.760596 | k=[1.81e-01, 1.00e-02, 5.04e-04], d=[9.87e-03, 1.23e-03, 2.95e-05]
  Step   8 | loss=1.755519 | k=[1.80e-01, 1.00e-02, 5.04e-04], d=[9.87e-03, 1.22e-03, 2.94e-05]
  Step   9 | loss=1.750116 | k=[1.80e-01, 1.00e-02, 5.04e-04], d=[9.87e-03, 1.22e-03, 2.93e-05]
  Step  10 | loss=1.744873 | k=[1.80e-01, 1.00e-02, 5.04e-04], d=[9.86e-03, 1.22e-03, 2.92e-05]
Generator Loss: 1.7449 | Updated Params -> K: [1.80e-01, 1.00e-02, 5.04e-04], D: [9.86e-03, 1.22e-03, 2.92e-05]

=== GAN Iteration 18/20 ===
Collecting Generated (ComFree_Warp) trajectories...
Training Discriminator for 10 epochs...
Discriminator Loss: 0.1932
Optimizing ComFree parameters to fool the Discriminator...
  Step   1 | loss=1.922018 | k=[1.80e-01, 1.00e-02, 5.04e-04], d=[9.86e-03, 1.22e-03, 2.91e-05]
  Step   2 | loss=1.915098 | k=[1.80e-01, 1.00e-02, 5.04e-04], d=[9.86e-03, 1.22e-03, 2.90e-05]
  Step   3 | loss=1.909193 | k=[1.80e-01, 1.00e-02, 5.04e-04], d=[9.86e-03, 1.21e-03, 2.89e-05]
  Step   4 | loss=1.901347 | k=[1.80e-01, 1.00e-02, 5.04e-04], d=[9.86e-03, 1.21e-03, 2.88e-05]
  Step   5 | loss=1.896031 | k=[1.80e-01, 1.00e-02, 5.04e-04], d=[9.86e-03, 1.21e-03, 2.87e-05]
  Step   6 | loss=1.890347 | k=[1.80e-01, 1.00e-02, 5.04e-04], d=[9.86e-03, 1.21e-03, 2.86e-05]
  Step   7 | loss=1.883876 | k=[1.80e-01, 1.00e-02, 5.04e-04], d=[9.86e-03, 1.21e-03, 2.85e-05]
  Step   8 | loss=1.878459 | k=[1.80e-01, 1.00e-02, 5.04e-04], d=[9.86e-03, 1.20e-03, 2.84e-05]
  Step   9 | loss=1.870946 | k=[1.80e-01, 1.00e-02, 5.04e-04], d=[9.85e-03, 1.20e-03, 2.83e-05]
  Step  10 | loss=1.864768 | k=[1.80e-01, 1.00e-02, 5.04e-04], d=[9.85e-03, 1.20e-03, 2.82e-05]
Generator Loss: 1.8648 | Updated Params -> K: [1.80e-01, 1.00e-02, 5.04e-04], D: [9.85e-03, 1.20e-03, 2.82e-05]

=== GAN Iteration 19/20 ===
Collecting Generated (ComFree_Warp) trajectories...
Training Discriminator for 10 epochs...
Discriminator Loss: 0.1680
Optimizing ComFree parameters to fool the Discriminator...
  Step   1 | loss=1.811192 | k=[1.80e-01, 1.00e-02, 5.04e-04], d=[9.85e-03, 1.20e-03, 2.81e-05]
  Step   2 | loss=1.806045 | k=[1.80e-01, 1.00e-02, 5.04e-04], d=[9.85e-03, 1.20e-03, 2.80e-05]
  Step   3 | loss=1.800704 | k=[1.80e-01, 1.00e-02, 5.04e-04], d=[9.85e-03, 1.19e-03, 2.79e-05]
  Step   4 | loss=1.795624 | k=[1.80e-01, 1.00e-02, 5.04e-04], d=[9.85e-03, 1.19e-03, 2.78e-05]
  Step   5 | loss=1.790697 | k=[1.80e-01, 1.00e-02, 5.04e-04], d=[9.84e-03, 1.19e-03, 2.77e-05]
  Step   6 | loss=1.786070 | k=[1.80e-01, 1.00e-02, 5.04e-04], d=[9.85e-03, 1.19e-03, 2.77e-05]
  Step   7 | loss=1.781176 | k=[1.80e-01, 1.00e-02, 5.04e-04], d=[9.84e-03, 1.19e-03, 2.76e-05]
  Step   8 | loss=1.776178 | k=[1.80e-01, 1.00e-02, 5.04e-04], d=[9.84e-03, 1.19e-03, 2.75e-05]
  Step   9 | loss=1.771004 | k=[1.80e-01, 1.00e-02, 5.04e-04], d=[9.83e-03, 1.18e-03, 2.74e-05]
  Step  10 | loss=1.766073 | k=[1.80e-01, 1.00e-02, 5.04e-04], d=[9.83e-03, 1.18e-03, 2.73e-05]
Generator Loss: 1.7661 | Updated Params -> K: [1.80e-01, 1.00e-02, 5.04e-04], D: [9.83e-03, 1.18e-03, 2.73e-05]

=== GAN Iteration 20/20 ===
Collecting Generated (ComFree_Warp) trajectories...
Training Discriminator for 10 epochs...
Discriminator Loss: 0.1470
Optimizing ComFree parameters to fool the Discriminator...
  Step   1 | loss=1.813052 | k=[1.80e-01, 1.00e-02, 5.04e-04], d=[9.83e-03, 1.18e-03, 2.72e-05]
  Step   2 | loss=1.807774 | k=[1.80e-01, 1.00e-02, 5.04e-04], d=[9.83e-03, 1.18e-03, 2.71e-05]
  Step   3 | loss=1.803662 | k=[1.80e-01, 1.00e-02, 5.04e-04], d=[9.83e-03, 1.18e-03, 2.71e-05]
  Step   4 | loss=1.799050 | k=[1.80e-01, 1.00e-02, 5.04e-04], d=[9.83e-03, 1.18e-03, 2.70e-05]
  Step   5 | loss=1.794110 | k=[1.80e-01, 1.00e-02, 5.04e-04], d=[9.83e-03, 1.17e-03, 2.69e-05]
  Step   6 | loss=1.789389 | k=[1.80e-01, 1.00e-02, 5.04e-04], d=[9.83e-03, 1.17e-03, 2.68e-05]
  Step   7 | loss=1.785260 | k=[1.80e-01, 1.00e-02, 5.04e-04], d=[9.83e-03, 1.17e-03, 2.67e-05]
  Step   8 | loss=1.780715 | k=[1.80e-01, 1.00e-02, 5.04e-04], d=[9.83e-03, 1.17e-03, 2.66e-05]
  Step   9 | loss=1.776066 | k=[1.80e-01, 1.00e-02, 5.04e-04], d=[9.83e-03, 1.17e-03, 2.66e-05]
  Step  10 | loss=1.771811 | k=[1.80e-01, 1.00e-02, 5.04e-04], d=[9.83e-03, 1.16e-03, 2.65e-05]
Generator Loss: 1.7718 | Updated Params -> K: [1.80e-01, 1.00e-02, 5.04e-04], D: [9.83e-03, 1.16e-03, 2.65e-05]

Training complete. Artifacts saved to: /home/kg878/scratch_pi_amd78/kg878/gan_training/results/run_lstm_lr_d0.00005_lr_g0.0025
