Starting Task 10: Model=cnn, LR_D=0.0002, LR_G=0.00125
Running on cuda
Sampled 10 new goals.
Collecting Ground Truth (Standard MuJoCo) trajectories...
Warp 1.12.0 initialized:
   CUDA Toolkit 12.9, Driver 12.8
   Devices:
     "cpu"      : "x86_64"
     "cuda:0"   : "NVIDIA RTX 5000 Ada Generation" (31 GiB, sm_89, mempool enabled)
   Kernel cache:
     /home/kg878/.cache/warp/1.12.0
Module mujoco_warp._src.smooth f756680 load on device 'cuda:0' took 5.98 ms  (cached)
Module mujoco_warp._src.collision_driver 4d8b905 load on device 'cuda:0' took 0.88 ms  (cached)
Module _nxn_broadphase__locals__kernel_83765485 8376548 load on device 'cuda:0' took 0.90 ms  (cached)
Module _primitive_narrowphase__locals__primitive_narrowphase_799bf360 799bf36 load on device 'cuda:0' took 0.94 ms  (cached)
Module mujoco_warp._src.constraint 63c97cb load on device 'cuda:0' took 1.28 ms  (cached)
Module mujoco_warp._src.passive 7fb8524 load on device 'cuda:0' took 0.97 ms  (cached)
Module mujoco_warp._src.forward 5a5c0b5 load on device 'cuda:0' took 1.10 ms  (cached)
Module mujoco_warp._src.support 343d1ae load on device 'cuda:0' took 0.85 ms  (cached)
Module _tile_cholesky_factorize_solve__locals__cholesky_factorize_solve_31e2b081 1603efb load on device 'cuda:0' took 24.63 ms  (cached)
Module mujoco_warp._src.solver eaac975 load on device 'cuda:0' took 1.01 ms  (cached)
Module solve_init_jaref__locals__kernel_21fae504 21fae50 load on device 'cuda:0' took 0.85 ms  (cached)
Module mul_m_dense__locals___mul_m_dense_fbd74bb9 fbd74bb load on device 'cuda:0' took 0.81 ms  (cached)
Module update_constraint_efc__locals__kernel_d4ac54f8 d4ac54f load on device 'cuda:0' took 0.87 ms  (cached)
Module update_constraint_gauss_cost__locals__kernel_73299c19 73299c1 load on device 'cuda:0' took 0.90 ms  (cached)
Module update_gradient_JTDAJ_dense_tiled__locals__kernel_92d753e0 6f5ab40 load on device 'cuda:0' took 1.16 ms  (cached)
Module update_gradient_cholesky__locals__kernel_1e67b2d5 4da60ef load on device 'cuda:0' took 25.61 ms  (cached)
Module linesearch_iterative__locals__kernel_e835d44f c716e5e load on device 'cuda:0' took 0.98 ms  (cached)
Module update_constraint_efc__locals__kernel_5c3dedb8 5c3dedb load on device 'cuda:0' took 0.92 ms  (cached)
Module _tile_euler_dense__locals__euler_dense_c71389e7 8e3457a load on device 'cuda:0' took 25.48 ms  (cached)

=== GAN Iteration 1/20 ===
Collecting Generated (ComFree_Warp) trajectories...
Module comfree_warp.mujoco_warp._src.smooth c02eb38 load on device 'cuda:0' took 1.58 ms  (cached)
Module _tile_cholesky_factorize__locals__cholesky_factorize_d03d54d2 1278567 load on device 'cuda:0' took 16.48 ms  (cached)
Module comfree_warp.mujoco_warp._src.collision_driver 4d8b905 load on device 'cuda:0' took 0.85 ms  (cached)
Module _primitive_narrowphase__locals__primitive_narrowphase_fa8f2c5f fa8f2c5 load on device 'cuda:0' took 1.17 ms  (cached)
Module comfree_warp.comfree_core._src.constraint 244f68b load on device 'cuda:0' took 1.18 ms  (cached)
Module comfree_warp.mujoco_warp._src.passive 5be88d0 load on device 'cuda:0' took 1.28 ms  (cached)
Module comfree_warp.mujoco_warp._src.forward 13e94f4 load on device 'cuda:0' took 1.58 ms  (cached)
Module comfree_warp.mujoco_warp._src.support 343d1ae load on device 'cuda:0' took 0.87 ms  (cached)
Module comfree_warp.comfree_core._src.forward 7a027f4 load on device 'cuda:0' took 0.97 ms  (cached)
Module comfree_forward_mod b48f0c7 load on device 'cuda:0' took 0.82 ms  (cached)
Module _tile_cholesky_solve__locals__cholesky_solve_612ff9f0 d6a4fa0 load on device 'cuda:0' took 16.62 ms  (cached)
Module comfree_warp.mujoco_warp._src.sensor db84035 load on device 'cuda:0' took 1.12 ms  (cached)
Training Discriminator for 10 epochs...
Discriminator Loss: 41.9856
Optimizing ComFree parameters to fool the Discriminator...
  Step   1 | loss=23.963078 | k=[2.02e-01, 9.99e-03, 5.00e-04], d=[1.03e-02, 2.03e-03, 1.87e-04]
  Step   2 | loss=21.225343 | k=[2.00e-01, 9.72e-03, 5.00e-04], d=[9.89e-03, 2.00e-03, 1.75e-04]
  Step   3 | loss=18.928990 | k=[1.98e-01, 9.68e-03, 5.00e-04], d=[9.71e-03, 1.96e-03, 1.68e-04]
  Step   4 | loss=17.395521 | k=[1.95e-01, 9.70e-03, 5.00e-04], d=[9.88e-03, 1.94e-03, 1.60e-04]
  Step   5 | loss=15.995683 | k=[1.93e-01, 9.76e-03, 5.02e-04], d=[9.86e-03, 1.92e-03, 1.53e-04]
  Step   6 | loss=14.751860 | k=[1.94e-01, 9.82e-03, 5.02e-04], d=[9.93e-03, 1.93e-03, 1.49e-04]
  Step   7 | loss=14.029089 | k=[1.95e-01, 9.91e-03, 5.02e-04], d=[9.98e-03, 1.95e-03, 1.46e-04]
  Step   8 | loss=13.535953 | k=[1.92e-01, 9.90e-03, 5.02e-04], d=[9.83e-03, 1.92e-03, 1.41e-04]
  Step   9 | loss=12.671424 | k=[1.93e-01, 9.90e-03, 5.02e-04], d=[9.66e-03, 1.89e-03, 1.36e-04]
  Step  10 | loss=11.909069 | k=[1.92e-01, 9.90e-03, 5.00e-04], d=[9.57e-03, 1.88e-03, 1.32e-04]
Generator Loss: 11.9091 | Updated Params -> K: [1.92e-01, 9.90e-03, 5.00e-04], D: [9.57e-03, 1.88e-03, 1.32e-04]

=== GAN Iteration 2/20 ===
Collecting Generated (ComFree_Warp) trajectories...
Training Discriminator for 10 epochs...
Discriminator Loss: 5.7006
Optimizing ComFree parameters to fool the Discriminator...
  Step   1 | loss=13.455616 | k=[1.91e-01, 9.87e-03, 5.00e-04], d=[9.54e-03, 1.85e-03, 1.28e-04]
  Step   2 | loss=12.670446 | k=[1.92e-01, 9.90e-03, 5.02e-04], d=[9.51e-03, 1.86e-03, 1.25e-04]
  Step   3 | loss=12.256480 | k=[1.94e-01, 9.93e-03, 5.02e-04], d=[9.55e-03, 1.86e-03, 1.22e-04]
  Step   4 | loss=11.774615 | k=[1.95e-01, 9.99e-03, 5.02e-04], d=[9.66e-03, 1.87e-03, 1.20e-04]
  Step   5 | loss=11.506677 | k=[1.95e-01, 1.00e-02, 5.02e-04], d=[9.64e-03, 1.86e-03, 1.17e-04]
  Step   6 | loss=11.031127 | k=[1.95e-01, 1.01e-02, 5.02e-04], d=[9.65e-03, 1.87e-03, 1.15e-04]
  Step   7 | loss=10.735021 | k=[1.95e-01, 1.00e-02, 5.02e-04], d=[9.57e-03, 1.86e-03, 1.12e-04]
  Step   8 | loss=10.361333 | k=[1.95e-01, 1.01e-02, 5.02e-04], d=[9.55e-03, 1.84e-03, 1.11e-04]
  Step   9 | loss=10.094131 | k=[1.95e-01, 1.01e-02, 5.02e-04], d=[9.49e-03, 1.84e-03, 1.08e-04]
  Step  10 | loss=9.792448 | k=[1.95e-01, 1.01e-02, 5.01e-04], d=[9.56e-03, 1.84e-03, 1.07e-04]
Generator Loss: 9.7924 | Updated Params -> K: [1.95e-01, 1.01e-02, 5.01e-04], D: [9.56e-03, 1.84e-03, 1.07e-04]

=== GAN Iteration 3/20 ===
Collecting Generated (ComFree_Warp) trajectories...
Training Discriminator for 10 epochs...
Discriminator Loss: 0.3593
Optimizing ComFree parameters to fool the Discriminator...
  Step   1 | loss=10.006052 | k=[1.96e-01, 1.01e-02, 5.01e-04], d=[9.63e-03, 1.84e-03, 1.05e-04]
  Step   2 | loss=9.730608 | k=[1.99e-01, 1.01e-02, 5.01e-04], d=[9.74e-03, 1.85e-03, 1.05e-04]
  Step   3 | loss=9.658682 | k=[1.99e-01, 1.02e-02, 5.01e-04], d=[9.71e-03, 1.84e-03, 1.02e-04]
  Step   4 | loss=9.295669 | k=[1.99e-01, 1.02e-02, 5.01e-04], d=[9.76e-03, 1.83e-03, 1.01e-04]
  Step   5 | loss=9.090009 | k=[1.99e-01, 1.02e-02, 5.01e-04], d=[9.85e-03, 1.84e-03, 9.92e-05]
  Step   6 | loss=8.908217 | k=[2.00e-01, 1.03e-02, 5.01e-04], d=[9.87e-03, 1.84e-03, 9.77e-05]
  Step   7 | loss=8.724291 | k=[1.99e-01, 1.02e-02, 5.01e-04], d=[9.89e-03, 1.84e-03, 9.65e-05]
  Step   8 | loss=8.558134 | k=[2.01e-01, 1.02e-02, 5.01e-04], d=[9.97e-03, 1.84e-03, 9.56e-05]
  Step   9 | loss=8.450711 | k=[2.02e-01, 1.02e-02, 5.01e-04], d=[1.00e-02, 1.85e-03, 9.43e-05]
  Step  10 | loss=8.292574 | k=[2.01e-01, 1.03e-02, 5.01e-04], d=[1.00e-02, 1.84e-03, 9.26e-05]
Generator Loss: 8.2926 | Updated Params -> K: [2.01e-01, 1.03e-02, 5.01e-04], D: [1.00e-02, 1.84e-03, 9.26e-05]

=== GAN Iteration 4/20 ===
Collecting Generated (ComFree_Warp) trajectories...
Training Discriminator for 10 epochs...
Discriminator Loss: 0.3259
Optimizing ComFree parameters to fool the Discriminator...
  Step   1 | loss=8.030686 | k=[2.01e-01, 1.03e-02, 5.01e-04], d=[1.00e-02, 1.85e-03, 9.10e-05]
  Step   2 | loss=7.848375 | k=[2.01e-01, 1.03e-02, 5.01e-04], d=[1.00e-02, 1.86e-03, 8.98e-05]
  Step   3 | loss=7.699913 | k=[2.01e-01, 1.03e-02, 5.01e-04], d=[9.99e-03, 1.84e-03, 8.82e-05]
  Step   4 | loss=7.493984 | k=[2.01e-01, 1.03e-02, 5.01e-04], d=[1.00e-02, 1.84e-03, 8.73e-05]
  Step   5 | loss=7.386566 | k=[2.01e-01, 1.03e-02, 5.01e-04], d=[1.00e-02, 1.84e-03, 8.61e-05]
  Step   6 | loss=7.243240 | k=[2.01e-01, 1.03e-02, 5.01e-04], d=[1.00e-02, 1.83e-03, 8.49e-05]
  Step   7 | loss=7.073022 | k=[2.01e-01, 1.04e-02, 5.01e-04], d=[1.00e-02, 1.82e-03, 8.37e-05]
  Step   8 | loss=6.925380 | k=[2.01e-01, 1.04e-02, 5.01e-04], d=[9.98e-03, 1.81e-03, 8.25e-05]
  Step   9 | loss=6.773458 | k=[2.01e-01, 1.04e-02, 5.01e-04], d=[9.96e-03, 1.81e-03, 8.18e-05]
  Step  10 | loss=6.693596 | k=[2.02e-01, 1.04e-02, 5.01e-04], d=[9.97e-03, 1.80e-03, 8.09e-05]
Generator Loss: 6.6936 | Updated Params -> K: [2.02e-01, 1.04e-02, 5.01e-04], D: [9.97e-03, 1.80e-03, 8.09e-05]

=== GAN Iteration 5/20 ===
Collecting Generated (ComFree_Warp) trajectories...
Training Discriminator for 10 epochs...
Discriminator Loss: 0.2679
Optimizing ComFree parameters to fool the Discriminator...
  Step   1 | loss=6.514158 | k=[2.01e-01, 1.04e-02, 5.01e-04], d=[9.91e-03, 1.79e-03, 7.96e-05]
  Step   2 | loss=6.365592 | k=[2.01e-01, 1.04e-02, 5.01e-04], d=[9.94e-03, 1.80e-03, 7.92e-05]
  Step   3 | loss=6.324201 | k=[2.00e-01, 1.04e-02, 5.01e-04], d=[9.88e-03, 1.78e-03, 7.80e-05]
  Step   4 | loss=6.174392 | k=[1.99e-01, 1.04e-02, 5.01e-04], d=[9.92e-03, 1.78e-03, 7.73e-05]
  Step   5 | loss=6.092076 | k=[1.99e-01, 1.04e-02, 5.01e-04], d=[9.93e-03, 1.79e-03, 7.67e-05]
  Step   6 | loss=6.040370 | k=[1.99e-01, 1.04e-02, 5.01e-04], d=[9.92e-03, 1.78e-03, 7.58e-05]
  Step   7 | loss=5.937832 | k=[1.99e-01, 1.04e-02, 5.01e-04], d=[9.89e-03, 1.77e-03, 7.48e-05]
  Step   8 | loss=5.833864 | k=[1.98e-01, 1.04e-02, 5.01e-04], d=[9.84e-03, 1.77e-03, 7.38e-05]
  Step   9 | loss=5.716065 | k=[1.98e-01, 1.04e-02, 5.01e-04], d=[9.84e-03, 1.76e-03, 7.29e-05]
  Step  10 | loss=5.622716 | k=[1.98e-01, 1.04e-02, 5.01e-04], d=[9.83e-03, 1.75e-03, 7.22e-05]
Generator Loss: 5.6227 | Updated Params -> K: [1.98e-01, 1.04e-02, 5.01e-04], D: [9.83e-03, 1.75e-03, 7.22e-05]

=== GAN Iteration 6/20 ===
Collecting Generated (ComFree_Warp) trajectories...
Training Discriminator for 10 epochs...
Discriminator Loss: 0.2090
Optimizing ComFree parameters to fool the Discriminator...
  Step   1 | loss=5.204257 | k=[1.97e-01, 1.04e-02, 5.01e-04], d=[9.83e-03, 1.75e-03, 7.15e-05]
  Step   2 | loss=5.137143 | k=[1.97e-01, 1.03e-02, 5.01e-04], d=[9.83e-03, 1.74e-03, 7.09e-05]
  Step   3 | loss=5.073777 | k=[1.97e-01, 1.03e-02, 5.01e-04], d=[9.82e-03, 1.74e-03, 7.02e-05]
  Step   4 | loss=5.000760 | k=[1.97e-01, 1.03e-02, 5.01e-04], d=[9.81e-03, 1.74e-03, 6.96e-05]
  Step   5 | loss=4.946991 | k=[1.97e-01, 1.03e-02, 5.01e-04], d=[9.82e-03, 1.73e-03, 6.91e-05]
  Step   6 | loss=4.898755 | k=[1.97e-01, 1.04e-02, 5.01e-04], d=[9.82e-03, 1.73e-03, 6.86e-05]
  Step   7 | loss=4.861084 | k=[1.97e-01, 1.04e-02, 5.01e-04], d=[9.82e-03, 1.73e-03, 6.80e-05]
  Step   8 | loss=4.800131 | k=[1.97e-01, 1.04e-02, 5.01e-04], d=[9.81e-03, 1.72e-03, 6.75e-05]
  Step   9 | loss=4.750216 | k=[1.97e-01, 1.04e-02, 5.01e-04], d=[9.82e-03, 1.72e-03, 6.71e-05]
  Step  10 | loss=4.710278 | k=[1.97e-01, 1.04e-02, 5.01e-04], d=[9.81e-03, 1.72e-03, 6.66e-05]
Generator Loss: 4.7103 | Updated Params -> K: [1.97e-01, 1.04e-02, 5.01e-04], D: [9.81e-03, 1.72e-03, 6.66e-05]

=== GAN Iteration 7/20 ===
Collecting Generated (ComFree_Warp) trajectories...
Training Discriminator for 10 epochs...
Discriminator Loss: 0.1454
Optimizing ComFree parameters to fool the Discriminator...
  Step   1 | loss=4.982636 | k=[1.97e-01, 1.04e-02, 5.01e-04], d=[9.81e-03, 1.71e-03, 6.61e-05]
  Step   2 | loss=4.930848 | k=[1.97e-01, 1.04e-02, 5.01e-04], d=[9.81e-03, 1.71e-03, 6.54e-05]
  Step   3 | loss=4.863070 | k=[1.98e-01, 1.04e-02, 5.01e-04], d=[9.81e-03, 1.70e-03, 6.50e-05]
  Step   4 | loss=4.820777 | k=[1.97e-01, 1.04e-02, 5.01e-04], d=[9.82e-03, 1.70e-03, 6.45e-05]
  Step   5 | loss=4.765896 | k=[1.97e-01, 1.04e-02, 5.01e-04], d=[9.82e-03, 1.69e-03, 6.40e-05]
  Step   6 | loss=4.714973 | k=[1.97e-01, 1.04e-02, 5.01e-04], d=[9.81e-03, 1.69e-03, 6.33e-05]
  Step   7 | loss=4.653317 | k=[1.97e-01, 1.04e-02, 5.01e-04], d=[9.81e-03, 1.69e-03, 6.29e-05]
  Step   8 | loss=4.606802 | k=[1.97e-01, 1.04e-02, 5.01e-04], d=[9.82e-03, 1.68e-03, 6.25e-05]
  Step   9 | loss=4.566371 | k=[1.97e-01, 1.04e-02, 5.01e-04], d=[9.81e-03, 1.68e-03, 6.20e-05]
  Step  10 | loss=4.521565 | k=[1.97e-01, 1.04e-02, 5.01e-04], d=[9.81e-03, 1.67e-03, 6.16e-05]
Generator Loss: 4.5216 | Updated Params -> K: [1.97e-01, 1.04e-02, 5.01e-04], D: [9.81e-03, 1.67e-03, 6.16e-05]

=== GAN Iteration 8/20 ===
Collecting Generated (ComFree_Warp) trajectories...
Training Discriminator for 10 epochs...
Discriminator Loss: 0.0894
Optimizing ComFree parameters to fool the Discriminator...
  Step   1 | loss=4.691737 | k=[1.97e-01, 1.04e-02, 5.01e-04], d=[9.81e-03, 1.67e-03, 6.11e-05]
  Step   2 | loss=4.648647 | k=[1.97e-01, 1.04e-02, 5.01e-04], d=[9.82e-03, 1.67e-03, 6.07e-05]
  Step   3 | loss=4.603761 | k=[1.97e-01, 1.04e-02, 5.01e-04], d=[9.81e-03, 1.66e-03, 6.02e-05]
  Step   4 | loss=4.552572 | k=[1.97e-01, 1.04e-02, 5.01e-04], d=[9.80e-03, 1.66e-03, 5.98e-05]
  Step   5 | loss=4.512686 | k=[1.97e-01, 1.04e-02, 5.01e-04], d=[9.81e-03, 1.66e-03, 5.94e-05]
  Step   6 | loss=4.468433 | k=[1.97e-01, 1.04e-02, 5.01e-04], d=[9.79e-03, 1.65e-03, 5.89e-05]
  Step   7 | loss=4.424243 | k=[1.97e-01, 1.04e-02, 5.01e-04], d=[9.79e-03, 1.65e-03, 5.86e-05]
  Step   8 | loss=4.385789 | k=[1.97e-01, 1.04e-02, 5.01e-04], d=[9.78e-03, 1.64e-03, 5.81e-05]
  Step   9 | loss=4.339993 | k=[1.96e-01, 1.03e-02, 5.01e-04], d=[9.76e-03, 1.64e-03, 5.77e-05]
  Step  10 | loss=4.298021 | k=[1.96e-01, 1.03e-02, 5.01e-04], d=[9.76e-03, 1.63e-03, 5.73e-05]
Generator Loss: 4.2980 | Updated Params -> K: [1.96e-01, 1.03e-02, 5.01e-04], D: [9.76e-03, 1.63e-03, 5.73e-05]

=== GAN Iteration 9/20 ===
Collecting Generated (ComFree_Warp) trajectories...
Training Discriminator for 10 epochs...
Discriminator Loss: 0.0540
Optimizing ComFree parameters to fool the Discriminator...
  Step   1 | loss=3.904337 | k=[1.96e-01, 1.04e-02, 5.01e-04], d=[9.72e-03, 1.63e-03, 5.71e-05]
  Step   2 | loss=3.884621 | k=[1.96e-01, 1.04e-02, 5.01e-04], d=[9.73e-03, 1.63e-03, 5.69e-05]
  Step   3 | loss=3.871053 | k=[1.96e-01, 1.04e-02, 5.01e-04], d=[9.73e-03, 1.64e-03, 5.64e-05]
  Step   4 | loss=3.832931 | k=[1.96e-01, 1.04e-02, 5.01e-04], d=[9.71e-03, 1.64e-03, 5.62e-05]
  Step   5 | loss=3.821569 | k=[1.95e-01, 1.04e-02, 5.01e-04], d=[9.65e-03, 1.64e-03, 5.55e-05]
  Step   6 | loss=3.769034 | k=[1.97e-01, 1.04e-02, 5.01e-04], d=[9.66e-03, 1.64e-03, 5.55e-05]
  Step   7 | loss=3.767118 | k=[1.95e-01, 1.04e-02, 5.01e-04], d=[9.62e-03, 1.62e-03, 5.47e-05]
  Step   8 | loss=3.687122 | k=[1.95e-01, 1.04e-02, 5.01e-04], d=[9.65e-03, 1.62e-03, 5.43e-05]
  Step   9 | loss=3.659540 | k=[1.95e-01, 1.04e-02, 5.01e-04], d=[9.65e-03, 1.62e-03, 5.39e-05]
  Step  10 | loss=3.631447 | k=[1.95e-01, 1.04e-02, 5.01e-04], d=[9.66e-03, 1.62e-03, 5.38e-05]
Generator Loss: 3.6314 | Updated Params -> K: [1.95e-01, 1.04e-02, 5.01e-04], D: [9.66e-03, 1.62e-03, 5.38e-05]

=== GAN Iteration 10/20 ===
Collecting Generated (ComFree_Warp) trajectories...
Training Discriminator for 10 epochs...
Discriminator Loss: 0.0337
Optimizing ComFree parameters to fool the Discriminator...
  Step   1 | loss=3.489956 | k=[1.95e-01, 1.04e-02, 5.01e-04], d=[9.66e-03, 1.61e-03, 5.35e-05]
  Step   2 | loss=3.469076 | k=[1.95e-01, 1.04e-02, 5.01e-04], d=[9.66e-03, 1.61e-03, 5.33e-05]
  Step   3 | loss=3.452240 | k=[1.95e-01, 1.04e-02, 5.01e-04], d=[9.65e-03, 1.61e-03, 5.31e-05]
  Step   4 | loss=3.433951 | k=[1.96e-01, 1.04e-02, 5.01e-04], d=[9.64e-03, 1.61e-03, 5.28e-05]
  Step   5 | loss=3.413705 | k=[1.96e-01, 1.04e-02, 5.01e-04], d=[9.65e-03, 1.60e-03, 5.26e-05]
  Step   6 | loss=3.394145 | k=[1.96e-01, 1.04e-02, 5.01e-04], d=[9.65e-03, 1.60e-03, 5.23e-05]
  Step   7 | loss=3.377902 | k=[1.96e-01, 1.04e-02, 5.01e-04], d=[9.65e-03, 1.60e-03, 5.21e-05]
  Step   8 | loss=3.360788 | k=[1.96e-01, 1.04e-02, 5.01e-04], d=[9.64e-03, 1.60e-03, 5.19e-05]
  Step   9 | loss=3.340645 | k=[1.95e-01, 1.04e-02, 5.01e-04], d=[9.64e-03, 1.59e-03, 5.16e-05]
  Step  10 | loss=3.322738 | k=[1.95e-01, 1.04e-02, 5.01e-04], d=[9.63e-03, 1.59e-03, 5.14e-05]
Generator Loss: 3.3227 | Updated Params -> K: [1.95e-01, 1.04e-02, 5.01e-04], D: [9.63e-03, 1.59e-03, 5.14e-05]

=== GAN Iteration 11/20 ===
Collecting Generated (ComFree_Warp) trajectories...
Training Discriminator for 10 epochs...
Discriminator Loss: 0.0241
Optimizing ComFree parameters to fool the Discriminator...
  Step   1 | loss=3.318679 | k=[1.95e-01, 1.04e-02, 5.01e-04], d=[9.63e-03, 1.59e-03, 5.12e-05]
  Step   2 | loss=3.303728 | k=[1.95e-01, 1.04e-02, 5.01e-04], d=[9.63e-03, 1.59e-03, 5.10e-05]
  Step   3 | loss=3.287938 | k=[1.95e-01, 1.04e-02, 5.01e-04], d=[9.63e-03, 1.59e-03, 5.07e-05]
  Step   4 | loss=3.271558 | k=[1.95e-01, 1.04e-02, 5.01e-04], d=[9.63e-03, 1.58e-03, 5.05e-05]
  Step   5 | loss=3.255991 | k=[1.95e-01, 1.04e-02, 5.01e-04], d=[9.62e-03, 1.58e-03, 5.03e-05]
  Step   6 | loss=3.239844 | k=[1.95e-01, 1.04e-02, 5.01e-04], d=[9.62e-03, 1.58e-03, 5.01e-05]
  Step   7 | loss=3.225526 | k=[1.95e-01, 1.04e-02, 5.01e-04], d=[9.63e-03, 1.58e-03, 4.99e-05]
  Step   8 | loss=3.210086 | k=[1.95e-01, 1.04e-02, 5.01e-04], d=[9.62e-03, 1.57e-03, 4.97e-05]
  Step   9 | loss=3.192985 | k=[1.95e-01, 1.04e-02, 5.01e-04], d=[9.62e-03, 1.57e-03, 4.95e-05]
  Step  10 | loss=3.179690 | k=[1.95e-01, 1.04e-02, 5.01e-04], d=[9.63e-03, 1.57e-03, 4.93e-05]
Generator Loss: 3.1797 | Updated Params -> K: [1.95e-01, 1.04e-02, 5.01e-04], D: [9.63e-03, 1.57e-03, 4.93e-05]

=== GAN Iteration 12/20 ===
Collecting Generated (ComFree_Warp) trajectories...
Training Discriminator for 10 epochs...
Discriminator Loss: 0.0175
Optimizing ComFree parameters to fool the Discriminator...
  Step   1 | loss=3.266010 | k=[1.96e-01, 1.04e-02, 5.01e-04], d=[9.64e-03, 1.57e-03, 4.92e-05]
  Step   2 | loss=3.251802 | k=[1.96e-01, 1.04e-02, 5.01e-04], d=[9.63e-03, 1.56e-03, 4.90e-05]
  Step   3 | loss=3.235039 | k=[1.96e-01, 1.04e-02, 5.01e-04], d=[9.63e-03, 1.56e-03, 4.87e-05]
  Step   4 | loss=3.217119 | k=[1.95e-01, 1.04e-02, 5.01e-04], d=[9.62e-03, 1.56e-03, 4.85e-05]
  Step   5 | loss=3.199835 | k=[1.96e-01, 1.04e-02, 5.01e-04], d=[9.62e-03, 1.56e-03, 4.83e-05]
  Step   6 | loss=3.187049 | k=[1.96e-01, 1.04e-02, 5.01e-04], d=[9.61e-03, 1.55e-03, 4.82e-05]
  Step   7 | loss=3.173641 | k=[1.96e-01, 1.04e-02, 5.01e-04], d=[9.61e-03, 1.55e-03, 4.80e-05]
  Step   8 | loss=3.161027 | k=[1.96e-01, 1.04e-02, 5.01e-04], d=[9.62e-03, 1.55e-03, 4.78e-05]
  Step   9 | loss=3.148165 | k=[1.96e-01, 1.04e-02, 5.01e-04], d=[9.61e-03, 1.55e-03, 4.76e-05]
  Step  10 | loss=3.132729 | k=[1.96e-01, 1.04e-02, 5.01e-04], d=[9.61e-03, 1.55e-03, 4.74e-05]
Generator Loss: 3.1327 | Updated Params -> K: [1.96e-01, 1.04e-02, 5.01e-04], D: [9.61e-03, 1.55e-03, 4.74e-05]

=== GAN Iteration 13/20 ===
Collecting Generated (ComFree_Warp) trajectories...
Training Discriminator for 10 epochs...
Discriminator Loss: 0.0098
Optimizing ComFree parameters to fool the Discriminator...
  Step   1 | loss=3.182903 | k=[1.96e-01, 1.04e-02, 5.01e-04], d=[9.61e-03, 1.54e-03, 4.72e-05]
  Step   2 | loss=3.166541 | k=[1.96e-01, 1.04e-02, 5.01e-04], d=[9.60e-03, 1.54e-03, 4.70e-05]
  Step   3 | loss=3.148691 | k=[1.95e-01, 1.04e-02, 5.01e-04], d=[9.60e-03, 1.54e-03, 4.68e-05]
  Step   4 | loss=3.130798 | k=[1.96e-01, 1.04e-02, 5.01e-04], d=[9.60e-03, 1.54e-03, 4.66e-05]
  Step   5 | loss=3.120514 | k=[1.96e-01, 1.04e-02, 5.01e-04], d=[9.60e-03, 1.54e-03, 4.65e-05]
  Step   6 | loss=3.110890 | k=[1.96e-01, 1.04e-02, 5.01e-04], d=[9.60e-03, 1.54e-03, 4.63e-05]
  Step   7 | loss=3.098116 | k=[1.96e-01, 1.04e-02, 5.01e-04], d=[9.60e-03, 1.53e-03, 4.61e-05]
  Step   8 | loss=3.082871 | k=[1.96e-01, 1.04e-02, 5.01e-04], d=[9.60e-03, 1.53e-03, 4.60e-05]
  Step   9 | loss=3.069662 | k=[1.96e-01, 1.04e-02, 5.01e-04], d=[9.60e-03, 1.53e-03, 4.58e-05]
  Step  10 | loss=3.055262 | k=[1.96e-01, 1.04e-02, 5.01e-04], d=[9.60e-03, 1.53e-03, 4.56e-05]
Generator Loss: 3.0553 | Updated Params -> K: [1.96e-01, 1.04e-02, 5.01e-04], D: [9.60e-03, 1.53e-03, 4.56e-05]

=== GAN Iteration 14/20 ===
Collecting Generated (ComFree_Warp) trajectories...
Training Discriminator for 10 epochs...
Discriminator Loss: 0.0067
Optimizing ComFree parameters to fool the Discriminator...
  Step   1 | loss=3.074317 | k=[1.96e-01, 1.04e-02, 5.01e-04], d=[9.59e-03, 1.52e-03, 4.54e-05]
  Step   2 | loss=3.059913 | k=[1.95e-01, 1.04e-02, 5.01e-04], d=[9.58e-03, 1.52e-03, 4.52e-05]
  Step   3 | loss=3.040186 | k=[1.95e-01, 1.04e-02, 5.01e-04], d=[9.58e-03, 1.52e-03, 4.51e-05]
  Step   4 | loss=3.027882 | k=[1.95e-01, 1.04e-02, 5.01e-04], d=[9.56e-03, 1.51e-03, 4.49e-05]
  Step   5 | loss=3.008044 | k=[1.94e-01, 1.04e-02, 5.01e-04], d=[9.56e-03, 1.51e-03, 4.47e-05]
  Step   6 | loss=2.995655 | k=[1.94e-01, 1.04e-02, 5.01e-04], d=[9.55e-03, 1.51e-03, 4.46e-05]
  Step   7 | loss=2.980973 | k=[1.94e-01, 1.04e-02, 5.01e-04], d=[9.54e-03, 1.51e-03, 4.44e-05]
  Step   8 | loss=2.959856 | k=[1.93e-01, 1.04e-02, 5.01e-04], d=[9.53e-03, 1.51e-03, 4.43e-05]
  Step   9 | loss=2.945490 | k=[1.93e-01, 1.04e-02, 5.01e-04], d=[9.51e-03, 1.50e-03, 4.41e-05]
  Step  10 | loss=2.924852 | k=[1.93e-01, 1.04e-02, 5.01e-04], d=[9.51e-03, 1.50e-03, 4.39e-05]
Generator Loss: 2.9249 | Updated Params -> K: [1.93e-01, 1.04e-02, 5.01e-04], D: [9.51e-03, 1.50e-03, 4.39e-05]

=== GAN Iteration 15/20 ===
Collecting Generated (ComFree_Warp) trajectories...
Training Discriminator for 10 epochs...
Discriminator Loss: 0.0049
Optimizing ComFree parameters to fool the Discriminator...
  Step   1 | loss=2.592316 | k=[1.93e-01, 1.04e-02, 5.01e-04], d=[9.51e-03, 1.50e-03, 4.38e-05]
  Step   2 | loss=2.585483 | k=[1.93e-01, 1.04e-02, 5.01e-04], d=[9.51e-03, 1.50e-03, 4.37e-05]
  Step   3 | loss=2.579119 | k=[1.93e-01, 1.04e-02, 5.01e-04], d=[9.51e-03, 1.50e-03, 4.36e-05]
  Step   4 | loss=2.570789 | k=[1.93e-01, 1.04e-02, 5.01e-04], d=[9.51e-03, 1.49e-03, 4.35e-05]
  Step   5 | loss=2.565465 | k=[1.93e-01, 1.04e-02, 5.01e-04], d=[9.51e-03, 1.49e-03, 4.34e-05]
  Step   6 | loss=2.557279 | k=[1.93e-01, 1.04e-02, 5.01e-04], d=[9.50e-03, 1.49e-03, 4.32e-05]
  Step   7 | loss=2.548197 | k=[1.93e-01, 1.04e-02, 5.01e-04], d=[9.51e-03, 1.49e-03, 4.31e-05]
  Step   8 | loss=2.541884 | k=[1.93e-01, 1.04e-02, 5.01e-04], d=[9.51e-03, 1.49e-03, 4.30e-05]
  Step   9 | loss=2.534714 | k=[1.93e-01, 1.04e-02, 5.01e-04], d=[9.50e-03, 1.49e-03, 4.29e-05]
  Step  10 | loss=2.527635 | k=[1.93e-01, 1.04e-02, 5.01e-04], d=[9.51e-03, 1.49e-03, 4.28e-05]
Generator Loss: 2.5276 | Updated Params -> K: [1.93e-01, 1.04e-02, 5.01e-04], D: [9.51e-03, 1.49e-03, 4.28e-05]

=== GAN Iteration 16/20 ===
Collecting Generated (ComFree_Warp) trajectories...
Training Discriminator for 10 epochs...
Discriminator Loss: 0.0037
Optimizing ComFree parameters to fool the Discriminator...
  Step   1 | loss=2.524231 | k=[1.93e-01, 1.04e-02, 5.01e-04], d=[9.51e-03, 1.49e-03, 4.27e-05]
  Step   2 | loss=2.519011 | k=[1.93e-01, 1.04e-02, 5.01e-04], d=[9.51e-03, 1.48e-03, 4.25e-05]
  Step   3 | loss=2.510980 | k=[1.93e-01, 1.04e-02, 5.01e-04], d=[9.51e-03, 1.48e-03, 4.24e-05]
  Step   4 | loss=2.502500 | k=[1.93e-01, 1.04e-02, 5.01e-04], d=[9.51e-03, 1.48e-03, 4.23e-05]
  Step   5 | loss=2.495617 | k=[1.93e-01, 1.04e-02, 5.01e-04], d=[9.51e-03, 1.48e-03, 4.22e-05]
  Step   6 | loss=2.490569 | k=[1.93e-01, 1.04e-02, 5.01e-04], d=[9.51e-03, 1.48e-03, 4.21e-05]
  Step   7 | loss=2.483237 | k=[1.93e-01, 1.04e-02, 5.01e-04], d=[9.51e-03, 1.48e-03, 4.20e-05]
  Step   8 | loss=2.476937 | k=[1.93e-01, 1.04e-02, 5.01e-04], d=[9.50e-03, 1.47e-03, 4.19e-05]
  Step   9 | loss=2.470663 | k=[1.93e-01, 1.04e-02, 5.01e-04], d=[9.50e-03, 1.47e-03, 4.18e-05]
  Step  10 | loss=2.463847 | k=[1.93e-01, 1.04e-02, 5.01e-04], d=[9.50e-03, 1.47e-03, 4.16e-05]
Generator Loss: 2.4638 | Updated Params -> K: [1.93e-01, 1.04e-02, 5.01e-04], D: [9.50e-03, 1.47e-03, 4.16e-05]

=== GAN Iteration 17/20 ===
Collecting Generated (ComFree_Warp) trajectories...
Training Discriminator for 10 epochs...
Discriminator Loss: 0.0027
Optimizing ComFree parameters to fool the Discriminator...
  Step   1 | loss=2.733057 | k=[1.93e-01, 1.04e-02, 5.01e-04], d=[9.50e-03, 1.47e-03, 4.15e-05]
  Step   2 | loss=2.723174 | k=[1.93e-01, 1.04e-02, 5.01e-04], d=[9.50e-03, 1.47e-03, 4.13e-05]
  Step   3 | loss=2.712192 | k=[1.93e-01, 1.04e-02, 5.01e-04], d=[9.50e-03, 1.47e-03, 4.12e-05]
  Step   4 | loss=2.703837 | k=[1.93e-01, 1.04e-02, 5.01e-04], d=[9.50e-03, 1.46e-03, 4.11e-05]
  Step   5 | loss=2.695248 | k=[1.93e-01, 1.04e-02, 5.01e-04], d=[9.50e-03, 1.46e-03, 4.10e-05]
  Step   6 | loss=2.686822 | k=[1.93e-01, 1.04e-02, 5.01e-04], d=[9.49e-03, 1.46e-03, 4.09e-05]
  Step   7 | loss=2.679035 | k=[1.93e-01, 1.04e-02, 5.01e-04], d=[9.49e-03, 1.46e-03, 4.07e-05]
  Step   8 | loss=2.670654 | k=[1.93e-01, 1.04e-02, 5.01e-04], d=[9.49e-03, 1.46e-03, 4.06e-05]
  Step   9 | loss=2.662673 | k=[1.93e-01, 1.04e-02, 5.01e-04], d=[9.49e-03, 1.46e-03, 4.05e-05]
  Step  10 | loss=2.653542 | k=[1.93e-01, 1.04e-02, 5.01e-04], d=[9.49e-03, 1.45e-03, 4.04e-05]
Generator Loss: 2.6535 | Updated Params -> K: [1.93e-01, 1.04e-02, 5.01e-04], D: [9.49e-03, 1.45e-03, 4.04e-05]

=== GAN Iteration 18/20 ===
Collecting Generated (ComFree_Warp) trajectories...
Training Discriminator for 10 epochs...
Discriminator Loss: 0.0021
Optimizing ComFree parameters to fool the Discriminator...
  Step   1 | loss=2.628625 | k=[1.93e-01, 1.04e-02, 5.01e-04], d=[9.48e-03, 1.45e-03, 4.03e-05]
  Step   2 | loss=2.621403 | k=[1.93e-01, 1.04e-02, 5.01e-04], d=[9.48e-03, 1.45e-03, 4.01e-05]
  Step   3 | loss=2.612706 | k=[1.93e-01, 1.04e-02, 5.01e-04], d=[9.48e-03, 1.45e-03, 4.00e-05]
  Step   4 | loss=2.604834 | k=[1.93e-01, 1.04e-02, 5.01e-04], d=[9.48e-03, 1.45e-03, 3.99e-05]
  Step   5 | loss=2.596905 | k=[1.93e-01, 1.04e-02, 5.01e-04], d=[9.48e-03, 1.45e-03, 3.98e-05]
  Step   6 | loss=2.589414 | k=[1.93e-01, 1.04e-02, 5.01e-04], d=[9.47e-03, 1.44e-03, 3.96e-05]
  Step   7 | loss=2.579296 | k=[1.93e-01, 1.04e-02, 5.01e-04], d=[9.46e-03, 1.44e-03, 3.95e-05]
  Step   8 | loss=2.572002 | k=[1.93e-01, 1.04e-02, 5.01e-04], d=[9.46e-03, 1.44e-03, 3.94e-05]
  Step   9 | loss=2.565230 | k=[1.93e-01, 1.04e-02, 5.01e-04], d=[9.46e-03, 1.44e-03, 3.93e-05]
  Step  10 | loss=2.556695 | k=[1.93e-01, 1.04e-02, 5.01e-04], d=[9.46e-03, 1.44e-03, 3.92e-05]
Generator Loss: 2.5567 | Updated Params -> K: [1.93e-01, 1.04e-02, 5.01e-04], D: [9.46e-03, 1.44e-03, 3.92e-05]

=== GAN Iteration 19/20 ===
Collecting Generated (ComFree_Warp) trajectories...
Training Discriminator for 10 epochs...
Discriminator Loss: 0.0016
Optimizing ComFree parameters to fool the Discriminator...
  Step   1 | loss=2.644108 | k=[1.93e-01, 1.04e-02, 5.01e-04], d=[9.46e-03, 1.44e-03, 3.91e-05]
  Step   2 | loss=2.634363 | k=[1.93e-01, 1.04e-02, 5.01e-04], d=[9.46e-03, 1.43e-03, 3.90e-05]
  Step   3 | loss=2.626444 | k=[1.93e-01, 1.04e-02, 5.01e-04], d=[9.46e-03, 1.43e-03, 3.89e-05]
  Step   4 | loss=2.620118 | k=[1.93e-01, 1.04e-02, 5.01e-04], d=[9.46e-03, 1.43e-03, 3.88e-05]
  Step   5 | loss=2.612439 | k=[1.93e-01, 1.04e-02, 5.01e-04], d=[9.46e-03, 1.43e-03, 3.86e-05]
  Step   6 | loss=2.605169 | k=[1.93e-01, 1.04e-02, 5.01e-04], d=[9.46e-03, 1.43e-03, 3.85e-05]
  Step   7 | loss=2.596266 | k=[1.93e-01, 1.04e-02, 5.01e-04], d=[9.47e-03, 1.43e-03, 3.84e-05]
  Step   8 | loss=2.588871 | k=[1.93e-01, 1.04e-02, 5.01e-04], d=[9.46e-03, 1.43e-03, 3.83e-05]
  Step   9 | loss=2.582357 | k=[1.93e-01, 1.04e-02, 5.01e-04], d=[9.46e-03, 1.42e-03, 3.82e-05]
  Step  10 | loss=2.574362 | k=[1.93e-01, 1.04e-02, 5.01e-04], d=[9.47e-03, 1.42e-03, 3.81e-05]
Generator Loss: 2.5744 | Updated Params -> K: [1.93e-01, 1.04e-02, 5.01e-04], D: [9.47e-03, 1.42e-03, 3.81e-05]

=== GAN Iteration 20/20 ===
Collecting Generated (ComFree_Warp) trajectories...
Training Discriminator for 10 epochs...
Discriminator Loss: 0.0013
Optimizing ComFree parameters to fool the Discriminator...
  Step   1 | loss=2.465622 | k=[1.93e-01, 1.04e-02, 5.01e-04], d=[9.47e-03, 1.42e-03, 3.80e-05]
  Step   2 | loss=2.458538 | k=[1.93e-01, 1.04e-02, 5.01e-04], d=[9.46e-03, 1.42e-03, 3.79e-05]
  Step   3 | loss=2.451084 | k=[1.93e-01, 1.04e-02, 5.01e-04], d=[9.46e-03, 1.42e-03, 3.78e-05]
  Step   4 | loss=2.445945 | k=[1.93e-01, 1.04e-02, 5.01e-04], d=[9.46e-03, 1.42e-03, 3.77e-05]
  Step   5 | loss=2.439135 | k=[1.93e-01, 1.04e-02, 5.01e-04], d=[9.46e-03, 1.41e-03, 3.76e-05]
  Step   6 | loss=2.433745 | k=[1.93e-01, 1.04e-02, 5.01e-04], d=[9.46e-03, 1.41e-03, 3.75e-05]
  Step   7 | loss=2.427191 | k=[1.93e-01, 1.04e-02, 5.01e-04], d=[9.46e-03, 1.41e-03, 3.74e-05]
  Step   8 | loss=2.420599 | k=[1.93e-01, 1.04e-02, 5.01e-04], d=[9.46e-03, 1.41e-03, 3.74e-05]
  Step   9 | loss=2.415735 | k=[1.93e-01, 1.04e-02, 5.01e-04], d=[9.45e-03, 1.41e-03, 3.72e-05]
  Step  10 | loss=2.407940 | k=[1.93e-01, 1.04e-02, 5.01e-04], d=[9.45e-03, 1.41e-03, 3.72e-05]
Generator Loss: 2.4079 | Updated Params -> K: [1.93e-01, 1.04e-02, 5.01e-04], D: [9.45e-03, 1.41e-03, 3.72e-05]

Training complete. Artifacts saved to: /home/kg878/scratch_pi_amd78/kg878/gan_training/results/run_cnn_lr_d0.0002_lr_g0.00125
