Starting Task 5: Model=mlp, LR_D=0.0001, LR_G=0.0025
Warp 1.12.0 initialized:
   CUDA Toolkit 12.9, Driver 12.8
   Devices:
     "cpu"      : "x86_64"
     "cuda:0"   : "NVIDIA RTX 5000 Ada Generation" (31 GiB, sm_89, mempool enabled)
   Kernel cache:
     /home/kg878/.cache/warp/1.12.0
Module mujoco_warp._src.smooth f756680 load on device 'cuda:0' took 5.97 ms  (cached)
Module mujoco_warp._src.collision_driver 4d8b905 load on device 'cuda:0' took 1.13 ms  (cached)
Module _nxn_broadphase__locals__kernel_83765485 8376548 load on device 'cuda:0' took 1.18 ms  (cached)
Module _primitive_narrowphase__locals__primitive_narrowphase_799bf360 799bf36 load on device 'cuda:0' took 1.45 ms  (cached)
Module mujoco_warp._src.constraint 63c97cb load on device 'cuda:0' took 1.31 ms  (cached)
Module mujoco_warp._src.passive 7fb8524 load on device 'cuda:0' took 1.41 ms  (cached)
Module mujoco_warp._src.forward 5a5c0b5 load on device 'cuda:0' took 1.53 ms  (cached)
Module mujoco_warp._src.support 343d1ae load on device 'cuda:0' took 1.09 ms  (cached)
Module _tile_cholesky_factorize_solve__locals__cholesky_factorize_solve_31e2b081 1603efb load on device 'cuda:0' took 24.28 ms  (cached)
Module mujoco_warp._src.solver eaac975 load on device 'cuda:0' took 1.28 ms  (cached)
Module solve_init_jaref__locals__kernel_21fae504 21fae50 load on device 'cuda:0' took 1.16 ms  (cached)
Module mul_m_dense__locals___mul_m_dense_fbd74bb9 fbd74bb load on device 'cuda:0' took 1.04 ms  (cached)
Module update_constraint_efc__locals__kernel_d4ac54f8 d4ac54f load on device 'cuda:0' took 1.23 ms  (cached)
Module update_constraint_gauss_cost__locals__kernel_73299c19 73299c1 load on device 'cuda:0' took 1.04 ms  (cached)
Module update_gradient_JTDAJ_dense_tiled__locals__kernel_92d753e0 6f5ab40 load on device 'cuda:0' took 1.33 ms  (cached)
Module update_gradient_cholesky__locals__kernel_1e67b2d5 4da60ef load on device 'cuda:0' took 25.45 ms  (cached)
Module linesearch_iterative__locals__kernel_e835d44f c716e5e load on device 'cuda:0' took 1.40 ms  (cached)
Module update_constraint_efc__locals__kernel_5c3dedb8 5c3dedb load on device 'cuda:0' took 1.19 ms  (cached)
Module _tile_euler_dense__locals__euler_dense_c71389e7 8e3457a load on device 'cuda:0' took 25.65 ms  (cached)
Module comfree_warp.mujoco_warp._src.smooth c02eb38 load on device 'cuda:0' took 1.80 ms  (cached)
Module _tile_cholesky_factorize__locals__cholesky_factorize_d03d54d2 1278567 load on device 'cuda:0' took 16.12 ms  (cached)
Module comfree_warp.mujoco_warp._src.collision_driver 4d8b905 load on device 'cuda:0' took 1.50 ms  (cached)
Module _primitive_narrowphase__locals__primitive_narrowphase_fa8f2c5f fa8f2c5 load on device 'cuda:0' took 1.51 ms  (cached)
Module comfree_warp.comfree_core._src.constraint 244f68b load on device 'cuda:0' took 1.45 ms  (cached)
Module comfree_warp.mujoco_warp._src.passive 5be88d0 load on device 'cuda:0' took 1.40 ms  (cached)
Module comfree_warp.mujoco_warp._src.forward 13e94f4 load on device 'cuda:0' took 1.45 ms  (cached)
Module comfree_warp.mujoco_warp._src.support 343d1ae load on device 'cuda:0' took 1.46 ms  (cached)
Module comfree_warp.comfree_core._src.forward 7a027f4 load on device 'cuda:0' took 1.27 ms  (cached)
Module comfree_forward_mod b48f0c7 load on device 'cuda:0' took 5.65 ms  (cached)
Module _tile_cholesky_solve__locals__cholesky_solve_612ff9f0 d6a4fa0 load on device 'cuda:0' took 18.84 ms  (cached)
Module comfree_warp.mujoco_warp._src.sensor db84035 load on device 'cuda:0' took 1.62 ms  (cached)
Running on cuda
Sampled 10 new goals.
Collecting Ground Truth (Standard MuJoCo) trajectories...

=== GAN Iteration 1/20 ===
Collecting Generated (ComFree_Warp) trajectories...
Training Discriminator for 10 epochs...
Discriminator Loss: 1.9660
Optimizing ComFree parameters to fool the Discriminator...
  Step   1 | loss=22.414008 | k=[2.00e-01, 1.01e-02, 5.00e-04], d=[1.02e-02, 1.91e-03, 1.79e-04]
  Step   2 | loss=18.318373 | k=[2.00e-01, 9.95e-03, 5.00e-04], d=[1.00e-02, 1.87e-03, 1.67e-04]
  Step   3 | loss=16.176816 | k=[1.95e-01, 9.72e-03, 5.00e-04], d=[1.00e-02, 1.83e-03, 1.53e-04]
  Step   4 | loss=13.952998 | k=[1.92e-01, 9.72e-03, 5.00e-04], d=[1.02e-02, 1.81e-03, 1.44e-04]
  Step   5 | loss=12.591936 | k=[1.95e-01, 9.76e-03, 5.00e-04], d=[1.03e-02, 1.83e-03, 1.39e-04]
  Step   6 | loss=11.955376 | k=[1.95e-01, 9.78e-03, 5.00e-04], d=[1.02e-02, 1.77e-03, 1.32e-04]
  Step   7 | loss=10.900566 | k=[1.96e-01, 9.84e-03, 5.00e-04], d=[1.04e-02, 1.79e-03, 1.27e-04]
  Step   8 | loss=10.339429 | k=[2.01e-01, 9.86e-03, 5.00e-04], d=[1.04e-02, 1.78e-03, 1.23e-04]
  Step   9 | loss=9.782969 | k=[2.01e-01, 9.90e-03, 5.00e-04], d=[1.02e-02, 1.77e-03, 1.18e-04]
  Step  10 | loss=9.176119 | k=[2.00e-01, 9.85e-03, 5.00e-04], d=[1.01e-02, 1.77e-03, 1.13e-04]
Generator Loss: 9.1761 | Updated Params -> K: [2.00e-01, 9.85e-03, 5.00e-04], D: [1.01e-02, 1.77e-03, 1.13e-04]

=== GAN Iteration 2/20 ===
Collecting Generated (ComFree_Warp) trajectories...
Training Discriminator for 10 epochs...
Discriminator Loss: 0.0210
Optimizing ComFree parameters to fool the Discriminator...
  Step   1 | loss=8.807496 | k=[2.00e-01, 9.82e-03, 5.00e-04], d=[1.02e-02, 1.76e-03, 1.09e-04]
  Step   2 | loss=8.355346 | k=[2.02e-01, 9.82e-03, 5.00e-04], d=[1.01e-02, 1.75e-03, 1.06e-04]
  Step   3 | loss=7.955668 | k=[2.02e-01, 9.78e-03, 5.00e-04], d=[1.02e-02, 1.74e-03, 1.03e-04]
  Step   4 | loss=7.651818 | k=[2.01e-01, 9.77e-03, 5.00e-04], d=[1.01e-02, 1.72e-03, 9.95e-05]
  Step   5 | loss=7.249603 | k=[2.01e-01, 9.81e-03, 5.00e-04], d=[1.01e-02, 1.69e-03, 9.71e-05]
  Step   6 | loss=6.967136 | k=[2.00e-01, 9.81e-03, 5.00e-04], d=[1.01e-02, 1.69e-03, 9.54e-05]
  Step   7 | loss=6.793906 | k=[2.01e-01, 9.83e-03, 5.00e-04], d=[1.01e-02, 1.69e-03, 9.36e-05]
  Step   8 | loss=6.605792 | k=[2.01e-01, 9.81e-03, 5.00e-04], d=[1.01e-02, 1.67e-03, 9.13e-05]
  Step   9 | loss=6.360428 | k=[2.02e-01, 9.81e-03, 5.00e-04], d=[1.01e-02, 1.68e-03, 9.02e-05]
  Step  10 | loss=6.257312 | k=[2.03e-01, 9.83e-03, 5.00e-04], d=[1.00e-02, 1.68e-03, 8.87e-05]
Generator Loss: 6.2573 | Updated Params -> K: [2.03e-01, 9.83e-03, 5.00e-04], D: [1.00e-02, 1.68e-03, 8.87e-05]

=== GAN Iteration 3/20 ===
Collecting Generated (ComFree_Warp) trajectories...
Training Discriminator for 10 epochs...
Discriminator Loss: 0.0038
Optimizing ComFree parameters to fool the Discriminator...
  Step   1 | loss=6.765801 | k=[2.02e-01, 9.82e-03, 5.00e-04], d=[1.00e-02, 1.67e-03, 8.71e-05]
  Step   2 | loss=6.588062 | k=[2.01e-01, 9.83e-03, 5.00e-04], d=[1.00e-02, 1.67e-03, 8.50e-05]
  Step   3 | loss=6.354953 | k=[2.01e-01, 9.83e-03, 5.00e-04], d=[9.98e-03, 1.66e-03, 8.29e-05]
  Step   4 | loss=6.136243 | k=[2.01e-01, 9.81e-03, 5.00e-04], d=[9.95e-03, 1.66e-03, 8.14e-05]
  Step   5 | loss=5.983484 | k=[2.01e-01, 9.81e-03, 5.00e-04], d=[9.96e-03, 1.66e-03, 7.99e-05]
  Step   6 | loss=5.832169 | k=[2.00e-01, 9.82e-03, 5.00e-04], d=[1.00e-02, 1.64e-03, 7.85e-05]
  Step   7 | loss=5.675654 | k=[1.99e-01, 9.81e-03, 5.00e-04], d=[1.00e-02, 1.64e-03, 7.69e-05]
  Step   8 | loss=5.523475 | k=[1.97e-01, 9.81e-03, 5.00e-04], d=[9.98e-03, 1.64e-03, 7.54e-05]
  Step   9 | loss=5.370870 | k=[1.98e-01, 9.81e-03, 5.00e-04], d=[9.95e-03, 1.64e-03, 7.43e-05]
  Step  10 | loss=5.265543 | k=[1.99e-01, 9.86e-03, 5.00e-04], d=[9.97e-03, 1.63e-03, 7.33e-05]
Generator Loss: 5.2655 | Updated Params -> K: [1.99e-01, 9.86e-03, 5.00e-04], D: [9.97e-03, 1.63e-03, 7.33e-05]

=== GAN Iteration 4/20 ===
Collecting Generated (ComFree_Warp) trajectories...
Training Discriminator for 10 epochs...
Discriminator Loss: 0.0013
Optimizing ComFree parameters to fool the Discriminator...
  Step   1 | loss=5.355954 | k=[1.99e-01, 9.85e-03, 5.00e-04], d=[9.92e-03, 1.62e-03, 7.17e-05]
  Step   2 | loss=5.191951 | k=[1.99e-01, 9.85e-03, 5.00e-04], d=[9.94e-03, 1.61e-03, 7.05e-05]
  Step   3 | loss=5.075967 | k=[1.99e-01, 9.85e-03, 5.00e-04], d=[9.92e-03, 1.61e-03, 6.95e-05]
  Step   4 | loss=4.971453 | k=[2.00e-01, 9.84e-03, 5.00e-04], d=[9.93e-03, 1.60e-03, 6.86e-05]
  Step   5 | loss=4.880680 | k=[2.00e-01, 9.84e-03, 5.00e-04], d=[9.92e-03, 1.59e-03, 6.75e-05]
  Step   6 | loss=4.776682 | k=[2.00e-01, 9.85e-03, 5.00e-04], d=[9.93e-03, 1.58e-03, 6.63e-05]
  Step   7 | loss=4.663050 | k=[2.00e-01, 9.85e-03, 5.00e-04], d=[9.94e-03, 1.58e-03, 6.54e-05]
  Step   8 | loss=4.577965 | k=[2.01e-01, 9.86e-03, 5.00e-04], d=[9.96e-03, 1.57e-03, 6.45e-05]
  Step   9 | loss=4.501570 | k=[2.00e-01, 9.83e-03, 5.00e-04], d=[9.96e-03, 1.57e-03, 6.37e-05]
  Step  10 | loss=4.420619 | k=[2.00e-01, 9.84e-03, 5.00e-04], d=[9.97e-03, 1.56e-03, 6.29e-05]
Generator Loss: 4.4206 | Updated Params -> K: [2.00e-01, 9.84e-03, 5.00e-04], D: [9.97e-03, 1.56e-03, 6.29e-05]

=== GAN Iteration 5/20 ===
Collecting Generated (ComFree_Warp) trajectories...
Training Discriminator for 10 epochs...
Discriminator Loss: 0.0007
Optimizing ComFree parameters to fool the Discriminator...
  Step   1 | loss=4.392474 | k=[2.00e-01, 9.83e-03, 5.00e-04], d=[9.95e-03, 1.55e-03, 6.19e-05]
  Step   2 | loss=4.297359 | k=[2.00e-01, 9.83e-03, 5.00e-04], d=[9.94e-03, 1.55e-03, 6.10e-05]
  Step   3 | loss=4.220331 | k=[1.99e-01, 9.84e-03, 5.00e-04], d=[9.95e-03, 1.54e-03, 6.04e-05]
  Step   4 | loss=4.162500 | k=[1.99e-01, 9.82e-03, 5.00e-04], d=[9.94e-03, 1.54e-03, 5.98e-05]
  Step   5 | loss=4.109337 | k=[1.99e-01, 9.83e-03, 5.00e-04], d=[9.95e-03, 1.54e-03, 5.91e-05]
  Step   6 | loss=4.055792 | k=[1.99e-01, 9.83e-03, 5.00e-04], d=[9.96e-03, 1.53e-03, 5.84e-05]
  Step   7 | loss=3.996096 | k=[1.98e-01, 9.82e-03, 5.00e-04], d=[9.96e-03, 1.53e-03, 5.78e-05]
  Step   8 | loss=3.935908 | k=[1.98e-01, 9.82e-03, 5.00e-04], d=[9.95e-03, 1.52e-03, 5.70e-05]
  Step   9 | loss=3.867380 | k=[1.99e-01, 9.81e-03, 5.00e-04], d=[9.97e-03, 1.52e-03, 5.64e-05]
  Step  10 | loss=3.819630 | k=[1.99e-01, 9.82e-03, 5.00e-04], d=[9.99e-03, 1.52e-03, 5.58e-05]
Generator Loss: 3.8196 | Updated Params -> K: [1.99e-01, 9.82e-03, 5.00e-04], D: [9.99e-03, 1.52e-03, 5.58e-05]

=== GAN Iteration 6/20 ===
Collecting Generated (ComFree_Warp) trajectories...
Training Discriminator for 10 epochs...
Discriminator Loss: 0.0004
Optimizing ComFree parameters to fool the Discriminator...
  Step   1 | loss=3.684057 | k=[1.99e-01, 9.83e-03, 5.00e-04], d=[9.96e-03, 1.51e-03, 5.52e-05]
  Step   2 | loss=3.637037 | k=[1.98e-01, 9.84e-03, 5.00e-04], d=[9.97e-03, 1.51e-03, 5.47e-05]
  Step   3 | loss=3.596454 | k=[1.98e-01, 9.83e-03, 5.00e-04], d=[9.95e-03, 1.50e-03, 5.41e-05]
  Step   4 | loss=3.546480 | k=[1.98e-01, 9.82e-03, 5.00e-04], d=[9.94e-03, 1.49e-03, 5.36e-05]
  Step   5 | loss=3.503527 | k=[1.98e-01, 9.82e-03, 5.00e-04], d=[9.94e-03, 1.49e-03, 5.31e-05]
  Step   6 | loss=3.464407 | k=[1.98e-01, 9.81e-03, 5.00e-04], d=[9.95e-03, 1.49e-03, 5.26e-05]
  Step   7 | loss=3.425578 | k=[1.98e-01, 9.82e-03, 5.00e-04], d=[9.94e-03, 1.48e-03, 5.21e-05]
  Step   8 | loss=3.386820 | k=[1.98e-01, 9.82e-03, 5.00e-04], d=[9.93e-03, 1.48e-03, 5.15e-05]
  Step   9 | loss=3.339114 | k=[1.97e-01, 9.81e-03, 5.00e-04], d=[9.91e-03, 1.47e-03, 5.10e-05]
  Step  10 | loss=3.294677 | k=[1.97e-01, 9.82e-03, 5.00e-04], d=[9.89e-03, 1.47e-03, 5.06e-05]
Generator Loss: 3.2947 | Updated Params -> K: [1.97e-01, 9.82e-03, 5.00e-04], D: [9.89e-03, 1.47e-03, 5.06e-05]

=== GAN Iteration 7/20 ===
Collecting Generated (ComFree_Warp) trajectories...
Training Discriminator for 10 epochs...
Discriminator Loss: 0.0002
Optimizing ComFree parameters to fool the Discriminator...
  Step   1 | loss=3.119252 | k=[1.97e-01, 9.83e-03, 5.00e-04], d=[9.88e-03, 1.46e-03, 5.02e-05]
  Step   2 | loss=3.088595 | k=[1.97e-01, 9.83e-03, 5.00e-04], d=[9.88e-03, 1.46e-03, 4.98e-05]
  Step   3 | loss=3.062410 | k=[1.97e-01, 9.83e-03, 5.00e-04], d=[9.87e-03, 1.45e-03, 4.94e-05]
  Step   4 | loss=3.033898 | k=[1.97e-01, 9.83e-03, 5.00e-04], d=[9.87e-03, 1.45e-03, 4.91e-05]
  Step   5 | loss=3.011305 | k=[1.97e-01, 9.83e-03, 5.00e-04], d=[9.87e-03, 1.45e-03, 4.88e-05]
  Step   6 | loss=2.987392 | k=[1.97e-01, 9.84e-03, 5.00e-04], d=[9.88e-03, 1.45e-03, 4.84e-05]
  Step   7 | loss=2.964049 | k=[1.97e-01, 9.83e-03, 5.00e-04], d=[9.87e-03, 1.44e-03, 4.80e-05]
  Step   8 | loss=2.935083 | k=[1.97e-01, 9.83e-03, 5.00e-04], d=[9.87e-03, 1.44e-03, 4.76e-05]
  Step   9 | loss=2.910783 | k=[1.96e-01, 9.83e-03, 5.00e-04], d=[9.86e-03, 1.43e-03, 4.73e-05]
  Step  10 | loss=2.885388 | k=[1.96e-01, 9.83e-03, 5.00e-04], d=[9.85e-03, 1.43e-03, 4.70e-05]
Generator Loss: 2.8854 | Updated Params -> K: [1.96e-01, 9.83e-03, 5.00e-04], D: [9.85e-03, 1.43e-03, 4.70e-05]

=== GAN Iteration 8/20 ===
Collecting Generated (ComFree_Warp) trajectories...
Training Discriminator for 10 epochs...
Discriminator Loss: 0.0001
Optimizing ComFree parameters to fool the Discriminator...
  Step   1 | loss=3.150150 | k=[1.94e-01, 9.83e-03, 5.00e-04], d=[9.80e-03, 1.42e-03, 4.66e-05]
  Step   2 | loss=3.047980 | k=[1.92e-01, 9.83e-03, 5.00e-04], d=[9.74e-03, 1.41e-03, 4.62e-05]
  Step   3 | loss=2.941408 | k=[1.90e-01, 9.82e-03, 5.00e-04], d=[9.68e-03, 1.40e-03, 4.57e-05]
  Step   4 | loss=2.852815 | k=[1.89e-01, 9.82e-03, 5.00e-04], d=[9.64e-03, 1.40e-03, 4.55e-05]
  Step   5 | loss=2.805667 | k=[1.88e-01, 9.82e-03, 5.00e-04], d=[9.61e-03, 1.39e-03, 4.52e-05]
  Step   6 | loss=2.769915 | k=[1.87e-01, 9.81e-03, 5.00e-04], d=[9.59e-03, 1.39e-03, 4.48e-05]
  Step   7 | loss=2.737033 | k=[1.87e-01, 9.81e-03, 5.00e-04], d=[9.57e-03, 1.38e-03, 4.45e-05]
  Step   8 | loss=2.710798 | k=[1.86e-01, 9.81e-03, 5.00e-04], d=[9.55e-03, 1.38e-03, 4.42e-05]
  Step   9 | loss=2.687023 | k=[1.86e-01, 9.81e-03, 5.00e-04], d=[9.53e-03, 1.37e-03, 4.38e-05]
  Step  10 | loss=2.663149 | k=[1.86e-01, 9.81e-03, 5.00e-04], d=[9.52e-03, 1.37e-03, 4.36e-05]
Generator Loss: 2.6631 | Updated Params -> K: [1.86e-01, 9.81e-03, 5.00e-04], D: [9.52e-03, 1.37e-03, 4.36e-05]

=== GAN Iteration 9/20 ===
Collecting Generated (ComFree_Warp) trajectories...
Training Discriminator for 10 epochs...
Discriminator Loss: 0.0001
Optimizing ComFree parameters to fool the Discriminator...
  Step   1 | loss=2.693776 | k=[1.86e-01, 9.81e-03, 5.00e-04], d=[9.51e-03, 1.37e-03, 4.33e-05]
  Step   2 | loss=2.673714 | k=[1.86e-01, 9.82e-03, 5.00e-04], d=[9.52e-03, 1.36e-03, 4.31e-05]
  Step   3 | loss=2.657013 | k=[1.86e-01, 9.82e-03, 5.00e-04], d=[9.51e-03, 1.36e-03, 4.28e-05]
  Step   4 | loss=2.639118 | k=[1.86e-01, 9.82e-03, 5.00e-04], d=[9.51e-03, 1.36e-03, 4.26e-05]
  Step   5 | loss=2.624591 | k=[1.86e-01, 9.82e-03, 5.00e-04], d=[9.51e-03, 1.36e-03, 4.23e-05]
  Step   6 | loss=2.609837 | k=[1.85e-01, 9.82e-03, 5.00e-04], d=[9.52e-03, 1.35e-03, 4.22e-05]
  Step   7 | loss=2.597339 | k=[1.85e-01, 9.83e-03, 5.00e-04], d=[9.52e-03, 1.35e-03, 4.19e-05]
  Step   8 | loss=2.580158 | k=[1.85e-01, 9.83e-03, 5.00e-04], d=[9.51e-03, 1.35e-03, 4.17e-05]
  Step   9 | loss=2.564836 | k=[1.85e-01, 9.83e-03, 5.00e-04], d=[9.49e-03, 1.34e-03, 4.14e-05]
  Step  10 | loss=2.544466 | k=[1.85e-01, 9.83e-03, 5.00e-04], d=[9.50e-03, 1.34e-03, 4.11e-05]
Generator Loss: 2.5445 | Updated Params -> K: [1.85e-01, 9.83e-03, 5.00e-04], D: [9.50e-03, 1.34e-03, 4.11e-05]

=== GAN Iteration 10/20 ===
Collecting Generated (ComFree_Warp) trajectories...
Training Discriminator for 10 epochs...
Discriminator Loss: 0.0001
Optimizing ComFree parameters to fool the Discriminator...
  Step   1 | loss=2.584476 | k=[1.84e-01, 9.83e-03, 5.00e-04], d=[9.48e-03, 1.34e-03, 4.09e-05]
  Step   2 | loss=2.559950 | k=[1.84e-01, 9.83e-03, 5.00e-04], d=[9.46e-03, 1.33e-03, 4.07e-05]
  Step   3 | loss=2.537459 | k=[1.83e-01, 9.84e-03, 5.00e-04], d=[9.45e-03, 1.33e-03, 4.04e-05]
  Step   4 | loss=2.518848 | k=[1.83e-01, 9.84e-03, 5.00e-04], d=[9.44e-03, 1.33e-03, 4.03e-05]
  Step   5 | loss=2.503056 | k=[1.82e-01, 9.84e-03, 5.00e-04], d=[9.42e-03, 1.33e-03, 4.00e-05]
  Step   6 | loss=2.482300 | k=[1.82e-01, 9.84e-03, 5.00e-04], d=[9.41e-03, 1.32e-03, 3.98e-05]
  Step   7 | loss=2.465387 | k=[1.82e-01, 9.84e-03, 5.00e-04], d=[9.40e-03, 1.32e-03, 3.95e-05]
  Step   8 | loss=2.446931 | k=[1.81e-01, 9.84e-03, 5.00e-04], d=[9.39e-03, 1.32e-03, 3.93e-05]
  Step   9 | loss=2.431680 | k=[1.81e-01, 9.84e-03, 5.00e-04], d=[9.37e-03, 1.31e-03, 3.91e-05]
  Step  10 | loss=2.409896 | k=[1.81e-01, 9.84e-03, 5.00e-04], d=[9.36e-03, 1.31e-03, 3.89e-05]
Generator Loss: 2.4099 | Updated Params -> K: [1.81e-01, 9.84e-03, 5.00e-04], D: [9.36e-03, 1.31e-03, 3.89e-05]

=== GAN Iteration 11/20 ===
Collecting Generated (ComFree_Warp) trajectories...
Training Discriminator for 10 epochs...
Discriminator Loss: 0.0001
Optimizing ComFree parameters to fool the Discriminator...
  Step   1 | loss=2.310881 | k=[1.81e-01, 9.84e-03, 5.00e-04], d=[9.36e-03, 1.31e-03, 3.87e-05]
  Step   2 | loss=2.301393 | k=[1.81e-01, 9.84e-03, 5.00e-04], d=[9.36e-03, 1.31e-03, 3.85e-05]
  Step   3 | loss=2.289244 | k=[1.81e-01, 9.84e-03, 5.00e-04], d=[9.36e-03, 1.30e-03, 3.83e-05]
  Step   4 | loss=2.279700 | k=[1.81e-01, 9.84e-03, 5.00e-04], d=[9.36e-03, 1.30e-03, 3.81e-05]
  Step   5 | loss=2.268823 | k=[1.81e-01, 9.84e-03, 5.00e-04], d=[9.36e-03, 1.30e-03, 3.79e-05]
  Step   6 | loss=2.257709 | k=[1.81e-01, 9.84e-03, 5.00e-04], d=[9.36e-03, 1.30e-03, 3.78e-05]
  Step   7 | loss=2.248158 | k=[1.81e-01, 9.84e-03, 5.00e-04], d=[9.35e-03, 1.29e-03, 3.76e-05]
  Step   8 | loss=2.238270 | k=[1.81e-01, 9.84e-03, 5.00e-04], d=[9.36e-03, 1.29e-03, 3.74e-05]
  Step   9 | loss=2.228985 | k=[1.81e-01, 9.84e-03, 5.00e-04], d=[9.36e-03, 1.29e-03, 3.73e-05]
  Step  10 | loss=2.220626 | k=[1.81e-01, 9.84e-03, 5.00e-04], d=[9.36e-03, 1.29e-03, 3.71e-05]
Generator Loss: 2.2206 | Updated Params -> K: [1.81e-01, 9.84e-03, 5.00e-04], D: [9.36e-03, 1.29e-03, 3.71e-05]

=== GAN Iteration 12/20 ===
Collecting Generated (ComFree_Warp) trajectories...
Training Discriminator for 10 epochs...
Discriminator Loss: 0.0000
Optimizing ComFree parameters to fool the Discriminator...
  Step   1 | loss=2.517459 | k=[1.81e-01, 9.84e-03, 5.00e-04], d=[9.35e-03, 1.28e-03, 3.69e-05]
  Step   2 | loss=2.501045 | k=[1.81e-01, 9.85e-03, 5.00e-04], d=[9.36e-03, 1.28e-03, 3.67e-05]
  Step   3 | loss=2.490438 | k=[1.81e-01, 9.85e-03, 5.00e-04], d=[9.36e-03, 1.28e-03, 3.65e-05]
  Step   4 | loss=2.475115 | k=[1.81e-01, 9.86e-03, 5.00e-04], d=[9.36e-03, 1.28e-03, 3.63e-05]
  Step   5 | loss=2.461694 | k=[1.81e-01, 9.85e-03, 5.00e-04], d=[9.35e-03, 1.27e-03, 3.61e-05]
  Step   6 | loss=2.447418 | k=[1.81e-01, 9.86e-03, 5.00e-04], d=[9.35e-03, 1.27e-03, 3.59e-05]
  Step   7 | loss=2.435362 | k=[1.81e-01, 9.86e-03, 5.00e-04], d=[9.35e-03, 1.27e-03, 3.57e-05]
  Step   8 | loss=2.422660 | k=[1.80e-01, 9.86e-03, 5.00e-04], d=[9.34e-03, 1.27e-03, 3.55e-05]
  Step   9 | loss=2.407937 | k=[1.81e-01, 9.86e-03, 5.00e-04], d=[9.34e-03, 1.26e-03, 3.53e-05]
  Step  10 | loss=2.395650 | k=[1.81e-01, 9.86e-03, 5.00e-04], d=[9.34e-03, 1.26e-03, 3.51e-05]
Generator Loss: 2.3957 | Updated Params -> K: [1.81e-01, 9.86e-03, 5.00e-04], D: [9.34e-03, 1.26e-03, 3.51e-05]

=== GAN Iteration 13/20 ===
Collecting Generated (ComFree_Warp) trajectories...
Training Discriminator for 10 epochs...
Discriminator Loss: 0.0000
Optimizing ComFree parameters to fool the Discriminator...
  Step   1 | loss=2.185333 | k=[1.81e-01, 9.86e-03, 5.00e-04], d=[9.34e-03, 1.26e-03, 3.50e-05]
  Step   2 | loss=2.176918 | k=[1.81e-01, 9.86e-03, 5.00e-04], d=[9.34e-03, 1.25e-03, 3.48e-05]
  Step   3 | loss=2.167585 | k=[1.81e-01, 9.86e-03, 5.00e-04], d=[9.34e-03, 1.25e-03, 3.47e-05]
  Step   4 | loss=2.159166 | k=[1.80e-01, 9.86e-03, 5.00e-04], d=[9.33e-03, 1.25e-03, 3.46e-05]
  Step   5 | loss=2.150967 | k=[1.80e-01, 9.86e-03, 5.00e-04], d=[9.33e-03, 1.25e-03, 3.44e-05]
  Step   6 | loss=2.142322 | k=[1.81e-01, 9.86e-03, 5.00e-04], d=[9.33e-03, 1.25e-03, 3.43e-05]
  Step   7 | loss=2.134466 | k=[1.81e-01, 9.86e-03, 5.00e-04], d=[9.33e-03, 1.24e-03, 3.41e-05]
  Step   8 | loss=2.127944 | k=[1.81e-01, 9.86e-03, 5.00e-04], d=[9.34e-03, 1.24e-03, 3.40e-05]
  Step   9 | loss=2.120805 | k=[1.81e-01, 9.86e-03, 5.00e-04], d=[9.33e-03, 1.24e-03, 3.39e-05]
  Step  10 | loss=2.112416 | k=[1.81e-01, 9.87e-03, 5.00e-04], d=[9.33e-03, 1.24e-03, 3.37e-05]
Generator Loss: 2.1124 | Updated Params -> K: [1.81e-01, 9.87e-03, 5.00e-04], D: [9.33e-03, 1.24e-03, 3.37e-05]

=== GAN Iteration 14/20 ===
Collecting Generated (ComFree_Warp) trajectories...
Training Discriminator for 10 epochs...
Discriminator Loss: 0.0000
Optimizing ComFree parameters to fool the Discriminator...
  Step   1 | loss=2.051550 | k=[1.80e-01, 9.87e-03, 5.00e-04], d=[9.33e-03, 1.24e-03, 3.36e-05]
  Step   2 | loss=2.044035 | k=[1.80e-01, 9.87e-03, 5.00e-04], d=[9.32e-03, 1.23e-03, 3.34e-05]
  Step   3 | loss=2.035746 | k=[1.80e-01, 9.87e-03, 5.00e-04], d=[9.32e-03, 1.23e-03, 3.33e-05]
  Step   4 | loss=2.028830 | k=[1.80e-01, 9.87e-03, 5.00e-04], d=[9.32e-03, 1.23e-03, 3.32e-05]
  Step   5 | loss=2.022873 | k=[1.80e-01, 9.87e-03, 5.00e-04], d=[9.32e-03, 1.23e-03, 3.31e-05]
  Step   6 | loss=2.015525 | k=[1.80e-01, 9.88e-03, 5.00e-04], d=[9.32e-03, 1.23e-03, 3.29e-05]
  Step   7 | loss=2.009300 | k=[1.80e-01, 9.87e-03, 5.00e-04], d=[9.32e-03, 1.22e-03, 3.28e-05]
  Step   8 | loss=2.003410 | k=[1.81e-01, 9.87e-03, 5.00e-04], d=[9.32e-03, 1.22e-03, 3.27e-05]
  Step   9 | loss=1.996851 | k=[1.81e-01, 9.87e-03, 5.00e-04], d=[9.31e-03, 1.22e-03, 3.26e-05]
  Step  10 | loss=1.990371 | k=[1.80e-01, 9.87e-03, 5.00e-04], d=[9.31e-03, 1.22e-03, 3.24e-05]
Generator Loss: 1.9904 | Updated Params -> K: [1.80e-01, 9.87e-03, 5.00e-04], D: [9.31e-03, 1.22e-03, 3.24e-05]

=== GAN Iteration 15/20 ===
Collecting Generated (ComFree_Warp) trajectories...
Training Discriminator for 10 epochs...
Discriminator Loss: 0.0000
Optimizing ComFree parameters to fool the Discriminator...
  Step   1 | loss=1.987035 | k=[1.80e-01, 9.87e-03, 5.00e-04], d=[9.31e-03, 1.22e-03, 3.23e-05]
  Step   2 | loss=1.981666 | k=[1.80e-01, 9.87e-03, 5.00e-04], d=[9.31e-03, 1.21e-03, 3.22e-05]
  Step   3 | loss=1.974957 | k=[1.80e-01, 9.87e-03, 5.00e-04], d=[9.31e-03, 1.21e-03, 3.21e-05]
  Step   4 | loss=1.969259 | k=[1.80e-01, 9.87e-03, 5.00e-04], d=[9.30e-03, 1.21e-03, 3.20e-05]
  Step   5 | loss=1.962762 | k=[1.80e-01, 9.87e-03, 5.00e-04], d=[9.30e-03, 1.21e-03, 3.19e-05]
  Step   6 | loss=1.957233 | k=[1.80e-01, 9.87e-03, 5.00e-04], d=[9.30e-03, 1.21e-03, 3.18e-05]
  Step   7 | loss=1.951752 | k=[1.80e-01, 9.87e-03, 5.00e-04], d=[9.30e-03, 1.20e-03, 3.16e-05]
  Step   8 | loss=1.945753 | k=[1.80e-01, 9.87e-03, 5.00e-04], d=[9.30e-03, 1.20e-03, 3.15e-05]
  Step   9 | loss=1.940592 | k=[1.81e-01, 9.87e-03, 5.00e-04], d=[9.29e-03, 1.20e-03, 3.14e-05]
  Step  10 | loss=1.935852 | k=[1.80e-01, 9.87e-03, 5.00e-04], d=[9.29e-03, 1.20e-03, 3.13e-05]
Generator Loss: 1.9359 | Updated Params -> K: [1.80e-01, 9.87e-03, 5.00e-04], D: [9.29e-03, 1.20e-03, 3.13e-05]

=== GAN Iteration 16/20 ===
Collecting Generated (ComFree_Warp) trajectories...
Training Discriminator for 10 epochs...
Discriminator Loss: 0.0000
Optimizing ComFree parameters to fool the Discriminator...
  Step   1 | loss=1.975433 | k=[1.80e-01, 9.87e-03, 5.00e-04], d=[9.29e-03, 1.20e-03, 3.12e-05]
  Step   2 | loss=1.969590 | k=[1.80e-01, 9.87e-03, 5.00e-04], d=[9.29e-03, 1.20e-03, 3.11e-05]
  Step   3 | loss=1.964279 | k=[1.80e-01, 9.87e-03, 5.00e-04], d=[9.29e-03, 1.19e-03, 3.10e-05]
  Step   4 | loss=1.958894 | k=[1.81e-01, 9.87e-03, 5.00e-04], d=[9.28e-03, 1.19e-03, 3.09e-05]
  Step   5 | loss=1.953784 | k=[1.81e-01, 9.87e-03, 5.00e-04], d=[9.28e-03, 1.19e-03, 3.08e-05]
  Step   6 | loss=1.948475 | k=[1.81e-01, 9.87e-03, 5.00e-04], d=[9.28e-03, 1.19e-03, 3.07e-05]
  Step   7 | loss=1.943286 | k=[1.81e-01, 9.87e-03, 5.00e-04], d=[9.28e-03, 1.19e-03, 3.06e-05]
  Step   8 | loss=1.937081 | k=[1.81e-01, 9.87e-03, 5.00e-04], d=[9.27e-03, 1.19e-03, 3.05e-05]
  Step   9 | loss=1.932101 | k=[1.81e-01, 9.87e-03, 5.00e-04], d=[9.27e-03, 1.18e-03, 3.04e-05]
  Step  10 | loss=1.926654 | k=[1.81e-01, 9.87e-03, 5.00e-04], d=[9.27e-03, 1.18e-03, 3.03e-05]
Generator Loss: 1.9267 | Updated Params -> K: [1.81e-01, 9.87e-03, 5.00e-04], D: [9.27e-03, 1.18e-03, 3.03e-05]

=== GAN Iteration 17/20 ===
Collecting Generated (ComFree_Warp) trajectories...
Training Discriminator for 10 epochs...
Discriminator Loss: 0.0000
Optimizing ComFree parameters to fool the Discriminator...
  Step   1 | loss=1.838359 | k=[1.81e-01, 9.87e-03, 5.00e-04], d=[9.27e-03, 1.18e-03, 3.02e-05]
  Step   2 | loss=1.833989 | k=[1.81e-01, 9.87e-03, 5.00e-04], d=[9.27e-03, 1.18e-03, 3.01e-05]
  Step   3 | loss=1.830016 | k=[1.81e-01, 9.88e-03, 5.00e-04], d=[9.27e-03, 1.18e-03, 3.00e-05]
  Step   4 | loss=1.826265 | k=[1.81e-01, 9.88e-03, 5.00e-04], d=[9.27e-03, 1.18e-03, 3.00e-05]
  Step   5 | loss=1.822133 | k=[1.81e-01, 9.88e-03, 5.00e-04], d=[9.26e-03, 1.18e-03, 2.99e-05]
  Step   6 | loss=1.817877 | k=[1.80e-01, 9.87e-03, 5.00e-04], d=[9.26e-03, 1.17e-03, 2.98e-05]
  Step   7 | loss=1.813606 | k=[1.81e-01, 9.87e-03, 5.00e-04], d=[9.26e-03, 1.17e-03, 2.97e-05]
  Step   8 | loss=1.809821 | k=[1.81e-01, 9.87e-03, 5.00e-04], d=[9.26e-03, 1.17e-03, 2.96e-05]
  Step   9 | loss=1.805963 | k=[1.81e-01, 9.87e-03, 5.00e-04], d=[9.25e-03, 1.17e-03, 2.95e-05]
  Step  10 | loss=1.802089 | k=[1.80e-01, 9.87e-03, 5.00e-04], d=[9.26e-03, 1.17e-03, 2.94e-05]
Generator Loss: 1.8021 | Updated Params -> K: [1.80e-01, 9.87e-03, 5.00e-04], D: [9.26e-03, 1.17e-03, 2.94e-05]

=== GAN Iteration 18/20 ===
Collecting Generated (ComFree_Warp) trajectories...
Training Discriminator for 10 epochs...
Discriminator Loss: 0.0000
Optimizing ComFree parameters to fool the Discriminator...
  Step   1 | loss=2.006321 | k=[1.80e-01, 9.87e-03, 5.00e-04], d=[9.25e-03, 1.17e-03, 2.93e-05]
  Step   2 | loss=1.999875 | k=[1.81e-01, 9.87e-03, 5.00e-04], d=[9.25e-03, 1.16e-03, 2.92e-05]
  Step   3 | loss=1.994358 | k=[1.80e-01, 9.87e-03, 5.00e-04], d=[9.25e-03, 1.16e-03, 2.91e-05]
  Step   4 | loss=1.987806 | k=[1.80e-01, 9.87e-03, 5.00e-04], d=[9.25e-03, 1.16e-03, 2.90e-05]
  Step   5 | loss=1.982089 | k=[1.80e-01, 9.87e-03, 5.00e-04], d=[9.25e-03, 1.16e-03, 2.89e-05]
  Step   6 | loss=1.975695 | k=[1.80e-01, 9.87e-03, 5.00e-04], d=[9.25e-03, 1.16e-03, 2.88e-05]
  Step   7 | loss=1.970143 | k=[1.80e-01, 9.87e-03, 5.00e-04], d=[9.25e-03, 1.16e-03, 2.87e-05]
  Step   8 | loss=1.965008 | k=[1.80e-01, 9.87e-03, 5.00e-04], d=[9.25e-03, 1.15e-03, 2.86e-05]
  Step   9 | loss=1.959298 | k=[1.80e-01, 9.87e-03, 5.00e-04], d=[9.24e-03, 1.15e-03, 2.85e-05]
  Step  10 | loss=1.953437 | k=[1.80e-01, 9.87e-03, 5.00e-04], d=[9.24e-03, 1.15e-03, 2.84e-05]
Generator Loss: 1.9534 | Updated Params -> K: [1.80e-01, 9.87e-03, 5.00e-04], D: [9.24e-03, 1.15e-03, 2.84e-05]

=== GAN Iteration 19/20 ===
Collecting Generated (ComFree_Warp) trajectories...
Training Discriminator for 10 epochs...
Discriminator Loss: 0.0000
Optimizing ComFree parameters to fool the Discriminator...
  Step   1 | loss=1.853262 | k=[1.80e-01, 9.87e-03, 5.00e-04], d=[9.23e-03, 1.15e-03, 2.83e-05]
  Step   2 | loss=1.848578 | k=[1.80e-01, 9.87e-03, 5.00e-04], d=[9.23e-03, 1.15e-03, 2.82e-05]
  Step   3 | loss=1.843889 | k=[1.80e-01, 9.87e-03, 5.00e-04], d=[9.22e-03, 1.15e-03, 2.82e-05]
  Step   4 | loss=1.839260 | k=[1.80e-01, 9.87e-03, 5.00e-04], d=[9.22e-03, 1.14e-03, 2.81e-05]
  Step   5 | loss=1.835258 | k=[1.80e-01, 9.87e-03, 5.00e-04], d=[9.21e-03, 1.14e-03, 2.80e-05]
  Step   6 | loss=1.831211 | k=[1.80e-01, 9.87e-03, 5.00e-04], d=[9.21e-03, 1.14e-03, 2.79e-05]
  Step   7 | loss=1.825860 | k=[1.80e-01, 9.87e-03, 5.00e-04], d=[9.20e-03, 1.14e-03, 2.78e-05]
  Step   8 | loss=1.821670 | k=[1.80e-01, 9.87e-03, 5.00e-04], d=[9.20e-03, 1.14e-03, 2.77e-05]
  Step   9 | loss=1.817647 | k=[1.80e-01, 9.87e-03, 5.00e-04], d=[9.20e-03, 1.14e-03, 2.77e-05]
  Step  10 | loss=1.813294 | k=[1.79e-01, 9.88e-03, 5.00e-04], d=[9.20e-03, 1.14e-03, 2.76e-05]
Generator Loss: 1.8133 | Updated Params -> K: [1.79e-01, 9.88e-03, 5.00e-04], D: [9.20e-03, 1.14e-03, 2.76e-05]

=== GAN Iteration 20/20 ===
Collecting Generated (ComFree_Warp) trajectories...
Training Discriminator for 10 epochs...
Discriminator Loss: 0.0000
Optimizing ComFree parameters to fool the Discriminator...
  Step   1 | loss=1.774851 | k=[1.79e-01, 9.88e-03, 5.00e-04], d=[9.20e-03, 1.13e-03, 2.75e-05]
  Step   2 | loss=1.771100 | k=[1.79e-01, 9.88e-03, 5.00e-04], d=[9.20e-03, 1.13e-03, 2.74e-05]
  Step   3 | loss=1.767502 | k=[1.79e-01, 9.88e-03, 5.00e-04], d=[9.20e-03, 1.13e-03, 2.74e-05]
  Step   4 | loss=1.763714 | k=[1.79e-01, 9.88e-03, 5.00e-04], d=[9.20e-03, 1.13e-03, 2.73e-05]
  Step   5 | loss=1.760629 | k=[1.79e-01, 9.88e-03, 5.00e-04], d=[9.20e-03, 1.13e-03, 2.72e-05]
  Step   6 | loss=1.757267 | k=[1.79e-01, 9.88e-03, 5.00e-04], d=[9.20e-03, 1.13e-03, 2.72e-05]
  Step   7 | loss=1.753943 | k=[1.79e-01, 9.88e-03, 5.00e-04], d=[9.20e-03, 1.13e-03, 2.71e-05]
  Step   8 | loss=1.750510 | k=[1.80e-01, 9.88e-03, 5.00e-04], d=[9.19e-03, 1.13e-03, 2.70e-05]
  Step   9 | loss=1.747610 | k=[1.79e-01, 9.88e-03, 5.00e-04], d=[9.19e-03, 1.12e-03, 2.70e-05]
  Step  10 | loss=1.744220 | k=[1.79e-01, 9.88e-03, 5.00e-04], d=[9.19e-03, 1.12e-03, 2.69e-05]
Generator Loss: 1.7442 | Updated Params -> K: [1.79e-01, 9.88e-03, 5.00e-04], D: [9.19e-03, 1.12e-03, 2.69e-05]

Training complete. Artifacts saved to: /home/kg878/scratch_pi_amd78/kg878/gan_training/results/run_mlp_lr_d0.0001_lr_g0.0025
