Starting Task 6: Model=lstm, LR_D=0.0000025, LR_G=0.0025
Running on cuda
Sampled 10 new goals.
Collecting Ground Truth (Standard MuJoCo) trajectories...
Warp 1.12.0 initialized:
   CUDA Toolkit 12.9, Driver 12.8
   Devices:
     "cpu"      : "x86_64"
     "cuda:0"   : "NVIDIA RTX 5000 Ada Generation" (31 GiB, sm_89, mempool enabled)
   Kernel cache:
     /home/kg878/.cache/warp/1.12.0
Module mujoco_warp._src.smooth f756680 load on device 'cuda:0' took 1.32 ms  (cached)
Module mujoco_warp._src.collision_driver 4d8b905 load on device 'cuda:0' took 1.24 ms  (cached)
Module _nxn_broadphase__locals__kernel_83765485 8376548 load on device 'cuda:0' took 0.89 ms  (cached)
Module _primitive_narrowphase__locals__primitive_narrowphase_799bf360 799bf36 load on device 'cuda:0' took 0.98 ms  (cached)
Module mujoco_warp._src.constraint 63c97cb load on device 'cuda:0' took 1.41 ms  (cached)
Module mujoco_warp._src.passive 7fb8524 load on device 'cuda:0' took 1.04 ms  (cached)
Module mujoco_warp._src.forward 5a5c0b5 load on device 'cuda:0' took 1.13 ms  (cached)
Module mujoco_warp._src.support 343d1ae load on device 'cuda:0' took 0.82 ms  (cached)
Module _tile_cholesky_factorize_solve__locals__cholesky_factorize_solve_31e2b081 1603efb load on device 'cuda:0' took 25.98 ms  (cached)
Module mujoco_warp._src.solver eaac975 load on device 'cuda:0' took 0.62 ms  (cached)
Module solve_init_jaref__locals__kernel_21fae504 21fae50 load on device 'cuda:0' took 0.68 ms  (cached)
Module mul_m_dense__locals___mul_m_dense_fbd74bb9 fbd74bb load on device 'cuda:0' took 0.79 ms  (cached)
Module update_constraint_efc__locals__kernel_d4ac54f8 d4ac54f load on device 'cuda:0' took 0.98 ms  (cached)
Module update_constraint_gauss_cost__locals__kernel_73299c19 73299c1 load on device 'cuda:0' took 0.96 ms  (cached)
Module update_gradient_JTDAJ_dense_tiled__locals__kernel_92d753e0 6f5ab40 load on device 'cuda:0' took 1.18 ms  (cached)
Module update_gradient_cholesky__locals__kernel_1e67b2d5 4da60ef load on device 'cuda:0' took 26.79 ms  (cached)
Module linesearch_iterative__locals__kernel_e835d44f c716e5e load on device 'cuda:0' took 0.98 ms  (cached)
Module update_constraint_efc__locals__kernel_5c3dedb8 5c3dedb load on device 'cuda:0' took 0.98 ms  (cached)
Module _tile_euler_dense__locals__euler_dense_c71389e7 8e3457a load on device 'cuda:0' took 26.21 ms  (cached)
Module comfree_warp.mujoco_warp._src.smooth c02eb38 load on device 'cuda:0' took 0.85 ms  (cached)
Module _tile_cholesky_factorize__locals__cholesky_factorize_d03d54d2 1278567 load on device 'cuda:0' took 18.31 ms  (cached)
Module comfree_warp.mujoco_warp._src.collision_driver 4d8b905 load on device 'cuda:0' took 0.54 ms  (cached)
Module _primitive_narrowphase__locals__primitive_narrowphase_fa8f2c5f fa8f2c5 load on device 'cuda:0' took 0.98 ms  (cached)
Module comfree_warp.comfree_core._src.constraint 244f68b load on device 'cuda:0' took 1.17 ms  (cached)
Module comfree_warp.mujoco_warp._src.passive 5be88d0 load on device 'cuda:0' took 1.06 ms  (cached)
Module comfree_warp.mujoco_warp._src.forward 13e94f4 load on device 'cuda:0' took 1.46 ms  (cached)
Module comfree_warp.mujoco_warp._src.support 343d1ae load on device 'cuda:0' took 0.85 ms  (cached)
Module comfree_warp.comfree_core._src.forward 7a027f4 load on device 'cuda:0' took 1.02 ms  (cached)
Module _tile_cholesky_solve__locals__cholesky_solve_612ff9f0 d6a4fa0 load on device 'cuda:0' took 19.45 ms  (cached)
Module comfree_warp.mujoco_warp._src.sensor db84035 load on device 'cuda:0' took 0.98 ms  (cached)

=== GAN Iteration 1/30 ===
Collecting Generated (ComFree_Warp) trajectories...
Training Discriminator for 10 epochs...
Discriminator Loss: 0.6791
Optimizing ComFree parameters to fool the Discriminator...
  Step   1 | loss=0.559455 | k=[2.00e-01, 1.00e-02], d=[]
  Step   2 | loss=0.559455 | k=[2.00e-01, 1.00e-02], d=[]
  Step   3 | loss=0.559455 | k=[2.00e-01, 1.00e-02], d=[]
  Step   4 | loss=0.559455 | k=[2.00e-01, 1.00e-02], d=[]
  Step   5 | loss=0.559454 | k=[2.00e-01, 1.00e-02], d=[]
  Step   6 | loss=0.559454 | k=[2.00e-01, 1.00e-02], d=[]
  Step   7 | loss=0.559454 | k=[2.00e-01, 1.00e-02], d=[]
  Step   8 | loss=0.559454 | k=[2.00e-01, 1.00e-02], d=[]
  Step   9 | loss=0.559453 | k=[2.00e-01, 1.00e-02], d=[]
  Step  10 | loss=0.559453 | k=[2.00e-01, 1.00e-02], d=[]
Generator Loss: 0.5595 | Updated Params -> K: [2.00e-01, 1.00e-02], D: []
