Starting Task 5: Model=mlp, LR_D=0.000025, LR_G=0.0025
Warp 1.12.0 initialized:
   CUDA Toolkit 12.9, Driver 12.8
   Devices:
     "cpu"      : "x86_64"
     "cuda:0"   : "NVIDIA RTX 5000 Ada Generation" (31 GiB, sm_89, mempool enabled)
   Kernel cache:
     /home/kg878/.cache/warp/1.12.0
Module mujoco_warp._src.smooth f756680 load on device 'cuda:0' took 8.47 ms  (cached)
Module mujoco_warp._src.collision_driver 4d8b905 load on device 'cuda:0' took 0.87 ms  (cached)
Module _nxn_broadphase__locals__kernel_83765485 8376548 load on device 'cuda:0' took 0.94 ms  (cached)
Module _primitive_narrowphase__locals__primitive_narrowphase_799bf360 799bf36 load on device 'cuda:0' took 0.99 ms  (cached)
Module mujoco_warp._src.constraint 63c97cb load on device 'cuda:0' took 1.01 ms  (cached)
Module mujoco_warp._src.passive 7fb8524 load on device 'cuda:0' took 0.95 ms  (cached)
Module mujoco_warp._src.forward 5a5c0b5 load on device 'cuda:0' took 1.11 ms  (cached)
Module mujoco_warp._src.support 343d1ae load on device 'cuda:0' took 0.81 ms  (cached)
Module _tile_cholesky_factorize_solve__locals__cholesky_factorize_solve_31e2b081 1603efb load on device 'cuda:0' took 25.22 ms  (cached)
Module mujoco_warp._src.solver eaac975 load on device 'cuda:0' took 1.02 ms  (cached)
Module solve_init_jaref__locals__kernel_21fae504 21fae50 load on device 'cuda:0' took 0.83 ms  (cached)
Module mul_m_dense__locals___mul_m_dense_fbd74bb9 fbd74bb load on device 'cuda:0' took 1.00 ms  (cached)
Module update_constraint_efc__locals__kernel_d4ac54f8 d4ac54f load on device 'cuda:0' took 1.04 ms  (cached)
Module update_constraint_gauss_cost__locals__kernel_73299c19 73299c1 load on device 'cuda:0' took 0.83 ms  (cached)
Module update_gradient_JTDAJ_dense_tiled__locals__kernel_92d753e0 6f5ab40 load on device 'cuda:0' took 1.04 ms  (cached)
Module update_gradient_cholesky__locals__kernel_1e67b2d5 4da60ef load on device 'cuda:0' took 26.79 ms  (cached)
Module linesearch_iterative__locals__kernel_e835d44f c716e5e load on device 'cuda:0' took 0.98 ms  (cached)
Module update_constraint_efc__locals__kernel_5c3dedb8 5c3dedb load on device 'cuda:0' took 0.90 ms  (cached)
Module _tile_euler_dense__locals__euler_dense_c71389e7 8e3457a load on device 'cuda:0' took 26.21 ms  (cached)
Module comfree_warp.mujoco_warp._src.smooth c02eb38 load on device 'cuda:0' took 1.46 ms  (cached)
Module _tile_cholesky_factorize__locals__cholesky_factorize_d03d54d2 1278567 load on device 'cuda:0' took 16.08 ms  (cached)
Module comfree_warp.mujoco_warp._src.collision_driver 4d8b905 load on device 'cuda:0' took 0.88 ms  (cached)
Module _primitive_narrowphase__locals__primitive_narrowphase_fa8f2c5f fa8f2c5 load on device 'cuda:0' took 0.98 ms  (cached)
Module comfree_warp.comfree_core._src.constraint 244f68b load on device 'cuda:0' took 1.08 ms  (cached)
Module comfree_warp.mujoco_warp._src.passive 5be88d0 load on device 'cuda:0' took 0.97 ms  (cached)
Module comfree_warp.mujoco_warp._src.forward 13e94f4 load on device 'cuda:0' took 1.00 ms  (cached)
Module comfree_warp.mujoco_warp._src.support 343d1ae load on device 'cuda:0' took 0.82 ms  (cached)
Module comfree_warp.comfree_core._src.forward 7a027f4 load on device 'cuda:0' took 0.86 ms  (cached)
Module _tile_cholesky_solve__locals__cholesky_solve_612ff9f0 d6a4fa0 load on device 'cuda:0' took 19.30 ms  (cached)
Module comfree_warp.mujoco_warp._src.sensor db84035 load on device 'cuda:0' took 1.17 ms  (cached)
Running on cuda
Sampled 10 new goals.
Collecting Ground Truth (Standard MuJoCo) trajectories...

=== GAN Iteration 1/30 ===
Collecting Generated (ComFree_Warp) trajectories...
Training Discriminator for 10 epochs...
Discriminator Loss: 0.5858
Optimizing ComFree parameters...
  Step   1 | loss=0.613964 | k=[2.00e-01], d=[1.00e-02]
  Step   2 | loss=0.613943 | k=[2.00e-01], d=[1.00e-02]
Generator Loss: 0.6139 | Updated Params -> K: 2.00e-01, D: 1.00e-02

=== GAN Iteration 2/30 ===
Collecting Generated (ComFree_Warp) trajectories...
Training Discriminator for 10 epochs...
Discriminator Loss: 0.5524
Optimizing ComFree parameters...
  Step   1 | loss=0.712719 | k=[2.00e-01], d=[9.99e-03]
  Step   2 | loss=0.712611 | k=[2.00e-01], d=[9.99e-03]
Generator Loss: 0.7126 | Updated Params -> K: 2.00e-01, D: 9.99e-03

=== GAN Iteration 3/30 ===
Collecting Generated (ComFree_Warp) trajectories...
Training Discriminator for 10 epochs...
Discriminator Loss: 0.4856
Optimizing ComFree parameters...
  Step   1 | loss=0.793421 | k=[2.00e-01], d=[9.98e-03]
  Step   2 | loss=0.793146 | k=[2.00e-01], d=[9.97e-03]
Generator Loss: 0.7931 | Updated Params -> K: 2.00e-01, D: 9.97e-03

=== GAN Iteration 4/30 ===
Collecting Generated (ComFree_Warp) trajectories...
Training Discriminator for 10 epochs...
Discriminator Loss: 0.4135
Optimizing ComFree parameters...
  Step   1 | loss=0.804112 | k=[1.99e-01], d=[9.95e-03]
  Step   2 | loss=0.797103 | k=[1.99e-01], d=[9.93e-03]
Generator Loss: 0.7971 | Updated Params -> K: 1.99e-01, D: 9.93e-03

=== GAN Iteration 5/30 ===
Collecting Generated (ComFree_Warp) trajectories...
Training Discriminator for 10 epochs...
Discriminator Loss: 0.3275
Optimizing ComFree parameters...
  Step   1 | loss=0.881236 | k=[1.99e-01], d=[9.92e-03]
  Step   2 | loss=0.880989 | k=[1.99e-01], d=[9.91e-03]
Generator Loss: 0.8810 | Updated Params -> K: 1.99e-01, D: 9.91e-03

=== GAN Iteration 6/30 ===
Collecting Generated (ComFree_Warp) trajectories...
Training Discriminator for 10 epochs...
Discriminator Loss: 0.2435
Optimizing ComFree parameters...
  Step   1 | loss=0.807774 | k=[1.99e-01], d=[9.91e-03]
  Step   2 | loss=0.807495 | k=[1.99e-01], d=[9.90e-03]
Generator Loss: 0.8075 | Updated Params -> K: 1.99e-01, D: 9.90e-03

=== GAN Iteration 7/30 ===
Collecting Generated (ComFree_Warp) trajectories...
Training Discriminator for 10 epochs...
Discriminator Loss: 0.1934
Optimizing ComFree parameters...
  Step   1 | loss=0.869498 | k=[1.99e-01], d=[9.89e-03]
  Step   2 | loss=0.868836 | k=[1.99e-01], d=[9.87e-03]
Generator Loss: 0.8688 | Updated Params -> K: 1.99e-01, D: 9.87e-03

=== GAN Iteration 8/30 ===
Collecting Generated (ComFree_Warp) trajectories...
Training Discriminator for 10 epochs...
Discriminator Loss: 0.1454
Optimizing ComFree parameters...
  Step   1 | loss=0.902667 | k=[1.99e-01], d=[9.86e-03]
  Step   2 | loss=0.901990 | k=[1.99e-01], d=[9.86e-03]
Generator Loss: 0.9020 | Updated Params -> K: 1.99e-01, D: 9.86e-03

=== GAN Iteration 9/30 ===
Collecting Generated (ComFree_Warp) trajectories...
Training Discriminator for 10 epochs...
Discriminator Loss: 0.1029
Optimizing ComFree parameters...
  Step   1 | loss=0.917226 | k=[1.99e-01], d=[9.85e-03]
  Step   2 | loss=0.916614 | k=[1.99e-01], d=[9.84e-03]
Generator Loss: 0.9166 | Updated Params -> K: 1.99e-01, D: 9.84e-03

=== GAN Iteration 10/30 ===
Collecting Generated (ComFree_Warp) trajectories...
Training Discriminator for 10 epochs...
Discriminator Loss: 0.0691
Optimizing ComFree parameters...
  Step   1 | loss=0.925887 | k=[1.99e-01], d=[9.83e-03]
  Step   2 | loss=0.925412 | k=[1.99e-01], d=[9.82e-03]
Generator Loss: 0.9254 | Updated Params -> K: 1.99e-01, D: 9.82e-03

=== GAN Iteration 11/30 ===
Collecting Generated (ComFree_Warp) trajectories...
Training Discriminator for 10 epochs...
Discriminator Loss: 0.0468
Optimizing ComFree parameters...
  Step   1 | loss=0.972768 | k=[1.99e-01], d=[9.83e-03]
  Step   2 | loss=0.972679 | k=[1.99e-01], d=[9.83e-03]
Generator Loss: 0.9727 | Updated Params -> K: 1.99e-01, D: 9.83e-03

=== GAN Iteration 12/30 ===
Collecting Generated (ComFree_Warp) trajectories...
Training Discriminator for 10 epochs...
Discriminator Loss: 0.0303
Optimizing ComFree parameters...
  Step   1 | loss=0.980382 | k=[1.99e-01], d=[9.82e-03]
  Step   2 | loss=0.980299 | k=[1.99e-01], d=[9.82e-03]
Generator Loss: 0.9803 | Updated Params -> K: 1.99e-01, D: 9.82e-03

=== GAN Iteration 13/30 ===
Collecting Generated (ComFree_Warp) trajectories...
Training Discriminator for 10 epochs...
Discriminator Loss: 0.0199
Optimizing ComFree parameters...
  Step   1 | loss=0.989467 | k=[1.99e-01], d=[9.82e-03]
  Step   2 | loss=0.989437 | k=[1.99e-01], d=[9.82e-03]
Generator Loss: 0.9894 | Updated Params -> K: 1.99e-01, D: 9.82e-03

=== GAN Iteration 14/30 ===
Collecting Generated (ComFree_Warp) trajectories...
Training Discriminator for 10 epochs...
Discriminator Loss: 0.0132
Optimizing ComFree parameters...
  Step   1 | loss=0.985844 | k=[1.99e-01], d=[9.82e-03]
  Step   2 | loss=0.985832 | k=[1.99e-01], d=[9.82e-03]
Generator Loss: 0.9858 | Updated Params -> K: 1.99e-01, D: 9.82e-03

=== GAN Iteration 15/30 ===
Collecting Generated (ComFree_Warp) trajectories...
Training Discriminator for 10 epochs...
Discriminator Loss: 0.0094
Optimizing ComFree parameters...
  Step   1 | loss=0.996842 | k=[1.99e-01], d=[9.82e-03]
  Step   2 | loss=0.996832 | k=[1.99e-01], d=[9.82e-03]
Generator Loss: 0.9968 | Updated Params -> K: 1.99e-01, D: 9.82e-03

=== GAN Iteration 16/30 ===
Collecting Generated (ComFree_Warp) trajectories...
Training Discriminator for 10 epochs...
Discriminator Loss: 0.0068
Optimizing ComFree parameters...
  Step   1 | loss=0.997569 | k=[1.99e-01], d=[9.82e-03]
  Step   2 | loss=0.997566 | k=[1.99e-01], d=[9.82e-03]
Generator Loss: 0.9976 | Updated Params -> K: 1.99e-01, D: 9.82e-03

=== GAN Iteration 17/30 ===
Collecting Generated (ComFree_Warp) trajectories...
Training Discriminator for 10 epochs...
Discriminator Loss: 0.0049
Optimizing ComFree parameters...
  Step   1 | loss=0.997564 | k=[1.99e-01], d=[9.82e-03]
  Step   2 | loss=0.997557 | k=[1.99e-01], d=[9.82e-03]
Generator Loss: 0.9976 | Updated Params -> K: 1.99e-01, D: 9.82e-03

=== GAN Iteration 18/30 ===
Collecting Generated (ComFree_Warp) trajectories...
Training Discriminator for 10 epochs...
Discriminator Loss: 0.0038
Optimizing ComFree parameters...
  Step   1 | loss=0.998536 | k=[1.99e-01], d=[9.82e-03]
  Step   2 | loss=0.998536 | k=[1.99e-01], d=[9.82e-03]
Generator Loss: 0.9985 | Updated Params -> K: 1.99e-01, D: 9.82e-03

=== GAN Iteration 19/30 ===
Collecting Generated (ComFree_Warp) trajectories...
Training Discriminator for 10 epochs...
Discriminator Loss: 0.0029
Optimizing ComFree parameters...
  Step   1 | loss=0.996360 | k=[1.99e-01], d=[9.84e-03]
  Step   2 | loss=0.998261 | k=[1.99e-01], d=[9.83e-03]
Generator Loss: 0.9964 | Updated Params -> K: 1.99e-01, D: 9.84e-03

=== GAN Iteration 20/30 ===
Collecting Generated (ComFree_Warp) trajectories...
Training Discriminator for 10 epochs...
Discriminator Loss: 0.0024
Optimizing ComFree parameters...
  Step   1 | loss=0.999611 | k=[1.99e-01], d=[9.84e-03]
  Step   2 | loss=0.999610 | k=[1.99e-01], d=[9.84e-03]
Generator Loss: 0.9996 | Updated Params -> K: 1.99e-01, D: 9.84e-03

=== GAN Iteration 21/30 ===
Collecting Generated (ComFree_Warp) trajectories...
Training Discriminator for 10 epochs...
Discriminator Loss: 0.0019
Optimizing ComFree parameters...
  Step   1 | loss=0.998811 | k=[1.99e-01], d=[9.84e-03]
  Step   2 | loss=0.998811 | k=[1.99e-01], d=[9.84e-03]
Generator Loss: 0.9988 | Updated Params -> K: 1.99e-01, D: 9.84e-03

=== GAN Iteration 22/30 ===
Collecting Generated (ComFree_Warp) trajectories...
Training Discriminator for 10 epochs...
Discriminator Loss: 0.0016
Optimizing ComFree parameters...
  Step   1 | loss=0.998923 | k=[1.99e-01], d=[9.83e-03]
  Step   2 | loss=0.998920 | k=[1.99e-01], d=[9.83e-03]
Generator Loss: 0.9989 | Updated Params -> K: 1.99e-01, D: 9.83e-03

=== GAN Iteration 23/30 ===
Collecting Generated (ComFree_Warp) trajectories...
Training Discriminator for 10 epochs...
Discriminator Loss: 0.0014
Optimizing ComFree parameters...
  Step   1 | loss=1.000038 | k=[1.99e-01], d=[9.83e-03]
  Step   2 | loss=1.000038 | k=[1.99e-01], d=[9.83e-03]
Generator Loss: 1.0000 | Updated Params -> K: 1.99e-01, D: 9.83e-03

=== GAN Iteration 24/30 ===
Collecting Generated (ComFree_Warp) trajectories...
Training Discriminator for 10 epochs...
Discriminator Loss: 0.0012
Optimizing ComFree parameters...
  Step   1 | loss=0.999355 | k=[1.99e-01], d=[9.83e-03]
  Step   2 | loss=0.999354 | k=[1.99e-01], d=[9.83e-03]
Generator Loss: 0.9994 | Updated Params -> K: 1.99e-01, D: 9.83e-03

=== GAN Iteration 25/30 ===
Collecting Generated (ComFree_Warp) trajectories...
Training Discriminator for 10 epochs...
Discriminator Loss: 0.0011
Optimizing ComFree parameters...
  Step   1 | loss=0.999851 | k=[1.99e-01], d=[9.83e-03]
  Step   2 | loss=0.999851 | k=[1.99e-01], d=[9.83e-03]
Generator Loss: 0.9999 | Updated Params -> K: 1.99e-01, D: 9.83e-03

=== GAN Iteration 26/30 ===
Collecting Generated (ComFree_Warp) trajectories...
Training Discriminator for 10 epochs...
Discriminator Loss: 0.0010
Optimizing ComFree parameters...
  Step   1 | loss=0.999156 | k=[1.99e-01], d=[9.83e-03]
  Step   2 | loss=0.999155 | k=[1.99e-01], d=[9.83e-03]
Generator Loss: 0.9992 | Updated Params -> K: 1.99e-01, D: 9.83e-03

=== GAN Iteration 27/30 ===
Collecting Generated (ComFree_Warp) trajectories...
Training Discriminator for 10 epochs...
Discriminator Loss: 0.0009
Optimizing ComFree parameters...
  Step   1 | loss=0.999349 | k=[1.99e-01], d=[9.83e-03]
  Step   2 | loss=0.999349 | k=[1.99e-01], d=[9.83e-03]
Generator Loss: 0.9993 | Updated Params -> K: 1.99e-01, D: 9.83e-03

=== GAN Iteration 28/30 ===
Collecting Generated (ComFree_Warp) trajectories...
Training Discriminator for 10 epochs...
Discriminator Loss: 0.0009
Optimizing ComFree parameters...
  Step   1 | loss=0.999602 | k=[1.99e-01], d=[9.83e-03]
  Step   2 | loss=0.999600 | k=[1.99e-01], d=[9.83e-03]
Generator Loss: 0.9996 | Updated Params -> K: 1.99e-01, D: 9.83e-03

=== GAN Iteration 29/30 ===
Collecting Generated (ComFree_Warp) trajectories...
Training Discriminator for 10 epochs...
Discriminator Loss: 0.0008
Optimizing ComFree parameters...
  Step   1 | loss=0.999742 | k=[1.99e-01], d=[9.83e-03]
  Step   2 | loss=0.999742 | k=[1.99e-01], d=[9.83e-03]
Generator Loss: 0.9997 | Updated Params -> K: 1.99e-01, D: 9.83e-03

=== GAN Iteration 30/30 ===
Collecting Generated (ComFree_Warp) trajectories...
Training Discriminator for 10 epochs...
Discriminator Loss: 0.0008
Optimizing ComFree parameters...
  Step   1 | loss=1.000036 | k=[1.99e-01], d=[9.83e-03]
  Step   2 | loss=1.000036 | k=[1.99e-01], d=[9.83e-03]
Generator Loss: 1.0000 | Updated Params -> K: 1.99e-01, D: 9.83e-03

Training complete. Artifacts saved to: /home/kg878/scratch_pi_amd78/kg878/gan_training/results/run_mlp_lr_d0.000025_lr_g0.0025
