Starting Task 15: Model=lstm, LR_D=0.00005, LR_G=0.00125
Running on cuda
Sampled 10 new goals.
Collecting Ground Truth (Standard MuJoCo) trajectories...
Warp 1.12.0 initialized:
   CUDA Toolkit 12.9, Driver 12.8
   Devices:
     "cpu"      : "x86_64"
     "cuda:0"   : "NVIDIA RTX 5000 Ada Generation" (31 GiB, sm_89, mempool enabled)
   Kernel cache:
     /home/kg878/.cache/warp/1.12.0
Module mujoco_warp._src.smooth f756680 load on device 'cuda:0' took 1.60 ms  (cached)
Module mujoco_warp._src.collision_driver 4d8b905 load on device 'cuda:0' took 0.86 ms  (cached)
Module _nxn_broadphase__locals__kernel_83765485 8376548 load on device 'cuda:0' took 0.87 ms  (cached)
Module _primitive_narrowphase__locals__primitive_narrowphase_799bf360 799bf36 load on device 'cuda:0' took 0.94 ms  (cached)
Module mujoco_warp._src.constraint 63c97cb load on device 'cuda:0' took 1.34 ms  (cached)
Module mujoco_warp._src.passive 7fb8524 load on device 'cuda:0' took 1.00 ms  (cached)
Module mujoco_warp._src.forward 5a5c0b5 load on device 'cuda:0' took 1.11 ms  (cached)
Module mujoco_warp._src.support 343d1ae load on device 'cuda:0' took 0.90 ms  (cached)
Module _tile_cholesky_factorize_solve__locals__cholesky_factorize_solve_31e2b081 1603efb load on device 'cuda:0' took 25.31 ms  (cached)
Module mujoco_warp._src.solver eaac975 load on device 'cuda:0' took 1.08 ms  (cached)
Module solve_init_jaref__locals__kernel_21fae504 21fae50 load on device 'cuda:0' took 0.86 ms  (cached)
Module mul_m_dense__locals___mul_m_dense_fbd74bb9 fbd74bb load on device 'cuda:0' took 0.86 ms  (cached)
Module update_constraint_efc__locals__kernel_d4ac54f8 d4ac54f load on device 'cuda:0' took 1.08 ms  (cached)
Module update_constraint_gauss_cost__locals__kernel_73299c19 73299c1 load on device 'cuda:0' took 0.86 ms  (cached)
Module update_gradient_JTDAJ_dense_tiled__locals__kernel_92d753e0 6f5ab40 load on device 'cuda:0' took 1.13 ms  (cached)
Module update_gradient_cholesky__locals__kernel_1e67b2d5 4da60ef load on device 'cuda:0' took 26.44 ms  (cached)
Module linesearch_iterative__locals__kernel_e835d44f c716e5e load on device 'cuda:0' took 1.16 ms  (cached)
Module update_constraint_efc__locals__kernel_5c3dedb8 5c3dedb load on device 'cuda:0' took 0.95 ms  (cached)
Module _tile_euler_dense__locals__euler_dense_c71389e7 8e3457a load on device 'cuda:0' took 26.17 ms  (cached)

=== GAN Iteration 1/20 ===
Collecting Generated (ComFree_Warp) trajectories...
Module comfree_warp.mujoco_warp._src.smooth c02eb38 load on device 'cuda:0' took 16.91 ms  (cached)
Module _tile_cholesky_factorize__locals__cholesky_factorize_d03d54d2 1278567 load on device 'cuda:0' took 16.55 ms  (cached)
Module comfree_warp.mujoco_warp._src.collision_driver 4d8b905 load on device 'cuda:0' took 0.94 ms  (cached)
Module _primitive_narrowphase__locals__primitive_narrowphase_fa8f2c5f fa8f2c5 load on device 'cuda:0' took 1.05 ms  (cached)
Module comfree_warp.comfree_core._src.constraint 244f68b load on device 'cuda:0' took 1.04 ms  (cached)
Module comfree_warp.mujoco_warp._src.passive 5be88d0 load on device 'cuda:0' took 1.04 ms  (cached)
Module comfree_warp.mujoco_warp._src.forward 13e94f4 load on device 'cuda:0' took 1.18 ms  (cached)
Module comfree_warp.mujoco_warp._src.support 343d1ae load on device 'cuda:0' took 1.18 ms  (cached)
Module comfree_warp.comfree_core._src.forward 7a027f4 load on device 'cuda:0' took 0.92 ms  (cached)
Module comfree_forward_mod b48f0c7 load on device 'cuda:0' took 1.27 ms  (cached)
Module _tile_cholesky_solve__locals__cholesky_solve_612ff9f0 d6a4fa0 load on device 'cuda:0' took 16.67 ms  (cached)
Module comfree_warp.mujoco_warp._src.sensor db84035 load on device 'cuda:0' took 1.09 ms  (cached)
Training Discriminator for 10 epochs...
Discriminator Loss: 0.6973
Optimizing ComFree parameters to fool the Discriminator...
  Step   1 | loss=25.957060 | k=[1.94e-01, 1.00e-02, 4.90e-04], d=[9.78e-03, 1.88e-03, 1.86e-04]
  Step   2 | loss=22.643099 | k=[1.97e-01, 1.00e-02, 4.90e-04], d=[9.84e-03, 1.86e-03, 1.82e-04]
  Step   3 | loss=21.600958 | k=[2.01e-01, 1.00e-02, 4.90e-04], d=[9.92e-03, 1.91e-03, 1.80e-04]
  Step   4 | loss=21.463981 | k=[2.03e-01, 1.00e-02, 4.90e-04], d=[1.00e-02, 1.93e-03, 1.76e-04]
  Step   5 | loss=20.497510 | k=[2.05e-01, 9.97e-03, 4.90e-04], d=[1.05e-02, 1.94e-03, 1.70e-04]
  Step   6 | loss=19.360437 | k=[2.04e-01, 9.97e-03, 4.90e-04], d=[1.02e-02, 1.94e-03, 1.66e-04]
  Step   7 | loss=18.558294 | k=[2.00e-01, 9.97e-03, 4.90e-04], d=[9.96e-03, 1.91e-03, 1.56e-04]
  Step   8 | loss=16.603201 | k=[2.02e-01, 9.97e-03, 4.90e-04], d=[9.91e-03, 1.92e-03, 1.49e-04]
  Step   9 | loss=15.495250 | k=[2.00e-01, 9.97e-03, 4.90e-04], d=[9.75e-03, 1.88e-03, 1.43e-04]
  Step  10 | loss=14.393718 | k=[1.99e-01, 1.00e-02, 4.90e-04], d=[9.75e-03, 1.90e-03, 1.40e-04]
Generator Loss: 14.3937 | Updated Params -> K: [1.99e-01, 1.00e-02, 4.90e-04], D: [9.75e-03, 1.90e-03, 1.40e-04]

=== GAN Iteration 2/20 ===
Collecting Generated (ComFree_Warp) trajectories...
Training Discriminator for 10 epochs...
Discriminator Loss: 0.6939
Optimizing ComFree parameters to fool the Discriminator...
  Step   1 | loss=12.514814 | k=[1.98e-01, 1.00e-02, 4.90e-04], d=[9.73e-03, 1.90e-03, 1.37e-04]
  Step   2 | loss=12.062509 | k=[1.99e-01, 1.00e-02, 4.90e-04], d=[9.85e-03, 1.90e-03, 1.34e-04]
  Step   3 | loss=11.651233 | k=[1.99e-01, 1.00e-02, 4.90e-04], d=[9.76e-03, 1.87e-03, 1.30e-04]
  Step   4 | loss=11.105595 | k=[1.99e-01, 9.98e-03, 4.90e-04], d=[9.79e-03, 1.88e-03, 1.28e-04]
  Step   5 | loss=10.738069 | k=[1.97e-01, 9.92e-03, 4.90e-04], d=[9.67e-03, 1.86e-03, 1.25e-04]
  Step   6 | loss=10.317082 | k=[1.97e-01, 9.89e-03, 4.90e-04], d=[9.62e-03, 1.85e-03, 1.22e-04]
  Step   7 | loss=9.999362 | k=[1.98e-01, 9.93e-03, 4.90e-04], d=[9.63e-03, 1.86e-03, 1.20e-04]
  Step   8 | loss=9.695978 | k=[1.99e-01, 9.95e-03, 4.90e-04], d=[9.73e-03, 1.87e-03, 1.18e-04]
  Step   9 | loss=9.482006 | k=[1.99e-01, 9.94e-03, 4.90e-04], d=[9.72e-03, 1.87e-03, 1.16e-04]
  Step  10 | loss=9.192869 | k=[2.00e-01, 9.96e-03, 4.90e-04], d=[9.68e-03, 1.88e-03, 1.14e-04]
Generator Loss: 9.1929 | Updated Params -> K: [2.00e-01, 9.96e-03, 4.90e-04], D: [9.68e-03, 1.88e-03, 1.14e-04]

=== GAN Iteration 3/20 ===
Collecting Generated (ComFree_Warp) trajectories...
Training Discriminator for 10 epochs...
Discriminator Loss: 0.6832
Optimizing ComFree parameters to fool the Discriminator...
  Step   1 | loss=9.672023 | k=[2.00e-01, 9.97e-03, 4.90e-04], d=[9.67e-03, 1.88e-03, 1.11e-04]
  Step   2 | loss=9.332112 | k=[1.99e-01, 9.99e-03, 4.90e-04], d=[9.60e-03, 1.87e-03, 1.09e-04]
  Step   3 | loss=8.959552 | k=[1.99e-01, 1.00e-02, 4.90e-04], d=[9.60e-03, 1.86e-03, 1.07e-04]
  Step   4 | loss=8.779779 | k=[1.98e-01, 9.97e-03, 4.90e-04], d=[9.68e-03, 1.86e-03, 1.06e-04]
  Step   5 | loss=8.584142 | k=[1.99e-01, 9.98e-03, 4.90e-04], d=[9.71e-03, 1.86e-03, 1.04e-04]
  Step   6 | loss=8.376804 | k=[1.98e-01, 9.95e-03, 4.90e-04], d=[9.66e-03, 1.85e-03, 1.02e-04]
  Step   7 | loss=8.098458 | k=[1.99e-01, 9.95e-03, 4.90e-04], d=[9.73e-03, 1.86e-03, 1.02e-04]
  Step   8 | loss=8.067614 | k=[1.99e-01, 9.96e-03, 4.90e-04], d=[9.69e-03, 1.84e-03, 9.95e-05]
  Step   9 | loss=7.776337 | k=[1.99e-01, 9.97e-03, 4.90e-04], d=[9.71e-03, 1.83e-03, 9.82e-05]
  Step  10 | loss=7.628247 | k=[1.99e-01, 9.98e-03, 4.90e-04], d=[9.68e-03, 1.83e-03, 9.60e-05]
Generator Loss: 7.6282 | Updated Params -> K: [1.99e-01, 9.98e-03, 4.90e-04], D: [9.68e-03, 1.83e-03, 9.60e-05]

=== GAN Iteration 4/20 ===
Collecting Generated (ComFree_Warp) trajectories...
Training Discriminator for 10 epochs...
Discriminator Loss: 0.6604
Optimizing ComFree parameters to fool the Discriminator...
  Step   1 | loss=7.949199 | k=[1.98e-01, 9.98e-03, 4.90e-04], d=[9.66e-03, 1.82e-03, 9.44e-05]
  Step   2 | loss=7.736664 | k=[1.98e-01, 9.98e-03, 4.90e-04], d=[9.59e-03, 1.81e-03, 9.25e-05]
  Step   3 | loss=7.490190 | k=[1.98e-01, 9.98e-03, 4.91e-04], d=[9.59e-03, 1.80e-03, 9.10e-05]
  Step   4 | loss=7.293051 | k=[1.98e-01, 1.00e-02, 4.91e-04], d=[9.58e-03, 1.79e-03, 8.97e-05]
  Step   5 | loss=7.124288 | k=[1.97e-01, 1.00e-02, 4.91e-04], d=[9.50e-03, 1.77e-03, 8.78e-05]
  Step   6 | loss=6.869398 | k=[1.98e-01, 1.00e-02, 4.91e-04], d=[9.48e-03, 1.76e-03, 8.67e-05]
  Step   7 | loss=6.732062 | k=[1.98e-01, 1.00e-02, 4.91e-04], d=[9.44e-03, 1.76e-03, 8.56e-05]
  Step   8 | loss=6.599740 | k=[1.97e-01, 1.00e-02, 4.91e-04], d=[9.45e-03, 1.75e-03, 8.47e-05]
  Step   9 | loss=6.488749 | k=[1.97e-01, 9.98e-03, 4.91e-04], d=[9.43e-03, 1.74e-03, 8.36e-05]
  Step  10 | loss=6.348286 | k=[1.96e-01, 9.99e-03, 4.91e-04], d=[9.43e-03, 1.74e-03, 8.23e-05]
Generator Loss: 6.3483 | Updated Params -> K: [1.96e-01, 9.99e-03, 4.91e-04], D: [9.43e-03, 1.74e-03, 8.23e-05]

=== GAN Iteration 5/20 ===
Collecting Generated (ComFree_Warp) trajectories...
Training Discriminator for 10 epochs...
Discriminator Loss: 0.6459
Optimizing ComFree parameters to fool the Discriminator...
  Step   1 | loss=5.003545 | k=[1.97e-01, 1.00e-02, 4.91e-04], d=[9.46e-03, 1.74e-03, 8.17e-05]
  Step   2 | loss=4.949833 | k=[1.96e-01, 1.00e-02, 4.91e-04], d=[9.42e-03, 1.73e-03, 8.10e-05]
  Step   3 | loss=4.879000 | k=[1.96e-01, 1.00e-02, 4.91e-04], d=[9.43e-03, 1.73e-03, 8.00e-05]
  Step   4 | loss=4.792203 | k=[1.97e-01, 1.01e-02, 4.91e-04], d=[9.44e-03, 1.73e-03, 7.96e-05]
  Step   5 | loss=4.757070 | k=[1.96e-01, 1.00e-02, 4.91e-04], d=[9.46e-03, 1.73e-03, 7.89e-05]
  Step   6 | loss=4.701078 | k=[1.97e-01, 1.00e-02, 4.91e-04], d=[9.48e-03, 1.72e-03, 7.83e-05]
  Step   7 | loss=4.649924 | k=[1.97e-01, 1.00e-02, 4.91e-04], d=[9.49e-03, 1.72e-03, 7.77e-05]
  Step   8 | loss=4.596653 | k=[1.97e-01, 1.00e-02, 4.91e-04], d=[9.49e-03, 1.72e-03, 7.71e-05]
  Step   9 | loss=4.547187 | k=[1.97e-01, 1.00e-02, 4.91e-04], d=[9.49e-03, 1.72e-03, 7.67e-05]
  Step  10 | loss=4.508085 | k=[1.97e-01, 1.00e-02, 4.91e-04], d=[9.49e-03, 1.71e-03, 7.62e-05]
Generator Loss: 4.5081 | Updated Params -> K: [1.97e-01, 1.00e-02, 4.91e-04], D: [9.49e-03, 1.71e-03, 7.62e-05]

=== GAN Iteration 6/20 ===
Collecting Generated (ComFree_Warp) trajectories...
Training Discriminator for 10 epochs...
Discriminator Loss: 0.6332
Optimizing ComFree parameters to fool the Discriminator...
  Step   1 | loss=5.001353 | k=[1.97e-01, 1.00e-02, 4.91e-04], d=[9.48e-03, 1.71e-03, 7.55e-05]
  Step   2 | loss=4.930549 | k=[1.96e-01, 1.00e-02, 4.90e-04], d=[9.45e-03, 1.70e-03, 7.48e-05]
  Step   3 | loss=4.852387 | k=[1.96e-01, 1.00e-02, 4.90e-04], d=[9.43e-03, 1.69e-03, 7.41e-05]
  Step   4 | loss=4.784739 | k=[1.96e-01, 1.00e-02, 4.90e-04], d=[9.43e-03, 1.69e-03, 7.34e-05]
  Step   5 | loss=4.724608 | k=[1.96e-01, 1.00e-02, 4.90e-04], d=[9.41e-03, 1.68e-03, 7.28e-05]
  Step   6 | loss=4.659053 | k=[1.96e-01, 1.00e-02, 4.90e-04], d=[9.41e-03, 1.68e-03, 7.22e-05]
  Step   7 | loss=4.606899 | k=[1.96e-01, 1.00e-02, 4.90e-04], d=[9.39e-03, 1.67e-03, 7.17e-05]
  Step   8 | loss=4.550256 | k=[1.96e-01, 1.00e-02, 4.90e-04], d=[9.39e-03, 1.67e-03, 7.10e-05]
  Step   9 | loss=4.490277 | k=[1.96e-01, 1.00e-02, 4.90e-04], d=[9.38e-03, 1.66e-03, 7.05e-05]
  Step  10 | loss=4.439568 | k=[1.96e-01, 1.00e-02, 4.90e-04], d=[9.37e-03, 1.66e-03, 6.97e-05]
Generator Loss: 4.4396 | Updated Params -> K: [1.96e-01, 1.00e-02, 4.90e-04], D: [9.37e-03, 1.66e-03, 6.97e-05]

=== GAN Iteration 7/20 ===
Collecting Generated (ComFree_Warp) trajectories...
Training Discriminator for 10 epochs...
Discriminator Loss: 0.6189
Optimizing ComFree parameters to fool the Discriminator...
  Step   1 | loss=4.645742 | k=[1.96e-01, 1.00e-02, 4.90e-04], d=[9.37e-03, 1.65e-03, 6.92e-05]
  Step   2 | loss=4.588430 | k=[1.96e-01, 1.00e-02, 4.90e-04], d=[9.36e-03, 1.64e-03, 6.86e-05]
  Step   3 | loss=4.533120 | k=[1.95e-01, 1.00e-02, 4.91e-04], d=[9.35e-03, 1.64e-03, 6.80e-05]
  Step   4 | loss=4.470903 | k=[1.95e-01, 1.00e-02, 4.91e-04], d=[9.36e-03, 1.64e-03, 6.75e-05]
  Step   5 | loss=4.422939 | k=[1.95e-01, 1.00e-02, 4.91e-04], d=[9.36e-03, 1.63e-03, 6.70e-05]
  Step   6 | loss=4.373400 | k=[1.95e-01, 9.99e-03, 4.91e-04], d=[9.36e-03, 1.63e-03, 6.66e-05]
  Step   7 | loss=4.337633 | k=[1.95e-01, 9.99e-03, 4.91e-04], d=[9.37e-03, 1.62e-03, 6.60e-05]
  Step   8 | loss=4.282961 | k=[1.95e-01, 9.99e-03, 4.91e-04], d=[9.38e-03, 1.62e-03, 6.55e-05]
  Step   9 | loss=4.234609 | k=[1.95e-01, 9.99e-03, 4.91e-04], d=[9.39e-03, 1.62e-03, 6.51e-05]
  Step  10 | loss=4.202695 | k=[1.95e-01, 1.00e-02, 4.91e-04], d=[9.40e-03, 1.62e-03, 6.47e-05]
Generator Loss: 4.2027 | Updated Params -> K: [1.95e-01, 1.00e-02, 4.91e-04], D: [9.40e-03, 1.62e-03, 6.47e-05]

=== GAN Iteration 8/20 ===
Collecting Generated (ComFree_Warp) trajectories...
Training Discriminator for 10 epochs...
Discriminator Loss: 0.6020
Optimizing ComFree parameters to fool the Discriminator...
  Step   1 | loss=4.157043 | k=[1.96e-01, 1.00e-02, 4.91e-04], d=[9.42e-03, 1.62e-03, 6.44e-05]
  Step   2 | loss=4.128883 | k=[1.96e-01, 9.99e-03, 4.91e-04], d=[9.41e-03, 1.62e-03, 6.39e-05]
  Step   3 | loss=4.090081 | k=[1.96e-01, 1.00e-02, 4.91e-04], d=[9.42e-03, 1.61e-03, 6.35e-05]
  Step   4 | loss=4.057599 | k=[1.96e-01, 1.00e-02, 4.91e-04], d=[9.42e-03, 1.61e-03, 6.31e-05]
  Step   5 | loss=4.016609 | k=[1.96e-01, 1.00e-02, 4.91e-04], d=[9.43e-03, 1.61e-03, 6.28e-05]
  Step   6 | loss=3.989492 | k=[1.96e-01, 1.00e-02, 4.91e-04], d=[9.43e-03, 1.60e-03, 6.23e-05]
  Step   7 | loss=3.946032 | k=[1.96e-01, 1.00e-02, 4.91e-04], d=[9.42e-03, 1.60e-03, 6.19e-05]
  Step   8 | loss=3.909224 | k=[1.96e-01, 1.00e-02, 4.91e-04], d=[9.41e-03, 1.60e-03, 6.15e-05]
  Step   9 | loss=3.875016 | k=[1.96e-01, 1.00e-02, 4.91e-04], d=[9.41e-03, 1.59e-03, 6.12e-05]
  Step  10 | loss=3.845217 | k=[1.96e-01, 1.00e-02, 4.91e-04], d=[9.40e-03, 1.59e-03, 6.08e-05]
Generator Loss: 3.8452 | Updated Params -> K: [1.96e-01, 1.00e-02, 4.91e-04], D: [9.40e-03, 1.59e-03, 6.08e-05]

=== GAN Iteration 9/20 ===
Collecting Generated (ComFree_Warp) trajectories...
Training Discriminator for 10 epochs...
Discriminator Loss: 0.5796
Optimizing ComFree parameters to fool the Discriminator...
  Step   1 | loss=3.896466 | k=[1.96e-01, 1.00e-02, 4.91e-04], d=[9.40e-03, 1.59e-03, 6.05e-05]
  Step   2 | loss=3.867982 | k=[1.96e-01, 1.00e-02, 4.91e-04], d=[9.39e-03, 1.58e-03, 6.01e-05]
  Step   3 | loss=3.831578 | k=[1.96e-01, 1.00e-02, 4.91e-04], d=[9.39e-03, 1.58e-03, 5.97e-05]
  Step   4 | loss=3.799604 | k=[1.96e-01, 1.00e-02, 4.91e-04], d=[9.38e-03, 1.58e-03, 5.93e-05]
  Step   5 | loss=3.761608 | k=[1.95e-01, 1.00e-02, 4.91e-04], d=[9.38e-03, 1.57e-03, 5.90e-05]
  Step   6 | loss=3.730823 | k=[1.95e-01, 1.00e-02, 4.91e-04], d=[9.37e-03, 1.57e-03, 5.85e-05]
  Step   7 | loss=3.686868 | k=[1.95e-01, 1.00e-02, 4.91e-04], d=[9.38e-03, 1.56e-03, 5.83e-05]
  Step   8 | loss=3.665845 | k=[1.95e-01, 1.00e-02, 4.91e-04], d=[9.38e-03, 1.56e-03, 5.80e-05]
  Step   9 | loss=3.639428 | k=[1.95e-01, 1.00e-02, 4.91e-04], d=[9.37e-03, 1.56e-03, 5.77e-05]
  Step  10 | loss=3.616153 | k=[1.95e-01, 1.00e-02, 4.91e-04], d=[9.38e-03, 1.56e-03, 5.74e-05]
Generator Loss: 3.6162 | Updated Params -> K: [1.95e-01, 1.00e-02, 4.91e-04], D: [9.38e-03, 1.56e-03, 5.74e-05]

=== GAN Iteration 10/20 ===
Collecting Generated (ComFree_Warp) trajectories...
Training Discriminator for 10 epochs...
Discriminator Loss: 0.5467
Optimizing ComFree parameters to fool the Discriminator...
  Step   1 | loss=3.546163 | k=[1.94e-01, 1.00e-02, 4.91e-04], d=[9.38e-03, 1.55e-03, 5.72e-05]
  Step   2 | loss=3.523718 | k=[1.94e-01, 1.00e-02, 4.91e-04], d=[9.38e-03, 1.55e-03, 5.69e-05]
  Step   3 | loss=3.501753 | k=[1.94e-01, 1.00e-02, 4.91e-04], d=[9.38e-03, 1.55e-03, 5.67e-05]
  Step   4 | loss=3.480436 | k=[1.94e-01, 1.00e-02, 4.91e-04], d=[9.37e-03, 1.53e-03, 5.64e-05]
  Step   5 | loss=3.446689 | k=[1.94e-01, 1.00e-02, 4.91e-04], d=[9.37e-03, 1.52e-03, 5.61e-05]
  Step   6 | loss=3.418838 | k=[1.94e-01, 1.00e-02, 4.91e-04], d=[9.37e-03, 1.52e-03, 5.58e-05]
  Step   7 | loss=3.392511 | k=[1.94e-01, 1.00e-02, 4.91e-04], d=[9.31e-03, 1.51e-03, 5.55e-05]
  Step   8 | loss=3.362649 | k=[1.94e-01, 1.00e-02, 4.91e-04], d=[9.31e-03, 1.50e-03, 5.52e-05]
  Step   9 | loss=3.334229 | k=[1.94e-01, 1.00e-02, 4.91e-04], d=[9.33e-03, 1.50e-03, 5.46e-05]
  Step  10 | loss=3.290419 | k=[1.94e-01, 1.00e-02, 4.91e-04], d=[9.32e-03, 1.50e-03, 5.43e-05]
Generator Loss: 3.2904 | Updated Params -> K: [1.94e-01, 1.00e-02, 4.91e-04], D: [9.32e-03, 1.50e-03, 5.43e-05]

=== GAN Iteration 11/20 ===
Collecting Generated (ComFree_Warp) trajectories...
Training Discriminator for 10 epochs...
Discriminator Loss: 0.5048
Optimizing ComFree parameters to fool the Discriminator...
  Step   1 | loss=3.199872 | k=[1.92e-01, 1.00e-02, 4.91e-04], d=[9.30e-03, 1.49e-03, 5.41e-05]
  Step   2 | loss=3.119848 | k=[1.91e-01, 1.00e-02, 4.91e-04], d=[9.26e-03, 1.49e-03, 5.38e-05]
  Step   3 | loss=3.049939 | k=[1.90e-01, 1.00e-02, 4.91e-04], d=[9.24e-03, 1.48e-03, 5.36e-05]
  Step   4 | loss=2.996124 | k=[1.89e-01, 1.00e-02, 4.91e-04], d=[9.22e-03, 1.48e-03, 5.33e-05]
  Step   5 | loss=2.950521 | k=[1.88e-01, 1.00e-02, 4.91e-04], d=[9.20e-03, 1.48e-03, 5.31e-05]
  Step   6 | loss=2.917195 | k=[1.88e-01, 1.00e-02, 4.91e-04], d=[9.18e-03, 1.47e-03, 5.28e-05]
  Step   7 | loss=2.887320 | k=[1.87e-01, 1.00e-02, 4.91e-04], d=[9.17e-03, 1.47e-03, 5.26e-05]
  Step   8 | loss=2.866713 | k=[1.87e-01, 1.00e-02, 4.91e-04], d=[9.17e-03, 1.47e-03, 5.24e-05]
  Step   9 | loss=2.849815 | k=[1.87e-01, 1.00e-02, 4.91e-04], d=[9.15e-03, 1.46e-03, 5.22e-05]
  Step  10 | loss=2.829208 | k=[1.86e-01, 1.00e-02, 4.91e-04], d=[9.14e-03, 1.46e-03, 5.20e-05]
Generator Loss: 2.8292 | Updated Params -> K: [1.86e-01, 1.00e-02, 4.91e-04], D: [9.14e-03, 1.46e-03, 5.20e-05]

=== GAN Iteration 12/20 ===
Collecting Generated (ComFree_Warp) trajectories...
Training Discriminator for 10 epochs...
Discriminator Loss: 0.4543
Optimizing ComFree parameters to fool the Discriminator...
  Step   1 | loss=3.075657 | k=[1.87e-01, 1.00e-02, 4.91e-04], d=[9.13e-03, 1.46e-03, 5.18e-05]
  Step   2 | loss=3.058067 | k=[1.87e-01, 1.00e-02, 4.91e-04], d=[9.13e-03, 1.46e-03, 5.16e-05]
  Step   3 | loss=3.043418 | k=[1.87e-01, 1.00e-02, 4.91e-04], d=[9.13e-03, 1.45e-03, 5.13e-05]
  Step   4 | loss=3.024485 | k=[1.87e-01, 1.00e-02, 4.91e-04], d=[9.13e-03, 1.45e-03, 5.11e-05]
  Step   5 | loss=3.009213 | k=[1.86e-01, 1.00e-02, 4.91e-04], d=[9.12e-03, 1.45e-03, 5.08e-05]
  Step   6 | loss=2.989012 | k=[1.86e-01, 1.00e-02, 4.91e-04], d=[9.13e-03, 1.45e-03, 5.06e-05]
  Step   7 | loss=2.970671 | k=[1.86e-01, 1.00e-02, 4.91e-04], d=[9.13e-03, 1.44e-03, 5.04e-05]
  Step   8 | loss=2.955128 | k=[1.86e-01, 1.00e-02, 4.91e-04], d=[9.12e-03, 1.44e-03, 5.01e-05]
  Step   9 | loss=2.937025 | k=[1.86e-01, 1.00e-02, 4.91e-04], d=[9.11e-03, 1.44e-03, 4.99e-05]
  Step  10 | loss=2.923034 | k=[1.87e-01, 1.00e-02, 4.91e-04], d=[9.12e-03, 1.44e-03, 4.98e-05]
Generator Loss: 2.9230 | Updated Params -> K: [1.87e-01, 1.00e-02, 4.91e-04], D: [9.12e-03, 1.44e-03, 4.98e-05]

=== GAN Iteration 13/20 ===
Collecting Generated (ComFree_Warp) trajectories...
Training Discriminator for 10 epochs...
Discriminator Loss: 0.4012
Optimizing ComFree parameters to fool the Discriminator...
  Step   1 | loss=3.087257 | k=[1.86e-01, 1.00e-02, 4.91e-04], d=[9.11e-03, 1.44e-03, 4.95e-05]
  Step   2 | loss=3.068534 | k=[1.86e-01, 1.00e-02, 4.91e-04], d=[9.11e-03, 1.43e-03, 4.93e-05]
  Step   3 | loss=3.050183 | k=[1.86e-01, 1.00e-02, 4.91e-04], d=[9.10e-03, 1.43e-03, 4.91e-05]
  Step   4 | loss=3.034044 | k=[1.86e-01, 1.00e-02, 4.91e-04], d=[9.10e-03, 1.43e-03, 4.89e-05]
  Step   5 | loss=3.017186 | k=[1.86e-01, 1.00e-02, 4.91e-04], d=[9.10e-03, 1.43e-03, 4.86e-05]
  Step   6 | loss=3.000113 | k=[1.86e-01, 1.00e-02, 4.91e-04], d=[9.09e-03, 1.43e-03, 4.84e-05]
  Step   7 | loss=2.982812 | k=[1.86e-01, 1.00e-02, 4.91e-04], d=[9.09e-03, 1.42e-03, 4.82e-05]
  Step   8 | loss=2.967413 | k=[1.86e-01, 1.00e-02, 4.91e-04], d=[9.09e-03, 1.42e-03, 4.80e-05]
  Step   9 | loss=2.953065 | k=[1.86e-01, 1.00e-02, 4.91e-04], d=[9.09e-03, 1.42e-03, 4.78e-05]
  Step  10 | loss=2.938274 | k=[1.86e-01, 1.00e-02, 4.91e-04], d=[9.09e-03, 1.42e-03, 4.76e-05]
Generator Loss: 2.9383 | Updated Params -> K: [1.86e-01, 1.00e-02, 4.91e-04], D: [9.09e-03, 1.42e-03, 4.76e-05]

=== GAN Iteration 14/20 ===
Collecting Generated (ComFree_Warp) trajectories...
Training Discriminator for 10 epochs...
Discriminator Loss: 0.3539
Optimizing ComFree parameters to fool the Discriminator...
  Step   1 | loss=2.698712 | k=[1.86e-01, 1.00e-02, 4.91e-04], d=[9.09e-03, 1.42e-03, 4.74e-05]
  Step   2 | loss=2.686319 | k=[1.86e-01, 1.00e-02, 4.91e-04], d=[9.09e-03, 1.41e-03, 4.73e-05]
  Step   3 | loss=2.676841 | k=[1.86e-01, 1.00e-02, 4.91e-04], d=[9.10e-03, 1.41e-03, 4.71e-05]
  Step   4 | loss=2.665841 | k=[1.86e-01, 1.00e-02, 4.91e-04], d=[9.09e-03, 1.41e-03, 4.70e-05]
  Step   5 | loss=2.654575 | k=[1.86e-01, 1.00e-02, 4.91e-04], d=[9.09e-03, 1.41e-03, 4.68e-05]
  Step   6 | loss=2.641767 | k=[1.86e-01, 1.00e-02, 4.91e-04], d=[9.09e-03, 1.41e-03, 4.66e-05]
  Step   7 | loss=2.631579 | k=[1.86e-01, 1.00e-02, 4.91e-04], d=[9.09e-03, 1.40e-03, 4.64e-05]
  Step   8 | loss=2.618621 | k=[1.86e-01, 1.00e-02, 4.91e-04], d=[9.09e-03, 1.40e-03, 4.62e-05]
  Step   9 | loss=2.608117 | k=[1.86e-01, 1.00e-02, 4.91e-04], d=[9.08e-03, 1.40e-03, 4.61e-05]
  Step  10 | loss=2.601049 | k=[1.86e-01, 1.00e-02, 4.91e-04], d=[9.08e-03, 1.40e-03, 4.60e-05]
Generator Loss: 2.6010 | Updated Params -> K: [1.86e-01, 1.00e-02, 4.91e-04], D: [9.08e-03, 1.40e-03, 4.60e-05]

=== GAN Iteration 15/20 ===
Collecting Generated (ComFree_Warp) trajectories...
Training Discriminator for 10 epochs...
Discriminator Loss: 0.3061
Optimizing ComFree parameters to fool the Discriminator...
  Step   1 | loss=2.344172 | k=[1.86e-01, 1.00e-02, 4.91e-04], d=[9.08e-03, 1.40e-03, 4.59e-05]
  Step   2 | loss=2.333941 | k=[1.85e-01, 1.00e-02, 4.91e-04], d=[9.07e-03, 1.40e-03, 4.57e-05]
  Step   3 | loss=2.322392 | k=[1.85e-01, 1.00e-02, 4.91e-04], d=[9.06e-03, 1.40e-03, 4.56e-05]
  Step   4 | loss=2.310379 | k=[1.85e-01, 1.00e-02, 4.91e-04], d=[9.05e-03, 1.39e-03, 4.55e-05]
  Step   5 | loss=2.297665 | k=[1.84e-01, 1.00e-02, 4.91e-04], d=[9.04e-03, 1.39e-03, 4.54e-05]
  Step   6 | loss=2.284488 | k=[1.84e-01, 1.00e-02, 4.91e-04], d=[9.02e-03, 1.39e-03, 4.52e-05]
  Step   7 | loss=2.271665 | k=[1.83e-01, 1.00e-02, 4.91e-04], d=[9.02e-03, 1.39e-03, 4.51e-05]
  Step   8 | loss=2.262283 | k=[1.83e-01, 1.00e-02, 4.91e-04], d=[9.01e-03, 1.38e-03, 4.50e-05]
  Step   9 | loss=2.254450 | k=[1.83e-01, 1.00e-02, 4.91e-04], d=[9.00e-03, 1.38e-03, 4.49e-05]
  Step  10 | loss=2.243803 | k=[1.83e-01, 1.00e-02, 4.91e-04], d=[9.00e-03, 1.38e-03, 4.47e-05]
Generator Loss: 2.2438 | Updated Params -> K: [1.83e-01, 1.00e-02, 4.91e-04], D: [9.00e-03, 1.38e-03, 4.47e-05]

=== GAN Iteration 16/20 ===
Collecting Generated (ComFree_Warp) trajectories...
Training Discriminator for 10 epochs...
Discriminator Loss: 0.2596
Optimizing ComFree parameters to fool the Discriminator...
  Step   1 | loss=2.689148 | k=[1.83e-01, 1.00e-02, 4.91e-04], d=[9.00e-03, 1.38e-03, 4.46e-05]
  Step   2 | loss=2.679023 | k=[1.83e-01, 1.00e-02, 4.91e-04], d=[8.99e-03, 1.38e-03, 4.44e-05]
  Step   3 | loss=2.668360 | k=[1.83e-01, 1.00e-02, 4.91e-04], d=[8.98e-03, 1.38e-03, 4.43e-05]
  Step   4 | loss=2.656541 | k=[1.83e-01, 1.00e-02, 4.91e-04], d=[8.98e-03, 1.37e-03, 4.41e-05]
  Step   5 | loss=2.647574 | k=[1.82e-01, 1.00e-02, 4.91e-04], d=[8.97e-03, 1.37e-03, 4.39e-05]
  Step   6 | loss=2.633725 | k=[1.83e-01, 1.00e-02, 4.91e-04], d=[8.97e-03, 1.37e-03, 4.38e-05]
  Step   7 | loss=2.626894 | k=[1.82e-01, 1.00e-02, 4.91e-04], d=[8.97e-03, 1.37e-03, 4.37e-05]
  Step   8 | loss=2.617791 | k=[1.82e-01, 1.00e-02, 4.91e-04], d=[8.96e-03, 1.37e-03, 4.35e-05]
  Step   9 | loss=2.606058 | k=[1.82e-01, 1.00e-02, 4.91e-04], d=[8.96e-03, 1.37e-03, 4.34e-05]
  Step  10 | loss=2.597598 | k=[1.82e-01, 1.00e-02, 4.91e-04], d=[8.96e-03, 1.37e-03, 4.33e-05]
Generator Loss: 2.5976 | Updated Params -> K: [1.82e-01, 1.00e-02, 4.91e-04], D: [8.96e-03, 1.37e-03, 4.33e-05]

=== GAN Iteration 17/20 ===
Collecting Generated (ComFree_Warp) trajectories...
Training Discriminator for 10 epochs...
Discriminator Loss: 0.2227
Optimizing ComFree parameters to fool the Discriminator...
  Step   1 | loss=2.296857 | k=[1.82e-01, 1.00e-02, 4.91e-04], d=[8.96e-03, 1.36e-03, 4.32e-05]
  Step   2 | loss=2.289442 | k=[1.82e-01, 1.00e-02, 4.91e-04], d=[8.95e-03, 1.36e-03, 4.30e-05]
  Step   3 | loss=2.282686 | k=[1.82e-01, 1.00e-02, 4.91e-04], d=[8.95e-03, 1.36e-03, 4.29e-05]
  Step   4 | loss=2.275613 | k=[1.82e-01, 1.00e-02, 4.91e-04], d=[8.95e-03, 1.36e-03, 4.28e-05]
  Step   5 | loss=2.270352 | k=[1.82e-01, 1.00e-02, 4.91e-04], d=[8.95e-03, 1.36e-03, 4.28e-05]
  Step   6 | loss=2.265451 | k=[1.82e-01, 1.00e-02, 4.91e-04], d=[8.95e-03, 1.36e-03, 4.26e-05]
  Step   7 | loss=2.258234 | k=[1.81e-01, 1.00e-02, 4.91e-04], d=[8.94e-03, 1.36e-03, 4.25e-05]
  Step   8 | loss=2.250421 | k=[1.81e-01, 1.00e-02, 4.91e-04], d=[8.95e-03, 1.36e-03, 4.24e-05]
  Step   9 | loss=2.245212 | k=[1.81e-01, 1.00e-02, 4.91e-04], d=[8.95e-03, 1.35e-03, 4.23e-05]
  Step  10 | loss=2.239728 | k=[1.81e-01, 1.00e-02, 4.91e-04], d=[8.95e-03, 1.35e-03, 4.22e-05]
Generator Loss: 2.2397 | Updated Params -> K: [1.81e-01, 1.00e-02, 4.91e-04], D: [8.95e-03, 1.35e-03, 4.22e-05]

=== GAN Iteration 18/20 ===
Collecting Generated (ComFree_Warp) trajectories...
Training Discriminator for 10 epochs...
Discriminator Loss: 0.1908
Optimizing ComFree parameters to fool the Discriminator...
  Step   1 | loss=2.680819 | k=[1.81e-01, 1.00e-02, 4.91e-04], d=[8.94e-03, 1.35e-03, 4.21e-05]
  Step   2 | loss=2.669947 | k=[1.81e-01, 1.00e-02, 4.91e-04], d=[8.94e-03, 1.35e-03, 4.19e-05]
  Step   3 | loss=2.660083 | k=[1.81e-01, 1.00e-02, 4.91e-04], d=[8.94e-03, 1.35e-03, 4.18e-05]
  Step   4 | loss=2.648588 | k=[1.81e-01, 1.00e-02, 4.91e-04], d=[8.94e-03, 1.35e-03, 4.16e-05]
  Step   5 | loss=2.639493 | k=[1.81e-01, 1.01e-02, 4.91e-04], d=[8.94e-03, 1.34e-03, 4.15e-05]
  Step   6 | loss=2.630884 | k=[1.81e-01, 1.01e-02, 4.91e-04], d=[8.94e-03, 1.34e-03, 4.14e-05]
  Step   7 | loss=2.621023 | k=[1.81e-01, 1.01e-02, 4.91e-04], d=[8.94e-03, 1.34e-03, 4.12e-05]
  Step   8 | loss=2.611896 | k=[1.81e-01, 1.01e-02, 4.91e-04], d=[8.94e-03, 1.34e-03, 4.11e-05]
  Step   9 | loss=2.603004 | k=[1.81e-01, 1.01e-02, 4.91e-04], d=[8.94e-03, 1.34e-03, 4.10e-05]
  Step  10 | loss=2.595944 | k=[1.81e-01, 1.01e-02, 4.91e-04], d=[8.95e-03, 1.34e-03, 4.09e-05]
Generator Loss: 2.5959 | Updated Params -> K: [1.81e-01, 1.01e-02, 4.91e-04], D: [8.95e-03, 1.34e-03, 4.09e-05]

=== GAN Iteration 19/20 ===
Collecting Generated (ComFree_Warp) trajectories...
Training Discriminator for 10 epochs...
Discriminator Loss: 0.1658
Optimizing ComFree parameters to fool the Discriminator...
  Step   1 | loss=2.456005 | k=[1.81e-01, 1.01e-02, 4.91e-04], d=[8.94e-03, 1.33e-03, 4.08e-05]
  Step   2 | loss=2.448035 | k=[1.81e-01, 1.01e-02, 4.91e-04], d=[8.94e-03, 1.33e-03, 4.07e-05]
  Step   3 | loss=2.439941 | k=[1.81e-01, 1.01e-02, 4.91e-04], d=[8.94e-03, 1.33e-03, 4.05e-05]
  Step   4 | loss=2.432712 | k=[1.81e-01, 1.01e-02, 4.91e-04], d=[8.94e-03, 1.33e-03, 4.04e-05]
  Step   5 | loss=2.425020 | k=[1.81e-01, 1.01e-02, 4.91e-04], d=[8.93e-03, 1.33e-03, 4.03e-05]
  Step   6 | loss=2.416655 | k=[1.81e-01, 1.01e-02, 4.91e-04], d=[8.93e-03, 1.33e-03, 4.02e-05]
  Step   7 | loss=2.410621 | k=[1.81e-01, 1.01e-02, 4.91e-04], d=[8.93e-03, 1.33e-03, 4.01e-05]
  Step   8 | loss=2.404118 | k=[1.81e-01, 1.01e-02, 4.91e-04], d=[8.93e-03, 1.32e-03, 4.00e-05]
  Step   9 | loss=2.395771 | k=[1.81e-01, 1.01e-02, 4.91e-04], d=[8.93e-03, 1.32e-03, 3.99e-05]
  Step  10 | loss=2.388194 | k=[1.81e-01, 1.01e-02, 4.91e-04], d=[8.93e-03, 1.32e-03, 3.97e-05]
Generator Loss: 2.3882 | Updated Params -> K: [1.81e-01, 1.01e-02, 4.91e-04], D: [8.93e-03, 1.32e-03, 3.97e-05]

=== GAN Iteration 20/20 ===
Collecting Generated (ComFree_Warp) trajectories...
Training Discriminator for 10 epochs...
Discriminator Loss: 0.1436
Optimizing ComFree parameters to fool the Discriminator...
  Step   1 | loss=2.352245 | k=[1.81e-01, 1.01e-02, 4.91e-04], d=[8.93e-03, 1.32e-03, 3.96e-05]
  Step   2 | loss=2.345606 | k=[1.81e-01, 1.01e-02, 4.91e-04], d=[8.92e-03, 1.32e-03, 3.95e-05]
  Step   3 | loss=2.338707 | k=[1.81e-01, 1.01e-02, 4.91e-04], d=[8.93e-03, 1.32e-03, 3.94e-05]
  Step   4 | loss=2.332536 | k=[1.81e-01, 1.01e-02, 4.91e-04], d=[8.93e-03, 1.32e-03, 3.93e-05]
  Step   5 | loss=2.325946 | k=[1.81e-01, 1.01e-02, 4.91e-04], d=[8.93e-03, 1.31e-03, 3.92e-05]
  Step   6 | loss=2.319892 | k=[1.81e-01, 1.01e-02, 4.91e-04], d=[8.93e-03, 1.31e-03, 3.91e-05]
  Step   7 | loss=2.313751 | k=[1.81e-01, 1.01e-02, 4.91e-04], d=[8.93e-03, 1.31e-03, 3.90e-05]
  Step   8 | loss=2.307082 | k=[1.81e-01, 1.01e-02, 4.91e-04], d=[8.93e-03, 1.31e-03, 3.89e-05]
  Step   9 | loss=2.301360 | k=[1.81e-01, 1.01e-02, 4.91e-04], d=[8.93e-03, 1.31e-03, 3.88e-05]
  Step  10 | loss=2.294378 | k=[1.81e-01, 1.01e-02, 4.91e-04], d=[8.93e-03, 1.31e-03, 3.87e-05]
Generator Loss: 2.2944 | Updated Params -> K: [1.81e-01, 1.01e-02, 4.91e-04], D: [8.93e-03, 1.31e-03, 3.87e-05]

Training complete. Artifacts saved to: /home/kg878/scratch_pi_amd78/kg878/gan_training/results/run_lstm_lr_d0.00005_lr_g0.00125
