Starting Task 2: Model=mlp, LR_D=0.0005, LR_G=0.005
Warp 1.12.0 initialized:
   CUDA Toolkit 12.9, Driver 12.8
   Devices:
     "cpu"      : "x86_64"
     "cuda:0"   : "NVIDIA RTX 5000 Ada Generation" (31 GiB, sm_89, mempool enabled)
   Kernel cache:
     /home/kg878/.cache/warp/1.12.0
Module mujoco_warp._src.smooth f756680 load on device 'cuda:0' took 6.36 ms  (cached)
Module mujoco_warp._src.collision_driver 4d8b905 load on device 'cuda:0' took 1.25 ms  (cached)
Module _nxn_broadphase__locals__kernel_83765485 8376548 load on device 'cuda:0' took 1.39 ms  (cached)
Module _primitive_narrowphase__locals__primitive_narrowphase_799bf360 799bf36 load on device 'cuda:0' took 1.33 ms  (cached)
Module mujoco_warp._src.constraint 63c97cb load on device 'cuda:0' took 1.31 ms  (cached)
Module mujoco_warp._src.passive 7fb8524 load on device 'cuda:0' took 1.40 ms  (cached)
Module mujoco_warp._src.forward 5a5c0b5 load on device 'cuda:0' took 1.58 ms  (cached)
Module mujoco_warp._src.support 343d1ae load on device 'cuda:0' took 1.35 ms  (cached)
Module _tile_cholesky_factorize_solve__locals__cholesky_factorize_solve_31e2b081 1603efb load on device 'cuda:0' took 25.04 ms  (cached)
Module mujoco_warp._src.solver eaac975 load on device 'cuda:0' took 1.99 ms  (cached)
Module solve_init_jaref__locals__kernel_21fae504 21fae50 load on device 'cuda:0' took 2.08 ms  (cached)
Module mul_m_dense__locals___mul_m_dense_fbd74bb9 fbd74bb load on device 'cuda:0' took 1.04 ms  (cached)
Module update_constraint_efc__locals__kernel_d4ac54f8 d4ac54f load on device 'cuda:0' took 1.27 ms  (cached)
Module update_constraint_gauss_cost__locals__kernel_73299c19 73299c1 load on device 'cuda:0' took 1.06 ms  (cached)
Module update_gradient_JTDAJ_dense_tiled__locals__kernel_92d753e0 6f5ab40 load on device 'cuda:0' took 1.25 ms  (cached)
Module update_gradient_cholesky__locals__kernel_1e67b2d5 4da60ef load on device 'cuda:0' took 25.94 ms  (cached)
Module linesearch_iterative__locals__kernel_e835d44f c716e5e load on device 'cuda:0' took 2.16 ms  (cached)
Module update_constraint_efc__locals__kernel_5c3dedb8 5c3dedb load on device 'cuda:0' took 1.07 ms  (cached)
Module _tile_euler_dense__locals__euler_dense_c71389e7 8e3457a load on device 'cuda:0' took 25.69 ms  (cached)
Module comfree_warp.mujoco_warp._src.smooth c02eb38 load on device 'cuda:0' took 1.67 ms  (cached)
Module _tile_cholesky_factorize__locals__cholesky_factorize_d03d54d2 1278567 load on device 'cuda:0' took 15.85 ms  (cached)
Module comfree_warp.mujoco_warp._src.collision_driver 4d8b905 load on device 'cuda:0' took 1.08 ms  (cached)
Module _primitive_narrowphase__locals__primitive_narrowphase_fa8f2c5f fa8f2c5 load on device 'cuda:0' took 1.18 ms  (cached)
Module comfree_warp.comfree_core._src.constraint 244f68b load on device 'cuda:0' took 1.26 ms  (cached)
Module comfree_warp.mujoco_warp._src.passive 5be88d0 load on device 'cuda:0' took 1.17 ms  (cached)
Module comfree_warp.mujoco_warp._src.forward 13e94f4 load on device 'cuda:0' took 1.21 ms  (cached)
Module comfree_warp.mujoco_warp._src.support 343d1ae load on device 'cuda:0' took 0.98 ms  (cached)
Module comfree_warp.comfree_core._src.forward 7a027f4 load on device 'cuda:0' took 1.29 ms  (cached)
Module _tile_cholesky_solve__locals__cholesky_solve_612ff9f0 d6a4fa0 load on device 'cuda:0' took 18.72 ms  (cached)
Module comfree_warp.mujoco_warp._src.sensor db84035 load on device 'cuda:0' took 1.44 ms  (cached)
Running on cuda
Sampled 10 new goals.
Collecting Ground Truth (Standard MuJoCo) trajectories...

=== GAN Iteration 1/30 ===
Collecting Generated (ComFree_Warp) trajectories...
Training Discriminator for 10 epochs...
Discriminator Loss: 0.2962
Optimizing ComFree parameters...
  Step   1 | loss=0.932325 | k=[2.00e-01], d=[9.99e-03]
  Step   2 | loss=0.932146 | k=[2.00e-01], d=[9.97e-03]
Generator Loss: 0.9321 | Updated Params -> K: 2.00e-01, D: 9.97e-03

=== GAN Iteration 2/30 ===
Collecting Generated (ComFree_Warp) trajectories...
Training Discriminator for 10 epochs...
Discriminator Loss: 0.0350
Optimizing ComFree parameters...
  Step   1 | loss=0.996426 | k=[2.00e-01], d=[9.97e-03]
  Step   2 | loss=0.996400 | k=[2.00e-01], d=[9.96e-03]
Generator Loss: 0.9964 | Updated Params -> K: 2.00e-01, D: 9.96e-03

=== GAN Iteration 3/30 ===
Collecting Generated (ComFree_Warp) trajectories...
Training Discriminator for 10 epochs...
Discriminator Loss: 0.0031
Optimizing ComFree parameters...
  Step   1 | loss=0.998743 | k=[2.00e-01], d=[9.96e-03]
  Step   2 | loss=0.998742 | k=[2.00e-01], d=[9.96e-03]
Generator Loss: 0.9987 | Updated Params -> K: 2.00e-01, D: 9.96e-03

=== GAN Iteration 4/30 ===
Collecting Generated (ComFree_Warp) trajectories...
Training Discriminator for 10 epochs...
Discriminator Loss: 0.0012
Optimizing ComFree parameters...
  Step   1 | loss=1.000042 | k=[2.00e-01], d=[9.96e-03]
  Step   2 | loss=1.000042 | k=[2.00e-01], d=[9.96e-03]
Generator Loss: 1.0000 | Updated Params -> K: 2.00e-01, D: 9.96e-03

=== GAN Iteration 5/30 ===
Collecting Generated (ComFree_Warp) trajectories...
Training Discriminator for 10 epochs...
Discriminator Loss: 0.0008
Optimizing ComFree parameters...
  Step   1 | loss=0.999709 | k=[2.00e-01], d=[9.96e-03]
  Step   2 | loss=0.999709 | k=[2.00e-01], d=[9.96e-03]
Generator Loss: 0.9997 | Updated Params -> K: 2.00e-01, D: 9.96e-03

=== GAN Iteration 6/30 ===
Collecting Generated (ComFree_Warp) trajectories...
Training Discriminator for 10 epochs...
Discriminator Loss: 0.0006
Optimizing ComFree parameters...
  Step   1 | loss=0.999779 | k=[2.00e-01], d=[9.96e-03]
  Step   2 | loss=0.999779 | k=[2.00e-01], d=[9.96e-03]
Generator Loss: 0.9998 | Updated Params -> K: 2.00e-01, D: 9.96e-03

=== GAN Iteration 7/30 ===
Collecting Generated (ComFree_Warp) trajectories...
Training Discriminator for 10 epochs...
Discriminator Loss: 0.0006
Optimizing ComFree parameters...
  Step   1 | loss=1.000021 | k=[2.00e-01], d=[9.96e-03]
  Step   2 | loss=1.000021 | k=[2.00e-01], d=[9.96e-03]
Generator Loss: 1.0000 | Updated Params -> K: 2.00e-01, D: 9.96e-03

=== GAN Iteration 8/30 ===
Collecting Generated (ComFree_Warp) trajectories...
Training Discriminator for 10 epochs...
Discriminator Loss: 0.0006
Optimizing ComFree parameters...
  Step   1 | loss=0.999970 | k=[2.00e-01], d=[9.96e-03]
  Step   2 | loss=0.999970 | k=[2.00e-01], d=[9.96e-03]
Generator Loss: 1.0000 | Updated Params -> K: 2.00e-01, D: 9.96e-03

=== GAN Iteration 9/30 ===
Collecting Generated (ComFree_Warp) trajectories...
Training Discriminator for 10 epochs...
Discriminator Loss: 0.0006
Optimizing ComFree parameters...
  Step   1 | loss=0.999995 | k=[2.00e-01], d=[9.96e-03]
  Step   2 | loss=0.999995 | k=[2.00e-01], d=[9.96e-03]
Generator Loss: 1.0000 | Updated Params -> K: 2.00e-01, D: 9.96e-03

=== GAN Iteration 10/30 ===
Collecting Generated (ComFree_Warp) trajectories...
Training Discriminator for 10 epochs...
Discriminator Loss: 0.0006
Optimizing ComFree parameters...
  Step   1 | loss=0.999989 | k=[2.00e-01], d=[9.96e-03]
  Step   2 | loss=0.999989 | k=[2.00e-01], d=[9.96e-03]
Generator Loss: 1.0000 | Updated Params -> K: 2.00e-01, D: 9.96e-03

=== GAN Iteration 11/30 ===
Collecting Generated (ComFree_Warp) trajectories...
Training Discriminator for 10 epochs...
Discriminator Loss: 0.0006
Optimizing ComFree parameters...
  Step   1 | loss=0.999966 | k=[2.00e-01], d=[9.96e-03]
  Step   2 | loss=0.999966 | k=[2.00e-01], d=[9.96e-03]
Generator Loss: 1.0000 | Updated Params -> K: 2.00e-01, D: 9.96e-03

=== GAN Iteration 12/30 ===
Collecting Generated (ComFree_Warp) trajectories...
Training Discriminator for 10 epochs...
Discriminator Loss: 0.0006
Optimizing ComFree parameters...
  Step   1 | loss=1.000004 | k=[2.00e-01], d=[9.96e-03]
  Step   2 | loss=1.000004 | k=[2.00e-01], d=[9.96e-03]
Generator Loss: 1.0000 | Updated Params -> K: 2.00e-01, D: 9.96e-03

=== GAN Iteration 13/30 ===
Collecting Generated (ComFree_Warp) trajectories...
Training Discriminator for 10 epochs...
Discriminator Loss: 0.0007
Optimizing ComFree parameters...
  Step   1 | loss=0.999932 | k=[2.00e-01], d=[9.96e-03]
  Step   2 | loss=0.999932 | k=[2.00e-01], d=[9.96e-03]
Generator Loss: 0.9999 | Updated Params -> K: 2.00e-01, D: 9.96e-03

=== GAN Iteration 14/30 ===
Collecting Generated (ComFree_Warp) trajectories...
Training Discriminator for 10 epochs...
Discriminator Loss: 0.0006
Optimizing ComFree parameters...
  Step   1 | loss=0.999906 | k=[2.00e-01], d=[9.96e-03]
  Step   2 | loss=0.999906 | k=[2.00e-01], d=[9.96e-03]
Generator Loss: 0.9999 | Updated Params -> K: 2.00e-01, D: 9.96e-03

=== GAN Iteration 15/30 ===
Collecting Generated (ComFree_Warp) trajectories...
Training Discriminator for 10 epochs...
Discriminator Loss: 0.0007
Optimizing ComFree parameters...
  Step   1 | loss=0.999493 | k=[2.00e-01], d=[9.96e-03]
  Step   2 | loss=0.999492 | k=[2.00e-01], d=[9.96e-03]
Generator Loss: 0.9995 | Updated Params -> K: 2.00e-01, D: 9.96e-03

=== GAN Iteration 16/30 ===
Collecting Generated (ComFree_Warp) trajectories...
Training Discriminator for 10 epochs...
Discriminator Loss: 0.0007
Optimizing ComFree parameters...
  Step   1 | loss=0.999983 | k=[2.00e-01], d=[9.96e-03]
  Step   2 | loss=0.999983 | k=[2.00e-01], d=[9.96e-03]
Generator Loss: 1.0000 | Updated Params -> K: 2.00e-01, D: 9.96e-03

=== GAN Iteration 17/30 ===
Collecting Generated (ComFree_Warp) trajectories...
Training Discriminator for 10 epochs...
Discriminator Loss: 0.0007
Optimizing ComFree parameters...
  Step   1 | loss=1.000011 | k=[2.00e-01], d=[9.96e-03]
  Step   2 | loss=1.000011 | k=[2.00e-01], d=[9.96e-03]
Generator Loss: 1.0000 | Updated Params -> K: 2.00e-01, D: 9.96e-03

=== GAN Iteration 18/30 ===
Collecting Generated (ComFree_Warp) trajectories...
Training Discriminator for 10 epochs...
Discriminator Loss: 0.0006
Optimizing ComFree parameters...
  Step   1 | loss=0.999974 | k=[2.00e-01], d=[9.96e-03]
  Step   2 | loss=0.999974 | k=[2.00e-01], d=[9.96e-03]
Generator Loss: 1.0000 | Updated Params -> K: 2.00e-01, D: 9.96e-03

=== GAN Iteration 19/30 ===
Collecting Generated (ComFree_Warp) trajectories...
Training Discriminator for 10 epochs...
Discriminator Loss: 0.0006
Optimizing ComFree parameters...
  Step   1 | loss=0.999920 | k=[2.00e-01], d=[9.96e-03]
  Step   2 | loss=0.999919 | k=[2.00e-01], d=[9.96e-03]
Generator Loss: 0.9999 | Updated Params -> K: 2.00e-01, D: 9.96e-03

=== GAN Iteration 20/30 ===
Collecting Generated (ComFree_Warp) trajectories...
Training Discriminator for 10 epochs...
Discriminator Loss: 0.0006
Optimizing ComFree parameters...
  Step   1 | loss=0.999998 | k=[2.00e-01], d=[9.96e-03]
  Step   2 | loss=0.999998 | k=[2.00e-01], d=[9.96e-03]
Generator Loss: 1.0000 | Updated Params -> K: 2.00e-01, D: 9.96e-03

=== GAN Iteration 21/30 ===
Collecting Generated (ComFree_Warp) trajectories...
Training Discriminator for 10 epochs...
Discriminator Loss: 0.0006
Optimizing ComFree parameters...
  Step   1 | loss=0.999969 | k=[2.00e-01], d=[9.96e-03]
  Step   2 | loss=0.999969 | k=[2.00e-01], d=[9.96e-03]
Generator Loss: 1.0000 | Updated Params -> K: 2.00e-01, D: 9.96e-03

=== GAN Iteration 22/30 ===
Collecting Generated (ComFree_Warp) trajectories...
Training Discriminator for 10 epochs...
Discriminator Loss: 0.0006
Optimizing ComFree parameters...
  Step   1 | loss=0.999970 | k=[2.00e-01], d=[9.96e-03]
  Step   2 | loss=0.999970 | k=[2.00e-01], d=[9.96e-03]
Generator Loss: 1.0000 | Updated Params -> K: 2.00e-01, D: 9.96e-03

=== GAN Iteration 23/30 ===
Collecting Generated (ComFree_Warp) trajectories...
Training Discriminator for 10 epochs...
Discriminator Loss: 0.0006
Optimizing ComFree parameters...
  Step   1 | loss=0.999964 | k=[2.00e-01], d=[9.96e-03]
  Step   2 | loss=0.999964 | k=[2.00e-01], d=[9.96e-03]
Generator Loss: 1.0000 | Updated Params -> K: 2.00e-01, D: 9.96e-03

=== GAN Iteration 24/30 ===
Collecting Generated (ComFree_Warp) trajectories...
Training Discriminator for 10 epochs...
Discriminator Loss: 0.0006
Optimizing ComFree parameters...
  Step   1 | loss=1.000081 | k=[2.00e-01], d=[9.96e-03]
  Step   2 | loss=1.000081 | k=[2.00e-01], d=[9.96e-03]
Generator Loss: 1.0001 | Updated Params -> K: 2.00e-01, D: 9.96e-03

=== GAN Iteration 25/30 ===
Collecting Generated (ComFree_Warp) trajectories...
Training Discriminator for 10 epochs...
Discriminator Loss: 0.0006
Optimizing ComFree parameters...
  Step   1 | loss=0.999927 | k=[2.00e-01], d=[9.96e-03]
  Step   2 | loss=0.999927 | k=[2.00e-01], d=[9.96e-03]
Generator Loss: 0.9999 | Updated Params -> K: 2.00e-01, D: 9.96e-03

=== GAN Iteration 26/30 ===
Collecting Generated (ComFree_Warp) trajectories...
Training Discriminator for 10 epochs...
Discriminator Loss: 0.0006
Optimizing ComFree parameters...
  Step   1 | loss=0.999953 | k=[2.00e-01], d=[9.96e-03]
  Step   2 | loss=0.999953 | k=[2.00e-01], d=[9.96e-03]
Generator Loss: 1.0000 | Updated Params -> K: 2.00e-01, D: 9.96e-03

=== GAN Iteration 27/30 ===
Collecting Generated (ComFree_Warp) trajectories...
Training Discriminator for 10 epochs...
Discriminator Loss: 0.0006
Optimizing ComFree parameters...
  Step   1 | loss=0.999901 | k=[2.00e-01], d=[9.96e-03]
  Step   2 | loss=0.999901 | k=[2.00e-01], d=[9.96e-03]
Generator Loss: 0.9999 | Updated Params -> K: 2.00e-01, D: 9.96e-03

=== GAN Iteration 28/30 ===
Collecting Generated (ComFree_Warp) trajectories...
Training Discriminator for 10 epochs...
Discriminator Loss: 0.0007
Optimizing ComFree parameters...
  Step   1 | loss=1.000008 | k=[2.00e-01], d=[9.96e-03]
  Step   2 | loss=1.000008 | k=[2.00e-01], d=[9.96e-03]
Generator Loss: 1.0000 | Updated Params -> K: 2.00e-01, D: 9.96e-03

=== GAN Iteration 29/30 ===
Collecting Generated (ComFree_Warp) trajectories...
Training Discriminator for 10 epochs...
Discriminator Loss: 0.0006
Optimizing ComFree parameters...
  Step   1 | loss=0.999868 | k=[2.00e-01], d=[9.96e-03]
  Step   2 | loss=0.999868 | k=[2.00e-01], d=[9.96e-03]
Generator Loss: 0.9999 | Updated Params -> K: 2.00e-01, D: 9.96e-03

=== GAN Iteration 30/30 ===
Collecting Generated (ComFree_Warp) trajectories...
Training Discriminator for 10 epochs...
Discriminator Loss: 0.0006
Optimizing ComFree parameters...
  Step   1 | loss=1.000065 | k=[2.00e-01], d=[9.96e-03]
  Step   2 | loss=1.000065 | k=[2.00e-01], d=[9.96e-03]
Generator Loss: 1.0001 | Updated Params -> K: 2.00e-01, D: 9.96e-03

Training complete. Artifacts saved to: /home/kg878/scratch_pi_amd78/kg878/gan_training/results/run_mlp_lr_d0.0005_lr_g0.005
