Starting Task 7: Model=cnn, LR_D=0.0000025, LR_G=0.0025
Running on cuda
Sampled 10 new goals.
Collecting Ground Truth (Standard MuJoCo) trajectories...
Warp 1.12.0 initialized:
   CUDA Toolkit 12.9, Driver 12.8
   Devices:
     "cpu"      : "x86_64"
     "cuda:0"   : "NVIDIA RTX 5000 Ada Generation" (31 GiB, sm_89, mempool enabled)
   Kernel cache:
     /home/kg878/.cache/warp/1.12.0
Module mujoco_warp._src.smooth f756680 load on device 'cuda:0' took 6.08 ms  (cached)
Module mujoco_warp._src.collision_driver 4d8b905 load on device 'cuda:0' took 1.02 ms  (cached)
Module _nxn_broadphase__locals__kernel_83765485 8376548 load on device 'cuda:0' took 1.22 ms  (cached)
Module _primitive_narrowphase__locals__primitive_narrowphase_799bf360 799bf36 load on device 'cuda:0' took 1.27 ms  (cached)
Module mujoco_warp._src.constraint 63c97cb load on device 'cuda:0' took 1.49 ms  (cached)
Module mujoco_warp._src.passive 7fb8524 load on device 'cuda:0' took 1.85 ms  (cached)
Module mujoco_warp._src.forward 5a5c0b5 load on device 'cuda:0' took 1.21 ms  (cached)
Module mujoco_warp._src.support 343d1ae load on device 'cuda:0' took 0.97 ms  (cached)
Module _tile_cholesky_factorize_solve__locals__cholesky_factorize_solve_31e2b081 1603efb load on device 'cuda:0' took 24.29 ms  (cached)
Module mujoco_warp._src.solver eaac975 load on device 'cuda:0' took 1.25 ms  (cached)
Module solve_init_jaref__locals__kernel_21fae504 21fae50 load on device 'cuda:0' took 0.97 ms  (cached)
Module mul_m_dense__locals___mul_m_dense_fbd74bb9 fbd74bb load on device 'cuda:0' took 1.08 ms  (cached)
Module update_constraint_efc__locals__kernel_d4ac54f8 d4ac54f load on device 'cuda:0' took 1.09 ms  (cached)
Module update_constraint_gauss_cost__locals__kernel_73299c19 73299c1 load on device 'cuda:0' took 0.90 ms  (cached)
Module update_gradient_JTDAJ_dense_tiled__locals__kernel_92d753e0 6f5ab40 load on device 'cuda:0' took 1.27 ms  (cached)
Module update_gradient_cholesky__locals__kernel_1e67b2d5 4da60ef load on device 'cuda:0' took 25.49 ms  (cached)
Module linesearch_iterative__locals__kernel_e835d44f c716e5e load on device 'cuda:0' took 1.12 ms  (cached)
Module update_constraint_efc__locals__kernel_5c3dedb8 5c3dedb load on device 'cuda:0' took 1.11 ms  (cached)
Module _tile_euler_dense__locals__euler_dense_c71389e7 8e3457a load on device 'cuda:0' took 25.90 ms  (cached)
Module comfree_warp.mujoco_warp._src.smooth c02eb38 load on device 'cuda:0' took 1.44 ms  (cached)
Module _tile_cholesky_factorize__locals__cholesky_factorize_d03d54d2 1278567 load on device 'cuda:0' took 19.32 ms  (cached)
Module comfree_warp.mujoco_warp._src.collision_driver 4d8b905 load on device 'cuda:0' took 1.04 ms  (cached)
Module _primitive_narrowphase__locals__primitive_narrowphase_fa8f2c5f fa8f2c5 load on device 'cuda:0' took 1.22 ms  (cached)
Module comfree_warp.comfree_core._src.constraint 244f68b load on device 'cuda:0' took 1.11 ms  (cached)
Module comfree_warp.mujoco_warp._src.passive 5be88d0 load on device 'cuda:0' took 1.29 ms  (cached)
Module comfree_warp.mujoco_warp._src.forward 13e94f4 load on device 'cuda:0' took 1.28 ms  (cached)
Module comfree_warp.mujoco_warp._src.support 343d1ae load on device 'cuda:0' took 1.34 ms  (cached)
Module comfree_warp.comfree_core._src.forward 7a027f4 load on device 'cuda:0' took 0.93 ms  (cached)
Module _tile_cholesky_solve__locals__cholesky_solve_612ff9f0 d6a4fa0 load on device 'cuda:0' took 19.43 ms  (cached)
Module comfree_warp.mujoco_warp._src.sensor db84035 load on device 'cuda:0' took 1.18 ms  (cached)

=== GAN Iteration 1/30 ===
Collecting Generated (ComFree_Warp) trajectories...
Training Discriminator for 10 epochs...
Discriminator Loss: 0.6634
Optimizing ComFree parameters...
  Step   1 | loss=0.716588 | k=[2.00e-01], d=[1.00e-02]
  Step   2 | loss=0.716581 | k=[2.00e-01], d=[1.00e-02]
Generator Loss: 0.7166 | Updated Params -> K: 2.00e-01, D: 1.00e-02

=== GAN Iteration 2/30 ===
Collecting Generated (ComFree_Warp) trajectories...
Training Discriminator for 10 epochs...
Discriminator Loss: 0.6922
Optimizing ComFree parameters...
  Step   1 | loss=0.711556 | k=[2.00e-01], d=[1.00e-02]
  Step   2 | loss=0.711552 | k=[2.00e-01], d=[1.00e-02]
Generator Loss: 0.7116 | Updated Params -> K: 2.00e-01, D: 1.00e-02

=== GAN Iteration 3/30 ===
Collecting Generated (ComFree_Warp) trajectories...
Training Discriminator for 10 epochs...
Discriminator Loss: 0.6947
Optimizing ComFree parameters...
  Step   1 | loss=0.716120 | k=[2.00e-01], d=[9.99e-03]
  Step   2 | loss=0.716115 | k=[2.00e-01], d=[9.99e-03]
Generator Loss: 0.7161 | Updated Params -> K: 2.00e-01, D: 9.99e-03

=== GAN Iteration 4/30 ===
Collecting Generated (ComFree_Warp) trajectories...
Training Discriminator for 10 epochs...
Discriminator Loss: 0.6703
Optimizing ComFree parameters...
  Step   1 | loss=0.723537 | k=[2.00e-01], d=[9.99e-03]
  Step   2 | loss=0.723528 | k=[2.00e-01], d=[9.99e-03]
Generator Loss: 0.7235 | Updated Params -> K: 2.00e-01, D: 9.99e-03

=== GAN Iteration 5/30 ===
Collecting Generated (ComFree_Warp) trajectories...
Training Discriminator for 10 epochs...
Discriminator Loss: 0.6915
Optimizing ComFree parameters...
  Step   1 | loss=0.724815 | k=[2.00e-01], d=[9.99e-03]
  Step   2 | loss=0.724811 | k=[2.00e-01], d=[9.99e-03]
Generator Loss: 0.7248 | Updated Params -> K: 2.00e-01, D: 9.99e-03

=== GAN Iteration 6/30 ===
Collecting Generated (ComFree_Warp) trajectories...
Training Discriminator for 10 epochs...
Discriminator Loss: 0.6897
Optimizing ComFree parameters...
  Step   1 | loss=0.713170 | k=[2.00e-01], d=[9.98e-03]
  Step   2 | loss=0.713009 | k=[2.00e-01], d=[9.97e-03]
Generator Loss: 0.7130 | Updated Params -> K: 2.00e-01, D: 9.97e-03

=== GAN Iteration 7/30 ===
Collecting Generated (ComFree_Warp) trajectories...
Training Discriminator for 10 epochs...
Discriminator Loss: 0.6908
Optimizing ComFree parameters...
  Step   1 | loss=0.720247 | k=[2.00e-01], d=[9.97e-03]
  Step   2 | loss=0.720243 | k=[2.00e-01], d=[9.97e-03]
Generator Loss: 0.7202 | Updated Params -> K: 2.00e-01, D: 9.97e-03

=== GAN Iteration 8/30 ===
Collecting Generated (ComFree_Warp) trajectories...
Training Discriminator for 10 epochs...
Discriminator Loss: 0.6927
Optimizing ComFree parameters...
  Step   1 | loss=0.716029 | k=[2.00e-01], d=[9.97e-03]
  Step   2 | loss=0.716021 | k=[2.00e-01], d=[9.97e-03]
Generator Loss: 0.7160 | Updated Params -> K: 2.00e-01, D: 9.97e-03

=== GAN Iteration 9/30 ===
Collecting Generated (ComFree_Warp) trajectories...
Training Discriminator for 10 epochs...
Discriminator Loss: 0.6887
Optimizing ComFree parameters...
  Step   1 | loss=0.722696 | k=[2.00e-01], d=[9.97e-03]
  Step   2 | loss=0.722688 | k=[2.00e-01], d=[9.97e-03]
Generator Loss: 0.7227 | Updated Params -> K: 2.00e-01, D: 9.97e-03

=== GAN Iteration 10/30 ===
Collecting Generated (ComFree_Warp) trajectories...
Training Discriminator for 10 epochs...
Discriminator Loss: 0.6907
Optimizing ComFree parameters...
  Step   1 | loss=0.714332 | k=[2.00e-01], d=[9.97e-03]
  Step   2 | loss=0.714327 | k=[2.00e-01], d=[9.96e-03]
Generator Loss: 0.7143 | Updated Params -> K: 2.00e-01, D: 9.96e-03

=== GAN Iteration 11/30 ===
Collecting Generated (ComFree_Warp) trajectories...
Training Discriminator for 10 epochs...
Discriminator Loss: 0.6907
Optimizing ComFree parameters...
  Step   1 | loss=0.719623 | k=[2.00e-01], d=[9.96e-03]
  Step   2 | loss=0.719612 | k=[2.00e-01], d=[9.96e-03]
Generator Loss: 0.7196 | Updated Params -> K: 2.00e-01, D: 9.96e-03

=== GAN Iteration 12/30 ===
Collecting Generated (ComFree_Warp) trajectories...
Training Discriminator for 10 epochs...
Discriminator Loss: 0.6883
Optimizing ComFree parameters...
  Step   1 | loss=0.721247 | k=[2.00e-01], d=[9.95e-03]
  Step   2 | loss=0.721055 | k=[2.00e-01], d=[9.95e-03]
Generator Loss: 0.7211 | Updated Params -> K: 2.00e-01, D: 9.95e-03

=== GAN Iteration 13/30 ===
Collecting Generated (ComFree_Warp) trajectories...
Training Discriminator for 10 epochs...
Discriminator Loss: 0.6875
Optimizing ComFree parameters...
  Step   1 | loss=0.721840 | k=[2.00e-01], d=[9.95e-03]
  Step   2 | loss=0.721832 | k=[2.00e-01], d=[9.95e-03]
Generator Loss: 0.7218 | Updated Params -> K: 2.00e-01, D: 9.95e-03

=== GAN Iteration 14/30 ===
Collecting Generated (ComFree_Warp) trajectories...
Training Discriminator for 10 epochs...
Discriminator Loss: 0.6876
Optimizing ComFree parameters...
  Step   1 | loss=0.715192 | k=[2.00e-01], d=[9.94e-03]
  Step   2 | loss=0.715063 | k=[2.00e-01], d=[9.95e-03]
Generator Loss: 0.7151 | Updated Params -> K: 2.00e-01, D: 9.95e-03

=== GAN Iteration 15/30 ===
Collecting Generated (ComFree_Warp) trajectories...
Training Discriminator for 10 epochs...
Discriminator Loss: 0.6877
Optimizing ComFree parameters...
  Step   1 | loss=0.718732 | k=[2.00e-01], d=[9.94e-03]
  Step   2 | loss=0.718721 | k=[2.00e-01], d=[9.94e-03]
Generator Loss: 0.7187 | Updated Params -> K: 2.00e-01, D: 9.94e-03

=== GAN Iteration 16/30 ===
Collecting Generated (ComFree_Warp) trajectories...
Training Discriminator for 10 epochs...
Discriminator Loss: 0.6863
Optimizing ComFree parameters...
  Step   1 | loss=0.724735 | k=[2.00e-01], d=[9.94e-03]
  Step   2 | loss=0.724726 | k=[2.00e-01], d=[9.94e-03]
Generator Loss: 0.7247 | Updated Params -> K: 2.00e-01, D: 9.94e-03

=== GAN Iteration 17/30 ===
Collecting Generated (ComFree_Warp) trajectories...
Training Discriminator for 10 epochs...
Discriminator Loss: 0.6891
Optimizing ComFree parameters...
  Step   1 | loss=0.722405 | k=[2.00e-01], d=[9.94e-03]
  Step   2 | loss=0.722395 | k=[2.00e-01], d=[9.94e-03]
Generator Loss: 0.7224 | Updated Params -> K: 2.00e-01, D: 9.94e-03

=== GAN Iteration 18/30 ===
Collecting Generated (ComFree_Warp) trajectories...
Training Discriminator for 10 epochs...
Discriminator Loss: 0.6860
Optimizing ComFree parameters...
  Step   1 | loss=0.711232 | k=[2.00e-01], d=[9.93e-03]
  Step   2 | loss=0.711229 | k=[2.00e-01], d=[9.93e-03]
Generator Loss: 0.7112 | Updated Params -> K: 2.00e-01, D: 9.93e-03

=== GAN Iteration 19/30 ===
Collecting Generated (ComFree_Warp) trajectories...
Training Discriminator for 10 epochs...
Discriminator Loss: 0.6840
Optimizing ComFree parameters...
  Step   1 | loss=0.710478 | k=[2.00e-01], d=[9.93e-03]
  Step   2 | loss=0.710473 | k=[2.00e-01], d=[9.93e-03]
Generator Loss: 0.7105 | Updated Params -> K: 2.00e-01, D: 9.93e-03

=== GAN Iteration 20/30 ===
Collecting Generated (ComFree_Warp) trajectories...
Training Discriminator for 10 epochs...
Discriminator Loss: 0.6803
Optimizing ComFree parameters...
  Step   1 | loss=0.716960 | k=[2.00e-01], d=[9.93e-03]
  Step   2 | loss=0.716959 | k=[2.00e-01], d=[9.93e-03]
Generator Loss: 0.7170 | Updated Params -> K: 2.00e-01, D: 9.93e-03

=== GAN Iteration 21/30 ===
Collecting Generated (ComFree_Warp) trajectories...
Training Discriminator for 10 epochs...
Discriminator Loss: 0.6843
Optimizing ComFree parameters...
  Step   1 | loss=0.719372 | k=[2.00e-01], d=[9.93e-03]
  Step   2 | loss=0.719366 | k=[2.00e-01], d=[9.93e-03]
Generator Loss: 0.7194 | Updated Params -> K: 2.00e-01, D: 9.93e-03

=== GAN Iteration 22/30 ===
Collecting Generated (ComFree_Warp) trajectories...
Training Discriminator for 10 epochs...
Discriminator Loss: 0.6834
Optimizing ComFree parameters...
  Step   1 | loss=0.712483 | k=[2.00e-01], d=[9.93e-03]
  Step   2 | loss=0.712483 | k=[2.00e-01], d=[9.93e-03]
Generator Loss: 0.7125 | Updated Params -> K: 2.00e-01, D: 9.93e-03

=== GAN Iteration 23/30 ===
Collecting Generated (ComFree_Warp) trajectories...
Training Discriminator for 10 epochs...
Discriminator Loss: 0.6835
Optimizing ComFree parameters...
  Step   1 | loss=0.716263 | k=[2.00e-01], d=[9.93e-03]
  Step   2 | loss=0.716257 | k=[2.00e-01], d=[9.93e-03]
Generator Loss: 0.7163 | Updated Params -> K: 2.00e-01, D: 9.93e-03

=== GAN Iteration 24/30 ===
Collecting Generated (ComFree_Warp) trajectories...
Training Discriminator for 10 epochs...
Discriminator Loss: 0.6827
Optimizing ComFree parameters...
  Step   1 | loss=0.710527 | k=[2.00e-01], d=[9.93e-03]
  Step   2 | loss=0.710525 | k=[2.00e-01], d=[9.93e-03]
Generator Loss: 0.7105 | Updated Params -> K: 2.00e-01, D: 9.93e-03

=== GAN Iteration 25/30 ===
Collecting Generated (ComFree_Warp) trajectories...
Training Discriminator for 10 epochs...
Discriminator Loss: 0.6805
Optimizing ComFree parameters...
  Step   1 | loss=0.707531 | k=[2.00e-01], d=[9.93e-03]
  Step   2 | loss=0.707526 | k=[2.00e-01], d=[9.92e-03]
Generator Loss: 0.7075 | Updated Params -> K: 2.00e-01, D: 9.92e-03

=== GAN Iteration 26/30 ===
Collecting Generated (ComFree_Warp) trajectories...
Training Discriminator for 10 epochs...
Discriminator Loss: 0.6823
Optimizing ComFree parameters...
  Step   1 | loss=0.699971 | k=[2.00e-01], d=[9.92e-03]
  Step   2 | loss=0.699950 | k=[2.00e-01], d=[9.92e-03]
Generator Loss: 0.6999 | Updated Params -> K: 2.00e-01, D: 9.92e-03

=== GAN Iteration 27/30 ===
Collecting Generated (ComFree_Warp) trajectories...
Training Discriminator for 10 epochs...
Discriminator Loss: 0.6817
Optimizing ComFree parameters...
  Step   1 | loss=0.724043 | k=[2.00e-01], d=[9.92e-03]
  Step   2 | loss=0.724031 | k=[2.00e-01], d=[9.92e-03]
Generator Loss: 0.7240 | Updated Params -> K: 2.00e-01, D: 9.92e-03

=== GAN Iteration 28/30 ===
Collecting Generated (ComFree_Warp) trajectories...
Training Discriminator for 10 epochs...
Discriminator Loss: 0.6790
Optimizing ComFree parameters...
  Step   1 | loss=0.708084 | k=[2.00e-01], d=[9.92e-03]
  Step   2 | loss=0.708075 | k=[2.00e-01], d=[9.92e-03]
Generator Loss: 0.7081 | Updated Params -> K: 2.00e-01, D: 9.92e-03

=== GAN Iteration 29/30 ===
Collecting Generated (ComFree_Warp) trajectories...
Training Discriminator for 10 epochs...
Discriminator Loss: 0.6809
Optimizing ComFree parameters...
  Step   1 | loss=0.707096 | k=[2.00e-01], d=[9.93e-03]
  Step   2 | loss=0.705059 | k=[2.00e-01], d=[9.93e-03]
Generator Loss: 0.7051 | Updated Params -> K: 2.00e-01, D: 9.93e-03

=== GAN Iteration 30/30 ===
Collecting Generated (ComFree_Warp) trajectories...
Training Discriminator for 10 epochs...
Discriminator Loss: 0.6813
Optimizing ComFree parameters...
  Step   1 | loss=0.713604 | k=[2.00e-01], d=[9.93e-03]
  Step   2 | loss=0.713592 | k=[2.00e-01], d=[9.93e-03]
Generator Loss: 0.7136 | Updated Params -> K: 2.00e-01, D: 9.93e-03

Training complete. Artifacts saved to: /home/kg878/scratch_pi_amd78/kg878/gan_training/results/run_cnn_lr_d0.0000025_lr_g0.0025
