Starting Task 13: Model=cnn, LR_D=0.00025, LR_G=0.0025
Running on cuda
Sampled 10 new goals.
Collecting Ground Truth (Standard MuJoCo) trajectories...
Warp 1.12.0 initialized:
   CUDA Toolkit 12.9, Driver 12.8
   Devices:
     "cpu"      : "x86_64"
     "cuda:0"   : "NVIDIA RTX 5000 Ada Generation" (31 GiB, sm_89, mempool enabled)
   Kernel cache:
     /home/kg878/.cache/warp/1.12.0
Module mujoco_warp._src.smooth f756680 load on device 'cuda:0' took 6.01 ms  (cached)
Module mujoco_warp._src.collision_driver 4d8b905 load on device 'cuda:0' took 1.00 ms  (cached)
Module _nxn_broadphase__locals__kernel_83765485 8376548 load on device 'cuda:0' took 0.99 ms  (cached)
Module _primitive_narrowphase__locals__primitive_narrowphase_799bf360 799bf36 load on device 'cuda:0' took 0.96 ms  (cached)
Module mujoco_warp._src.constraint 63c97cb load on device 'cuda:0' took 1.34 ms  (cached)
Module mujoco_warp._src.passive 7fb8524 load on device 'cuda:0' took 1.00 ms  (cached)
Module mujoco_warp._src.forward 5a5c0b5 load on device 'cuda:0' took 1.24 ms  (cached)
Module mujoco_warp._src.support 343d1ae load on device 'cuda:0' took 1.99 ms  (cached)
Module _tile_cholesky_factorize_solve__locals__cholesky_factorize_solve_31e2b081 1603efb load on device 'cuda:0' took 28.09 ms  (cached)
Module mujoco_warp._src.solver eaac975 load on device 'cuda:0' took 1.17 ms  (cached)
Module solve_init_jaref__locals__kernel_21fae504 21fae50 load on device 'cuda:0' took 0.95 ms  (cached)
Module mul_m_dense__locals___mul_m_dense_fbd74bb9 fbd74bb load on device 'cuda:0' took 0.89 ms  (cached)
Module update_constraint_efc__locals__kernel_d4ac54f8 d4ac54f load on device 'cuda:0' took 1.11 ms  (cached)
Module update_constraint_gauss_cost__locals__kernel_73299c19 73299c1 load on device 'cuda:0' took 0.95 ms  (cached)
Module update_gradient_JTDAJ_dense_tiled__locals__kernel_92d753e0 6f5ab40 load on device 'cuda:0' took 1.20 ms  (cached)
Module update_gradient_cholesky__locals__kernel_1e67b2d5 4da60ef load on device 'cuda:0' took 25.40 ms  (cached)
Module linesearch_iterative__locals__kernel_e835d44f c716e5e load on device 'cuda:0' took 1.26 ms  (cached)
Module update_constraint_efc__locals__kernel_5c3dedb8 5c3dedb load on device 'cuda:0' took 1.02 ms  (cached)
Module _tile_euler_dense__locals__euler_dense_c71389e7 8e3457a load on device 'cuda:0' took 25.41 ms  (cached)
Module comfree_warp.mujoco_warp._src.smooth c02eb38 load on device 'cuda:0' took 2.15 ms  (cached)
Module _tile_cholesky_factorize__locals__cholesky_factorize_d03d54d2 1278567 load on device 'cuda:0' took 19.12 ms  (cached)
Module comfree_warp.mujoco_warp._src.collision_driver 4d8b905 load on device 'cuda:0' took 1.20 ms  (cached)
Module _primitive_narrowphase__locals__primitive_narrowphase_fa8f2c5f fa8f2c5 load on device 'cuda:0' took 2.15 ms  (cached)
Module comfree_warp.comfree_core._src.constraint 244f68b load on device 'cuda:0' took 1.83 ms  (cached)
Module comfree_warp.mujoco_warp._src.passive 5be88d0 load on device 'cuda:0' took 1.87 ms  (cached)
Module comfree_warp.mujoco_warp._src.forward 13e94f4 load on device 'cuda:0' took 2.51 ms  (cached)
Module comfree_warp.mujoco_warp._src.support 343d1ae load on device 'cuda:0' took 1.46 ms  (cached)
Module comfree_warp.comfree_core._src.forward 7a027f4 load on device 'cuda:0' took 1.94 ms  (cached)
Module _tile_cholesky_solve__locals__cholesky_solve_612ff9f0 d6a4fa0 load on device 'cuda:0' took 20.52 ms  (cached)
Module comfree_warp.mujoco_warp._src.sensor db84035 load on device 'cuda:0' took 2.78 ms  (cached)

=== GAN Iteration 1/20 ===
Collecting Generated (ComFree_Warp) trajectories...
Training Discriminator for 10 epochs...
Discriminator Loss: 0.6983
Optimizing ComFree parameters to fool the Discriminator...
  Step   1 | loss=0.633701 | k=0.39973 (log_k=-0.91629), d=0.00999 (log_d=-4.60517)
  Step   2 | loss=0.632926 | k=0.39945 (log_k=-0.91698), d=0.00997 (log_d=-4.60647)
  Step   3 | loss=0.632179 | k=0.40064 (log_k=-0.91766), d=0.01000 (log_d=-4.60782)
  Step   4 | loss=0.637103 | k=0.39819 (log_k=-0.91469), d=0.00989 (log_d=-4.60547)
  Step   5 | loss=0.645935 | k=0.39805 (log_k=-0.92083), d=0.00988 (log_d=-4.61623)
  Step   6 | loss=0.645711 | k=0.39793 (log_k=-0.92118), d=0.00988 (log_d=-4.61689)
  Step   7 | loss=0.645542 | k=0.39783 (log_k=-0.92147), d=0.00987 (log_d=-4.61744)
  Step   8 | loss=0.645398 | k=0.39768 (log_k=-0.92174), d=0.00987 (log_d=-4.61794)
  Step   9 | loss=0.645172 | k=0.39756 (log_k=-0.92210), d=0.00986 (log_d=-4.61863)
  Step  10 | loss=0.646365 | k=0.39801 (log_k=-0.92242), d=0.00988 (log_d=-4.61922)
  Step  11 | loss=0.645637 | k=0.39788 (log_k=-0.92128), d=0.00988 (log_d=-4.61714)
  Step  12 | loss=0.645471 | k=0.39775 (log_k=-0.92161), d=0.00987 (log_d=-4.61774)
  Step  13 | loss=0.645250 | k=0.39785 (log_k=-0.92194), d=0.00987 (log_d=-4.61837)
  Step  14 | loss=0.645240 | k=0.39773 (log_k=-0.92168), d=0.00987 (log_d=-4.61857)
  Step  15 | loss=0.645207 | k=0.39762 (log_k=-0.92198), d=0.00986 (log_d=-4.61855)
  Step  16 | loss=0.646244 | k=0.39759 (log_k=-0.92227), d=0.01015 (log_d=-4.61910)
  Step  17 | loss=0.646217 | k=0.39786 (log_k=-0.92235), d=0.01017 (log_d=-4.59001)
  Step  18 | loss=0.644663 | k=0.39815 (log_k=-0.92165), d=0.01018 (log_d=-4.58833)
  Step  19 | loss=0.644143 | k=0.39882 (log_k=-0.92092), d=0.01022 (log_d=-4.58734)
  Step  20 | loss=0.643566 | k=0.39885 (log_k=-0.91924), d=0.01022 (log_d=-4.58313)
Generator Loss: 0.6322 | Updated Params -> K: 0.40064, D: 0.01000

=== GAN Iteration 2/20 ===
Collecting Generated (ComFree_Warp) trajectories...
Training Discriminator for 10 epochs...
Discriminator Loss: 0.7023
Optimizing ComFree parameters to fool the Discriminator...
  Step   1 | loss=0.636752 | k=0.40059 (log_k=-0.91469), d=0.00999 (log_d=-4.60547)
  Step   2 | loss=0.636757 | k=0.40062 (log_k=-0.91481), d=0.01000 (log_d=-4.60575)
  Step   3 | loss=0.636751 | k=0.40063 (log_k=-0.91475), d=0.01000 (log_d=-4.60565)
  Step   4 | loss=0.636748 | k=0.40062 (log_k=-0.91471), d=0.01000 (log_d=-4.60557)
  Step   5 | loss=0.636752 | k=0.40064 (log_k=-0.91473), d=0.01000 (log_d=-4.60567)
  Step   6 | loss=0.636748 | k=0.40063 (log_k=-0.91469), d=0.00999 (log_d=-4.60558)
  Step   7 | loss=0.636752 | k=0.40065 (log_k=-0.91471), d=0.01000 (log_d=-4.60568)
  Step   8 | loss=0.636748 | k=0.40064 (log_k=-0.91467), d=0.00999 (log_d=-4.60559)
  Step   9 | loss=0.636752 | k=0.40066 (log_k=-0.91469), d=0.01000 (log_d=-4.60569)
  Step  10 | loss=0.636748 | k=0.40065 (log_k=-0.91464), d=0.00999 (log_d=-4.60560)
  Step  11 | loss=0.636752 | k=0.40067 (log_k=-0.91467), d=0.01000 (log_d=-4.60570)
  Step  12 | loss=0.636748 | k=0.40066 (log_k=-0.91462), d=0.00999 (log_d=-4.60560)
  Step  13 | loss=0.636752 | k=0.40068 (log_k=-0.91464), d=0.01000 (log_d=-4.60571)
  Step  14 | loss=0.636748 | k=0.40067 (log_k=-0.91460), d=0.00999 (log_d=-4.60561)
  Step  15 | loss=0.636752 | k=0.40069 (log_k=-0.91462), d=0.01000 (log_d=-4.60572)
  Step  16 | loss=0.636748 | k=0.40068 (log_k=-0.91457), d=0.00999 (log_d=-4.60563)
  Step  17 | loss=0.636752 | k=0.40070 (log_k=-0.91460), d=0.01000 (log_d=-4.60573)
  Step  18 | loss=0.636748 | k=0.40069 (log_k=-0.91455), d=0.00999 (log_d=-4.60564)
  Step  19 | loss=0.636752 | k=0.40071 (log_k=-0.91457), d=0.01000 (log_d=-4.60574)
  Step  20 | loss=0.636748 | k=0.40070 (log_k=-0.91453), d=0.00999 (log_d=-4.60565)
Generator Loss: 0.6367 | Updated Params -> K: 0.40065, D: 0.00999

=== GAN Iteration 3/20 ===
Collecting Generated (ComFree_Warp) trajectories...
Training Discriminator for 10 epochs...
Discriminator Loss: 0.6985
Optimizing ComFree parameters to fool the Discriminator...
  Step   1 | loss=0.635828 | k=0.40078 (log_k=-0.91467), d=0.01000 (log_d=-4.60570)
  Step   2 | loss=0.635581 | k=0.40088 (log_k=-0.91435), d=0.01001 (log_d=-4.60503)
  Step   3 | loss=0.635533 | k=0.40077 (log_k=-0.91409), d=0.00999 (log_d=-4.60443)
  Step   4 | loss=0.635881 | k=0.40091 (log_k=-0.91437), d=0.01000 (log_d=-4.60601)
  Step   5 | loss=0.635603 | k=0.40101 (log_k=-0.91402), d=0.01000 (log_d=-4.60528)
  Step   6 | loss=0.635510 | k=0.40096 (log_k=-0.91377), d=0.01000 (log_d=-4.60473)
  Step   7 | loss=0.635530 | k=0.40098 (log_k=-0.91390), d=0.01000 (log_d=-4.60496)
  Step   8 | loss=0.635527 | k=0.40100 (log_k=-0.91385), d=0.01000 (log_d=-4.60488)
  Step   9 | loss=0.635513 | k=0.40095 (log_k=-0.91381), d=0.01000 (log_d=-4.60470)
  Step  10 | loss=0.635527 | k=0.40096 (log_k=-0.91393), d=0.01000 (log_d=-4.60487)
  Step  11 | loss=0.635510 | k=0.40094 (log_k=-0.91390), d=0.01000 (log_d=-4.60471)
  Step  12 | loss=0.635530 | k=0.40097 (log_k=-0.91393), d=0.01000 (log_d=-4.60493)
  Step  13 | loss=0.635525 | k=0.40103 (log_k=-0.91386), d=0.01001 (log_d=-4.60483)
  Step  14 | loss=0.635607 | k=0.40169 (log_k=-0.91372), d=0.01005 (log_d=-4.60448)
  Step  15 | loss=0.634383 | k=0.40228 (log_k=-0.91207), d=0.01008 (log_d=-4.60026)
  Step  16 | loss=0.634375 | k=0.40223 (log_k=-0.91060), d=0.01007 (log_d=-4.59748)
  Step  17 | loss=0.634343 | k=0.40218 (log_k=-0.91072), d=0.01007 (log_d=-4.59777)
  Step  18 | loss=0.634210 | k=0.40204 (log_k=-0.91086), d=0.01007 (log_d=-4.59806)
  Step  19 | loss=0.634105 | k=0.40192 (log_k=-0.91121), d=0.01006 (log_d=-4.59865)
  Step  20 | loss=0.633775 | k=0.40157 (log_k=-0.91149), d=0.01003 (log_d=-4.59931)
Generator Loss: 0.6338 | Updated Params -> K: 0.40157, D: 0.01003

=== GAN Iteration 4/20 ===
Collecting Generated (ComFree_Warp) trajectories...
Training Discriminator for 10 epochs...
Discriminator Loss: 0.7019
Optimizing ComFree parameters to fool the Discriminator...
  Step   1 | loss=0.627228 | k=0.40157 (log_k=-0.91238), d=0.01004 (log_d=-4.60169)
  Step   2 | loss=0.627228 | k=0.40159 (log_k=-0.91238), d=0.01004 (log_d=-4.60164)
  Step   3 | loss=0.627224 | k=0.40164 (log_k=-0.91233), d=0.01004 (log_d=-4.60156)
  Step   4 | loss=0.627213 | k=0.40166 (log_k=-0.91220), d=0.01004 (log_d=-4.60136)
  Step   5 | loss=0.627202 | k=0.40168 (log_k=-0.91214), d=0.01004 (log_d=-4.60126)
  Step   6 | loss=0.627201 | k=0.40172 (log_k=-0.91210), d=0.01004 (log_d=-4.60119)
  Step   7 | loss=0.627194 | k=0.40174 (log_k=-0.91199), d=0.01004 (log_d=-4.60105)
  Step   8 | loss=0.627184 | k=0.40177 (log_k=-0.91195), d=0.01004 (log_d=-4.60095)
  Step   9 | loss=0.627177 | k=0.40180 (log_k=-0.91188), d=0.01004 (log_d=-4.60084)
  Step  10 | loss=0.627170 | k=0.40182 (log_k=-0.91181), d=0.01005 (log_d=-4.60070)
  Step  11 | loss=0.627161 | k=0.40185 (log_k=-0.91174), d=0.01005 (log_d=-4.60057)
  Step  12 | loss=0.627154 | k=0.40187 (log_k=-0.91169), d=0.01005 (log_d=-4.60046)
  Step  13 | loss=0.627148 | k=0.40189 (log_k=-0.91163), d=0.01005 (log_d=-4.60034)
  Step  14 | loss=0.627141 | k=0.40191 (log_k=-0.91157), d=0.01005 (log_d=-4.60023)
  Step  15 | loss=0.627133 | k=0.40194 (log_k=-0.91152), d=0.01005 (log_d=-4.60010)
  Step  16 | loss=0.627126 | k=0.40196 (log_k=-0.91146), d=0.01005 (log_d=-4.59998)
  Step  17 | loss=0.627118 | k=0.40199 (log_k=-0.91140), d=0.01005 (log_d=-4.59985)
  Step  18 | loss=0.627111 | k=0.40201 (log_k=-0.91134), d=0.01006 (log_d=-4.59973)
  Step  19 | loss=0.627104 | k=0.40203 (log_k=-0.91128), d=0.01006 (log_d=-4.59961)
  Step  20 | loss=0.627097 | k=0.40206 (log_k=-0.91122), d=0.01006 (log_d=-4.59950)
Generator Loss: 0.6271 | Updated Params -> K: 0.40206, D: 0.01006

=== GAN Iteration 5/20 ===
Collecting Generated (ComFree_Warp) trajectories...
Training Discriminator for 10 epochs...
Discriminator Loss: 0.6961
Optimizing ComFree parameters to fool the Discriminator...
  Step   1 | loss=0.612867 | k=0.40616 (log_k=-0.91116), d=0.01009 (log_d=-4.59935)
  Step   2 | loss=0.614072 | k=0.40618 (log_k=-0.90101), d=0.01009 (log_d=-4.59625)
  Step   3 | loss=0.614035 | k=0.40630 (log_k=-0.90096), d=0.01010 (log_d=-4.59596)
  Step   4 | loss=0.613914 | k=0.40638 (log_k=-0.90066), d=0.01010 (log_d=-4.59533)
  Step   5 | loss=0.613852 | k=0.40665 (log_k=-0.90046), d=0.01011 (log_d=-4.59489)
  Step   6 | loss=0.613906 | k=0.40656 (log_k=-0.89979), d=0.01011 (log_d=-4.59403)
  Step   7 | loss=0.613763 | k=0.40661 (log_k=-0.90003), d=0.01011 (log_d=-4.59443)
  Step   8 | loss=0.613758 | k=0.40648 (log_k=-0.89991), d=0.01010 (log_d=-4.59442)
  Step   9 | loss=0.613790 | k=0.40630 (log_k=-0.90021), d=0.01011 (log_d=-4.59473)
  Step  10 | loss=0.613792 | k=0.40618 (log_k=-0.90066), d=0.01011 (log_d=-4.59453)
  Step  11 | loss=0.613793 | k=0.40630 (log_k=-0.90095), d=0.01011 (log_d=-4.59432)
  Step  12 | loss=0.613786 | k=0.40625 (log_k=-0.90066), d=0.01011 (log_d=-4.59387)
  Step  13 | loss=0.613815 | k=0.40631 (log_k=-0.90080), d=0.01011 (log_d=-4.59461)
  Step  14 | loss=0.613756 | k=0.40637 (log_k=-0.90063), d=0.01011 (log_d=-4.59424)
  Step  15 | loss=0.613780 | k=0.40643 (log_k=-0.90048), d=0.01011 (log_d=-4.59448)
  Step  16 | loss=0.613771 | k=0.40642 (log_k=-0.90034), d=0.01011 (log_d=-4.59415)
  Step  17 | loss=0.613757 | k=0.40636 (log_k=-0.90037), d=0.01011 (log_d=-4.59421)
  Step  18 | loss=0.613790 | k=0.40618 (log_k=-0.90051), d=0.01011 (log_d=-4.59459)
  Step  19 | loss=0.613792 | k=0.40606 (log_k=-0.90096), d=0.01011 (log_d=-4.59439)
  Step  20 | loss=0.613793 | k=0.40617 (log_k=-0.90125), d=0.01011 (log_d=-4.59418)
Generator Loss: 0.6129 | Updated Params -> K: 0.40616, D: 0.01009

=== GAN Iteration 6/20 ===
Collecting Generated (ComFree_Warp) trajectories...
Training Discriminator for 10 epochs...
Discriminator Loss: 0.6958
Optimizing ComFree parameters to fool the Discriminator...
  Step   1 | loss=0.607819 | k=0.40610 (log_k=-0.90101), d=0.01009 (log_d=-4.59625)
  Step   2 | loss=0.607806 | k=0.40604 (log_k=-0.90115), d=0.01009 (log_d=-4.59635)
  Step   3 | loss=0.607788 | k=0.40595 (log_k=-0.90130), d=0.01009 (log_d=-4.59646)
  Step   4 | loss=0.607767 | k=0.40587 (log_k=-0.90152), d=0.01009 (log_d=-4.59665)
  Step   5 | loss=0.607741 | k=0.40576 (log_k=-0.90171), d=0.01008 (log_d=-4.59669)
  Step   6 | loss=0.607687 | k=0.40562 (log_k=-0.90201), d=0.01008 (log_d=-4.59700)
  Step   7 | loss=0.607681 | k=0.40561 (log_k=-0.90233), d=0.01007 (log_d=-4.59730)
  Step   8 | loss=0.607452 | k=0.40533 (log_k=-0.90236), d=0.01006 (log_d=-4.59836)
  Step   9 | loss=0.607230 | k=0.40512 (log_k=-0.90306), d=0.01005 (log_d=-4.59913)
  Step  10 | loss=0.607178 | k=0.40514 (log_k=-0.90358), d=0.01006 (log_d=-4.59971)
  Step  11 | loss=0.607169 | k=0.40510 (log_k=-0.90353), d=0.01006 (log_d=-4.59959)
  Step  12 | loss=0.607177 | k=0.40512 (log_k=-0.90363), d=0.01006 (log_d=-4.59967)
  Step  13 | loss=0.607168 | k=0.40508 (log_k=-0.90358), d=0.01006 (log_d=-4.59957)
  Step  14 | loss=0.607176 | k=0.40510 (log_k=-0.90367), d=0.01006 (log_d=-4.59963)
  Step  15 | loss=0.607168 | k=0.40507 (log_k=-0.90363), d=0.01006 (log_d=-4.59953)
  Step  16 | loss=0.607176 | k=0.40509 (log_k=-0.90371), d=0.01006 (log_d=-4.59959)
  Step  17 | loss=0.607168 | k=0.40505 (log_k=-0.90364), d=0.01006 (log_d=-4.59948)
  Step  18 | loss=0.607175 | k=0.40507 (log_k=-0.90374), d=0.01006 (log_d=-4.59956)
  Step  19 | loss=0.607167 | k=0.40503 (log_k=-0.90369), d=0.01006 (log_d=-4.59944)
  Step  20 | loss=0.607174 | k=0.40505 (log_k=-0.90379), d=0.01006 (log_d=-4.59952)
Generator Loss: 0.6072 | Updated Params -> K: 0.40503, D: 0.01006

=== GAN Iteration 7/20 ===
Collecting Generated (ComFree_Warp) trajectories...
Training Discriminator for 10 epochs...
Discriminator Loss: 0.6947
Optimizing ComFree parameters to fool the Discriminator...
  Step   1 | loss=0.616912 | k=0.40510 (log_k=-0.90379), d=0.01006 (log_d=-4.59952)
  Step   2 | loss=0.616834 | k=0.40518 (log_k=-0.90363), d=0.01006 (log_d=-4.59931)
  Step   3 | loss=0.616792 | k=0.40526 (log_k=-0.90342), d=0.01006 (log_d=-4.59905)
  Step   4 | loss=0.616759 | k=0.40531 (log_k=-0.90323), d=0.01007 (log_d=-4.59883)
  Step   5 | loss=0.616737 | k=0.40535 (log_k=-0.90310), d=0.01007 (log_d=-4.59863)
  Step   6 | loss=0.616728 | k=0.40539 (log_k=-0.90301), d=0.01007 (log_d=-4.59852)
  Step   7 | loss=0.616715 | k=0.40544 (log_k=-0.90289), d=0.01007 (log_d=-4.59838)
  Step   8 | loss=0.616703 | k=0.40548 (log_k=-0.90278), d=0.01007 (log_d=-4.59824)
  Step   9 | loss=0.616699 | k=0.40551 (log_k=-0.90269), d=0.01007 (log_d=-4.59819)
  Step  10 | loss=0.616700 | k=0.40555 (log_k=-0.90261), d=0.01007 (log_d=-4.59834)
  Step  11 | loss=0.616696 | k=0.40558 (log_k=-0.90252), d=0.01007 (log_d=-4.59827)
  Step  12 | loss=0.616696 | k=0.40561 (log_k=-0.90244), d=0.01007 (log_d=-4.59840)
  Step  13 | loss=0.616692 | k=0.40564 (log_k=-0.90236), d=0.01007 (log_d=-4.59836)
  Step  14 | loss=0.616691 | k=0.40568 (log_k=-0.90228), d=0.01007 (log_d=-4.59845)
  Step  15 | loss=0.616688 | k=0.40570 (log_k=-0.90220), d=0.01007 (log_d=-4.59841)
  Step  16 | loss=0.616688 | k=0.40572 (log_k=-0.90215), d=0.01007 (log_d=-4.59850)
  Step  17 | loss=0.616685 | k=0.40575 (log_k=-0.90208), d=0.01007 (log_d=-4.59846)
  Step  18 | loss=0.616685 | k=0.40579 (log_k=-0.90203), d=0.01007 (log_d=-4.59854)
  Step  19 | loss=0.616682 | k=0.40632 (log_k=-0.90193), d=0.01007 (log_d=-4.59851)
  Step  20 | loss=0.616581 | k=0.40615 (log_k=-0.90060), d=0.01007 (log_d=-4.59861)
Generator Loss: 0.6166 | Updated Params -> K: 0.40615, D: 0.01007

=== GAN Iteration 8/20 ===
Collecting Generated (ComFree_Warp) trajectories...
Training Discriminator for 10 epochs...
Discriminator Loss: 0.6940
Optimizing ComFree parameters to fool the Discriminator...
  Step   1 | loss=0.612319 | k=0.40616 (log_k=-0.90104), d=0.01007 (log_d=-4.59814)
  Step   2 | loss=0.612302 | k=0.40617 (log_k=-0.90102), d=0.01007 (log_d=-4.59788)
  Step   3 | loss=0.612300 | k=0.40618 (log_k=-0.90099), d=0.01007 (log_d=-4.59781)
  Step   4 | loss=0.612298 | k=0.40619 (log_k=-0.90097), d=0.01008 (log_d=-4.59775)
  Step   5 | loss=0.612296 | k=0.40620 (log_k=-0.90094), d=0.01008 (log_d=-4.59769)
  Step   6 | loss=0.612295 | k=0.40620 (log_k=-0.90091), d=0.01008 (log_d=-4.59765)
  Step   7 | loss=0.612295 | k=0.40621 (log_k=-0.90091), d=0.01008 (log_d=-4.59761)
  Step   8 | loss=0.612292 | k=0.40623 (log_k=-0.90088), d=0.01008 (log_d=-4.59753)
  Step   9 | loss=0.612289 | k=0.40623 (log_k=-0.90084), d=0.01008 (log_d=-4.59745)
  Step  10 | loss=0.612288 | k=0.40623 (log_k=-0.90082), d=0.01008 (log_d=-4.59743)
  Step  11 | loss=0.612289 | k=0.40624 (log_k=-0.90083), d=0.01008 (log_d=-4.59739)
  Step  12 | loss=0.612280 | k=0.40626 (log_k=-0.90080), d=0.01008 (log_d=-4.59725)
  Step  13 | loss=0.612195 | k=0.40629 (log_k=-0.90077), d=0.01008 (log_d=-4.59708)
  Step  14 | loss=0.612194 | k=0.40631 (log_k=-0.90069), d=0.01008 (log_d=-4.59709)
  Step  15 | loss=0.612289 | k=0.40632 (log_k=-0.90065), d=0.01008 (log_d=-4.59754)
  Step  16 | loss=0.612288 | k=0.40632 (log_k=-0.90062), d=0.01008 (log_d=-4.59752)
  Step  17 | loss=0.612288 | k=0.40636 (log_k=-0.90062), d=0.01008 (log_d=-4.59745)
  Step  18 | loss=0.612273 | k=0.40710 (log_k=-0.90053), d=0.01010 (log_d=-4.59728)
  Step  19 | loss=0.612418 | k=0.40714 (log_k=-0.89869), d=0.01011 (log_d=-4.59534)
  Step  20 | loss=0.611756 | k=0.40654 (log_k=-0.89859), d=0.01000 (log_d=-4.59408)
Generator Loss: 0.6118 | Updated Params -> K: 0.40654, D: 0.01000

=== GAN Iteration 9/20 ===
Collecting Generated (ComFree_Warp) trajectories...
Training Discriminator for 10 epochs...
Discriminator Loss: 0.6951
Optimizing ComFree parameters to fool the Discriminator...
  Step   1 | loss=0.609379 | k=0.40652 (log_k=-0.90007), d=0.01000 (log_d=-4.60468)
  Step   2 | loss=0.609378 | k=0.40651 (log_k=-0.90013), d=0.01000 (log_d=-4.60476)
  Step   3 | loss=0.609378 | k=0.40651 (log_k=-0.90014), d=0.01000 (log_d=-4.60479)
  Step   4 | loss=0.609377 | k=0.40650 (log_k=-0.90016), d=0.01000 (log_d=-4.60482)
  Step   5 | loss=0.609377 | k=0.40650 (log_k=-0.90017), d=0.01000 (log_d=-4.60486)
  Step   6 | loss=0.609376 | k=0.40649 (log_k=-0.90018), d=0.01000 (log_d=-4.60489)
  Step   7 | loss=0.609374 | k=0.40647 (log_k=-0.90020), d=0.01000 (log_d=-4.60492)
  Step   8 | loss=0.609373 | k=0.40647 (log_k=-0.90024), d=0.01000 (log_d=-4.60498)
  Step   9 | loss=0.609372 | k=0.40646 (log_k=-0.90025), d=0.01000 (log_d=-4.60504)
  Step  10 | loss=0.609372 | k=0.40645 (log_k=-0.90027), d=0.01000 (log_d=-4.60508)
  Step  11 | loss=0.609371 | k=0.40645 (log_k=-0.90029), d=0.01000 (log_d=-4.60511)
  Step  12 | loss=0.609370 | k=0.40644 (log_k=-0.90031), d=0.01000 (log_d=-4.60515)
  Step  13 | loss=0.609370 | k=0.40643 (log_k=-0.90032), d=0.01000 (log_d=-4.60519)
  Step  14 | loss=0.609370 | k=0.40643 (log_k=-0.90034), d=0.01000 (log_d=-4.60523)
  Step  15 | loss=0.609370 | k=0.40643 (log_k=-0.90034), d=0.01000 (log_d=-4.60525)
  Step  16 | loss=0.609370 | k=0.40643 (log_k=-0.90034), d=0.01000 (log_d=-4.60526)
  Step  17 | loss=0.609369 | k=0.40643 (log_k=-0.90034), d=0.01000 (log_d=-4.60528)
  Step  18 | loss=0.609369 | k=0.40642 (log_k=-0.90035), d=0.01000 (log_d=-4.60529)
  Step  19 | loss=0.609369 | k=0.40641 (log_k=-0.90037), d=0.01000 (log_d=-4.60531)
  Step  20 | loss=0.609368 | k=0.40641 (log_k=-0.90039), d=0.01000 (log_d=-4.60534)
Generator Loss: 0.6094 | Updated Params -> K: 0.40641, D: 0.01000

=== GAN Iteration 10/20 ===
Collecting Generated (ComFree_Warp) trajectories...
Training Discriminator for 10 epochs...
Discriminator Loss: 0.6936
Optimizing ComFree parameters to fool the Discriminator...
  Step   1 | loss=0.622218 | k=0.41192 (log_k=-0.90040), d=0.01030 (log_d=-4.60538)
  Step   2 | loss=0.631633 | k=0.41162 (log_k=-0.88692), d=0.01016 (log_d=-4.57586)
  Step   3 | loss=0.619023 | k=0.41157 (log_k=-0.88765), d=0.01016 (log_d=-4.58964)
  Step   4 | loss=0.618995 | k=0.41160 (log_k=-0.88776), d=0.01016 (log_d=-4.58975)
  Step   5 | loss=0.619573 | k=0.41048 (log_k=-0.88771), d=0.01029 (log_d=-4.58933)
  Step   6 | loss=0.629710 | k=0.40219 (log_k=-0.89043), d=0.01002 (log_d=-4.57634)
  Step   7 | loss=0.620112 | k=0.40200 (log_k=-0.91082), d=0.01001 (log_d=-4.60313)
  Step   8 | loss=0.619534 | k=0.40155 (log_k=-0.91130), d=0.00999 (log_d=-4.60411)
  Step   9 | loss=0.618550 | k=0.40153 (log_k=-0.91243), d=0.00999 (log_d=-4.60579)
  Step  10 | loss=0.618369 | k=0.40137 (log_k=-0.91247), d=0.00998 (log_d=-4.60620)
  Step  11 | loss=0.617915 | k=0.40123 (log_k=-0.91287), d=0.00997 (log_d=-4.60711)
  Step  12 | loss=0.617966 | k=0.40158 (log_k=-0.91323), d=0.01010 (log_d=-4.60793)
  Step  13 | loss=0.623640 | k=0.40175 (log_k=-0.91234), d=0.01011 (log_d=-4.59518)
  Step  14 | loss=0.623413 | k=0.40158 (log_k=-0.91192), d=0.01011 (log_d=-4.59424)
  Step  15 | loss=0.623436 | k=0.40158 (log_k=-0.91234), d=0.01011 (log_d=-4.59470)
  Step  16 | loss=0.623407 | k=0.40168 (log_k=-0.91236), d=0.01011 (log_d=-4.59410)
  Step  17 | loss=0.623484 | k=0.40170 (log_k=-0.91210), d=0.01012 (log_d=-4.59460)
  Step  18 | loss=0.623414 | k=0.40174 (log_k=-0.91204), d=0.01013 (log_d=-4.59303)
  Step  19 | loss=0.623113 | k=0.40192 (log_k=-0.91195), d=0.01013 (log_d=-4.59236)
  Step  20 | loss=0.622902 | k=0.40202 (log_k=-0.91150), d=0.01014 (log_d=-4.59188)
Generator Loss: 0.6179 | Updated Params -> K: 0.40123, D: 0.00997

=== GAN Iteration 11/20 ===
Collecting Generated (ComFree_Warp) trajectories...
Training Discriminator for 10 epochs...
Discriminator Loss: 0.6896
Optimizing ComFree parameters to fool the Discriminator...
  Step   1 | loss=0.618470 | k=0.40122 (log_k=-0.91323), d=0.00997 (log_d=-4.60793)
  Step   2 | loss=0.618467 | k=0.40118 (log_k=-0.91323), d=0.00997 (log_d=-4.60796)
  Step   3 | loss=0.618461 | k=0.40115 (log_k=-0.91334), d=0.00997 (log_d=-4.60799)
  Step   4 | loss=0.618450 | k=0.40113 (log_k=-0.91342), d=0.00997 (log_d=-4.60816)
  Step   5 | loss=0.618442 | k=0.40111 (log_k=-0.91347), d=0.00997 (log_d=-4.60826)
  Step   6 | loss=0.618428 | k=0.40102 (log_k=-0.91352), d=0.00996 (log_d=-4.60843)
  Step   7 | loss=0.618357 | k=0.40099 (log_k=-0.91373), d=0.00996 (log_d=-4.60871)
  Step   8 | loss=0.618345 | k=0.40098 (log_k=-0.91381), d=0.00996 (log_d=-4.60887)
  Step   9 | loss=0.618361 | k=0.40112 (log_k=-0.91385), d=0.00997 (log_d=-4.60904)
  Step  10 | loss=0.618414 | k=0.40108 (log_k=-0.91349), d=0.00996 (log_d=-4.60861)
  Step  11 | loss=0.618355 | k=0.40105 (log_k=-0.91360), d=0.00996 (log_d=-4.60881)
  Step  12 | loss=0.618344 | k=0.40104 (log_k=-0.91368), d=0.00996 (log_d=-4.60897)
  Step  13 | loss=0.618346 | k=0.40105 (log_k=-0.91371), d=0.00996 (log_d=-4.60905)
  Step  14 | loss=0.618343 | k=0.40104 (log_k=-0.91366), d=0.00996 (log_d=-4.60899)
  Step  15 | loss=0.618346 | k=0.40106 (log_k=-0.91368), d=0.00996 (log_d=-4.60906)
  Step  16 | loss=0.618343 | k=0.40105 (log_k=-0.91364), d=0.00996 (log_d=-4.60900)
  Step  17 | loss=0.618345 | k=0.40107 (log_k=-0.91366), d=0.00996 (log_d=-4.60907)
  Step  18 | loss=0.618344 | k=0.40107 (log_k=-0.91363), d=0.00996 (log_d=-4.60902)
  Step  19 | loss=0.618344 | k=0.40107 (log_k=-0.91363), d=0.00996 (log_d=-4.60906)
  Step  20 | loss=0.618343 | k=0.40108 (log_k=-0.91361), d=0.00996 (log_d=-4.60907)
Generator Loss: 0.6183 | Updated Params -> K: 0.40105, D: 0.00996

=== GAN Iteration 12/20 ===
Collecting Generated (ComFree_Warp) trajectories...
Training Discriminator for 10 epochs...
Discriminator Loss: 0.6856
Optimizing ComFree parameters to fool the Discriminator...
  Step   1 | loss=0.619947 | k=0.40100 (log_k=-0.91366), d=0.00996 (log_d=-4.60907)
  Step   2 | loss=0.622593 | k=0.42887 (log_k=-0.91379), d=0.01065 (log_d=-4.60934)
  Step   3 | loss=0.655642 | k=0.42558 (log_k=-0.84660), d=0.01093 (log_d=-4.54226)
  Step   4 | loss=0.640603 | k=0.42572 (log_k=-0.85430), d=0.01097 (log_d=-4.51587)
  Step   5 | loss=0.637214 | k=0.43165 (log_k=-0.85397), d=0.01108 (log_d=-4.51246)
  Step   6 | loss=0.641520 | k=0.42905 (log_k=-0.84013), d=0.01094 (log_d=-4.50225)
  Step   7 | loss=0.632509 | k=0.42939 (log_k=-0.84618), d=0.01100 (log_d=-4.51499)
  Step   8 | loss=0.631236 | k=0.42827 (log_k=-0.84538), d=0.01091 (log_d=-4.50946)
  Step   9 | loss=0.639616 | k=0.42868 (log_k=-0.84801), d=0.01094 (log_d=-4.51775)
  Step  10 | loss=0.637108 | k=0.42908 (log_k=-0.84703), d=0.01095 (log_d=-4.51542)
  Step  11 | loss=0.630341 | k=0.53127 (log_k=-0.84612), d=0.01132 (log_d=-4.51415)
  Step  12 | loss=0.657806 | k=0.54257 (log_k=-0.63249), d=0.01166 (log_d=-4.48115)
  Step  13 | loss=0.662155 | k=0.54137 (log_k=-0.61144), d=0.01162 (log_d=-4.45169)
  Step  14 | loss=0.654360 | k=0.54078 (log_k=-0.61365), d=0.01160 (log_d=-4.45470)
  Step  15 | loss=0.653577 | k=0.54076 (log_k=-0.61474), d=0.01160 (log_d=-4.45651)
  Step  16 | loss=0.654877 | k=0.54303 (log_k=-0.61478), d=0.01167 (log_d=-4.45686)
  Step  17 | loss=0.661982 | k=0.53872 (log_k=-0.61060), d=0.01156 (log_d=-4.45038)
  Step  18 | loss=0.653473 | k=0.69313 (log_k=-0.61856), d=0.01589 (log_d=-4.46007)
  Step  19 | loss=0.815147 | k=0.69267 (log_k=-0.36653), d=0.01587 (log_d=-4.14235)
  Step  20 | loss=0.814527 | k=0.69221 (log_k=-0.36720), d=0.01585 (log_d=-4.14340)
Generator Loss: 0.6199 | Updated Params -> K: 0.40100, D: 0.00996

=== GAN Iteration 13/20 ===
Collecting Generated (ComFree_Warp) trajectories...
Training Discriminator for 10 epochs...
Discriminator Loss: 0.6796
Optimizing ComFree parameters to fool the Discriminator...
  Step   1 | loss=0.622242 | k=0.40090 (log_k=-0.91379), d=0.00995 (log_d=-4.60934)
  Step   2 | loss=0.622180 | k=0.40082 (log_k=-0.91403), d=0.00995 (log_d=-4.60983)
  Step   3 | loss=0.621984 | k=0.40078 (log_k=-0.91425), d=0.00996 (log_d=-4.61044)
  Step   4 | loss=0.622212 | k=0.40072 (log_k=-0.91433), d=0.00996 (log_d=-4.60926)
  Step   5 | loss=0.622179 | k=0.40058 (log_k=-0.91449), d=0.00995 (log_d=-4.60962)
  Step   6 | loss=0.621969 | k=0.40049 (log_k=-0.91485), d=0.00995 (log_d=-4.61024)
  Step   7 | loss=0.621882 | k=0.40042 (log_k=-0.91506), d=0.00994 (log_d=-4.61064)
  Step   8 | loss=0.621786 | k=0.40034 (log_k=-0.91524), d=0.00994 (log_d=-4.61105)
  Step   9 | loss=0.621676 | k=0.40026 (log_k=-0.91544), d=0.00993 (log_d=-4.61160)
  Step  10 | loss=0.621527 | k=0.40015 (log_k=-0.91565), d=0.00993 (log_d=-4.61203)
  Step  11 | loss=0.621284 | k=0.40010 (log_k=-0.91591), d=0.00992 (log_d=-4.61246)
  Step  12 | loss=0.621296 | k=0.40004 (log_k=-0.91603), d=0.00992 (log_d=-4.61277)
  Step  13 | loss=0.621076 | k=0.39995 (log_k=-0.91620), d=0.00992 (log_d=-4.61323)
  Step  14 | loss=0.621045 | k=0.39988 (log_k=-0.91643), d=0.00991 (log_d=-4.61364)
  Step  15 | loss=0.620894 | k=0.40002 (log_k=-0.91660), d=0.00993 (log_d=-4.61402)
  Step  16 | loss=0.621309 | k=0.39991 (log_k=-0.91624), d=0.00993 (log_d=-4.61216)
  Step  17 | loss=0.621266 | k=0.39981 (log_k=-0.91652), d=0.00992 (log_d=-4.61269)
  Step  18 | loss=0.621091 | k=0.39969 (log_k=-0.91677), d=0.00992 (log_d=-4.61320)
  Step  19 | loss=0.621062 | k=0.39964 (log_k=-0.91706), d=0.00992 (log_d=-4.61324)
  Step  20 | loss=0.620812 | k=0.39955 (log_k=-0.91719), d=0.00991 (log_d=-4.61357)
Generator Loss: 0.6208 | Updated Params -> K: 0.39955, D: 0.00991

=== GAN Iteration 14/20 ===
Collecting Generated (ComFree_Warp) trajectories...
Training Discriminator for 10 epochs...
Discriminator Loss: 0.6888
Optimizing ComFree parameters to fool the Discriminator...
  Step   1 | loss=0.602533 | k=0.39950 (log_k=-0.91742), d=0.00991 (log_d=-4.61434)
  Step   2 | loss=0.602434 | k=0.40050 (log_k=-0.91755), d=0.00989 (log_d=-4.61450)
  Step   3 | loss=0.602491 | k=0.40042 (log_k=-0.91504), d=0.00988 (log_d=-4.61665)
  Step   4 | loss=0.649104 | k=0.40048 (log_k=-0.91524), d=0.00989 (log_d=-4.61725)
  Step   5 | loss=0.603652 | k=0.39981 (log_k=-0.91509), d=0.00978 (log_d=-4.61594)
  Step   6 | loss=0.600459 | k=0.39987 (log_k=-0.91677), d=0.00978 (log_d=-4.62767)
  Step   7 | loss=0.600459 | k=0.39982 (log_k=-0.91663), d=0.00978 (log_d=-4.62743)
  Step   8 | loss=0.600450 | k=0.39990 (log_k=-0.91673), d=0.00978 (log_d=-4.62756)
  Step   9 | loss=0.600441 | k=0.39985 (log_k=-0.91655), d=0.00977 (log_d=-4.62760)
  Step  10 | loss=0.600533 | k=0.39979 (log_k=-0.91667), d=0.00983 (log_d=-4.62794)
  Step  11 | loss=0.601646 | k=0.39985 (log_k=-0.91681), d=0.00984 (log_d=-4.62232)
  Step  12 | loss=0.601498 | k=0.39988 (log_k=-0.91668), d=0.00984 (log_d=-4.62171)
  Step  13 | loss=0.601226 | k=0.39994 (log_k=-0.91658), d=0.00985 (log_d=-4.62106)
  Step  14 | loss=0.601442 | k=0.39994 (log_k=-0.91643), d=0.00986 (log_d=-4.62009)
  Step  15 | loss=0.601362 | k=0.39995 (log_k=-0.91643), d=0.00986 (log_d=-4.61964)
  Step  16 | loss=0.602538 | k=0.40488 (log_k=-0.91641), d=0.00897 (log_d=-4.61909)
  Step  17 | loss=0.633103 | k=0.40473 (log_k=-0.90418), d=0.00897 (log_d=-4.71415)
  Step  18 | loss=0.633190 | k=0.40464 (log_k=-0.90453), d=0.00896 (log_d=-4.71443)
  Step  19 | loss=0.633103 | k=0.40425 (log_k=-0.90476), d=0.00896 (log_d=-4.71453)
  Step  20 | loss=0.633146 | k=0.40429 (log_k=-0.90573), d=0.00896 (log_d=-4.71521)
Generator Loss: 0.6004 | Updated Params -> K: 0.39985, D: 0.00977

=== GAN Iteration 15/20 ===
Collecting Generated (ComFree_Warp) trajectories...
Training Discriminator for 10 epochs...
Discriminator Loss: 0.6640
Optimizing ComFree parameters to fool the Discriminator...
  Step   1 | loss=0.607777 | k=0.39938 (log_k=-0.91667), d=0.00973 (log_d=-4.62794)
  Step   2 | loss=0.623810 | k=0.40007 (log_k=-0.91784), d=0.00976 (log_d=-4.63253)
  Step   3 | loss=0.617213 | k=0.40894 (log_k=-0.91612), d=0.01018 (log_d=-4.62924)
  Step   4 | loss=0.629419 | k=0.41407 (log_k=-0.89419), d=0.01030 (log_d=-4.58781)
  Step   5 | loss=0.610747 | k=0.40521 (log_k=-0.88172), d=0.00987 (log_d=-4.57580)
  Step   6 | loss=0.615282 | k=0.40496 (log_k=-0.90336), d=0.00986 (log_d=-4.61813)
  Step   7 | loss=0.614377 | k=0.40477 (log_k=-0.90396), d=0.00985 (log_d=-4.61942)
  Step   8 | loss=0.612162 | k=0.40442 (log_k=-0.90443), d=0.00983 (log_d=-4.62045)
  Step   9 | loss=0.609685 | k=0.40408 (log_k=-0.90531), d=0.00983 (log_d=-4.62229)
  Step  10 | loss=0.609023 | k=0.40377 (log_k=-0.90614), d=0.00981 (log_d=-4.62258)
  Step  11 | loss=0.609104 | k=0.40332 (log_k=-0.90691), d=0.00980 (log_d=-4.62443)
  Step  12 | loss=0.609425 | k=0.39932 (log_k=-0.90802), d=0.00970 (log_d=-4.62514)
  Step  13 | loss=0.637704 | k=0.40027 (log_k=-0.91800), d=0.00975 (log_d=-4.63550)
  Step  14 | loss=0.619034 | k=0.39951 (log_k=-0.91562), d=0.00973 (log_d=-4.63082)
  Step  15 | loss=0.623297 | k=0.40015 (log_k=-0.91751), d=0.00976 (log_d=-4.63230)
  Step  16 | loss=0.614145 | k=0.41086 (log_k=-0.91592), d=0.01024 (log_d=-4.62917)
  Step  17 | loss=0.653215 | k=0.41223 (log_k=-0.88951), d=0.01027 (log_d=-4.58147)
  Step  18 | loss=0.638009 | k=0.45376 (log_k=-0.88616), d=0.01172 (log_d=-4.57828)
  Step  19 | loss=0.652339 | k=0.45277 (log_k=-0.79020), d=0.01168 (log_d=-4.44625)
  Step  20 | loss=0.656270 | k=0.45184 (log_k=-0.79237), d=0.01164 (log_d=-4.45007)
Generator Loss: 0.6078 | Updated Params -> K: 0.39938, D: 0.00973

=== GAN Iteration 16/20 ===
Collecting Generated (ComFree_Warp) trajectories...
Training Discriminator for 10 epochs...
Discriminator Loss: 0.5929
Optimizing ComFree parameters to fool the Discriminator...
  Step   1 | loss=0.786270 | k=0.40781 (log_k=-0.91784), d=0.01031 (log_d=-4.63253)
  Step   2 | loss=0.694494 | k=0.40911 (log_k=-0.89696), d=0.01036 (log_d=-4.57469)
  Step   3 | loss=0.635886 | k=0.44516 (log_k=-0.89377), d=0.01235 (log_d=-4.56986)
  Step   4 | loss=0.743897 | k=0.43422 (log_k=-0.80931), d=0.01170 (log_d=-4.39442)
  Step   5 | loss=0.668760 | k=0.43777 (log_k=-0.83421), d=0.01189 (log_d=-4.44825)
  Step   6 | loss=0.644112 | k=0.44272 (log_k=-0.82605), d=0.01184 (log_d=-4.43188)
  Step   7 | loss=0.657344 | k=0.43773 (log_k=-0.81482), d=0.01158 (log_d=-4.43616)
  Step   8 | loss=0.770041 | k=0.51154 (log_k=-0.82615), d=0.01430 (log_d=-4.45806)
  Step   9 | loss=0.860544 | k=0.43309 (log_k=-0.67033), d=0.01226 (log_d=-4.24750)
  Step  10 | loss=0.649936 | k=0.43441 (log_k=-0.83680), d=0.01240 (log_d=-4.40125)
  Step  11 | loss=0.656032 | k=0.43107 (log_k=-0.83377), d=0.01216 (log_d=-4.38996)
  Step  12 | loss=0.644383 | k=0.43379 (log_k=-0.84147), d=0.01231 (log_d=-4.40929)
  Step  13 | loss=0.642095 | k=0.43347 (log_k=-0.83518), d=0.01267 (log_d=-4.39769)
  Step  14 | loss=0.799014 | k=0.42810 (log_k=-0.83592), d=0.01232 (log_d=-4.36878)
  Step  15 | loss=0.651216 | k=0.43085 (log_k=-0.84840), d=0.01242 (log_d=-4.39669)
  Step  16 | loss=0.634211 | k=0.45307 (log_k=-0.84199), d=0.01408 (log_d=-4.38839)
  Step  17 | loss=0.821589 | k=0.45305 (log_k=-0.79171), d=0.00980 (log_d=-4.26320)
  Step  18 | loss=0.655204 | k=0.46914 (log_k=-0.79175), d=0.01039 (log_d=-4.62529)
  Step  19 | loss=0.542096 | k=0.43627 (log_k=-0.75685), d=0.00927 (log_d=-4.56734)
  Step  20 | loss=0.758085 | k=0.44528 (log_k=-0.82948), d=0.00959 (log_d=-4.68084)
Generator Loss: 0.5421 | Updated Params -> K: 0.43627, D: 0.00927

=== GAN Iteration 17/20 ===
Collecting Generated (ComFree_Warp) trajectories...
Training Discriminator for 10 epochs...
Discriminator Loss: 0.5339
Optimizing ComFree parameters to fool the Discriminator...
  Step   1 | loss=0.744518 | k=0.43856 (log_k=-0.82948), d=0.00935 (log_d=-4.68084)
  Step   2 | loss=0.538049 | k=0.37226 (log_k=-0.82426), d=0.00793 (log_d=-4.67249)
  Step   3 | loss=0.539785 | k=0.37168 (log_k=-0.98816), d=0.00791 (log_d=-4.83717)
  Step   4 | loss=0.538035 | k=0.37166 (log_k=-0.98972), d=0.00791 (log_d=-4.83993)
  Step   5 | loss=0.538024 | k=0.37166 (log_k=-0.98976), d=0.00791 (log_d=-4.84010)
  Step   6 | loss=0.538017 | k=0.37164 (log_k=-0.98979), d=0.00790 (log_d=-4.84024)
  Step   7 | loss=0.538011 | k=0.37164 (log_k=-0.98983), d=0.00790 (log_d=-4.84037)
  Step   8 | loss=0.538005 | k=0.37162 (log_k=-0.98984), d=0.00790 (log_d=-4.84048)
  Step   9 | loss=0.538000 | k=0.37161 (log_k=-0.98987), d=0.00790 (log_d=-4.84059)
  Step  10 | loss=0.537995 | k=0.37161 (log_k=-0.98990), d=0.00790 (log_d=-4.84070)
  Step  11 | loss=0.537988 | k=0.37160 (log_k=-0.98992), d=0.00790 (log_d=-4.84083)
  Step  12 | loss=0.537979 | k=0.37159 (log_k=-0.98993), d=0.00790 (log_d=-4.84097)
  Step  13 | loss=0.537969 | k=0.37157 (log_k=-0.98997), d=0.00790 (log_d=-4.84112)
  Step  14 | loss=0.536477 | k=0.35805 (log_k=-0.99002), d=0.00761 (log_d=-4.84128)
  Step  15 | loss=0.541016 | k=0.35828 (log_k=-1.02709), d=0.00761 (log_d=-4.87847)
  Step  16 | loss=0.540708 | k=0.35849 (log_k=-1.02645), d=0.00762 (log_d=-4.87787)
  Step  17 | loss=0.540393 | k=0.35871 (log_k=-1.02585), d=0.00762 (log_d=-4.87724)
  Step  18 | loss=0.540027 | k=0.35892 (log_k=-1.02525), d=0.00763 (log_d=-4.87652)
  Step  19 | loss=0.539579 | k=0.35914 (log_k=-1.02466), d=0.01231 (log_d=-4.87567)
  Step  20 | loss=0.660363 | k=0.35916 (log_k=-1.02405), d=0.01230 (log_d=-4.39724)
Generator Loss: 0.5365 | Updated Params -> K: 0.35805, D: 0.00761

=== GAN Iteration 18/20 ===
Collecting Generated (ComFree_Warp) trajectories...
Training Discriminator for 10 epochs...
Discriminator Loss: 0.6287
Optimizing ComFree parameters to fool the Discriminator...
  Step   1 | loss=0.611226 | k=0.35802 (log_k=-1.02709), d=0.00761 (log_d=-4.87847)
  Step   2 | loss=0.611221 | k=0.35799 (log_k=-1.02718), d=0.00761 (log_d=-4.87840)
  Step   3 | loss=0.611217 | k=0.35796 (log_k=-1.02726), d=0.00761 (log_d=-4.87834)
  Step   4 | loss=0.611212 | k=0.35793 (log_k=-1.02734), d=0.00761 (log_d=-4.87826)
  Step   5 | loss=0.611207 | k=0.35790 (log_k=-1.02743), d=0.00761 (log_d=-4.87818)
  Step   6 | loss=0.611201 | k=0.35787 (log_k=-1.02750), d=0.00761 (log_d=-4.87809)
  Step   7 | loss=0.611195 | k=0.35784 (log_k=-1.02759), d=0.00761 (log_d=-4.87801)
  Step   8 | loss=0.611189 | k=0.35780 (log_k=-1.02768), d=0.00761 (log_d=-4.87792)
  Step   9 | loss=0.611181 | k=0.35777 (log_k=-1.02777), d=0.00761 (log_d=-4.87780)
  Step  10 | loss=0.611172 | k=0.35775 (log_k=-1.02785), d=0.00762 (log_d=-4.87768)
  Step  11 | loss=0.611164 | k=0.35772 (log_k=-1.02793), d=0.00762 (log_d=-4.87756)
  Step  12 | loss=0.611154 | k=0.35770 (log_k=-1.02800), d=0.00762 (log_d=-4.87742)
  Step  13 | loss=0.611142 | k=0.35766 (log_k=-1.02807), d=0.00762 (log_d=-4.87727)
  Step  14 | loss=0.611127 | k=0.35763 (log_k=-1.02816), d=0.00762 (log_d=-4.87709)
  Step  15 | loss=0.611111 | k=0.35760 (log_k=-1.02825), d=0.00762 (log_d=-4.87692)
  Step  16 | loss=0.611091 | k=0.35757 (log_k=-1.02834), d=0.00762 (log_d=-4.87672)
  Step  17 | loss=0.611067 | k=0.35754 (log_k=-1.02843), d=0.00763 (log_d=-4.87650)
  Step  18 | loss=0.611038 | k=0.35750 (log_k=-1.02852), d=0.00763 (log_d=-4.87625)
  Step  19 | loss=0.610999 | k=0.35747 (log_k=-1.02862), d=0.00763 (log_d=-4.87596)
  Step  20 | loss=0.610946 | k=0.35743 (log_k=-1.02872), d=0.00763 (log_d=-4.87561)
Generator Loss: 0.6109 | Updated Params -> K: 0.35743, D: 0.00763

=== GAN Iteration 19/20 ===
Collecting Generated (ComFree_Warp) trajectories...
Training Discriminator for 10 epochs...
Discriminator Loss: 0.6179
Optimizing ComFree parameters to fool the Discriminator...
  Step   1 | loss=0.703064 | k=0.35630 (log_k=-1.02881), d=0.00760 (log_d=-4.87522)
  Step   2 | loss=0.693227 | k=0.35498 (log_k=-1.03198), d=0.00757 (log_d=-4.87909)
  Step   3 | loss=0.681394 | k=0.35385 (log_k=-1.03571), d=0.00754 (log_d=-4.88378)
  Step   4 | loss=0.655346 | k=0.35207 (log_k=-1.03887), d=0.00749 (log_d=-4.88749)
  Step   5 | loss=0.621656 | k=0.35166 (log_k=-1.04392), d=0.00748 (log_d=-4.89451)
  Step   6 | loss=0.620789 | k=0.35133 (log_k=-1.04510), d=0.00747 (log_d=-4.89580)
  Step   7 | loss=0.620075 | k=0.35099 (log_k=-1.04602), d=0.00746 (log_d=-4.89681)
  Step   8 | loss=0.619519 | k=0.35072 (log_k=-1.04700), d=0.00746 (log_d=-4.89791)
  Step   9 | loss=0.619007 | k=0.35052 (log_k=-1.04776), d=0.00745 (log_d=-4.89884)
  Step  10 | loss=0.618695 | k=0.35036 (log_k=-1.04834), d=0.00745 (log_d=-4.89957)
  Step  11 | loss=0.618484 | k=0.35024 (log_k=-1.04878), d=0.00744 (log_d=-4.90019)
  Step  12 | loss=0.618340 | k=0.35014 (log_k=-1.04914), d=0.00744 (log_d=-4.90071)
  Step  13 | loss=0.618237 | k=0.35007 (log_k=-1.04941), d=0.00743 (log_d=-4.90118)
  Step  14 | loss=0.618166 | k=0.35002 (log_k=-1.04961), d=0.00743 (log_d=-4.90157)
  Step  15 | loss=0.618114 | k=0.34998 (log_k=-1.04978), d=0.00743 (log_d=-4.90191)
  Step  16 | loss=0.618077 | k=0.34995 (log_k=-1.04989), d=0.00743 (log_d=-4.90221)
  Step  17 | loss=0.602588 | k=0.23774 (log_k=-1.04997), d=0.00505 (log_d=-4.90247)
  Step  18 | loss=0.643540 | k=0.23772 (log_k=-1.43656), d=0.00505 (log_d=-5.28923)
  Step  19 | loss=0.643520 | k=0.23771 (log_k=-1.43667), d=0.00505 (log_d=-5.28899)
  Step  20 | loss=0.643517 | k=0.23771 (log_k=-1.43669), d=0.00505 (log_d=-5.28891)
Generator Loss: 0.6026 | Updated Params -> K: 0.23774, D: 0.00505

=== GAN Iteration 20/20 ===
Collecting Generated (ComFree_Warp) trajectories...
Training Discriminator for 10 epochs...
Discriminator Loss: 0.6226
Optimizing ComFree parameters to fool the Discriminator...
  Step   1 | loss=0.652458 | k=0.23807 (log_k=-1.43656), d=0.00505 (log_d=-5.28923)
  Step   2 | loss=0.651714 | k=0.23849 (log_k=-1.43518), d=0.00505 (log_d=-5.28868)
  Step   3 | loss=0.648407 | k=0.23820 (log_k=-1.43345), d=0.00504 (log_d=-5.28762)
  Step   4 | loss=0.651719 | k=0.23850 (log_k=-1.43464), d=0.00504 (log_d=-5.29097)
  Step   5 | loss=0.651170 | k=0.23888 (log_k=-1.43340), d=0.00504 (log_d=-5.29071)
  Step   6 | loss=0.646163 | k=0.23852 (log_k=-1.43180), d=0.00502 (log_d=-5.28982)
  Step   7 | loss=0.658897 | k=0.23852 (log_k=-1.43331), d=0.00501 (log_d=-5.29359)
  Step   8 | loss=0.646784 | k=0.23589 (log_k=-1.43329), d=0.00494 (log_d=-5.29574)
  Step   9 | loss=0.664135 | k=0.23601 (log_k=-1.44437), d=0.00494 (log_d=-5.30990)
  Step  10 | loss=0.664029 | k=0.23614 (log_k=-1.44389), d=0.00494 (log_d=-5.30995)
  Step  11 | loss=0.663874 | k=0.23630 (log_k=-1.44331), d=0.00494 (log_d=-5.31009)
  Step  12 | loss=0.663657 | k=0.23647 (log_k=-1.44267), d=0.00494 (log_d=-5.31037)
  Step  13 | loss=0.663340 | k=0.23667 (log_k=-1.44192), d=0.00494 (log_d=-5.31079)
  Step  14 | loss=0.663059 | k=0.23689 (log_k=-1.44109), d=0.00495 (log_d=-5.31133)
  Step  15 | loss=0.641711 | k=0.23754 (log_k=-1.44016), d=0.00496 (log_d=-5.30840)
  Step  16 | loss=0.636511 | k=0.23751 (log_k=-1.43743), d=0.00497 (log_d=-5.30574)
  Step  17 | loss=0.632894 | k=0.23773 (log_k=-1.43754), d=0.00496 (log_d=-5.30533)
  Step  18 | loss=0.636375 | k=0.23765 (log_k=-1.43660), d=0.00497 (log_d=-5.30538)
  Step  19 | loss=0.632836 | k=0.23786 (log_k=-1.43698), d=0.00497 (log_d=-5.30474)
  Step  20 | loss=0.636234 | k=0.23779 (log_k=-1.43609), d=0.00544 (log_d=-5.30459)
Generator Loss: 0.6328 | Updated Params -> K: 0.23786, D: 0.00497

Training complete. Artifacts saved to: /home/kg878/scratch_pi_amd78/kg878/gan_training/results/run_cnn_lr_d0.00025_lr_g0.0025
