Starting Task 10: Model=cnn, LR_D=0.0005, LR_G=0.0025
Running on cuda
Sampled 10 new goals.
Collecting Ground Truth (Standard MuJoCo) trajectories...
Warp 1.12.0 initialized:
   CUDA Toolkit 12.9, Driver 12.8
   Devices:
     "cpu"      : "x86_64"
     "cuda:0"   : "NVIDIA RTX 5000 Ada Generation" (31 GiB, sm_89, mempool enabled)
   Kernel cache:
     /home/kg878/.cache/warp/1.12.0
Module mujoco_warp._src.smooth f756680 load on device 'cuda:0' took 6.05 ms  (cached)
Module mujoco_warp._src.collision_driver 4d8b905 load on device 'cuda:0' took 0.91 ms  (cached)
Module _nxn_broadphase__locals__kernel_83765485 8376548 load on device 'cuda:0' took 1.34 ms  (cached)
Module _primitive_narrowphase__locals__primitive_narrowphase_799bf360 799bf36 load on device 'cuda:0' took 1.15 ms  (cached)
Module mujoco_warp._src.constraint 63c97cb load on device 'cuda:0' took 1.36 ms  (cached)
Module mujoco_warp._src.passive 7fb8524 load on device 'cuda:0' took 0.97 ms  (cached)
Module mujoco_warp._src.forward 5a5c0b5 load on device 'cuda:0' took 1.12 ms  (cached)
Module mujoco_warp._src.support 343d1ae load on device 'cuda:0' took 1.01 ms  (cached)
Module _tile_cholesky_factorize_solve__locals__cholesky_factorize_solve_31e2b081 1603efb load on device 'cuda:0' took 24.02 ms  (cached)
Module mujoco_warp._src.solver eaac975 load on device 'cuda:0' took 1.08 ms  (cached)
Module solve_init_jaref__locals__kernel_21fae504 21fae50 load on device 'cuda:0' took 0.88 ms  (cached)
Module mul_m_dense__locals___mul_m_dense_fbd74bb9 fbd74bb load on device 'cuda:0' took 0.89 ms  (cached)
Module update_constraint_efc__locals__kernel_d4ac54f8 d4ac54f load on device 'cuda:0' took 1.05 ms  (cached)
Module update_constraint_gauss_cost__locals__kernel_73299c19 73299c1 load on device 'cuda:0' took 0.85 ms  (cached)
Module update_gradient_JTDAJ_dense_tiled__locals__kernel_92d753e0 6f5ab40 load on device 'cuda:0' took 1.21 ms  (cached)
Module update_gradient_cholesky__locals__kernel_1e67b2d5 4da60ef load on device 'cuda:0' took 25.49 ms  (cached)
Module linesearch_iterative__locals__kernel_e835d44f c716e5e load on device 'cuda:0' took 0.99 ms  (cached)
Module update_constraint_efc__locals__kernel_5c3dedb8 5c3dedb load on device 'cuda:0' took 0.98 ms  (cached)
Module _tile_euler_dense__locals__euler_dense_c71389e7 8e3457a load on device 'cuda:0' took 25.49 ms  (cached)
Module comfree_warp.mujoco_warp._src.smooth c02eb38 load on device 'cuda:0' took 1.21 ms  (cached)
Module _tile_cholesky_factorize__locals__cholesky_factorize_d03d54d2 1278567 load on device 'cuda:0' took 18.76 ms  (cached)
Module comfree_warp.mujoco_warp._src.collision_driver 4d8b905 load on device 'cuda:0' took 0.92 ms  (cached)
Module _primitive_narrowphase__locals__primitive_narrowphase_fa8f2c5f fa8f2c5 load on device 'cuda:0' took 0.98 ms  (cached)
Module comfree_warp.comfree_core._src.constraint 244f68b load on device 'cuda:0' took 1.11 ms  (cached)
Module comfree_warp.mujoco_warp._src.passive 5be88d0 load on device 'cuda:0' took 1.04 ms  (cached)
Module comfree_warp.mujoco_warp._src.forward 13e94f4 load on device 'cuda:0' took 1.49 ms  (cached)
Module comfree_warp.mujoco_warp._src.support 343d1ae load on device 'cuda:0' took 1.05 ms  (cached)
Module comfree_warp.comfree_core._src.forward 7a027f4 load on device 'cuda:0' took 1.03 ms  (cached)
Module _tile_cholesky_solve__locals__cholesky_solve_612ff9f0 d6a4fa0 load on device 'cuda:0' took 19.09 ms  (cached)
Module comfree_warp.mujoco_warp._src.sensor db84035 load on device 'cuda:0' took 1.10 ms  (cached)

=== GAN Iteration 1/20 ===
Collecting Generated (ComFree_Warp) trajectories...
Training Discriminator for 10 epochs...
Discriminator Loss: 0.6946
Optimizing ComFree parameters to fool the Discriminator...
  Step   1 | loss=0.601319 | k=0.39997 (log_k=-0.91629), d=0.01000 (log_d=-4.60517)
  Step   2 | loss=0.601316 | k=0.39993 (log_k=-0.91636), d=0.01000 (log_d=-4.60512)
  Step   3 | loss=0.601322 | k=0.39999 (log_k=-0.91647), d=0.01000 (log_d=-4.60511)
  Step   4 | loss=0.601317 | k=0.39985 (log_k=-0.91631), d=0.01001 (log_d=-4.60505)
  Step   5 | loss=0.601296 | k=0.39978 (log_k=-0.91665), d=0.01000 (log_d=-4.60452)
  Step   6 | loss=0.601328 | k=0.39981 (log_k=-0.91683), d=0.01000 (log_d=-4.60502)
  Step   7 | loss=0.601321 | k=0.39985 (log_k=-0.91678), d=0.01000 (log_d=-4.60487)
  Step   8 | loss=0.601297 | k=0.39989 (log_k=-0.91666), d=0.01000 (log_d=-4.60476)
  Step   9 | loss=0.601316 | k=0.39985 (log_k=-0.91655), d=0.01000 (log_d=-4.60502)
  Step  10 | loss=0.601321 | k=0.39986 (log_k=-0.91666), d=0.01000 (log_d=-4.60500)
  Step  11 | loss=0.601321 | k=0.39991 (log_k=-0.91664), d=0.01000 (log_d=-4.60494)
  Step  12 | loss=0.601297 | k=0.39994 (log_k=-0.91652), d=0.01000 (log_d=-4.60483)
  Step  13 | loss=0.601322 | k=0.40000 (log_k=-0.91643), d=0.01000 (log_d=-4.60512)
  Step  14 | loss=0.601317 | k=0.39987 (log_k=-0.91629), d=0.01000 (log_d=-4.60507)
  Step  15 | loss=0.601302 | k=0.39994 (log_k=-0.91661), d=0.01001 (log_d=-4.60481)
  Step  16 | loss=0.601315 | k=0.39999 (log_k=-0.91643), d=0.01001 (log_d=-4.60453)
  Step  17 | loss=0.601276 | k=0.40004 (log_k=-0.91632), d=0.01001 (log_d=-4.60431)
  Step  18 | loss=0.601262 | k=0.39985 (log_k=-0.91619), d=0.01001 (log_d=-4.60410)
  Step  19 | loss=0.601308 | k=0.39988 (log_k=-0.91666), d=0.01001 (log_d=-4.60433)
  Step  20 | loss=0.601268 | k=0.39971 (log_k=-0.91658), d=0.01001 (log_d=-4.60409)
Generator Loss: 0.6013 | Updated Params -> K: 0.39985, D: 0.01001

=== GAN Iteration 2/20 ===
Collecting Generated (ComFree_Warp) trajectories...
Training Discriminator for 10 epochs...
Discriminator Loss: 0.6924
Optimizing ComFree parameters to fool the Discriminator...
  Step   1 | loss=0.596305 | k=0.39984 (log_k=-0.91666), d=0.01001 (log_d=-4.60433)
  Step   2 | loss=0.596305 | k=0.39983 (log_k=-0.91669), d=0.01001 (log_d=-4.60433)
  Step   3 | loss=0.596305 | k=0.39983 (log_k=-0.91671), d=0.01001 (log_d=-4.60432)
  Step   4 | loss=0.596305 | k=0.39982 (log_k=-0.91672), d=0.01001 (log_d=-4.60431)
  Step   5 | loss=0.596305 | k=0.39981 (log_k=-0.91674), d=0.01001 (log_d=-4.60429)
  Step   6 | loss=0.596305 | k=0.39980 (log_k=-0.91676), d=0.01001 (log_d=-4.60429)
  Step   7 | loss=0.596305 | k=0.39980 (log_k=-0.91678), d=0.01001 (log_d=-4.60427)
  Step   8 | loss=0.596305 | k=0.39979 (log_k=-0.91680), d=0.01001 (log_d=-4.60426)
  Step   9 | loss=0.596305 | k=0.39978 (log_k=-0.91682), d=0.01001 (log_d=-4.60425)
  Step  10 | loss=0.596305 | k=0.39977 (log_k=-0.91684), d=0.01001 (log_d=-4.60424)
  Step  11 | loss=0.596305 | k=0.39977 (log_k=-0.91686), d=0.01001 (log_d=-4.60423)
  Step  12 | loss=0.596305 | k=0.39976 (log_k=-0.91688), d=0.01001 (log_d=-4.60422)
  Step  13 | loss=0.596305 | k=0.39975 (log_k=-0.91689), d=0.01001 (log_d=-4.60421)
  Step  14 | loss=0.596305 | k=0.39974 (log_k=-0.91691), d=0.01001 (log_d=-4.60420)
  Step  15 | loss=0.596305 | k=0.39974 (log_k=-0.91693), d=0.01001 (log_d=-4.60419)
  Step  16 | loss=0.596305 | k=0.39973 (log_k=-0.91695), d=0.01001 (log_d=-4.60418)
  Step  17 | loss=0.596305 | k=0.39972 (log_k=-0.91697), d=0.01001 (log_d=-4.60417)
  Step  18 | loss=0.596305 | k=0.39971 (log_k=-0.91699), d=0.00957 (log_d=-4.60416)
  Step  19 | loss=0.597925 | k=0.39975 (log_k=-0.91701), d=0.00957 (log_d=-4.64885)
  Step  20 | loss=0.597874 | k=0.40096 (log_k=-0.91692), d=0.00964 (log_d=-4.64863)
Generator Loss: 0.5963 | Updated Params -> K: 0.39984, D: 0.01001

=== GAN Iteration 3/20 ===
Collecting Generated (ComFree_Warp) trajectories...
Training Discriminator for 10 epochs...
Discriminator Loss: 0.6908
Optimizing ComFree parameters to fool the Discriminator...
  Step   1 | loss=0.614848 | k=0.39981 (log_k=-0.91669), d=0.01001 (log_d=-4.60433)
  Step   2 | loss=0.614845 | k=0.39979 (log_k=-0.91676), d=0.01001 (log_d=-4.60447)
  Step   3 | loss=0.614825 | k=0.39960 (log_k=-0.91681), d=0.01000 (log_d=-4.60454)
  Step   4 | loss=0.614800 | k=0.39948 (log_k=-0.91730), d=0.01000 (log_d=-4.60510)
  Step   5 | loss=0.614821 | k=0.39972 (log_k=-0.91759), d=0.01000 (log_d=-4.60541)
  Step   6 | loss=0.614816 | k=0.39974 (log_k=-0.91700), d=0.01000 (log_d=-4.60482)
  Step   7 | loss=0.614813 | k=0.39973 (log_k=-0.91695), d=0.01000 (log_d=-4.60478)
  Step   8 | loss=0.614810 | k=0.39971 (log_k=-0.91698), d=0.01000 (log_d=-4.60508)
  Step   9 | loss=0.614810 | k=0.39973 (log_k=-0.91701), d=0.01000 (log_d=-4.60517)
  Step  10 | loss=0.614809 | k=0.39974 (log_k=-0.91697), d=0.01000 (log_d=-4.60515)
  Step  11 | loss=0.614809 | k=0.39977 (log_k=-0.91694), d=0.01000 (log_d=-4.60519)
  Step  12 | loss=0.614809 | k=0.39978 (log_k=-0.91687), d=0.01000 (log_d=-4.60519)
  Step  13 | loss=0.614808 | k=0.39980 (log_k=-0.91684), d=0.01000 (log_d=-4.60523)
  Step  14 | loss=0.614808 | k=0.39982 (log_k=-0.91679), d=0.01000 (log_d=-4.60524)
  Step  15 | loss=0.614808 | k=0.39984 (log_k=-0.91675), d=0.01000 (log_d=-4.60527)
  Step  16 | loss=0.614808 | k=0.39985 (log_k=-0.91670), d=0.01000 (log_d=-4.60528)
  Step  17 | loss=0.614806 | k=0.39986 (log_k=-0.91666), d=0.01000 (log_d=-4.60531)
  Step  18 | loss=0.614807 | k=0.39987 (log_k=-0.91665), d=0.01000 (log_d=-4.60535)
  Step  19 | loss=0.614806 | k=0.39988 (log_k=-0.91661), d=0.01000 (log_d=-4.60533)
  Step  20 | loss=0.614807 | k=0.39989 (log_k=-0.91659), d=0.01000 (log_d=-4.60537)
Generator Loss: 0.6148 | Updated Params -> K: 0.39948, D: 0.01000

=== GAN Iteration 4/20 ===
Collecting Generated (ComFree_Warp) trajectories...
Training Discriminator for 10 epochs...
Discriminator Loss: 0.6915
Optimizing ComFree parameters to fool the Discriminator...
  Step   1 | loss=0.606023 | k=0.39942 (log_k=-0.91759), d=0.00999 (log_d=-4.60541)
  Step   2 | loss=0.605977 | k=0.39935 (log_k=-0.91775), d=0.00999 (log_d=-4.60571)
  Step   3 | loss=0.605939 | k=0.39957 (log_k=-0.91792), d=0.00999 (log_d=-4.60581)
  Step   4 | loss=0.605937 | k=0.39932 (log_k=-0.91737), d=0.00998 (log_d=-4.60597)
  Step   5 | loss=0.606475 | k=0.39948 (log_k=-0.91798), d=0.00999 (log_d=-4.60703)
  Step   6 | loss=0.606025 | k=0.39948 (log_k=-0.91760), d=0.01001 (log_d=-4.60606)
  Step   7 | loss=0.605973 | k=0.39939 (log_k=-0.91758), d=0.01001 (log_d=-4.60424)
  Step   8 | loss=0.605977 | k=0.39944 (log_k=-0.91782), d=0.01001 (log_d=-4.60418)
  Step   9 | loss=0.605978 | k=0.39952 (log_k=-0.91768), d=0.01002 (log_d=-4.60414)
  Step  10 | loss=0.605814 | k=0.39974 (log_k=-0.91750), d=0.01002 (log_d=-4.60364)
  Step  11 | loss=0.605832 | k=0.39967 (log_k=-0.91694), d=0.01002 (log_d=-4.60280)
  Step  12 | loss=0.605804 | k=0.39966 (log_k=-0.91712), d=0.01002 (log_d=-4.60303)
  Step  13 | loss=0.605707 | k=0.39977 (log_k=-0.91715), d=0.01002 (log_d=-4.60347)
  Step  14 | loss=0.605741 | k=0.39935 (log_k=-0.91687), d=0.01000 (log_d=-4.60337)
  Step  15 | loss=0.605979 | k=0.39929 (log_k=-0.91793), d=0.00999 (log_d=-4.60553)
  Step  16 | loss=0.606023 | k=0.39958 (log_k=-0.91806), d=0.01002 (log_d=-4.60584)
  Step  17 | loss=0.605806 | k=0.39919 (log_k=-0.91734), d=0.01002 (log_d=-4.60308)
  Step  18 | loss=0.605715 | k=0.39923 (log_k=-0.91831), d=0.01003 (log_d=-4.60306)
  Step  19 | loss=0.605800 | k=0.39927 (log_k=-0.91822), d=0.01002 (log_d=-4.60257)
  Step  20 | loss=0.605753 | k=0.39892 (log_k=-0.91811), d=0.01002 (log_d=-4.60281)
Generator Loss: 0.6057 | Updated Params -> K: 0.39977, D: 0.01002

=== GAN Iteration 5/20 ===
Collecting Generated (ComFree_Warp) trajectories...
Training Discriminator for 10 epochs...
Discriminator Loss: 0.6860
Optimizing ComFree parameters to fool the Discriminator...
  Step   1 | loss=0.623383 | k=0.39973 (log_k=-0.91687), d=0.01001 (log_d=-4.60337)
  Step   2 | loss=0.623259 | k=0.39968 (log_k=-0.91696), d=0.01001 (log_d=-4.60379)
  Step   3 | loss=0.623164 | k=0.39959 (log_k=-0.91710), d=0.01001 (log_d=-4.60406)
  Step   4 | loss=0.623067 | k=0.39959 (log_k=-0.91733), d=0.01000 (log_d=-4.60459)
  Step   5 | loss=0.623023 | k=0.39949 (log_k=-0.91731), d=0.01000 (log_d=-4.60477)
  Step   6 | loss=0.622585 | k=0.39915 (log_k=-0.91756), d=0.00997 (log_d=-4.60544)
  Step   7 | loss=0.620229 | k=0.39903 (log_k=-0.91842), d=0.00997 (log_d=-4.60793)
  Step   8 | loss=0.620047 | k=0.39893 (log_k=-0.91871), d=0.00996 (log_d=-4.60850)
  Step   9 | loss=0.619887 | k=0.39874 (log_k=-0.91896), d=0.00995 (log_d=-4.60913)
  Step  10 | loss=0.619630 | k=0.39858 (log_k=-0.91944), d=0.00995 (log_d=-4.60997)
  Step  11 | loss=0.619415 | k=0.39846 (log_k=-0.91985), d=0.00994 (log_d=-4.61068)
  Step  12 | loss=0.619240 | k=0.39810 (log_k=-0.92014), d=0.00993 (log_d=-4.61126)
  Step  13 | loss=0.618891 | k=0.39798 (log_k=-0.92105), d=0.00992 (log_d=-4.61247)
  Step  14 | loss=0.618700 | k=0.39784 (log_k=-0.92135), d=0.00991 (log_d=-4.61311)
  Step  15 | loss=0.618497 | k=0.39769 (log_k=-0.92170), d=0.00991 (log_d=-4.61376)
  Step  16 | loss=0.625494 | k=0.39769 (log_k=-0.92208), d=0.00991 (log_d=-4.61444)
  Step  17 | loss=0.625524 | k=0.39774 (log_k=-0.92209), d=0.00991 (log_d=-4.61458)
  Step  18 | loss=0.618392 | k=0.39762 (log_k=-0.92195), d=0.00991 (log_d=-4.61406)
  Step  19 | loss=0.625648 | k=0.39793 (log_k=-0.92225), d=0.00992 (log_d=-4.61467)
  Step  20 | loss=0.618664 | k=0.39782 (log_k=-0.92148), d=0.00991 (log_d=-4.61319)
Generator Loss: 0.6184 | Updated Params -> K: 0.39762, D: 0.00991

=== GAN Iteration 6/20 ===
Collecting Generated (ComFree_Warp) trajectories...
Training Discriminator for 10 epochs...
Discriminator Loss: 0.6766
Optimizing ComFree parameters to fool the Discriminator...
  Step   1 | loss=0.632965 | k=0.39786 (log_k=-0.92225), d=0.00992 (log_d=-4.61467)
  Step   2 | loss=0.632133 | k=0.39811 (log_k=-0.92166), d=0.00993 (log_d=-4.61354)
  Step   3 | loss=0.630298 | k=0.39849 (log_k=-0.92103), d=0.00995 (log_d=-4.61235)
  Step   4 | loss=0.637705 | k=0.36525 (log_k=-0.92008), d=0.00860 (log_d=-4.61060)
  Step   5 | loss=0.642780 | k=0.36518 (log_k=-1.00718), d=0.00859 (log_d=-4.75656)
  Step   6 | loss=0.642700 | k=0.36511 (log_k=-1.00737), d=0.00859 (log_d=-4.75697)
  Step   7 | loss=0.642634 | k=0.36506 (log_k=-1.00756), d=0.00859 (log_d=-4.75736)
  Step   8 | loss=0.642591 | k=0.36502 (log_k=-1.00771), d=0.00858 (log_d=-4.75769)
  Step   9 | loss=0.642570 | k=0.36500 (log_k=-1.00779), d=0.00858 (log_d=-4.75793)
  Step  10 | loss=0.642560 | k=0.36499 (log_k=-1.00785), d=0.00858 (log_d=-4.75810)
  Step  11 | loss=0.642553 | k=0.36498 (log_k=-1.00789), d=0.00858 (log_d=-4.75824)
  Step  12 | loss=0.642455 | k=0.36499 (log_k=-1.00791), d=0.00856 (log_d=-4.75836)
  Step  13 | loss=0.634123 | k=0.36474 (log_k=-1.00789), d=0.00855 (log_d=-4.76076)
  Step  14 | loss=0.633949 | k=0.36472 (log_k=-1.00856), d=0.00855 (log_d=-4.76172)
  Step  15 | loss=0.633939 | k=0.36469 (log_k=-1.00863), d=0.00855 (log_d=-4.76187)
  Step  16 | loss=0.633950 | k=0.36468 (log_k=-1.00870), d=0.00855 (log_d=-4.76201)
  Step  17 | loss=0.633950 | k=0.36465 (log_k=-1.00875), d=0.00855 (log_d=-4.76163)
  Step  18 | loss=0.633939 | k=0.36463 (log_k=-1.00881), d=0.00855 (log_d=-4.76178)
  Step  19 | loss=0.633950 | k=0.36461 (log_k=-1.00888), d=0.00855 (log_d=-4.76192)
  Step  20 | loss=0.633950 | k=0.36458 (log_k=-1.00893), d=0.00855 (log_d=-4.76154)
Generator Loss: 0.6303 | Updated Params -> K: 0.39849, D: 0.00995

=== GAN Iteration 7/20 ===
Collecting Generated (ComFree_Warp) trajectories...
Training Discriminator for 10 epochs...
Discriminator Loss: 0.6754
Optimizing ComFree parameters to fool the Discriminator...
  Step   1 | loss=0.618537 | k=0.39826 (log_k=-0.92008), d=0.00993 (log_d=-4.61060)
  Step   2 | loss=0.617118 | k=0.39796 (log_k=-0.92066), d=0.00991 (log_d=-4.61211)
  Step   3 | loss=0.617768 | k=0.39774 (log_k=-0.92139), d=0.00990 (log_d=-4.61371)
  Step   4 | loss=0.629228 | k=0.39465 (log_k=-0.92196), d=0.00965 (log_d=-4.61501)
  Step   5 | loss=0.703480 | k=0.39621 (log_k=-0.92975), d=0.00974 (log_d=-4.64049)
  Step   6 | loss=0.745783 | k=0.37007 (log_k=-0.92581), d=0.00844 (log_d=-4.63186)
  Step   7 | loss=0.671516 | k=0.36998 (log_k=-0.99406), d=0.00844 (log_d=-4.77453)
  Step   8 | loss=0.671477 | k=0.36991 (log_k=-0.99430), d=0.00844 (log_d=-4.77474)
  Step   9 | loss=0.671444 | k=0.36983 (log_k=-0.99450), d=0.00844 (log_d=-4.77494)
  Step  10 | loss=0.671414 | k=0.36975 (log_k=-0.99472), d=0.00844 (log_d=-4.77511)
  Step  11 | loss=0.671386 | k=0.36968 (log_k=-0.99492), d=0.00843 (log_d=-4.77527)
  Step  12 | loss=0.671361 | k=0.36961 (log_k=-0.99512), d=0.00843 (log_d=-4.77542)
  Step  13 | loss=0.671338 | k=0.36955 (log_k=-0.99531), d=0.00843 (log_d=-4.77557)
  Step  14 | loss=0.671373 | k=0.36957 (log_k=-0.99548), d=0.00843 (log_d=-4.77567)
  Step  15 | loss=0.671370 | k=0.36954 (log_k=-0.99541), d=0.00843 (log_d=-4.77566)
  Step  16 | loss=0.671378 | k=0.36962 (log_k=-0.99550), d=0.00843 (log_d=-4.77573)
  Step  17 | loss=0.671335 | k=0.36955 (log_k=-0.99528), d=0.00843 (log_d=-4.77565)
  Step  18 | loss=0.671377 | k=0.36963 (log_k=-0.99548), d=0.00843 (log_d=-4.77579)
  Step  19 | loss=0.671335 | k=0.36956 (log_k=-0.99526), d=0.00843 (log_d=-4.77570)
  Step  20 | loss=0.671376 | k=0.36964 (log_k=-0.99545), d=0.00843 (log_d=-4.77585)
Generator Loss: 0.6171 | Updated Params -> K: 0.39796, D: 0.00991

=== GAN Iteration 8/20 ===
Collecting Generated (ComFree_Warp) trajectories...
Training Discriminator for 10 epochs...
Discriminator Loss: 0.6673
Optimizing ComFree parameters to fool the Discriminator...
  Step   1 | loss=0.630953 | k=0.39848 (log_k=-0.92139), d=0.00995 (log_d=-4.61371)
  Step   2 | loss=0.646812 | k=0.39867 (log_k=-0.92010), d=0.00996 (log_d=-4.61003)
  Step   3 | loss=0.646628 | k=0.39844 (log_k=-0.91962), d=0.00995 (log_d=-4.60907)
  Step   4 | loss=0.646745 | k=0.39859 (log_k=-0.92019), d=0.00996 (log_d=-4.60985)
  Step   5 | loss=0.646653 | k=0.39853 (log_k=-0.91982), d=0.00996 (log_d=-4.60892)
  Step   6 | loss=0.646411 | k=0.39867 (log_k=-0.91998), d=0.00992 (log_d=-4.60944)
  Step   7 | loss=0.627656 | k=0.40014 (log_k=-0.91961), d=0.01002 (log_d=-4.61358)
  Step   8 | loss=0.629082 | k=0.31317 (log_k=-0.91594), d=0.00516 (log_d=-4.60362)
  Step   9 | loss=0.651284 | k=0.31302 (log_k=-1.16102), d=0.00516 (log_d=-5.26716)
  Step  10 | loss=0.651075 | k=0.31288 (log_k=-1.16149), d=0.00515 (log_d=-5.26772)
  Step  11 | loss=0.650945 | k=0.31280 (log_k=-1.16192), d=0.00515 (log_d=-5.26827)
  Step  12 | loss=0.650810 | k=0.31267 (log_k=-1.16220), d=0.00515 (log_d=-5.26865)
  Step  13 | loss=0.650602 | k=0.31254 (log_k=-1.16262), d=0.00514 (log_d=-5.26924)
  Step  14 | loss=0.650441 | k=0.31245 (log_k=-1.16301), d=0.00514 (log_d=-5.26983)
  Step  15 | loss=0.650327 | k=0.31234 (log_k=-1.16330), d=0.00514 (log_d=-5.27026)
  Step  16 | loss=0.650128 | k=0.31223 (log_k=-1.16367), d=0.00514 (log_d=-5.27086)
  Step  17 | loss=0.649934 | k=0.31213 (log_k=-1.16401), d=0.00513 (log_d=-5.27146)
  Step  18 | loss=0.649744 | k=0.31203 (log_k=-1.16435), d=0.00513 (log_d=-5.27207)
  Step  19 | loss=0.649560 | k=0.31194 (log_k=-1.16466), d=0.00513 (log_d=-5.27268)
  Step  20 | loss=0.649424 | k=0.31188 (log_k=-1.16494), d=0.00512 (log_d=-5.27326)
Generator Loss: 0.6277 | Updated Params -> K: 0.40014, D: 0.01002

=== GAN Iteration 9/20 ===
Collecting Generated (ComFree_Warp) trajectories...
Training Discriminator for 10 epochs...
Discriminator Loss: 0.6696
Optimizing ComFree parameters to fool the Discriminator...
  Step   1 | loss=0.600662 | k=0.39709 (log_k=-0.91594), d=0.00990 (log_d=-4.60362)
  Step   2 | loss=0.634457 | k=0.39723 (log_k=-0.92358), d=0.00991 (log_d=-4.61477)
  Step   3 | loss=0.634185 | k=0.39741 (log_k=-0.92323), d=0.00992 (log_d=-4.61411)
  Step   4 | loss=0.633892 | k=0.39785 (log_k=-0.92280), d=0.00994 (log_d=-4.61342)
  Step   5 | loss=0.633195 | k=0.39772 (log_k=-0.92169), d=0.00993 (log_d=-4.61131)
  Step   6 | loss=0.633206 | k=0.39800 (log_k=-0.92202), d=0.00994 (log_d=-4.61204)
  Step   7 | loss=0.634193 | k=0.39657 (log_k=-0.92131), d=0.00984 (log_d=-4.61072)
  Step   8 | loss=0.680663 | k=0.40402 (log_k=-0.92491), d=0.01017 (log_d=-4.62097)
  Step   9 | loss=0.643145 | k=0.40355 (log_k=-0.90629), d=0.01017 (log_d=-4.58783)
  Step  10 | loss=0.642123 | k=0.40314 (log_k=-0.90747), d=0.01015 (log_d=-4.58880)
  Step  11 | loss=0.641395 | k=0.40298 (log_k=-0.90846), d=0.01017 (log_d=-4.58985)
  Step  12 | loss=0.641707 | k=0.40257 (log_k=-0.90887), d=0.01017 (log_d=-4.58829)
  Step  13 | loss=0.640839 | k=0.40228 (log_k=-0.90988), d=0.01016 (log_d=-4.58879)
  Step  14 | loss=0.640803 | k=0.40213 (log_k=-0.91059), d=0.01018 (log_d=-4.58882)
  Step  15 | loss=0.640620 | k=0.40223 (log_k=-0.91098), d=0.01019 (log_d=-4.58765)
  Step  16 | loss=0.641454 | k=0.40181 (log_k=-0.91072), d=0.01018 (log_d=-4.58666)
  Step  17 | loss=0.640613 | k=0.40154 (log_k=-0.91177), d=0.01018 (log_d=-4.58765)
  Step  18 | loss=0.640113 | k=0.40127 (log_k=-0.91245), d=0.01018 (log_d=-4.58749)
  Step  19 | loss=0.639904 | k=0.39786 (log_k=-0.91312), d=0.01010 (log_d=-4.58705)
  Step  20 | loss=0.622018 | k=0.39692 (log_k=-0.92165), d=0.01003 (log_d=-4.59501)
Generator Loss: 0.6007 | Updated Params -> K: 0.39709, D: 0.00990

=== GAN Iteration 10/20 ===
Collecting Generated (ComFree_Warp) trajectories...
Training Discriminator for 10 epochs...
Discriminator Loss: 0.6543
Optimizing ComFree parameters to fool the Discriminator...
  Step   1 | loss=0.737005 | k=0.39208 (log_k=-0.92358), d=0.00962 (log_d=-4.61477)
  Step   2 | loss=0.698495 | k=0.39388 (log_k=-0.93628), d=0.00970 (log_d=-4.64404)
  Step   3 | loss=0.653435 | k=0.39674 (log_k=-0.93171), d=0.00986 (log_d=-4.63515)
  Step   4 | loss=0.660299 | k=0.39408 (log_k=-0.92447), d=0.00978 (log_d=-4.61912)
  Step   5 | loss=0.711984 | k=0.39459 (log_k=-0.93121), d=0.00979 (log_d=-4.62742)
  Step   6 | loss=0.706897 | k=0.40236 (log_k=-0.92991), d=0.01016 (log_d=-4.62591)
  Step   7 | loss=0.677559 | k=0.40173 (log_k=-0.91042), d=0.01005 (log_d=-4.58892)
  Step   8 | loss=0.703014 | k=0.73082 (log_k=-0.91196), d=0.01832 (log_d=-4.60002)
  Step   9 | loss=1.000252 | k=0.73081 (log_k=-0.31359), d=0.01832 (log_d=-3.99967)
  Step  10 | loss=1.000252 | k=0.73080 (log_k=-0.31360), d=0.01832 (log_d=-3.99969)
  Step  11 | loss=1.000252 | k=0.73080 (log_k=-0.31361), d=0.01832 (log_d=-3.99971)
  Step  12 | loss=1.000252 | k=0.73079 (log_k=-0.31362), d=0.01832 (log_d=-3.99973)
  Step  13 | loss=1.000252 | k=0.73079 (log_k=-0.31363), d=0.01832 (log_d=-3.99975)
  Step  14 | loss=1.000252 | k=0.73078 (log_k=-0.31364), d=0.01832 (log_d=-3.99977)
  Step  15 | loss=1.000251 | k=0.73077 (log_k=-0.31365), d=0.01832 (log_d=-3.99978)
  Step  16 | loss=1.000251 | k=0.73077 (log_k=-0.31366), d=0.01832 (log_d=-3.99980)
  Step  17 | loss=1.000251 | k=0.73076 (log_k=-0.31366), d=0.01832 (log_d=-3.99982)
  Step  18 | loss=1.000251 | k=0.73075 (log_k=-0.31367), d=0.01832 (log_d=-3.99984)
  Step  19 | loss=1.000251 | k=0.73075 (log_k=-0.31368), d=0.01832 (log_d=-3.99986)
  Step  20 | loss=1.000251 | k=0.73074 (log_k=-0.31369), d=0.01832 (log_d=-3.99988)
Generator Loss: 0.6534 | Updated Params -> K: 0.39674, D: 0.00986

=== GAN Iteration 11/20 ===
Collecting Generated (ComFree_Warp) trajectories...
Training Discriminator for 10 epochs...
Discriminator Loss: 0.6577
Optimizing ComFree parameters to fool the Discriminator...
  Step   1 | loss=0.617647 | k=0.39400 (log_k=-0.92447), d=0.00976 (log_d=-4.61912)
  Step   2 | loss=0.698865 | k=0.38610 (log_k=-0.93140), d=0.00941 (log_d=-4.62987)
  Step   3 | loss=0.627769 | k=0.38766 (log_k=-0.95165), d=0.00951 (log_d=-4.66565)
  Step   4 | loss=0.635746 | k=0.38722 (log_k=-0.94763), d=0.00949 (log_d=-4.65530)
  Step   5 | loss=0.624499 | k=0.38614 (log_k=-0.94876), d=0.00945 (log_d=-4.65768)
  Step   6 | loss=0.615348 | k=0.38845 (log_k=-0.95155), d=0.00957 (log_d=-4.66172)
  Step   7 | loss=0.678326 | k=0.39063 (log_k=-0.94559), d=0.00965 (log_d=-4.64873)
  Step   8 | loss=0.696651 | k=0.39154 (log_k=-0.93999), d=0.00970 (log_d=-4.64061)
  Step   9 | loss=0.675470 | k=0.39163 (log_k=-0.93766), d=0.00749 (log_d=-4.63600)
  Step  10 | loss=0.657630 | k=0.39150 (log_k=-0.93744), d=0.00749 (log_d=-4.89422)
  Step  11 | loss=0.657443 | k=0.39137 (log_k=-0.93776), d=0.00748 (log_d=-4.89482)
  Step  12 | loss=0.657256 | k=0.39125 (log_k=-0.93810), d=0.00748 (log_d=-4.89543)
  Step  13 | loss=0.657082 | k=0.39113 (log_k=-0.93841), d=0.00747 (log_d=-4.89603)
  Step  14 | loss=0.656930 | k=0.39104 (log_k=-0.93871), d=0.00747 (log_d=-4.89660)
  Step  15 | loss=0.656810 | k=0.39095 (log_k=-0.93895), d=0.00746 (log_d=-4.89710)
  Step  16 | loss=0.656824 | k=0.39098 (log_k=-0.93918), d=0.00746 (log_d=-4.89758)
  Step  17 | loss=0.656821 | k=0.39101 (log_k=-0.93910), d=0.00746 (log_d=-4.89755)
  Step  18 | loss=0.656820 | k=0.39103 (log_k=-0.93903), d=0.00746 (log_d=-4.89756)
  Step  19 | loss=0.656818 | k=0.39105 (log_k=-0.93896), d=0.00746 (log_d=-4.89757)
  Step  20 | loss=0.656817 | k=0.39107 (log_k=-0.93892), d=0.00746 (log_d=-4.89759)
Generator Loss: 0.6153 | Updated Params -> K: 0.38845, D: 0.00957

=== GAN Iteration 12/20 ===
Collecting Generated (ComFree_Warp) trajectories...
Training Discriminator for 10 epochs...
Discriminator Loss: 0.5692
Optimizing ComFree parameters to fool the Discriminator...
  Step   1 | loss=0.680379 | k=0.27536 (log_k=-0.94559), d=0.00522 (log_d=-4.64873)
  Step   2 | loss=0.592121 | k=0.27558 (log_k=-1.28968), d=0.00521 (log_d=-5.25575)
  Step   3 | loss=0.591755 | k=0.27581 (log_k=-1.28887), d=0.00521 (log_d=-5.25625)
  Step   4 | loss=0.591388 | k=0.27604 (log_k=-1.28805), d=0.00521 (log_d=-5.25675)
  Step   5 | loss=0.591015 | k=0.27627 (log_k=-1.28722), d=0.00521 (log_d=-5.25723)
  Step   6 | loss=0.590647 | k=0.27650 (log_k=-1.28639), d=0.00520 (log_d=-5.25773)
  Step   7 | loss=0.590269 | k=0.27673 (log_k=-1.28554), d=0.00520 (log_d=-5.25820)
  Step   8 | loss=0.589886 | k=0.27697 (log_k=-1.28470), d=0.00520 (log_d=-5.25866)
  Step   9 | loss=0.589484 | k=0.27720 (log_k=-1.28386), d=0.00520 (log_d=-5.25920)
  Step  10 | loss=0.589077 | k=0.27744 (log_k=-1.28302), d=0.00519 (log_d=-5.25975)
  Step  11 | loss=0.588667 | k=0.27768 (log_k=-1.28217), d=0.00519 (log_d=-5.26030)
  Step  12 | loss=0.588449 | k=0.27788 (log_k=-1.28129), d=0.00520 (log_d=-5.26081)
  Step  13 | loss=0.588197 | k=0.27814 (log_k=-1.28055), d=0.00519 (log_d=-5.25982)
  Step  14 | loss=0.587796 | k=0.27839 (log_k=-1.27964), d=0.00519 (log_d=-5.26030)
  Step  15 | loss=0.587477 | k=0.27864 (log_k=-1.27874), d=0.00519 (log_d=-5.26032)
  Step  16 | loss=0.587133 | k=0.39903 (log_k=-1.27785), d=0.00743 (log_d=-5.26007)
  Step  17 | loss=0.636183 | k=0.39911 (log_k=-0.91871), d=0.00743 (log_d=-4.90201)
  Step  18 | loss=0.636154 | k=0.39921 (log_k=-0.91851), d=0.00743 (log_d=-4.90172)
  Step  19 | loss=0.636130 | k=0.39930 (log_k=-0.91827), d=0.00743 (log_d=-4.90171)
  Step  20 | loss=0.636107 | k=0.39939 (log_k=-0.91804), d=0.00743 (log_d=-4.90172)
Generator Loss: 0.5871 | Updated Params -> K: 0.39903, D: 0.00743

=== GAN Iteration 13/20 ===
Collecting Generated (ComFree_Warp) trajectories...
Training Discriminator for 10 epochs...
Discriminator Loss: 0.6273
Optimizing ComFree parameters to fool the Discriminator...
  Step   1 | loss=0.656620 | k=0.39897 (log_k=-0.91871), d=0.00743 (log_d=-4.90201)
  Step   2 | loss=0.656579 | k=0.39891 (log_k=-0.91886), d=0.00743 (log_d=-4.90229)
  Step   3 | loss=0.656536 | k=0.39885 (log_k=-0.91902), d=0.00743 (log_d=-4.90258)
  Step   4 | loss=0.656492 | k=0.39879 (log_k=-0.91918), d=0.00742 (log_d=-4.90287)
  Step   5 | loss=0.656444 | k=0.39872 (log_k=-0.91933), d=0.00742 (log_d=-4.90318)
  Step   6 | loss=0.671143 | k=0.39880 (log_k=-0.91949), d=0.00742 (log_d=-4.90349)
  Step   7 | loss=0.656408 | k=0.39873 (log_k=-0.91931), d=0.00742 (log_d=-4.90348)
  Step   8 | loss=0.671177 | k=0.39899 (log_k=-0.91946), d=0.00742 (log_d=-4.90380)
  Step   9 | loss=0.656457 | k=0.39893 (log_k=-0.91881), d=0.00742 (log_d=-4.90333)
  Step  10 | loss=0.656407 | k=0.39886 (log_k=-0.91897), d=0.00742 (log_d=-4.90365)
  Step  11 | loss=0.671126 | k=0.39902 (log_k=-0.91913), d=0.00742 (log_d=-4.90398)
  Step  12 | loss=0.656405 | k=0.39896 (log_k=-0.91873), d=0.00742 (log_d=-4.90378)
  Step  13 | loss=0.671098 | k=0.39904 (log_k=-0.91889), d=0.00742 (log_d=-4.90411)
  Step  14 | loss=0.656363 | k=0.39898 (log_k=-0.91869), d=0.00741 (log_d=-4.90411)
  Step  15 | loss=0.671669 | k=0.39975 (log_k=-0.91884), d=0.00742 (log_d=-4.90445)
  Step  16 | loss=0.656601 | k=0.39970 (log_k=-0.91692), d=0.00742 (log_d=-4.90302)
  Step  17 | loss=0.656557 | k=0.39965 (log_k=-0.91705), d=0.00742 (log_d=-4.90333)
  Step  18 | loss=0.656510 | k=0.39960 (log_k=-0.91717), d=0.00742 (log_d=-4.90365)
  Step  19 | loss=0.656461 | k=0.39954 (log_k=-0.91730), d=0.00741 (log_d=-4.90397)
  Step  20 | loss=0.656409 | k=0.39949 (log_k=-0.91743), d=0.00741 (log_d=-4.90430)
Generator Loss: 0.6564 | Updated Params -> K: 0.39898, D: 0.00741

=== GAN Iteration 14/20 ===
Collecting Generated (ComFree_Warp) trajectories...
Training Discriminator for 10 epochs...
Discriminator Loss: 0.6209
Optimizing ComFree parameters to fool the Discriminator...
  Step   1 | loss=0.732572 | k=0.39893 (log_k=-0.91884), d=0.00741 (log_d=-4.90445)
  Step   2 | loss=0.732540 | k=0.39888 (log_k=-0.91896), d=0.00741 (log_d=-4.90471)
  Step   3 | loss=0.732506 | k=0.39884 (log_k=-0.91908), d=0.00741 (log_d=-4.90497)
  Step   4 | loss=0.732473 | k=0.39879 (log_k=-0.91920), d=0.00741 (log_d=-4.90524)
  Step   5 | loss=0.732439 | k=0.39875 (log_k=-0.91932), d=0.00740 (log_d=-4.90550)
  Step   6 | loss=0.732447 | k=0.39871 (log_k=-0.91943), d=0.00740 (log_d=-4.90577)
  Step   7 | loss=0.732425 | k=0.39869 (log_k=-0.91953), d=0.00740 (log_d=-4.90600)
  Step   8 | loss=0.732416 | k=0.39867 (log_k=-0.91958), d=0.00740 (log_d=-4.90618)
  Step   9 | loss=0.732410 | k=0.39866 (log_k=-0.91961), d=0.00740 (log_d=-4.90629)
  Step  10 | loss=0.732403 | k=0.39865 (log_k=-0.91964), d=0.00740 (log_d=-4.90641)
  Step  11 | loss=0.732395 | k=0.39862 (log_k=-0.91968), d=0.00740 (log_d=-4.90654)
  Step  12 | loss=0.732377 | k=0.39858 (log_k=-0.91974), d=0.00739 (log_d=-4.90670)
  Step  13 | loss=0.732345 | k=0.39853 (log_k=-0.91986), d=0.00739 (log_d=-4.90696)
  Step  14 | loss=0.732312 | k=0.39848 (log_k=-0.91998), d=0.00739 (log_d=-4.90723)
  Step  15 | loss=0.732279 | k=0.39843 (log_k=-0.92010), d=0.00739 (log_d=-4.90749)
  Step  16 | loss=0.732246 | k=0.39838 (log_k=-0.92022), d=0.00739 (log_d=-4.90775)
  Step  17 | loss=0.732212 | k=0.39833 (log_k=-0.92034), d=0.00739 (log_d=-4.90801)
  Step  18 | loss=0.732177 | k=0.39828 (log_k=-0.92047), d=0.00738 (log_d=-4.90828)
  Step  19 | loss=0.732143 | k=0.39823 (log_k=-0.92059), d=0.00738 (log_d=-4.90855)
  Step  20 | loss=0.732108 | k=0.39818 (log_k=-0.92072), d=0.00738 (log_d=-4.90881)
Generator Loss: 0.7321 | Updated Params -> K: 0.39818, D: 0.00738

=== GAN Iteration 15/20 ===
Collecting Generated (ComFree_Warp) trajectories...
Training Discriminator for 10 epochs...
Discriminator Loss: 0.6022
Optimizing ComFree parameters to fool the Discriminator...
  Step   1 | loss=0.665211 | k=0.39519 (log_k=-0.92085), d=0.00722 (log_d=-4.90908)
  Step   2 | loss=0.567372 | k=0.39516 (log_k=-0.92839), d=0.00722 (log_d=-4.93059)
  Step   3 | loss=0.567366 | k=0.39511 (log_k=-0.92847), d=0.00722 (log_d=-4.93051)
  Step   4 | loss=0.567357 | k=0.39506 (log_k=-0.92859), d=0.00722 (log_d=-4.93041)
  Step   5 | loss=0.567348 | k=0.39501 (log_k=-0.92871), d=0.00722 (log_d=-4.93031)
  Step   6 | loss=0.567339 | k=0.39496 (log_k=-0.92884), d=0.00723 (log_d=-4.93023)
  Step   7 | loss=0.567330 | k=0.39491 (log_k=-0.92897), d=0.00723 (log_d=-4.93014)
  Step   8 | loss=0.567321 | k=0.39487 (log_k=-0.92910), d=0.00723 (log_d=-4.93006)
  Step   9 | loss=0.567313 | k=0.39483 (log_k=-0.92919), d=0.00725 (log_d=-4.92996)
  Step  10 | loss=0.567069 | k=0.39480 (log_k=-0.92931), d=0.00725 (log_d=-4.92684)
  Step  11 | loss=0.567057 | k=0.39477 (log_k=-0.92939), d=0.00725 (log_d=-4.92668)
  Step  12 | loss=0.567039 | k=0.39475 (log_k=-0.92944), d=0.00725 (log_d=-4.92646)
  Step  13 | loss=0.567025 | k=0.39470 (log_k=-0.92950), d=0.00725 (log_d=-4.92629)
  Step  14 | loss=0.567010 | k=0.39468 (log_k=-0.92962), d=0.00726 (log_d=-4.92613)
  Step  15 | loss=0.566996 | k=0.39465 (log_k=-0.92969), d=0.00726 (log_d=-4.92596)
  Step  16 | loss=0.566980 | k=0.39462 (log_k=-0.92975), d=0.00726 (log_d=-4.92578)
  Step  17 | loss=0.566963 | k=0.39459 (log_k=-0.92983), d=0.00726 (log_d=-4.92558)
  Step  18 | loss=0.566947 | k=0.39454 (log_k=-0.92992), d=0.00726 (log_d=-4.92542)
  Step  19 | loss=0.566897 | k=0.39449 (log_k=-0.93003), d=0.00726 (log_d=-4.92495)
  Step  20 | loss=0.566880 | k=0.39446 (log_k=-0.93015), d=0.00727 (log_d=-4.92478)
Generator Loss: 0.5669 | Updated Params -> K: 0.39446, D: 0.00727

=== GAN Iteration 16/20 ===
Collecting Generated (ComFree_Warp) trajectories...
Training Discriminator for 10 epochs...
Discriminator Loss: 0.5921
Optimizing ComFree parameters to fool the Discriminator...
  Step   1 | loss=0.699954 | k=0.39519 (log_k=-0.93024), d=0.00728 (log_d=-4.92458)
  Step   2 | loss=0.699571 | k=0.39520 (log_k=-0.92838), d=0.00728 (log_d=-4.92226)
  Step   3 | loss=0.699570 | k=0.39514 (log_k=-0.92836), d=0.00728 (log_d=-4.92235)
  Step   4 | loss=0.699593 | k=0.39543 (log_k=-0.92851), d=0.00728 (log_d=-4.92224)
  Step   5 | loss=0.699592 | k=0.39532 (log_k=-0.92777), d=0.00728 (log_d=-4.92234)
  Step   6 | loss=0.699580 | k=0.39536 (log_k=-0.92805), d=0.00728 (log_d=-4.92257)
  Step   7 | loss=0.699581 | k=0.39538 (log_k=-0.92797), d=0.00728 (log_d=-4.92264)
  Step   8 | loss=0.699581 | k=0.39533 (log_k=-0.92792), d=0.00728 (log_d=-4.92271)
  Step   9 | loss=0.699573 | k=0.39529 (log_k=-0.92802), d=0.00728 (log_d=-4.92281)
  Step  10 | loss=0.699560 | k=0.39525 (log_k=-0.92813), d=0.00728 (log_d=-4.92291)
  Step  11 | loss=0.699550 | k=0.39515 (log_k=-0.92823), d=0.00727 (log_d=-4.92313)
  Step  12 | loss=0.699541 | k=0.39518 (log_k=-0.92848), d=0.00727 (log_d=-4.92337)
  Step  13 | loss=0.699544 | k=0.39515 (log_k=-0.92840), d=0.00728 (log_d=-4.92335)
  Step  14 | loss=0.699541 | k=0.39510 (log_k=-0.92849), d=0.00728 (log_d=-4.92320)
  Step  15 | loss=0.699529 | k=0.39499 (log_k=-0.92862), d=0.00727 (log_d=-4.92328)
  Step  16 | loss=0.699536 | k=0.39498 (log_k=-0.92890), d=0.00727 (log_d=-4.92342)
  Step  17 | loss=0.699597 | k=0.39497 (log_k=-0.92891), d=0.00727 (log_d=-4.92404)
  Step  18 | loss=0.699574 | k=0.39494 (log_k=-0.92894), d=0.00727 (log_d=-4.92385)
  Step  19 | loss=0.699566 | k=0.39497 (log_k=-0.92901), d=0.00727 (log_d=-4.92371)
  Step  20 | loss=0.699564 | k=0.39525 (log_k=-0.92893), d=0.00728 (log_d=-4.92340)
Generator Loss: 0.6995 | Updated Params -> K: 0.39499, D: 0.00727

=== GAN Iteration 17/20 ===
Collecting Generated (ComFree_Warp) trajectories...
Training Discriminator for 10 epochs...
Discriminator Loss: 0.5990
Optimizing ComFree parameters to fool the Discriminator...
  Step   1 | loss=0.667716 | k=0.39511 (log_k=-0.92890), d=0.00727 (log_d=-4.92342)
  Step   2 | loss=0.667461 | k=0.39516 (log_k=-0.92858), d=0.00726 (log_d=-4.92405)
  Step   3 | loss=0.666231 | k=0.39450 (log_k=-0.92847), d=0.00721 (log_d=-4.92518)
  Step   4 | loss=0.728923 | k=0.39799 (log_k=-0.93013), d=0.00723 (log_d=-4.93203)
  Step   5 | loss=0.698953 | k=0.39741 (log_k=-0.92134), d=0.00721 (log_d=-4.92900)
  Step   6 | loss=0.736773 | k=0.39700 (log_k=-0.92280), d=0.00720 (log_d=-4.93202)
  Step   7 | loss=0.737248 | k=0.39679 (log_k=-0.92382), d=0.00721 (log_d=-4.93359)
  Step   8 | loss=0.736840 | k=0.39663 (log_k=-0.92434), d=0.00721 (log_d=-4.93275)
  Step   9 | loss=0.736355 | k=0.39650 (log_k=-0.92475), d=0.00722 (log_d=-4.93178)
  Step  10 | loss=0.735983 | k=0.39636 (log_k=-0.92509), d=0.00723 (log_d=-4.93065)
  Step  11 | loss=0.696240 | k=0.39596 (log_k=-0.92543), d=0.00722 (log_d=-4.92945)
  Step  12 | loss=0.701125 | k=0.39622 (log_k=-0.92645), d=0.00723 (log_d=-4.93037)
  Step  13 | loss=0.696362 | k=0.39571 (log_k=-0.92578), d=0.00722 (log_d=-4.92887)
  Step  14 | loss=0.721295 | k=0.39646 (log_k=-0.92708), d=0.00724 (log_d=-4.93056)
  Step  15 | loss=0.696956 | k=0.39585 (log_k=-0.92519), d=0.00722 (log_d=-4.92856)
  Step  16 | loss=0.721285 | k=0.39651 (log_k=-0.92673), d=0.00723 (log_d=-4.93113)
  Step  17 | loss=0.696480 | k=0.39603 (log_k=-0.92505), d=0.00722 (log_d=-4.92928)
  Step  18 | loss=0.701280 | k=0.39626 (log_k=-0.92627), d=0.00723 (log_d=-4.93072)
  Step  19 | loss=0.696203 | k=0.39584 (log_k=-0.92569), d=0.00722 (log_d=-4.92926)
  Step  20 | loss=0.720919 | k=0.39629 (log_k=-0.92674), d=0.00724 (log_d=-4.93035)
Generator Loss: 0.6662 | Updated Params -> K: 0.39450, D: 0.00721

=== GAN Iteration 18/20 ===
Collecting Generated (ComFree_Warp) trajectories...
Training Discriminator for 10 epochs...
Discriminator Loss: 0.5810
Optimizing ComFree parameters to fool the Discriminator...
  Step   1 | loss=0.597475 | k=0.39454 (log_k=-0.93013), d=0.00721 (log_d=-4.93203)
  Step   2 | loss=0.597468 | k=0.39458 (log_k=-0.93003), d=0.00721 (log_d=-4.93194)
  Step   3 | loss=0.597460 | k=0.39462 (log_k=-0.92993), d=0.00721 (log_d=-4.93185)
  Step   4 | loss=0.597453 | k=0.39466 (log_k=-0.92983), d=0.00721 (log_d=-4.93176)
  Step   5 | loss=0.597445 | k=0.39471 (log_k=-0.92973), d=0.00722 (log_d=-4.93167)
  Step   6 | loss=0.597436 | k=0.17979 (log_k=-0.92961), d=0.00328 (log_d=-4.93158)
  Step   7 | loss=0.518147 | k=0.17954 (log_k=-1.71595), d=0.00329 (log_d=-5.71882)
  Step   8 | loss=0.516868 | k=0.17940 (log_k=-1.71735), d=0.00329 (log_d=-5.71730)
  Step   9 | loss=0.516094 | k=0.17926 (log_k=-1.71811), d=0.00329 (log_d=-5.71561)
  Step  10 | loss=0.516474 | k=0.17916 (log_k=-1.71892), d=0.00330 (log_d=-5.71707)
  Step  11 | loss=0.515851 | k=0.17903 (log_k=-1.71950), d=0.00330 (log_d=-5.71534)
  Step  12 | loss=0.515657 | k=0.17894 (log_k=-1.72018), d=0.00330 (log_d=-5.71513)
  Step  13 | loss=0.515506 | k=0.17884 (log_k=-1.72073), d=0.00330 (log_d=-5.71483)
  Step  14 | loss=0.515404 | k=0.17877 (log_k=-1.72126), d=0.00330 (log_d=-5.71453)
  Step  15 | loss=0.515442 | k=0.17872 (log_k=-1.72163), d=0.00330 (log_d=-5.71450)
  Step  16 | loss=0.515312 | k=0.17865 (log_k=-1.72192), d=0.00330 (log_d=-5.71514)
  Step  17 | loss=0.515382 | k=0.17858 (log_k=-1.72231), d=0.00331 (log_d=-5.71525)
  Step  18 | loss=0.515489 | k=0.17851 (log_k=-1.72271), d=0.00331 (log_d=-5.71189)
  Step  19 | loss=0.515443 | k=0.17845 (log_k=-1.72311), d=0.00331 (log_d=-5.71211)
  Step  20 | loss=0.515386 | k=0.17839 (log_k=-1.72342), d=0.00330 (log_d=-5.71228)
Generator Loss: 0.5153 | Updated Params -> K: 0.17865, D: 0.00330

=== GAN Iteration 19/20 ===
Collecting Generated (ComFree_Warp) trajectories...
Training Discriminator for 10 epochs...
Discriminator Loss: 0.6977
Optimizing ComFree parameters to fool the Discriminator...
  Step   1 | loss=0.619360 | k=0.17527 (log_k=-1.72231), d=0.00339 (log_d=-5.71525)
  Step   2 | loss=0.579485 | k=0.17526 (log_k=-1.74144), d=0.00340 (log_d=-5.68549)
  Step   3 | loss=0.579447 | k=0.17525 (log_k=-1.74150), d=0.00340 (log_d=-5.68519)
  Step   4 | loss=0.579401 | k=0.17524 (log_k=-1.74155), d=0.00340 (log_d=-5.68486)
  Step   5 | loss=0.579348 | k=0.17523 (log_k=-1.74160), d=0.00340 (log_d=-5.68450)
  Step   6 | loss=0.579351 | k=0.17524 (log_k=-1.74163), d=0.00340 (log_d=-5.68411)
  Step   7 | loss=0.579322 | k=0.17526 (log_k=-1.74161), d=0.00340 (log_d=-5.68382)
  Step   8 | loss=0.579309 | k=0.17529 (log_k=-1.74148), d=0.00340 (log_d=-5.68371)
  Step   9 | loss=0.579297 | k=0.17531 (log_k=-1.74133), d=0.00340 (log_d=-5.68361)
  Step  10 | loss=0.579283 | k=0.17534 (log_k=-1.74118), d=0.00340 (log_d=-5.68351)
  Step  11 | loss=0.579268 | k=0.17537 (log_k=-1.74102), d=0.00340 (log_d=-5.68340)
  Step  12 | loss=0.579253 | k=0.17540 (log_k=-1.74086), d=0.00340 (log_d=-5.68330)
  Step  13 | loss=0.579236 | k=0.17543 (log_k=-1.74069), d=0.00340 (log_d=-5.68318)
  Step  14 | loss=0.579218 | k=0.17546 (log_k=-1.74052), d=0.00340 (log_d=-5.68304)
  Step  15 | loss=0.579196 | k=0.17548 (log_k=-1.74036), d=0.00340 (log_d=-5.68288)
  Step  16 | loss=0.579161 | k=0.17550 (log_k=-1.74021), d=0.00341 (log_d=-5.68263)
  Step  17 | loss=0.579088 | k=0.17551 (log_k=-1.74013), d=0.00341 (log_d=-5.68221)
  Step  18 | loss=0.579028 | k=0.17553 (log_k=-1.74005), d=0.00341 (log_d=-5.68182)
  Step  19 | loss=0.578984 | k=0.17556 (log_k=-1.73993), d=0.00341 (log_d=-5.68150)
  Step  20 | loss=0.578948 | k=0.17560 (log_k=-1.73977), d=0.00341 (log_d=-5.68125)
Generator Loss: 0.5789 | Updated Params -> K: 0.17560, D: 0.00341

=== GAN Iteration 20/20 ===
Collecting Generated (ComFree_Warp) trajectories...
Training Discriminator for 10 epochs...
Discriminator Loss: 0.7006
Optimizing ComFree parameters to fool the Discriminator...
  Step   1 | loss=0.565910 | k=0.17559 (log_k=-1.73956), d=0.00341 (log_d=-5.68105)
  Step   2 | loss=0.565881 | k=0.17559 (log_k=-1.73962), d=0.00340 (log_d=-5.68250)
  Step   3 | loss=0.565118 | k=0.17557 (log_k=-1.73962), d=0.00340 (log_d=-5.68389)
  Step   4 | loss=0.564481 | k=0.17556 (log_k=-1.73970), d=0.00339 (log_d=-5.68514)
  Step   5 | loss=0.563828 | k=0.17554 (log_k=-1.73978), d=0.00339 (log_d=-5.68641)
  Step   6 | loss=0.563161 | k=0.17552 (log_k=-1.73987), d=0.00338 (log_d=-5.68770)
  Step   7 | loss=0.562852 | k=0.17556 (log_k=-1.73999), d=0.00338 (log_d=-5.68898)
  Step   8 | loss=0.562419 | k=0.17563 (log_k=-1.73977), d=0.00338 (log_d=-5.69003)
  Step   9 | loss=0.562016 | k=0.17570 (log_k=-1.73937), d=0.00337 (log_d=-5.69095)
  Step  10 | loss=0.561881 | k=0.17582 (log_k=-1.73899), d=0.00337 (log_d=-5.69187)
  Step  11 | loss=0.561689 | k=0.17591 (log_k=-1.73828), d=0.00337 (log_d=-5.69207)
  Step  12 | loss=0.561565 | k=0.17606 (log_k=-1.73778), d=0.00337 (log_d=-5.69254)
  Step  13 | loss=0.561300 | k=0.17610 (log_k=-1.73695), d=0.00337 (log_d=-5.69216)
  Step  14 | loss=0.561317 | k=0.17621 (log_k=-1.73670), d=0.00337 (log_d=-5.69296)
  Step  15 | loss=0.561254 | k=0.17673 (log_k=-1.73607), d=0.00338 (log_d=-5.69274)
  Step  16 | loss=0.564688 | k=0.17671 (log_k=-1.73313), d=0.00338 (log_d=-5.68866)
  Step  17 | loss=0.564004 | k=0.17668 (log_k=-1.73327), d=0.00338 (log_d=-5.68995)
  Step  18 | loss=0.563457 | k=0.17669 (log_k=-1.73342), d=0.00337 (log_d=-5.69127)
  Step  19 | loss=0.563167 | k=0.17667 (log_k=-1.73334), d=0.00337 (log_d=-5.69214)
  Step  20 | loss=0.562505 | k=0.17664 (log_k=-1.73348), d=0.00336 (log_d=-5.69341)
Generator Loss: 0.5613 | Updated Params -> K: 0.17673, D: 0.00338

Training complete. Artifacts saved to: /home/kg878/scratch_pi_amd78/kg878/gan_training/results/run_cnn_lr_d0.0005_lr_g0.0025
