Starting Task 22: Model=cnn, LR_D=0.00025, LR_G=0.000125
Running on cuda
Sampled 10 new goals.
Collecting Ground Truth (Standard MuJoCo) trajectories...
Warp 1.12.0 initialized:
   CUDA Toolkit 12.9, Driver 12.8
   Devices:
     "cpu"      : "x86_64"
     "cuda:0"   : "NVIDIA RTX 5000 Ada Generation" (31 GiB, sm_89, mempool enabled)
   Kernel cache:
     /home/kg878/.cache/warp/1.12.0
Module mujoco_warp._src.smooth f756680 load on device 'cuda:0' took 5.99 ms  (cached)
Module mujoco_warp._src.collision_driver 4d8b905 load on device 'cuda:0' took 0.92 ms  (cached)
Module _nxn_broadphase__locals__kernel_83765485 8376548 load on device 'cuda:0' took 0.96 ms  (cached)
Module _primitive_narrowphase__locals__primitive_narrowphase_799bf360 799bf36 load on device 'cuda:0' took 0.90 ms  (cached)
Module mujoco_warp._src.constraint 63c97cb load on device 'cuda:0' took 1.34 ms  (cached)
Module mujoco_warp._src.passive 7fb8524 load on device 'cuda:0' took 1.05 ms  (cached)
Module mujoco_warp._src.forward 5a5c0b5 load on device 'cuda:0' took 1.09 ms  (cached)
Module mujoco_warp._src.support 343d1ae load on device 'cuda:0' took 0.94 ms  (cached)
Module _tile_cholesky_factorize_solve__locals__cholesky_factorize_solve_31e2b081 1603efb load on device 'cuda:0' took 24.26 ms  (cached)
Module mujoco_warp._src.solver eaac975 load on device 'cuda:0' took 1.01 ms  (cached)
Module solve_init_jaref__locals__kernel_21fae504 21fae50 load on device 'cuda:0' took 0.91 ms  (cached)
Module mul_m_dense__locals___mul_m_dense_fbd74bb9 fbd74bb load on device 'cuda:0' took 0.93 ms  (cached)
Module update_constraint_efc__locals__kernel_d4ac54f8 d4ac54f load on device 'cuda:0' took 0.87 ms  (cached)
Module update_constraint_gauss_cost__locals__kernel_73299c19 73299c1 load on device 'cuda:0' took 0.83 ms  (cached)
Module update_gradient_JTDAJ_dense_tiled__locals__kernel_92d753e0 6f5ab40 load on device 'cuda:0' took 1.04 ms  (cached)
Module update_gradient_cholesky__locals__kernel_1e67b2d5 4da60ef load on device 'cuda:0' took 24.98 ms  (cached)
Module linesearch_iterative__locals__kernel_e835d44f c716e5e load on device 'cuda:0' took 0.97 ms  (cached)
Module update_constraint_efc__locals__kernel_5c3dedb8 5c3dedb load on device 'cuda:0' took 0.94 ms  (cached)
Module _tile_euler_dense__locals__euler_dense_c71389e7 8e3457a load on device 'cuda:0' took 25.12 ms  (cached)
Module comfree_warp.mujoco_warp._src.smooth c02eb38 load on device 'cuda:0' took 1.36 ms  (cached)
Module _tile_cholesky_factorize__locals__cholesky_factorize_d03d54d2 1278567 load on device 'cuda:0' took 19.04 ms  (cached)
Module comfree_warp.mujoco_warp._src.collision_driver 4d8b905 load on device 'cuda:0' took 1.05 ms  (cached)
Module _primitive_narrowphase__locals__primitive_narrowphase_fa8f2c5f fa8f2c5 load on device 'cuda:0' took 1.11 ms  (cached)
Module comfree_warp.comfree_core._src.constraint 244f68b load on device 'cuda:0' took 2.14 ms  (cached)
Module comfree_warp.mujoco_warp._src.passive 5be88d0 load on device 'cuda:0' took 1.62 ms  (cached)
Module comfree_warp.mujoco_warp._src.forward 13e94f4 load on device 'cuda:0' took 1.31 ms  (cached)
Module comfree_warp.mujoco_warp._src.support 343d1ae load on device 'cuda:0' took 0.91 ms  (cached)
Module comfree_warp.comfree_core._src.forward 7a027f4 load on device 'cuda:0' took 1.08 ms  (cached)
Module _tile_cholesky_solve__locals__cholesky_solve_612ff9f0 d6a4fa0 load on device 'cuda:0' took 19.83 ms  (cached)
Module comfree_warp.mujoco_warp._src.sensor db84035 load on device 'cuda:0' took 1.27 ms  (cached)

=== GAN Iteration 1/20 ===
Collecting Generated (ComFree_Warp) trajectories...
Training Discriminator for 10 epochs...
Discriminator Loss: 0.7004
Optimizing ComFree parameters to fool the Discriminator...
  Step   1 | loss=0.665082 | k=0.39999 (log_k=-0.91629), d=0.01000 (log_d=-4.60517)
  Step   2 | loss=0.665065 | k=0.39999 (log_k=-0.91631), d=0.01000 (log_d=-4.60523)
  Step   3 | loss=0.665057 | k=0.39998 (log_k=-0.91632), d=0.01000 (log_d=-4.60526)
  Step   4 | loss=0.665053 | k=0.39998 (log_k=-0.91634), d=0.01000 (log_d=-4.60529)
  Step   5 | loss=0.665046 | k=0.39997 (log_k=-0.91634), d=0.01000 (log_d=-4.60531)
  Step   6 | loss=0.665040 | k=0.39997 (log_k=-0.91636), d=0.01000 (log_d=-4.60534)
  Step   7 | loss=0.665037 | k=0.39996 (log_k=-0.91637), d=0.01000 (log_d=-4.60536)
  Step   8 | loss=0.665031 | k=0.39996 (log_k=-0.91638), d=0.01000 (log_d=-4.60538)
  Step   9 | loss=0.665025 | k=0.39995 (log_k=-0.91639), d=0.01000 (log_d=-4.60540)
  Step  10 | loss=0.665017 | k=0.39995 (log_k=-0.91640), d=0.01000 (log_d=-4.60543)
  Step  11 | loss=0.665010 | k=0.39994 (log_k=-0.91642), d=0.01000 (log_d=-4.60545)
  Step  12 | loss=0.665001 | k=0.39994 (log_k=-0.91643), d=0.01000 (log_d=-4.60548)
  Step  13 | loss=0.664994 | k=0.39993 (log_k=-0.91645), d=0.01000 (log_d=-4.60551)
  Step  14 | loss=0.664989 | k=0.39993 (log_k=-0.91646), d=0.01000 (log_d=-4.60554)
  Step  15 | loss=0.664992 | k=0.39993 (log_k=-0.91648), d=0.01000 (log_d=-4.60557)
  Step  16 | loss=0.664992 | k=0.39993 (log_k=-0.91647), d=0.01000 (log_d=-4.60558)
  Step  17 | loss=0.664992 | k=0.39993 (log_k=-0.91647), d=0.01000 (log_d=-4.60559)
  Step  18 | loss=0.664992 | k=0.39993 (log_k=-0.91647), d=0.01000 (log_d=-4.60559)
  Step  19 | loss=0.664992 | k=0.39993 (log_k=-0.91646), d=0.01000 (log_d=-4.60560)
  Step  20 | loss=0.664993 | k=0.39994 (log_k=-0.91645), d=0.01000 (log_d=-4.60561)
Generator Loss: 0.6650 | Updated Params -> K: 0.39993, D: 0.01000

=== GAN Iteration 2/20 ===
Collecting Generated (ComFree_Warp) trajectories...
Training Discriminator for 10 epochs...
Discriminator Loss: 0.6985
Optimizing ComFree parameters to fool the Discriminator...
  Step   1 | loss=0.637806 | k=0.39993 (log_k=-0.91648), d=0.01000 (log_d=-4.60557)
  Step   2 | loss=0.637803 | k=0.39993 (log_k=-0.91647), d=0.01000 (log_d=-4.60555)
  Step   3 | loss=0.637797 | k=0.39993 (log_k=-0.91647), d=0.01000 (log_d=-4.60553)
  Step   4 | loss=0.637804 | k=0.39993 (log_k=-0.91647), d=0.01000 (log_d=-4.60552)
  Step   5 | loss=0.637798 | k=0.39994 (log_k=-0.91646), d=0.01000 (log_d=-4.60550)
  Step   6 | loss=0.637792 | k=0.39994 (log_k=-0.91645), d=0.01000 (log_d=-4.60547)
  Step   7 | loss=0.637787 | k=0.39994 (log_k=-0.91644), d=0.01000 (log_d=-4.60545)
  Step   8 | loss=0.637781 | k=0.39995 (log_k=-0.91643), d=0.01000 (log_d=-4.60542)
  Step   9 | loss=0.637776 | k=0.39995 (log_k=-0.91642), d=0.01000 (log_d=-4.60540)
  Step  10 | loss=0.637770 | k=0.39996 (log_k=-0.91641), d=0.01000 (log_d=-4.60537)
  Step  11 | loss=0.637763 | k=0.39996 (log_k=-0.91640), d=0.01000 (log_d=-4.60535)
  Step  12 | loss=0.637757 | k=0.39997 (log_k=-0.91638), d=0.01000 (log_d=-4.60532)
  Step  13 | loss=0.637751 | k=0.39997 (log_k=-0.91637), d=0.01000 (log_d=-4.60530)
  Step  14 | loss=0.637745 | k=0.39998 (log_k=-0.91636), d=0.01000 (log_d=-4.60527)
  Step  15 | loss=0.637739 | k=0.39998 (log_k=-0.91635), d=0.01000 (log_d=-4.60525)
  Step  16 | loss=0.637733 | k=0.39998 (log_k=-0.91634), d=0.01000 (log_d=-4.60522)
  Step  17 | loss=0.637728 | k=0.39999 (log_k=-0.91633), d=0.01000 (log_d=-4.60520)
  Step  18 | loss=0.637722 | k=0.39999 (log_k=-0.91632), d=0.01000 (log_d=-4.60518)
  Step  19 | loss=0.637717 | k=0.40000 (log_k=-0.91631), d=0.01000 (log_d=-4.60515)
  Step  20 | loss=0.637712 | k=0.40000 (log_k=-0.91630), d=0.01000 (log_d=-4.60513)
Generator Loss: 0.6377 | Updated Params -> K: 0.40000, D: 0.01000

=== GAN Iteration 3/20 ===
Collecting Generated (ComFree_Warp) trajectories...
Training Discriminator for 10 epochs...
Discriminator Loss: 0.6968
Optimizing ComFree parameters to fool the Discriminator...
  Step   1 | loss=0.612444 | k=0.40000 (log_k=-0.91629), d=0.01000 (log_d=-4.60510)
  Step   2 | loss=0.612444 | k=0.40000 (log_k=-0.91629), d=0.01000 (log_d=-4.60510)
  Step   3 | loss=0.612444 | k=0.40000 (log_k=-0.91629), d=0.01000 (log_d=-4.60510)
  Step   4 | loss=0.612444 | k=0.40000 (log_k=-0.91629), d=0.01000 (log_d=-4.60510)
  Step   5 | loss=0.612444 | k=0.40000 (log_k=-0.91629), d=0.01000 (log_d=-4.60510)
  Step   6 | loss=0.612444 | k=0.40000 (log_k=-0.91629), d=0.01000 (log_d=-4.60510)
  Step   7 | loss=0.612444 | k=0.40000 (log_k=-0.91629), d=0.01000 (log_d=-4.60510)
  Step   8 | loss=0.612444 | k=0.40000 (log_k=-0.91628), d=0.01000 (log_d=-4.60509)
  Step   9 | loss=0.612444 | k=0.40000 (log_k=-0.91628), d=0.01000 (log_d=-4.60509)
  Step  10 | loss=0.612444 | k=0.40000 (log_k=-0.91628), d=0.01000 (log_d=-4.60509)
  Step  11 | loss=0.612444 | k=0.40000 (log_k=-0.91628), d=0.01000 (log_d=-4.60509)
  Step  12 | loss=0.612444 | k=0.40000 (log_k=-0.91628), d=0.01000 (log_d=-4.60509)
  Step  13 | loss=0.612444 | k=0.40000 (log_k=-0.91628), d=0.01000 (log_d=-4.60509)
  Step  14 | loss=0.612444 | k=0.40000 (log_k=-0.91628), d=0.01000 (log_d=-4.60508)
  Step  15 | loss=0.612444 | k=0.40000 (log_k=-0.91628), d=0.01000 (log_d=-4.60508)
  Step  16 | loss=0.612444 | k=0.40000 (log_k=-0.91628), d=0.01000 (log_d=-4.60508)
  Step  17 | loss=0.612444 | k=0.40000 (log_k=-0.91628), d=0.01000 (log_d=-4.60508)
  Step  18 | loss=0.612444 | k=0.40000 (log_k=-0.91628), d=0.01000 (log_d=-4.60508)
  Step  19 | loss=0.612444 | k=0.40000 (log_k=-0.91628), d=0.01000 (log_d=-4.60507)
  Step  20 | loss=0.612444 | k=0.40001 (log_k=-0.91628), d=0.01000 (log_d=-4.60507)
Generator Loss: 0.6124 | Updated Params -> K: 0.40000, D: 0.01000

=== GAN Iteration 4/20 ===
Collecting Generated (ComFree_Warp) trajectories...
Training Discriminator for 10 epochs...
Discriminator Loss: 0.6957
Optimizing ComFree parameters to fool the Discriminator...
  Step   1 | loss=0.605296 | k=0.39999 (log_k=-0.91629), d=0.01000 (log_d=-4.60510)
  Step   2 | loss=0.605283 | k=0.39999 (log_k=-0.91631), d=0.01000 (log_d=-4.60520)
  Step   3 | loss=0.605279 | k=0.39998 (log_k=-0.91632), d=0.01000 (log_d=-4.60522)
  Step   4 | loss=0.606732 | k=0.40071 (log_k=-0.91633), d=0.01002 (log_d=-4.60523)
  Step   5 | loss=0.604747 | k=0.40062 (log_k=-0.91453), d=0.01001 (log_d=-4.60343)
  Step   6 | loss=0.604514 | k=0.40006 (log_k=-0.91474), d=0.01000 (log_d=-4.60394)
  Step   7 | loss=0.605268 | k=0.40008 (log_k=-0.91614), d=0.01000 (log_d=-4.60493)
  Step   8 | loss=0.604931 | k=0.40010 (log_k=-0.91609), d=0.01001 (log_d=-4.60473)
  Step   9 | loss=0.604867 | k=0.40011 (log_k=-0.91605), d=0.01001 (log_d=-4.60465)
  Step  10 | loss=0.604546 | k=0.40011 (log_k=-0.91602), d=0.01001 (log_d=-4.60439)
  Step  11 | loss=0.604543 | k=0.40011 (log_k=-0.91602), d=0.01001 (log_d=-4.60437)
  Step  12 | loss=0.604541 | k=0.40012 (log_k=-0.91601), d=0.01001 (log_d=-4.60435)
  Step  13 | loss=0.604537 | k=0.40012 (log_k=-0.91600), d=0.01001 (log_d=-4.60434)
  Step  14 | loss=0.604535 | k=0.40012 (log_k=-0.91599), d=0.01001 (log_d=-4.60433)
  Step  15 | loss=0.604535 | k=0.40013 (log_k=-0.91598), d=0.01001 (log_d=-4.60432)
  Step  16 | loss=0.604532 | k=0.40013 (log_k=-0.91598), d=0.01001 (log_d=-4.60431)
  Step  17 | loss=0.604531 | k=0.40013 (log_k=-0.91597), d=0.01001 (log_d=-4.60430)
  Step  18 | loss=0.604530 | k=0.40013 (log_k=-0.91597), d=0.01001 (log_d=-4.60430)
  Step  19 | loss=0.604530 | k=0.40013 (log_k=-0.91596), d=0.01001 (log_d=-4.60429)
  Step  20 | loss=0.604529 | k=0.40013 (log_k=-0.91596), d=0.01001 (log_d=-4.60429)
Generator Loss: 0.6045 | Updated Params -> K: 0.40006, D: 0.01000

=== GAN Iteration 5/20 ===
Collecting Generated (ComFree_Warp) trajectories...
Training Discriminator for 10 epochs...
Discriminator Loss: 0.6936
Optimizing ComFree parameters to fool the Discriminator...
  Step   1 | loss=0.614474 | k=0.40006 (log_k=-0.91614), d=0.01000 (log_d=-4.60493)
  Step   2 | loss=0.614473 | k=0.40006 (log_k=-0.91613), d=0.01000 (log_d=-4.60492)
  Step   3 | loss=0.614472 | k=0.40007 (log_k=-0.91613), d=0.01000 (log_d=-4.60491)
  Step   4 | loss=0.614471 | k=0.40007 (log_k=-0.91612), d=0.01000 (log_d=-4.60490)
  Step   5 | loss=0.614470 | k=0.40007 (log_k=-0.91612), d=0.01000 (log_d=-4.60489)
  Step   6 | loss=0.614469 | k=0.40007 (log_k=-0.91612), d=0.01000 (log_d=-4.60488)
  Step   7 | loss=0.614468 | k=0.40007 (log_k=-0.91611), d=0.01000 (log_d=-4.60487)
  Step   8 | loss=0.614468 | k=0.40007 (log_k=-0.91611), d=0.01000 (log_d=-4.60486)
  Step   9 | loss=0.614467 | k=0.40008 (log_k=-0.91610), d=0.01000 (log_d=-4.60485)
  Step  10 | loss=0.614466 | k=0.40008 (log_k=-0.91610), d=0.01000 (log_d=-4.60484)
  Step  11 | loss=0.614465 | k=0.40008 (log_k=-0.91609), d=0.01000 (log_d=-4.60484)
  Step  12 | loss=0.614464 | k=0.40008 (log_k=-0.91609), d=0.01000 (log_d=-4.60483)
  Step  13 | loss=0.614463 | k=0.40008 (log_k=-0.91608), d=0.01000 (log_d=-4.60482)
  Step  14 | loss=0.614462 | k=0.40009 (log_k=-0.91608), d=0.01000 (log_d=-4.60481)
  Step  15 | loss=0.614461 | k=0.40009 (log_k=-0.91607), d=0.01000 (log_d=-4.60480)
  Step  16 | loss=0.614460 | k=0.40009 (log_k=-0.91607), d=0.01000 (log_d=-4.60479)
  Step  17 | loss=0.614459 | k=0.40009 (log_k=-0.91607), d=0.01000 (log_d=-4.60478)
  Step  18 | loss=0.614458 | k=0.40009 (log_k=-0.91606), d=0.01000 (log_d=-4.60476)
  Step  19 | loss=0.614457 | k=0.40010 (log_k=-0.91606), d=0.01000 (log_d=-4.60475)
  Step  20 | loss=0.614456 | k=0.40010 (log_k=-0.91605), d=0.01000 (log_d=-4.60474)
Generator Loss: 0.6145 | Updated Params -> K: 0.40010, D: 0.01000

=== GAN Iteration 6/20 ===
Collecting Generated (ComFree_Warp) trajectories...
Training Discriminator for 10 epochs...
Discriminator Loss: 0.6926
Optimizing ComFree parameters to fool the Discriminator...
  Step   1 | loss=0.634997 | k=0.40019 (log_k=-0.91604), d=0.01001 (log_d=-4.60473)
  Step   2 | loss=0.636670 | k=0.40014 (log_k=-0.91583), d=0.01004 (log_d=-4.60421)
  Step   3 | loss=0.620663 | k=0.40016 (log_k=-0.91593), d=0.01004 (log_d=-4.60125)
  Step   4 | loss=0.620629 | k=0.40017 (log_k=-0.91590), d=0.01004 (log_d=-4.60119)
  Step   5 | loss=0.620163 | k=0.40016 (log_k=-0.91588), d=0.01004 (log_d=-4.60092)
  Step   6 | loss=0.620113 | k=0.40021 (log_k=-0.91590), d=0.01004 (log_d=-4.60096)
  Step   7 | loss=0.620107 | k=0.40021 (log_k=-0.91577), d=0.01004 (log_d=-4.60104)
  Step   8 | loss=0.620091 | k=0.40020 (log_k=-0.91577), d=0.01004 (log_d=-4.60112)
  Step   9 | loss=0.620404 | k=0.40036 (log_k=-0.91579), d=0.01004 (log_d=-4.60115)
  Step  10 | loss=0.620363 | k=0.40035 (log_k=-0.91540), d=0.01004 (log_d=-4.60077)
  Step  11 | loss=0.620313 | k=0.40032 (log_k=-0.91542), d=0.01004 (log_d=-4.60080)
  Step  12 | loss=0.620261 | k=0.40031 (log_k=-0.91549), d=0.01004 (log_d=-4.60090)
  Step  13 | loss=0.620204 | k=0.40037 (log_k=-0.91551), d=0.01004 (log_d=-4.60096)
  Step  14 | loss=0.620197 | k=0.40036 (log_k=-0.91537), d=0.01004 (log_d=-4.60104)
  Step  15 | loss=0.620163 | k=0.40035 (log_k=-0.91538), d=0.01004 (log_d=-4.60113)
  Step  16 | loss=0.620109 | k=0.40033 (log_k=-0.91541), d=0.01004 (log_d=-4.60117)
  Step  17 | loss=0.620086 | k=0.40032 (log_k=-0.91547), d=0.01004 (log_d=-4.60126)
  Step  18 | loss=0.620255 | k=0.40041 (log_k=-0.91548), d=0.01004 (log_d=-4.60129)
  Step  19 | loss=0.620191 | k=0.40040 (log_k=-0.91528), d=0.01004 (log_d=-4.60110)
  Step  20 | loss=0.620159 | k=0.40039 (log_k=-0.91529), d=0.01004 (log_d=-4.60118)
Generator Loss: 0.6201 | Updated Params -> K: 0.40032, D: 0.01004

=== GAN Iteration 7/20 ===
Collecting Generated (ComFree_Warp) trajectories...
Training Discriminator for 10 epochs...
Discriminator Loss: 0.6913
Optimizing ComFree parameters to fool the Discriminator...
  Step   1 | loss=0.621151 | k=0.40029 (log_k=-0.91548), d=0.01004 (log_d=-4.60129)
  Step   2 | loss=0.621123 | k=0.40028 (log_k=-0.91556), d=0.01004 (log_d=-4.60137)
  Step   3 | loss=0.621116 | k=0.40028 (log_k=-0.91558), d=0.01004 (log_d=-4.60140)
  Step   4 | loss=0.621109 | k=0.40027 (log_k=-0.91560), d=0.01004 (log_d=-4.60142)
  Step   5 | loss=0.621104 | k=0.40026 (log_k=-0.91562), d=0.01004 (log_d=-4.60144)
  Step   6 | loss=0.621098 | k=0.40025 (log_k=-0.91564), d=0.01004 (log_d=-4.60146)
  Step   7 | loss=0.621093 | k=0.40025 (log_k=-0.91566), d=0.01004 (log_d=-4.60148)
  Step   8 | loss=0.621088 | k=0.40024 (log_k=-0.91568), d=0.01004 (log_d=-4.60149)
  Step   9 | loss=0.621081 | k=0.40023 (log_k=-0.91570), d=0.01004 (log_d=-4.60151)
  Step  10 | loss=0.621074 | k=0.40022 (log_k=-0.91572), d=0.01004 (log_d=-4.60153)
  Step  11 | loss=0.621066 | k=0.40021 (log_k=-0.91574), d=0.01004 (log_d=-4.60155)
  Step  12 | loss=0.621058 | k=0.40020 (log_k=-0.91576), d=0.01004 (log_d=-4.60157)
  Step  13 | loss=0.621050 | k=0.40020 (log_k=-0.91578), d=0.01004 (log_d=-4.60160)
  Step  14 | loss=0.621041 | k=0.40019 (log_k=-0.91580), d=0.01004 (log_d=-4.60162)
  Step  15 | loss=0.621033 | k=0.40018 (log_k=-0.91582), d=0.01004 (log_d=-4.60165)
  Step  16 | loss=0.621025 | k=0.40017 (log_k=-0.91585), d=0.01003 (log_d=-4.60167)
  Step  17 | loss=0.621017 | k=0.40016 (log_k=-0.91587), d=0.01003 (log_d=-4.60169)
  Step  18 | loss=0.621009 | k=0.40015 (log_k=-0.91589), d=0.01003 (log_d=-4.60172)
  Step  19 | loss=0.621000 | k=0.40014 (log_k=-0.91591), d=0.01003 (log_d=-4.60174)
  Step  20 | loss=0.620992 | k=0.40013 (log_k=-0.91593), d=0.01003 (log_d=-4.60176)
Generator Loss: 0.6210 | Updated Params -> K: 0.40013, D: 0.01003

=== GAN Iteration 8/20 ===
Collecting Generated (ComFree_Warp) trajectories...
Training Discriminator for 10 epochs...
Discriminator Loss: 0.6893
Optimizing ComFree parameters to fool the Discriminator...
  Step   1 | loss=0.618304 | k=0.40013 (log_k=-0.91595), d=0.01003 (log_d=-4.60179)
  Step   2 | loss=0.618302 | k=0.40013 (log_k=-0.91596), d=0.01003 (log_d=-4.60180)
  Step   3 | loss=0.618300 | k=0.40013 (log_k=-0.91597), d=0.01003 (log_d=-4.60182)
  Step   4 | loss=0.618299 | k=0.40012 (log_k=-0.91597), d=0.01003 (log_d=-4.60183)
  Step   5 | loss=0.618297 | k=0.40012 (log_k=-0.91598), d=0.01003 (log_d=-4.60184)
  Step   6 | loss=0.618295 | k=0.40012 (log_k=-0.91599), d=0.01003 (log_d=-4.60185)
  Step   7 | loss=0.618294 | k=0.40012 (log_k=-0.91599), d=0.01003 (log_d=-4.60187)
  Step   8 | loss=0.618292 | k=0.40011 (log_k=-0.91600), d=0.01003 (log_d=-4.60188)
  Step   9 | loss=0.618290 | k=0.40011 (log_k=-0.91600), d=0.01003 (log_d=-4.60189)
  Step  10 | loss=0.618289 | k=0.40011 (log_k=-0.91601), d=0.01003 (log_d=-4.60191)
  Step  11 | loss=0.618287 | k=0.40011 (log_k=-0.91602), d=0.01003 (log_d=-4.60192)
  Step  12 | loss=0.618285 | k=0.40010 (log_k=-0.91602), d=0.01003 (log_d=-4.60193)
  Step  13 | loss=0.618283 | k=0.40010 (log_k=-0.91603), d=0.01003 (log_d=-4.60195)
  Step  14 | loss=0.618281 | k=0.40010 (log_k=-0.91604), d=0.01003 (log_d=-4.60196)
  Step  15 | loss=0.618279 | k=0.40010 (log_k=-0.91604), d=0.01003 (log_d=-4.60197)
  Step  16 | loss=0.618278 | k=0.40009 (log_k=-0.91605), d=0.01003 (log_d=-4.60199)
  Step  17 | loss=0.618275 | k=0.40009 (log_k=-0.91606), d=0.01003 (log_d=-4.60200)
  Step  18 | loss=0.618274 | k=0.40009 (log_k=-0.91606), d=0.01003 (log_d=-4.60201)
  Step  19 | loss=0.618271 | k=0.40008 (log_k=-0.91607), d=0.01003 (log_d=-4.60203)
  Step  20 | loss=0.618270 | k=0.40008 (log_k=-0.91608), d=0.01003 (log_d=-4.60204)
Generator Loss: 0.6183 | Updated Params -> K: 0.40008, D: 0.01003

=== GAN Iteration 9/20 ===
Collecting Generated (ComFree_Warp) trajectories...
Training Discriminator for 10 epochs...
Discriminator Loss: 0.6878
Optimizing ComFree parameters to fool the Discriminator...
  Step   1 | loss=0.617383 | k=0.40011 (log_k=-0.91609), d=0.01003 (log_d=-4.60206)
  Step   2 | loss=0.617293 | k=0.40013 (log_k=-0.91603), d=0.01003 (log_d=-4.60197)
  Step   3 | loss=0.617029 | k=0.40015 (log_k=-0.91597), d=0.01003 (log_d=-4.60177)
  Step   4 | loss=0.616967 | k=0.40008 (log_k=-0.91592), d=0.01003 (log_d=-4.60170)
  Step   5 | loss=0.617144 | k=0.40011 (log_k=-0.91609), d=0.01003 (log_d=-4.60184)
  Step   6 | loss=0.617021 | k=0.40013 (log_k=-0.91602), d=0.01003 (log_d=-4.60172)
  Step   7 | loss=0.617105 | k=0.40015 (log_k=-0.91598), d=0.01003 (log_d=-4.60187)
  Step   8 | loss=0.617011 | k=0.40017 (log_k=-0.91592), d=0.01003 (log_d=-4.60177)
  Step   9 | loss=0.617096 | k=0.40019 (log_k=-0.91587), d=0.01003 (log_d=-4.60192)
  Step  10 | loss=0.617003 | k=0.40021 (log_k=-0.91581), d=0.01003 (log_d=-4.60182)
  Step  11 | loss=0.616946 | k=0.40014 (log_k=-0.91577), d=0.01003 (log_d=-4.60175)
  Step  12 | loss=0.617107 | k=0.40016 (log_k=-0.91594), d=0.01003 (log_d=-4.60189)
  Step  13 | loss=0.617008 | k=0.40018 (log_k=-0.91588), d=0.01003 (log_d=-4.60179)
  Step  14 | loss=0.617097 | k=0.40021 (log_k=-0.91584), d=0.01003 (log_d=-4.60194)
  Step  15 | loss=0.616998 | k=0.40022 (log_k=-0.91577), d=0.01003 (log_d=-4.60184)
  Step  16 | loss=0.617085 | k=0.40025 (log_k=-0.91573), d=0.01003 (log_d=-4.60198)
  Step  17 | loss=0.616992 | k=0.40027 (log_k=-0.91567), d=0.01003 (log_d=-4.60189)
  Step  18 | loss=0.616935 | k=0.40020 (log_k=-0.91563), d=0.01003 (log_d=-4.60182)
  Step  19 | loss=0.617099 | k=0.40022 (log_k=-0.91580), d=0.01003 (log_d=-4.60196)
  Step  20 | loss=0.616998 | k=0.40024 (log_k=-0.91574), d=0.01003 (log_d=-4.60186)
Generator Loss: 0.6169 | Updated Params -> K: 0.40020, D: 0.01003

=== GAN Iteration 10/20 ===
Collecting Generated (ComFree_Warp) trajectories...
Training Discriminator for 10 epochs...
Discriminator Loss: 0.6865
Optimizing ComFree parameters to fool the Discriminator...
  Step   1 | loss=0.618770 | k=0.40001 (log_k=-0.91580), d=0.01003 (log_d=-4.60196)
  Step   2 | loss=0.619049 | k=0.40005 (log_k=-0.91627), d=0.01003 (log_d=-4.60210)
  Step   3 | loss=0.618832 | k=0.40007 (log_k=-0.91617), d=0.01003 (log_d=-4.60194)
  Step   4 | loss=0.618761 | k=0.40013 (log_k=-0.91613), d=0.01003 (log_d=-4.60186)
  Step   5 | loss=0.619144 | k=0.40015 (log_k=-0.91597), d=0.01003 (log_d=-4.60236)
  Step   6 | loss=0.619005 | k=0.40018 (log_k=-0.91592), d=0.01003 (log_d=-4.60224)
  Step   7 | loss=0.618825 | k=0.40020 (log_k=-0.91583), d=0.01003 (log_d=-4.60210)
  Step   8 | loss=0.618756 | k=0.40019 (log_k=-0.91579), d=0.01003 (log_d=-4.60201)
  Step   9 | loss=0.619192 | k=0.40020 (log_k=-0.91583), d=0.01003 (log_d=-4.60249)
  Step  10 | loss=0.619113 | k=0.40023 (log_k=-0.91578), d=0.01003 (log_d=-4.60240)
  Step  11 | loss=0.618897 | k=0.40025 (log_k=-0.91571), d=0.01003 (log_d=-4.60225)
  Step  12 | loss=0.618807 | k=0.40027 (log_k=-0.91566), d=0.01003 (log_d=-4.60216)
  Step  13 | loss=0.616829 | k=0.40113 (log_k=-0.91562), d=0.01006 (log_d=-4.60187)
  Step  14 | loss=0.611358 | k=0.40104 (log_k=-0.91346), d=0.01006 (log_d=-4.59892)
  Step  15 | loss=0.611427 | k=0.40104 (log_k=-0.91370), d=0.01006 (log_d=-4.59917)
  Step  16 | loss=0.611427 | k=0.40106 (log_k=-0.91370), d=0.01006 (log_d=-4.59912)
  Step  17 | loss=0.611338 | k=0.40105 (log_k=-0.91366), d=0.01006 (log_d=-4.59901)
  Step  18 | loss=0.611340 | k=0.40105 (log_k=-0.91366), d=0.01006 (log_d=-4.59902)
  Step  19 | loss=0.611342 | k=0.40106 (log_k=-0.91366), d=0.01006 (log_d=-4.59903)
  Step  20 | loss=0.611342 | k=0.40106 (log_k=-0.91365), d=0.01006 (log_d=-4.59903)
Generator Loss: 0.6113 | Updated Params -> K: 0.40105, D: 0.01006

=== GAN Iteration 11/20 ===
Collecting Generated (ComFree_Warp) trajectories...
Training Discriminator for 10 epochs...
Discriminator Loss: 0.6850
Optimizing ComFree parameters to fool the Discriminator...
  Step   1 | loss=0.626323 | k=0.40105 (log_k=-0.91366), d=0.01006 (log_d=-4.59902)
  Step   2 | loss=0.626323 | k=0.40105 (log_k=-0.91367), d=0.01006 (log_d=-4.59904)
  Step   3 | loss=0.626329 | k=0.40105 (log_k=-0.91367), d=0.01006 (log_d=-4.59905)
  Step   4 | loss=0.626329 | k=0.40105 (log_k=-0.91367), d=0.01006 (log_d=-4.59905)
  Step   5 | loss=0.626329 | k=0.40106 (log_k=-0.91366), d=0.01006 (log_d=-4.59905)
  Step   6 | loss=0.626329 | k=0.40106 (log_k=-0.91366), d=0.01006 (log_d=-4.59906)
  Step   7 | loss=0.626329 | k=0.40106 (log_k=-0.91365), d=0.01006 (log_d=-4.59906)
  Step   8 | loss=0.626329 | k=0.40106 (log_k=-0.91364), d=0.01006 (log_d=-4.59906)
  Step   9 | loss=0.626329 | k=0.40106 (log_k=-0.91364), d=0.01006 (log_d=-4.59906)
  Step  10 | loss=0.626329 | k=0.40107 (log_k=-0.91363), d=0.01006 (log_d=-4.59907)
  Step  11 | loss=0.626329 | k=0.40107 (log_k=-0.91363), d=0.01006 (log_d=-4.59907)
  Step  12 | loss=0.626329 | k=0.40107 (log_k=-0.91362), d=0.01006 (log_d=-4.59907)
  Step  13 | loss=0.626329 | k=0.40107 (log_k=-0.91362), d=0.01006 (log_d=-4.59907)
  Step  14 | loss=0.626329 | k=0.40107 (log_k=-0.91361), d=0.01006 (log_d=-4.59907)
  Step  15 | loss=0.626329 | k=0.40108 (log_k=-0.91361), d=0.01006 (log_d=-4.59908)
  Step  16 | loss=0.626329 | k=0.40108 (log_k=-0.91360), d=0.01006 (log_d=-4.59908)
  Step  17 | loss=0.626330 | k=0.40108 (log_k=-0.91360), d=0.01006 (log_d=-4.59908)
  Step  18 | loss=0.626330 | k=0.40108 (log_k=-0.91359), d=0.01006 (log_d=-4.59908)
  Step  19 | loss=0.626330 | k=0.40108 (log_k=-0.91359), d=0.01006 (log_d=-4.59909)
  Step  20 | loss=0.626330 | k=0.40109 (log_k=-0.91358), d=0.01006 (log_d=-4.59909)
Generator Loss: 0.6263 | Updated Params -> K: 0.40105, D: 0.01006

=== GAN Iteration 12/20 ===
Collecting Generated (ComFree_Warp) trajectories...
Training Discriminator for 10 epochs...
Discriminator Loss: 0.6815
Optimizing ComFree parameters to fool the Discriminator...
  Step   1 | loss=0.632474 | k=0.40101 (log_k=-0.91367), d=0.01006 (log_d=-4.59905)
  Step   2 | loss=0.632017 | k=0.40095 (log_k=-0.91376), d=0.01006 (log_d=-4.59927)
  Step   3 | loss=0.630686 | k=0.40087 (log_k=-0.91392), d=0.01005 (log_d=-4.59959)
  Step   4 | loss=0.629138 | k=0.40078 (log_k=-0.91413), d=0.01005 (log_d=-4.59999)
  Step   5 | loss=0.626817 | k=0.40067 (log_k=-0.91434), d=0.01004 (log_d=-4.60051)
  Step   6 | loss=0.632194 | k=0.40230 (log_k=-0.91463), d=0.01008 (log_d=-4.60118)
  Step   7 | loss=0.629594 | k=0.40235 (log_k=-0.91056), d=0.01008 (log_d=-4.59713)
  Step   8 | loss=0.628725 | k=0.40241 (log_k=-0.91042), d=0.01009 (log_d=-4.59682)
  Step   9 | loss=0.627765 | k=0.40246 (log_k=-0.91028), d=0.01009 (log_d=-4.59650)
  Step  10 | loss=0.626871 | k=0.40252 (log_k=-0.91015), d=0.01009 (log_d=-4.59619)
  Step  11 | loss=0.625912 | k=0.40258 (log_k=-0.91001), d=0.01010 (log_d=-4.59588)
  Step  12 | loss=0.624971 | k=0.40262 (log_k=-0.90987), d=0.01010 (log_d=-4.59557)
  Step  13 | loss=0.626019 | k=0.40228 (log_k=-0.90975), d=0.01008 (log_d=-4.59531)
  Step  14 | loss=0.630218 | k=0.40232 (log_k=-0.91062), d=0.01008 (log_d=-4.59738)
  Step  15 | loss=0.629505 | k=0.40238 (log_k=-0.91050), d=0.01008 (log_d=-4.59712)
  Step  16 | loss=0.628618 | k=0.40244 (log_k=-0.91036), d=0.01009 (log_d=-4.59680)
  Step  17 | loss=0.627661 | k=0.40249 (log_k=-0.91022), d=0.01009 (log_d=-4.59648)
  Step  18 | loss=0.626764 | k=0.40255 (log_k=-0.91008), d=0.01009 (log_d=-4.59618)
  Step  19 | loss=0.625806 | k=0.40260 (log_k=-0.90994), d=0.01010 (log_d=-4.59587)
  Step  20 | loss=0.624889 | k=0.40264 (log_k=-0.90981), d=0.01010 (log_d=-4.59556)
Generator Loss: 0.6249 | Updated Params -> K: 0.40264, D: 0.01010

=== GAN Iteration 13/20 ===
Collecting Generated (ComFree_Warp) trajectories...
Training Discriminator for 10 epochs...
Discriminator Loss: 0.6704
Optimizing ComFree parameters to fool the Discriminator...
  Step   1 | loss=0.603120 | k=0.40253 (log_k=-0.90971), d=0.01009 (log_d=-4.59561)
  Step   2 | loss=0.601597 | k=0.40248 (log_k=-0.90998), d=0.01009 (log_d=-4.59604)
  Step   3 | loss=0.601147 | k=0.40245 (log_k=-0.91010), d=0.01009 (log_d=-4.59625)
  Step   4 | loss=0.600945 | k=0.40243 (log_k=-0.91019), d=0.01009 (log_d=-4.59641)
  Step   5 | loss=0.600849 | k=0.40241 (log_k=-0.91024), d=0.01009 (log_d=-4.59652)
  Step   6 | loss=0.600799 | k=0.40240 (log_k=-0.91027), d=0.01009 (log_d=-4.59660)
  Step   7 | loss=0.600748 | k=0.40238 (log_k=-0.91031), d=0.01008 (log_d=-4.59667)
  Step   8 | loss=0.600326 | k=0.40218 (log_k=-0.91035), d=0.01008 (log_d=-4.59674)
  Step   9 | loss=0.600175 | k=0.40217 (log_k=-0.91084), d=0.01008 (log_d=-4.59727)
  Step  10 | loss=0.600143 | k=0.40216 (log_k=-0.91087), d=0.01008 (log_d=-4.59733)
  Step  11 | loss=0.600111 | k=0.40215 (log_k=-0.91090), d=0.01008 (log_d=-4.59738)
  Step  12 | loss=0.599796 | k=0.40200 (log_k=-0.91093), d=0.01007 (log_d=-4.59744)
  Step  13 | loss=0.599326 | k=0.40199 (log_k=-0.91131), d=0.01007 (log_d=-4.59785)
  Step  14 | loss=0.599220 | k=0.40194 (log_k=-0.91134), d=0.01007 (log_d=-4.59791)
  Step  15 | loss=0.599234 | k=0.40192 (log_k=-0.91146), d=0.01007 (log_d=-4.59806)
  Step  16 | loss=0.599192 | k=0.40191 (log_k=-0.91149), d=0.01007 (log_d=-4.59812)
  Step  17 | loss=0.599149 | k=0.40190 (log_k=-0.91152), d=0.01007 (log_d=-4.59819)
  Step  18 | loss=0.599089 | k=0.40187 (log_k=-0.91156), d=0.01007 (log_d=-4.59825)
  Step  19 | loss=0.599028 | k=0.40187 (log_k=-0.91162), d=0.01007 (log_d=-4.59834)
  Step  20 | loss=0.598967 | k=0.40184 (log_k=-0.91164), d=0.01007 (log_d=-4.59840)
Generator Loss: 0.5990 | Updated Params -> K: 0.40184, D: 0.01007

=== GAN Iteration 14/20 ===
Collecting Generated (ComFree_Warp) trajectories...
Training Discriminator for 10 epochs...
Discriminator Loss: 0.6723
Optimizing ComFree parameters to fool the Discriminator...
  Step   1 | loss=0.619673 | k=0.40183 (log_k=-0.91169), d=0.01007 (log_d=-4.59848)
  Step   2 | loss=0.619609 | k=0.40181 (log_k=-0.91173), d=0.01007 (log_d=-4.59857)
  Step   3 | loss=0.619547 | k=0.40180 (log_k=-0.91177), d=0.01006 (log_d=-4.59864)
  Step   4 | loss=0.619478 | k=0.40178 (log_k=-0.91181), d=0.01006 (log_d=-4.59872)
  Step   5 | loss=0.619054 | k=0.40159 (log_k=-0.91185), d=0.01006 (log_d=-4.59881)
  Step   6 | loss=0.618729 | k=0.40157 (log_k=-0.91232), d=0.01006 (log_d=-4.59933)
  Step   7 | loss=0.618663 | k=0.40156 (log_k=-0.91236), d=0.01006 (log_d=-4.59942)
  Step   8 | loss=0.618610 | k=0.40155 (log_k=-0.91240), d=0.01006 (log_d=-4.59950)
  Step   9 | loss=0.618551 | k=0.40153 (log_k=-0.91243), d=0.01006 (log_d=-4.59956)
  Step  10 | loss=0.618469 | k=0.40151 (log_k=-0.91247), d=0.01005 (log_d=-4.59965)
  Step  11 | loss=0.618392 | k=0.40150 (log_k=-0.91251), d=0.01005 (log_d=-4.59975)
  Step  12 | loss=0.618333 | k=0.40148 (log_k=-0.91255), d=0.01005 (log_d=-4.59982)
  Step  13 | loss=0.618266 | k=0.40147 (log_k=-0.91259), d=0.01005 (log_d=-4.59990)
  Step  14 | loss=0.618205 | k=0.40146 (log_k=-0.91262), d=0.01005 (log_d=-4.59999)
  Step  15 | loss=0.618150 | k=0.40144 (log_k=-0.91266), d=0.01005 (log_d=-4.60006)
  Step  16 | loss=0.618092 | k=0.40143 (log_k=-0.91269), d=0.01005 (log_d=-4.60014)
  Step  17 | loss=0.618031 | k=0.40141 (log_k=-0.91273), d=0.01005 (log_d=-4.60022)
  Step  18 | loss=0.617977 | k=0.40140 (log_k=-0.91277), d=0.01005 (log_d=-4.60029)
  Step  19 | loss=0.617927 | k=0.40138 (log_k=-0.91280), d=0.01005 (log_d=-4.60037)
  Step  20 | loss=0.617555 | k=0.40121 (log_k=-0.91284), d=0.01004 (log_d=-4.60044)
Generator Loss: 0.6176 | Updated Params -> K: 0.40121, D: 0.01004

=== GAN Iteration 15/20 ===
Collecting Generated (ComFree_Warp) trajectories...
Training Discriminator for 10 epochs...
Discriminator Loss: 0.6744
Optimizing ComFree parameters to fool the Discriminator...
  Step   1 | loss=0.615648 | k=0.40119 (log_k=-0.91327), d=0.01004 (log_d=-4.60091)
  Step   2 | loss=0.615253 | k=0.40101 (log_k=-0.91332), d=0.01004 (log_d=-4.60109)
  Step   3 | loss=0.606745 | k=0.40113 (log_k=-0.91377), d=0.01004 (log_d=-4.60152)
  Step   4 | loss=0.606748 | k=0.40103 (log_k=-0.91347), d=0.01004 (log_d=-4.60131)
  Step   5 | loss=0.606579 | k=0.40106 (log_k=-0.91372), d=0.01004 (log_d=-4.60153)
  Step   6 | loss=0.606504 | k=0.40103 (log_k=-0.91363), d=0.01004 (log_d=-4.60153)
  Step   7 | loss=0.606709 | k=0.40077 (log_k=-0.91372), d=0.01001 (log_d=-4.60167)
  Step   8 | loss=0.609676 | k=0.40076 (log_k=-0.91437), d=0.01001 (log_d=-4.60369)
  Step   9 | loss=0.609247 | k=0.40055 (log_k=-0.91439), d=0.01001 (log_d=-4.60373)
  Step  10 | loss=0.608814 | k=0.40052 (log_k=-0.91493), d=0.01000 (log_d=-4.60429)
  Step  11 | loss=0.608314 | k=0.40051 (log_k=-0.91498), d=0.01000 (log_d=-4.60487)
  Step  12 | loss=0.608283 | k=0.40050 (log_k=-0.91501), d=0.01000 (log_d=-4.60492)
  Step  13 | loss=0.608244 | k=0.40048 (log_k=-0.91504), d=0.01000 (log_d=-4.60497)
  Step  14 | loss=0.608199 | k=0.40046 (log_k=-0.91510), d=0.01000 (log_d=-4.60504)
  Step  15 | loss=0.608177 | k=0.40046 (log_k=-0.91514), d=0.01000 (log_d=-4.60510)
  Step  16 | loss=0.608181 | k=0.40046 (log_k=-0.91515), d=0.01000 (log_d=-4.60516)
  Step  17 | loss=0.608181 | k=0.40046 (log_k=-0.91514), d=0.01000 (log_d=-4.60516)
  Step  18 | loss=0.608182 | k=0.40047 (log_k=-0.91513), d=0.01000 (log_d=-4.60517)
  Step  19 | loss=0.608182 | k=0.40047 (log_k=-0.91512), d=0.01000 (log_d=-4.60517)
  Step  20 | loss=0.608182 | k=0.40047 (log_k=-0.91511), d=0.01000 (log_d=-4.60517)
Generator Loss: 0.6065 | Updated Params -> K: 0.40103, D: 0.01004

=== GAN Iteration 16/20 ===
Collecting Generated (ComFree_Warp) trajectories...
Training Discriminator for 10 epochs...
Discriminator Loss: 0.6721
Optimizing ComFree parameters to fool the Discriminator...
  Step   1 | loss=0.626879 | k=0.40098 (log_k=-0.91372), d=0.01003 (log_d=-4.60167)
  Step   2 | loss=0.625620 | k=0.40082 (log_k=-0.91385), d=0.01003 (log_d=-4.60196)
  Step   3 | loss=0.624165 | k=0.40064 (log_k=-0.91424), d=0.01002 (log_d=-4.60247)
  Step   4 | loss=0.621759 | k=0.40057 (log_k=-0.91470), d=0.01002 (log_d=-4.60307)
  Step   5 | loss=0.620381 | k=0.40036 (log_k=-0.91486), d=0.01001 (log_d=-4.60342)
  Step   6 | loss=0.618022 | k=0.40030 (log_k=-0.91538), d=0.01001 (log_d=-4.60405)
  Step   7 | loss=0.616625 | k=0.40022 (log_k=-0.91554), d=0.01000 (log_d=-4.60443)
  Step   8 | loss=0.615156 | k=0.40016 (log_k=-0.91573), d=0.01000 (log_d=-4.60482)
  Step   9 | loss=0.612829 | k=0.40009 (log_k=-0.91589), d=0.00999 (log_d=-4.60548)
  Step  10 | loss=0.611020 | k=0.40004 (log_k=-0.91607), d=0.00999 (log_d=-4.60586)
  Step  11 | loss=0.635300 | k=0.39967 (log_k=-0.91619), d=0.00998 (log_d=-4.60619)
  Step  12 | loss=0.602726 | k=0.39969 (log_k=-0.91711), d=0.00998 (log_d=-4.60750)
  Step  13 | loss=0.602622 | k=0.39966 (log_k=-0.91707), d=0.00997 (log_d=-4.60761)
  Step  14 | loss=0.602512 | k=0.39967 (log_k=-0.91714), d=0.00997 (log_d=-4.60774)
  Step  15 | loss=0.602520 | k=0.39969 (log_k=-0.91712), d=0.00997 (log_d=-4.60775)
  Step  16 | loss=0.602481 | k=0.39967 (log_k=-0.91707), d=0.00997 (log_d=-4.60774)
  Step  17 | loss=0.602772 | k=0.39980 (log_k=-0.91710), d=0.00998 (log_d=-4.60781)
  Step  18 | loss=0.602980 | k=0.39979 (log_k=-0.91678), d=0.00998 (log_d=-4.60747)
  Step  19 | loss=0.602970 | k=0.39977 (log_k=-0.91682), d=0.00998 (log_d=-4.60746)
  Step  20 | loss=0.602687 | k=0.39962 (log_k=-0.91688), d=0.00997 (log_d=-4.60747)
Generator Loss: 0.6025 | Updated Params -> K: 0.39967, D: 0.00997

=== GAN Iteration 17/20 ===
Collecting Generated (ComFree_Warp) trajectories...
Training Discriminator for 10 epochs...
Discriminator Loss: 0.6613
Optimizing ComFree parameters to fool the Discriminator...
  Step   1 | loss=0.648407 | k=0.39955 (log_k=-0.91710), d=0.00997 (log_d=-4.60781)
  Step   2 | loss=0.646630 | k=0.39942 (log_k=-0.91741), d=0.00996 (log_d=-4.60806)
  Step   3 | loss=0.640524 | k=0.39902 (log_k=-0.91774), d=0.00995 (log_d=-4.60886)
  Step   4 | loss=0.623469 | k=0.39889 (log_k=-0.91875), d=0.00994 (log_d=-4.61041)
  Step   5 | loss=0.626691 | k=0.39875 (log_k=-0.91907), d=0.00993 (log_d=-4.61143)
  Step   6 | loss=0.623340 | k=0.39957 (log_k=-0.91943), d=0.00996 (log_d=-4.61202)
  Step   7 | loss=0.641295 | k=0.39940 (log_k=-0.91736), d=0.00995 (log_d=-4.60899)
  Step   8 | loss=0.632118 | k=0.39933 (log_k=-0.91778), d=0.00994 (log_d=-4.60997)
  Step   9 | loss=0.630841 | k=0.39962 (log_k=-0.91798), d=0.00995 (log_d=-4.61121)
  Step  10 | loss=0.628032 | k=0.39940 (log_k=-0.91724), d=0.00993 (log_d=-4.61055)
  Step  11 | loss=0.626369 | k=0.39924 (log_k=-0.91779), d=0.00992 (log_d=-4.61176)
  Step  12 | loss=0.646336 | k=0.39897 (log_k=-0.91819), d=0.00989 (log_d=-4.61369)
  Step  13 | loss=0.626227 | k=0.39871 (log_k=-0.91886), d=0.00986 (log_d=-4.61630)
  Step  14 | loss=0.684346 | k=0.39868 (log_k=-0.91952), d=0.00985 (log_d=-4.61894)
  Step  15 | loss=0.680045 | k=0.39812 (log_k=-0.91960), d=0.00982 (log_d=-4.62070)
  Step  16 | loss=0.613123 | k=0.39804 (log_k=-0.92101), d=0.00982 (log_d=-4.62340)
  Step  17 | loss=0.613017 | k=0.39798 (log_k=-0.92121), d=0.00982 (log_d=-4.62352)
  Step  18 | loss=0.612888 | k=0.39792 (log_k=-0.92136), d=0.00982 (log_d=-4.62357)
  Step  19 | loss=0.613117 | k=0.39790 (log_k=-0.92151), d=0.00982 (log_d=-4.62359)
  Step  20 | loss=0.612778 | k=0.39784 (log_k=-0.92154), d=0.00982 (log_d=-4.62335)
Generator Loss: 0.6128 | Updated Params -> K: 0.39784, D: 0.00982

=== GAN Iteration 18/20 ===
Collecting Generated (ComFree_Warp) trajectories...
Training Discriminator for 10 epochs...
Discriminator Loss: 0.6468
Optimizing ComFree parameters to fool the Discriminator...
  Step   1 | loss=0.682757 | k=0.39759 (log_k=-0.92171), d=0.00979 (log_d=-4.62337)
  Step   2 | loss=0.643389 | k=0.39761 (log_k=-0.92234), d=0.00980 (log_d=-4.62603)
  Step   3 | loss=0.642718 | k=0.39761 (log_k=-0.92228), d=0.00980 (log_d=-4.62570)
  Step   4 | loss=0.645095 | k=0.39764 (log_k=-0.92229), d=0.00980 (log_d=-4.62508)
  Step   5 | loss=0.644794 | k=0.39766 (log_k=-0.92220), d=0.00981 (log_d=-4.62488)
  Step   6 | loss=0.644605 | k=0.39768 (log_k=-0.92215), d=0.00981 (log_d=-4.62474)
  Step   7 | loss=0.644437 | k=0.39770 (log_k=-0.92211), d=0.00981 (log_d=-4.62460)
  Step   8 | loss=0.644283 | k=0.39771 (log_k=-0.92207), d=0.00981 (log_d=-4.62447)
  Step   9 | loss=0.644141 | k=0.39772 (log_k=-0.92203), d=0.00981 (log_d=-4.62434)
  Step  10 | loss=0.643199 | k=0.39749 (log_k=-0.92200), d=0.00975 (log_d=-4.62421)
  Step  11 | loss=0.598680 | k=0.39743 (log_k=-0.92259), d=0.00975 (log_d=-4.63027)
  Step  12 | loss=0.598294 | k=0.39757 (log_k=-0.92273), d=0.00975 (log_d=-4.63005)
  Step  13 | loss=0.598042 | k=0.39753 (log_k=-0.92239), d=0.00973 (log_d=-4.63018)
  Step  14 | loss=0.606105 | k=0.39764 (log_k=-0.92249), d=0.00973 (log_d=-4.63290)
  Step  15 | loss=0.605403 | k=0.39769 (log_k=-0.92221), d=0.00973 (log_d=-4.63249)
  Step  16 | loss=0.604966 | k=0.39773 (log_k=-0.92209), d=0.00973 (log_d=-4.63228)
  Step  17 | loss=0.604606 | k=0.39777 (log_k=-0.92198), d=0.00974 (log_d=-4.63209)
  Step  18 | loss=0.604237 | k=0.39782 (log_k=-0.92187), d=0.00974 (log_d=-4.63191)
  Step  19 | loss=0.603958 | k=0.39782 (log_k=-0.92176), d=0.00974 (log_d=-4.63173)
  Step  20 | loss=0.603910 | k=0.39786 (log_k=-0.92175), d=0.00974 (log_d=-4.63165)
Generator Loss: 0.5980 | Updated Params -> K: 0.39753, D: 0.00973

=== GAN Iteration 19/20 ===
Collecting Generated (ComFree_Warp) trajectories...
Training Discriminator for 10 epochs...
Discriminator Loss: 0.5931
Optimizing ComFree parameters to fool the Discriminator...
  Step   1 | loss=0.638810 | k=0.39756 (log_k=-0.92249), d=0.00973 (log_d=-4.63290)
  Step   2 | loss=0.638701 | k=0.39759 (log_k=-0.92242), d=0.00973 (log_d=-4.63281)
  Step   3 | loss=0.638571 | k=0.39764 (log_k=-0.92235), d=0.00974 (log_d=-4.63270)
  Step   4 | loss=0.639537 | k=0.39797 (log_k=-0.92220), d=0.00974 (log_d=-4.63202)
  Step   5 | loss=0.649332 | k=0.39800 (log_k=-0.92139), d=0.00975 (log_d=-4.63106)
  Step   6 | loss=0.649105 | k=0.39808 (log_k=-0.92131), d=0.00975 (log_d=-4.63095)
  Step   7 | loss=0.644291 | k=0.39869 (log_k=-0.92110), d=0.00981 (log_d=-4.63055)
  Step   8 | loss=0.581604 | k=0.39869 (log_k=-0.91958), d=0.00981 (log_d=-4.62482)
  Step   9 | loss=0.581438 | k=0.39868 (log_k=-0.91956), d=0.00981 (log_d=-4.62467)
  Step  10 | loss=0.580213 | k=0.39870 (log_k=-0.91958), d=0.00982 (log_d=-4.62390)
  Step  11 | loss=0.579806 | k=0.39873 (log_k=-0.91955), d=0.00982 (log_d=-4.62370)
  Step  12 | loss=0.578634 | k=0.39875 (log_k=-0.91946), d=0.00982 (log_d=-4.62332)
  Step  13 | loss=0.578474 | k=0.39878 (log_k=-0.91941), d=0.00983 (log_d=-4.62306)
  Step  14 | loss=0.577702 | k=0.39881 (log_k=-0.91936), d=0.00983 (log_d=-4.62279)
  Step  15 | loss=0.580772 | k=0.39886 (log_k=-0.91926), d=0.00983 (log_d=-4.62243)
  Step  16 | loss=0.580041 | k=0.39886 (log_k=-0.91914), d=0.00983 (log_d=-4.62201)
  Step  17 | loss=0.580838 | k=0.39890 (log_k=-0.91914), d=0.00983 (log_d=-4.62250)
  Step  18 | loss=0.580128 | k=0.39890 (log_k=-0.91905), d=0.00983 (log_d=-4.62209)
  Step  19 | loss=0.580886 | k=0.39889 (log_k=-0.91904), d=0.00983 (log_d=-4.62260)
  Step  20 | loss=0.580515 | k=0.39891 (log_k=-0.91906), d=0.00983 (log_d=-4.62244)
Generator Loss: 0.5777 | Updated Params -> K: 0.39881, D: 0.00983

=== GAN Iteration 20/20 ===
Collecting Generated (ComFree_Warp) trajectories...
Training Discriminator for 10 epochs...
Discriminator Loss: 0.6379
Optimizing ComFree parameters to fool the Discriminator...
  Step   1 | loss=0.580331 | k=0.39920 (log_k=-0.91926), d=0.00984 (log_d=-4.62243)
  Step   2 | loss=0.575480 | k=0.39924 (log_k=-0.91829), d=0.00984 (log_d=-4.62143)
  Step   3 | loss=0.575430 | k=0.39921 (log_k=-0.91820), d=0.00984 (log_d=-4.62133)
  Step   4 | loss=0.575509 | k=0.39925 (log_k=-0.91827), d=0.00984 (log_d=-4.62145)
  Step   5 | loss=0.575433 | k=0.39922 (log_k=-0.91817), d=0.00984 (log_d=-4.62134)
  Step   6 | loss=0.575500 | k=0.39924 (log_k=-0.91824), d=0.00984 (log_d=-4.62146)
  Step   7 | loss=0.575405 | k=0.39921 (log_k=-0.91819), d=0.00984 (log_d=-4.62136)
  Step   8 | loss=0.575526 | k=0.39922 (log_k=-0.91826), d=0.00984 (log_d=-4.62149)
  Step   9 | loss=0.575421 | k=0.39923 (log_k=-0.91823), d=0.00984 (log_d=-4.62137)
  Step  10 | loss=0.575481 | k=0.39926 (log_k=-0.91823), d=0.00984 (log_d=-4.62145)
  Step  11 | loss=0.575445 | k=0.39923 (log_k=-0.91815), d=0.00984 (log_d=-4.62134)
  Step  12 | loss=0.575472 | k=0.39925 (log_k=-0.91821), d=0.00984 (log_d=-4.62145)
  Step  13 | loss=0.575405 | k=0.39922 (log_k=-0.91817), d=0.00984 (log_d=-4.62136)
  Step  14 | loss=0.575526 | k=0.39923 (log_k=-0.91825), d=0.00984 (log_d=-4.62150)
  Step  15 | loss=0.575410 | k=0.39922 (log_k=-0.91822), d=0.00984 (log_d=-4.62137)
  Step  16 | loss=0.575535 | k=0.39925 (log_k=-0.91824), d=0.00984 (log_d=-4.62148)
  Step  17 | loss=0.575396 | k=0.39923 (log_k=-0.91816), d=0.00984 (log_d=-4.62138)
  Step  18 | loss=0.575528 | k=0.39923 (log_k=-0.91823), d=0.00984 (log_d=-4.62152)
  Step  19 | loss=0.575459 | k=0.39926 (log_k=-0.91822), d=0.00984 (log_d=-4.62138)
  Step  20 | loss=0.575463 | k=0.39928 (log_k=-0.91815), d=0.00984 (log_d=-4.62141)
Generator Loss: 0.5754 | Updated Params -> K: 0.39923, D: 0.00984

Training complete. Artifacts saved to: /home/kg878/scratch_pi_amd78/kg878/gan_training/results/run_cnn_lr_d0.00025_lr_g0.000125
