Starting Task 20: Model=mlp, LR_D=0.0005, LR_G=0.000125
Warp 1.12.0 initialized:
   CUDA Toolkit 12.9, Driver 12.8
   Devices:
     "cpu"      : "x86_64"
     "cuda:0"   : "NVIDIA RTX 5000 Ada Generation" (31 GiB, sm_89, mempool enabled)
   Kernel cache:
     /home/kg878/.cache/warp/1.12.0
Module mujoco_warp._src.smooth f756680 load on device 'cuda:0' took 5.71 ms  (cached)
Module mujoco_warp._src.collision_driver 4d8b905 load on device 'cuda:0' took 0.88 ms  (cached)
Module _nxn_broadphase__locals__kernel_83765485 8376548 load on device 'cuda:0' took 0.95 ms  (cached)
Module _primitive_narrowphase__locals__primitive_narrowphase_799bf360 799bf36 load on device 'cuda:0' took 0.92 ms  (cached)
Module mujoco_warp._src.constraint 63c97cb load on device 'cuda:0' took 1.07 ms  (cached)
Module mujoco_warp._src.passive 7fb8524 load on device 'cuda:0' took 0.97 ms  (cached)
Module mujoco_warp._src.forward 5a5c0b5 load on device 'cuda:0' took 1.18 ms  (cached)
Module mujoco_warp._src.support 343d1ae load on device 'cuda:0' took 0.88 ms  (cached)
Module _tile_cholesky_factorize_solve__locals__cholesky_factorize_solve_31e2b081 1603efb load on device 'cuda:0' took 24.36 ms  (cached)
Module mujoco_warp._src.solver eaac975 load on device 'cuda:0' took 1.13 ms  (cached)
Module solve_init_jaref__locals__kernel_21fae504 21fae50 load on device 'cuda:0' took 0.91 ms  (cached)
Module mul_m_dense__locals___mul_m_dense_fbd74bb9 fbd74bb load on device 'cuda:0' took 0.87 ms  (cached)
Module update_constraint_efc__locals__kernel_d4ac54f8 d4ac54f load on device 'cuda:0' took 0.93 ms  (cached)
Module update_constraint_gauss_cost__locals__kernel_73299c19 73299c1 load on device 'cuda:0' took 0.83 ms  (cached)
Module update_gradient_JTDAJ_dense_tiled__locals__kernel_92d753e0 6f5ab40 load on device 'cuda:0' took 1.05 ms  (cached)
Module update_gradient_cholesky__locals__kernel_1e67b2d5 4da60ef load on device 'cuda:0' took 24.71 ms  (cached)
Module linesearch_iterative__locals__kernel_e835d44f c716e5e load on device 'cuda:0' took 1.04 ms  (cached)
Module update_constraint_efc__locals__kernel_5c3dedb8 5c3dedb load on device 'cuda:0' took 0.89 ms  (cached)
Module _tile_euler_dense__locals__euler_dense_c71389e7 8e3457a load on device 'cuda:0' took 24.99 ms  (cached)
Module comfree_warp.mujoco_warp._src.smooth c02eb38 load on device 'cuda:0' took 1.37 ms  (cached)
Module _tile_cholesky_factorize__locals__cholesky_factorize_d03d54d2 1278567 load on device 'cuda:0' took 15.11 ms  (cached)
Module comfree_warp.mujoco_warp._src.collision_driver 4d8b905 load on device 'cuda:0' took 0.93 ms  (cached)
Module _primitive_narrowphase__locals__primitive_narrowphase_fa8f2c5f fa8f2c5 load on device 'cuda:0' took 0.97 ms  (cached)
Module comfree_warp.comfree_core._src.constraint 244f68b load on device 'cuda:0' took 1.05 ms  (cached)
Module comfree_warp.mujoco_warp._src.passive 5be88d0 load on device 'cuda:0' took 1.00 ms  (cached)
Module comfree_warp.mujoco_warp._src.forward 13e94f4 load on device 'cuda:0' took 1.00 ms  (cached)
Module comfree_warp.mujoco_warp._src.support 343d1ae load on device 'cuda:0' took 0.82 ms  (cached)
Module comfree_warp.comfree_core._src.forward 7a027f4 load on device 'cuda:0' took 0.90 ms  (cached)
Module _tile_cholesky_solve__locals__cholesky_solve_612ff9f0 d6a4fa0 load on device 'cuda:0' took 18.34 ms  (cached)
Module comfree_warp.mujoco_warp._src.sensor db84035 load on device 'cuda:0' took 1.10 ms  (cached)
Running on cuda
Sampled 10 new goals.
Collecting Ground Truth (Standard MuJoCo) trajectories...

=== GAN Iteration 1/20 ===
Collecting Generated (ComFree_Warp) trajectories...
Training Discriminator for 10 epochs...
Discriminator Loss: 0.6635
Optimizing ComFree parameters to fool the Discriminator...
  Step   1 | loss=0.636827 | k=0.39992 (log_k=-0.91629), d=0.00999 (log_d=-4.60517)
  Step   2 | loss=0.634267 | k=0.39973 (log_k=-0.91650), d=0.00999 (log_d=-4.60569)
  Step   3 | loss=0.626336 | k=0.39965 (log_k=-0.91697), d=0.00999 (log_d=-4.60657)
  Step   4 | loss=0.631653 | k=0.39941 (log_k=-0.91717), d=0.00998 (log_d=-4.60576)
  Step   5 | loss=0.645900 | k=0.39997 (log_k=-0.91778), d=0.01001 (log_d=-4.60714)
  Step   6 | loss=0.651588 | k=0.39999 (log_k=-0.91638), d=0.01002 (log_d=-4.60383)
  Step   7 | loss=0.651365 | k=0.40001 (log_k=-0.91632), d=0.01002 (log_d=-4.60366)
  Step   8 | loss=0.651198 | k=0.40053 (log_k=-0.91627), d=0.01003 (log_d=-4.60352)
  Step   9 | loss=0.646722 | k=0.40055 (log_k=-0.91497), d=0.01003 (log_d=-4.60219)
  Step  10 | loss=0.646546 | k=0.40057 (log_k=-0.91491), d=0.01003 (log_d=-4.60204)
  Step  11 | loss=0.646371 | k=0.40059 (log_k=-0.91486), d=0.01003 (log_d=-4.60190)
  Step  12 | loss=0.646019 | k=0.39935 (log_k=-0.91482), d=0.01000 (log_d=-4.60174)
  Step  13 | loss=0.633453 | k=0.39915 (log_k=-0.91791), d=0.00999 (log_d=-4.60526)
  Step  14 | loss=0.626371 | k=0.39913 (log_k=-0.91843), d=0.01000 (log_d=-4.60592)
  Step  15 | loss=0.633084 | k=0.39893 (log_k=-0.91848), d=0.00999 (log_d=-4.60505)
  Step  16 | loss=0.633109 | k=0.39958 (log_k=-0.91898), d=0.01003 (log_d=-4.60619)
  Step  17 | loss=0.650474 | k=0.39961 (log_k=-0.91735), d=0.01005 (log_d=-4.60237)
  Step  18 | loss=0.649452 | k=0.39962 (log_k=-0.91726), d=0.01005 (log_d=-4.60023)
  Step  19 | loss=0.647506 | k=0.39981 (log_k=-0.91723), d=0.01006 (log_d=-4.59996)
  Step  20 | loss=0.642248 | k=0.39909 (log_k=-0.91676), d=0.01004 (log_d=-4.59901)
Generator Loss: 0.6263 | Updated Params -> K: 0.39965, D: 0.00999

=== GAN Iteration 2/20 ===
Collecting Generated (ComFree_Warp) trajectories...
Training Discriminator for 10 epochs...
Discriminator Loss: 0.6117
Optimizing ComFree parameters to fool the Discriminator...
  Step   1 | loss=0.737704 | k=0.39963 (log_k=-0.91717), d=0.00999 (log_d=-4.60576)
  Step   2 | loss=0.738817 | k=0.39992 (log_k=-0.91722), d=0.01001 (log_d=-4.60591)
  Step   3 | loss=0.731060 | k=0.39996 (log_k=-0.91649), d=0.01001 (log_d=-4.60447)
  Step   4 | loss=0.730032 | k=0.40007 (log_k=-0.91639), d=0.01001 (log_d=-4.60422)
  Step   5 | loss=0.727923 | k=0.40016 (log_k=-0.91611), d=0.01002 (log_d=-4.60372)
  Step   6 | loss=0.724250 | k=0.40028 (log_k=-0.91588), d=0.01001 (log_d=-4.60319)
  Step   7 | loss=0.728786 | k=0.40026 (log_k=-0.91560), d=0.01001 (log_d=-4.60421)
  Step   8 | loss=0.727986 | k=0.40034 (log_k=-0.91563), d=0.01002 (log_d=-4.60395)
  Step   9 | loss=0.724456 | k=0.40049 (log_k=-0.91544), d=0.01002 (log_d=-4.60345)
  Step  10 | loss=0.719255 | k=0.40066 (log_k=-0.91508), d=0.01003 (log_d=-4.60300)
  Step  11 | loss=0.710060 | k=0.40081 (log_k=-0.91465), d=0.01004 (log_d=-4.60210)
  Step  12 | loss=0.716974 | k=0.40147 (log_k=-0.91426), d=0.01008 (log_d=-4.60121)
  Step  13 | loss=0.579431 | k=0.40150 (log_k=-0.91261), d=0.01008 (log_d=-4.59719)
  Step  14 | loss=0.579434 | k=0.40154 (log_k=-0.91255), d=0.01008 (log_d=-4.59725)
  Step  15 | loss=0.581490 | k=0.40117 (log_k=-0.91245), d=0.01008 (log_d=-4.59743)
  Step  16 | loss=0.579628 | k=0.40115 (log_k=-0.91336), d=0.01011 (log_d=-4.59680)
  Step  17 | loss=0.567264 | k=0.40256 (log_k=-0.91342), d=0.01016 (log_d=-4.59470)
  Step  18 | loss=0.448875 | k=0.40296 (log_k=-0.90990), d=0.01018 (log_d=-4.58914)
  Step  19 | loss=0.393317 | k=0.40280 (log_k=-0.90891), d=0.01019 (log_d=-4.58686)
  Step  20 | loss=0.379936 | k=0.40328 (log_k=-0.90931), d=0.01022 (log_d=-4.58615)
Generator Loss: 0.3799 | Updated Params -> K: 0.40328, D: 0.01022

=== GAN Iteration 3/20 ===
Collecting Generated (ComFree_Warp) trajectories...
Training Discriminator for 10 epochs...
Discriminator Loss: 0.4391
Optimizing ComFree parameters to fool the Discriminator...
  Step   1 | loss=0.899589 | k=0.40322 (log_k=-0.90813), d=0.01022 (log_d=-4.58354)
  Step   2 | loss=0.900145 | k=0.40336 (log_k=-0.90826), d=0.01022 (log_d=-4.58367)
  Step   3 | loss=0.900734 | k=0.40341 (log_k=-0.90792), d=0.01022 (log_d=-4.58325)
  Step   4 | loss=0.901930 | k=0.40333 (log_k=-0.90780), d=0.01022 (log_d=-4.58308)
  Step   5 | loss=0.900124 | k=0.40323 (log_k=-0.90799), d=0.01021 (log_d=-4.58337)
  Step   6 | loss=0.899630 | k=0.40317 (log_k=-0.90824), d=0.01021 (log_d=-4.58392)
  Step   7 | loss=0.898179 | k=0.40308 (log_k=-0.90840), d=0.01021 (log_d=-4.58428)
  Step   8 | loss=0.896166 | k=0.40300 (log_k=-0.90861), d=0.01020 (log_d=-4.58474)
  Step   9 | loss=0.893623 | k=0.40289 (log_k=-0.90882), d=0.01020 (log_d=-4.58518)
  Step  10 | loss=0.891255 | k=0.40279 (log_k=-0.90909), d=0.01019 (log_d=-4.58569)
  Step  11 | loss=0.888957 | k=0.40269 (log_k=-0.90934), d=0.01019 (log_d=-4.58616)
  Step  12 | loss=0.885434 | k=0.40257 (log_k=-0.90960), d=0.01018 (log_d=-4.58670)
  Step  13 | loss=0.848232 | k=0.40346 (log_k=-0.90989), d=0.01019 (log_d=-4.58767)
  Step  14 | loss=0.891461 | k=0.40337 (log_k=-0.90769), d=0.01019 (log_d=-4.58633)
  Step  15 | loss=0.889355 | k=0.40326 (log_k=-0.90790), d=0.01018 (log_d=-4.58676)
  Step  16 | loss=0.886156 | k=0.40307 (log_k=-0.90817), d=0.01017 (log_d=-4.58726)
  Step  17 | loss=0.846846 | k=0.40281 (log_k=-0.90865), d=0.01016 (log_d=-4.58819)
  Step  18 | loss=0.847605 | k=0.40372 (log_k=-0.90929), d=0.00985 (log_d=-4.58914)
  Step  19 | loss=0.752005 | k=0.40356 (log_k=-0.90704), d=0.00985 (log_d=-4.61987)
  Step  20 | loss=0.747307 | k=0.40347 (log_k=-0.90744), d=0.00984 (log_d=-4.62052)
Generator Loss: 0.7473 | Updated Params -> K: 0.40347, D: 0.00984

=== GAN Iteration 4/20 ===
Collecting Generated (ComFree_Warp) trajectories...
Training Discriminator for 10 epochs...
Discriminator Loss: 0.5206
Optimizing ComFree parameters to fool the Discriminator...
  Step   1 | loss=0.535203 | k=0.40342 (log_k=-0.90766), d=0.00985 (log_d=-4.62120)
  Step   2 | loss=0.527869 | k=0.40311 (log_k=-0.90779), d=0.00983 (log_d=-4.62065)
  Step   3 | loss=0.472574 | k=0.39207 (log_k=-0.90854), d=0.00829 (log_d=-4.62271)
  Step   4 | loss=0.999602 | k=0.39207 (log_k=-0.93632), d=0.00829 (log_d=-4.79221)
  Step   5 | loss=0.999602 | k=0.39207 (log_k=-0.93632), d=0.00829 (log_d=-4.79221)
  Step   6 | loss=0.999602 | k=0.39207 (log_k=-0.93632), d=0.00829 (log_d=-4.79221)
  Step   7 | loss=0.999602 | k=0.39207 (log_k=-0.93632), d=0.00829 (log_d=-4.79221)
  Step   8 | loss=0.999602 | k=0.39207 (log_k=-0.93632), d=0.00829 (log_d=-4.79221)
  Step   9 | loss=0.999602 | k=0.39207 (log_k=-0.93632), d=0.00829 (log_d=-4.79221)
  Step  10 | loss=0.999602 | k=0.39207 (log_k=-0.93632), d=0.00829 (log_d=-4.79221)
  Step  11 | loss=0.999602 | k=0.39207 (log_k=-0.93631), d=0.00829 (log_d=-4.79221)
  Step  12 | loss=0.999602 | k=0.39207 (log_k=-0.93631), d=0.00829 (log_d=-4.79221)
  Step  13 | loss=0.999602 | k=0.39207 (log_k=-0.93631), d=0.00829 (log_d=-4.79222)
  Step  14 | loss=0.999602 | k=0.39207 (log_k=-0.93631), d=0.00829 (log_d=-4.79222)
  Step  15 | loss=0.999602 | k=0.39207 (log_k=-0.93631), d=0.00829 (log_d=-4.79222)
  Step  16 | loss=0.999602 | k=0.39207 (log_k=-0.93631), d=0.00829 (log_d=-4.79222)
  Step  17 | loss=0.999602 | k=0.39207 (log_k=-0.93631), d=0.00829 (log_d=-4.79222)
  Step  18 | loss=0.999602 | k=0.39207 (log_k=-0.93631), d=0.00829 (log_d=-4.79222)
  Step  19 | loss=0.999602 | k=0.39207 (log_k=-0.93631), d=0.00829 (log_d=-4.79222)
  Step  20 | loss=0.999602 | k=0.39207 (log_k=-0.93631), d=0.00829 (log_d=-4.79222)
Generator Loss: 0.4726 | Updated Params -> K: 0.39207, D: 0.00829

=== GAN Iteration 5/20 ===
Collecting Generated (ComFree_Warp) trajectories...
Training Discriminator for 10 epochs...
Discriminator Loss: 0.3741
Optimizing ComFree parameters to fool the Discriminator...
  Step   1 | loss=0.920276 | k=0.39208 (log_k=-0.93632), d=0.00829 (log_d=-4.79221)
  Step   2 | loss=0.920256 | k=0.39209 (log_k=-0.93628), d=0.00829 (log_d=-4.79223)
  Step   3 | loss=0.920245 | k=0.39210 (log_k=-0.93626), d=0.00829 (log_d=-4.79227)
  Step   4 | loss=0.920226 | k=0.39211 (log_k=-0.93623), d=0.00829 (log_d=-4.79230)
  Step   5 | loss=0.920212 | k=0.39213 (log_k=-0.93620), d=0.00829 (log_d=-4.79233)
  Step   6 | loss=0.920193 | k=0.39214 (log_k=-0.93617), d=0.00829 (log_d=-4.79236)
  Step   7 | loss=0.920182 | k=0.39215 (log_k=-0.93615), d=0.00829 (log_d=-4.79240)
  Step   8 | loss=0.920167 | k=0.39216 (log_k=-0.93612), d=0.00829 (log_d=-4.79243)
  Step   9 | loss=0.920151 | k=0.39217 (log_k=-0.93609), d=0.00829 (log_d=-4.79247)
  Step  10 | loss=0.920136 | k=0.39218 (log_k=-0.93606), d=0.00829 (log_d=-4.79250)
  Step  11 | loss=0.920119 | k=0.39220 (log_k=-0.93602), d=0.00829 (log_d=-4.79253)
  Step  12 | loss=0.920106 | k=0.39221 (log_k=-0.93599), d=0.00829 (log_d=-4.79256)
  Step  13 | loss=0.920091 | k=0.39222 (log_k=-0.93596), d=0.00829 (log_d=-4.79259)
  Step  14 | loss=0.920077 | k=0.39224 (log_k=-0.93593), d=0.00829 (log_d=-4.79262)
  Step  15 | loss=0.920062 | k=0.39225 (log_k=-0.93589), d=0.00829 (log_d=-4.79265)
  Step  16 | loss=0.920045 | k=0.39227 (log_k=-0.93585), d=0.00829 (log_d=-4.79267)
  Step  17 | loss=0.920029 | k=0.39228 (log_k=-0.93582), d=0.00829 (log_d=-4.79270)
  Step  18 | loss=0.920013 | k=0.39229 (log_k=-0.93578), d=0.00829 (log_d=-4.79273)
  Step  19 | loss=0.919998 | k=0.39231 (log_k=-0.93575), d=0.00829 (log_d=-4.79275)
  Step  20 | loss=0.919982 | k=0.39232 (log_k=-0.93571), d=0.00829 (log_d=-4.79278)
Generator Loss: 0.9200 | Updated Params -> K: 0.39232, D: 0.00829

=== GAN Iteration 6/20 ===
Collecting Generated (ComFree_Warp) trajectories...
Training Discriminator for 10 epochs...
Discriminator Loss: 0.3169
Optimizing ComFree parameters to fool the Discriminator...
  Step   1 | loss=0.722966 | k=0.39237 (log_k=-0.93568), d=0.00829 (log_d=-4.79281)
  Step   2 | loss=0.722098 | k=0.39242 (log_k=-0.93556), d=0.00829 (log_d=-4.79251)
  Step   3 | loss=0.721122 | k=0.39246 (log_k=-0.93542), d=0.00830 (log_d=-4.79215)
  Step   4 | loss=0.720724 | k=0.39250 (log_k=-0.93531), d=0.00830 (log_d=-4.79196)
  Step   5 | loss=0.720440 | k=0.39254 (log_k=-0.93521), d=0.00830 (log_d=-4.79179)
  Step   6 | loss=0.720230 | k=0.39257 (log_k=-0.93512), d=0.00830 (log_d=-4.79165)
  Step   7 | loss=0.720063 | k=0.39261 (log_k=-0.93503), d=0.00830 (log_d=-4.79153)
  Step   8 | loss=0.719856 | k=0.39265 (log_k=-0.93494), d=0.00830 (log_d=-4.79140)
  Step   9 | loss=0.719573 | k=0.39269 (log_k=-0.93484), d=0.00830 (log_d=-4.79125)
  Step  10 | loss=0.719264 | k=0.39274 (log_k=-0.93473), d=0.00830 (log_d=-4.79109)
  Step  11 | loss=0.718924 | k=0.39278 (log_k=-0.93462), d=0.00831 (log_d=-4.79092)
  Step  12 | loss=0.718551 | k=0.39283 (log_k=-0.93450), d=0.00828 (log_d=-4.79074)
  Step  13 | loss=0.723998 | k=0.39287 (log_k=-0.93438), d=0.00828 (log_d=-4.79410)
  Step  14 | loss=0.723718 | k=0.39291 (log_k=-0.93429), d=0.00828 (log_d=-4.79395)
  Step  15 | loss=0.723422 | k=0.39295 (log_k=-0.93419), d=0.00828 (log_d=-4.79378)
  Step  16 | loss=0.723108 | k=0.39299 (log_k=-0.93408), d=0.00828 (log_d=-4.79361)
  Step  17 | loss=0.722766 | k=0.39303 (log_k=-0.93398), d=0.00829 (log_d=-4.79344)
  Step  18 | loss=0.722008 | k=0.39309 (log_k=-0.93386), d=0.00829 (log_d=-4.79318)
  Step  19 | loss=0.721087 | k=0.39315 (log_k=-0.93373), d=0.00829 (log_d=-4.79289)
  Step  20 | loss=0.720140 | k=0.39318 (log_k=-0.93358), d=0.00829 (log_d=-4.79251)
Generator Loss: 0.7186 | Updated Params -> K: 0.39283, D: 0.00828

=== GAN Iteration 7/20 ===
Collecting Generated (ComFree_Warp) trajectories...
Training Discriminator for 10 epochs...
Discriminator Loss: 0.1657
Optimizing ComFree parameters to fool the Discriminator...
  Step   1 | loss=0.933120 | k=0.39286 (log_k=-0.93438), d=0.00828 (log_d=-4.79410)
  Step   2 | loss=0.932865 | k=0.39291 (log_k=-0.93430), d=0.00828 (log_d=-4.79396)
  Step   3 | loss=0.932632 | k=0.39290 (log_k=-0.93419), d=0.00828 (log_d=-4.79376)
  Step   4 | loss=0.932619 | k=0.39289 (log_k=-0.93421), d=0.00828 (log_d=-4.79379)
  Step   5 | loss=0.932606 | k=0.39288 (log_k=-0.93424), d=0.00828 (log_d=-4.79382)
  Step   6 | loss=0.932674 | k=0.39291 (log_k=-0.93426), d=0.00828 (log_d=-4.79385)
  Step   7 | loss=0.932627 | k=0.39290 (log_k=-0.93419), d=0.00828 (log_d=-4.79378)
  Step   8 | loss=0.932613 | k=0.39289 (log_k=-0.93421), d=0.00828 (log_d=-4.79381)
  Step   9 | loss=0.932635 | k=0.39289 (log_k=-0.93424), d=0.00828 (log_d=-4.79384)
  Step  10 | loss=0.932607 | k=0.39288 (log_k=-0.93422), d=0.00828 (log_d=-4.79383)
  Step  11 | loss=0.932674 | k=0.39291 (log_k=-0.93425), d=0.00828 (log_d=-4.79386)
  Step  12 | loss=0.932627 | k=0.39290 (log_k=-0.93417), d=0.00828 (log_d=-4.79379)
  Step  13 | loss=0.932613 | k=0.39289 (log_k=-0.93420), d=0.00828 (log_d=-4.79383)
  Step  14 | loss=0.932642 | k=0.39290 (log_k=-0.93422), d=0.00828 (log_d=-4.79386)
  Step  15 | loss=0.932610 | k=0.39289 (log_k=-0.93420), d=0.00828 (log_d=-4.79384)
  Step  16 | loss=0.932659 | k=0.39291 (log_k=-0.93422), d=0.00828 (log_d=-4.79387)
  Step  17 | loss=0.932619 | k=0.39290 (log_k=-0.93417), d=0.00828 (log_d=-4.79382)
  Step  18 | loss=0.932609 | k=0.39289 (log_k=-0.93420), d=0.00828 (log_d=-4.79385)
  Step  19 | loss=0.932678 | k=0.39292 (log_k=-0.93422), d=0.00828 (log_d=-4.79388)
  Step  20 | loss=0.932629 | k=0.39291 (log_k=-0.93414), d=0.00828 (log_d=-4.79381)
Generator Loss: 0.9326 | Updated Params -> K: 0.39288, D: 0.00828

=== GAN Iteration 8/20 ===
Collecting Generated (ComFree_Warp) trajectories...
Training Discriminator for 10 epochs...
Discriminator Loss: 0.0495
Optimizing ComFree parameters to fool the Discriminator...
  Step   1 | loss=0.985848 | k=0.39289 (log_k=-0.93426), d=0.00828 (log_d=-4.79385)
  Step   2 | loss=0.985793 | k=0.39291 (log_k=-0.93422), d=0.00828 (log_d=-4.79378)
  Step   3 | loss=0.985728 | k=0.39293 (log_k=-0.93417), d=0.00828 (log_d=-4.79371)
  Step   4 | loss=0.985665 | k=0.39295 (log_k=-0.93412), d=0.00828 (log_d=-4.79363)
  Step   5 | loss=0.985601 | k=0.39297 (log_k=-0.93407), d=0.00828 (log_d=-4.79356)
  Step   6 | loss=0.985538 | k=0.39299 (log_k=-0.93402), d=0.00828 (log_d=-4.79348)
  Step   7 | loss=0.985476 | k=0.39301 (log_k=-0.93398), d=0.00828 (log_d=-4.79341)
  Step   8 | loss=0.985415 | k=0.39302 (log_k=-0.93393), d=0.00829 (log_d=-4.79333)
  Step   9 | loss=0.985355 | k=0.39304 (log_k=-0.93388), d=0.00829 (log_d=-4.79326)
  Step  10 | loss=0.985294 | k=0.39306 (log_k=-0.93384), d=0.00829 (log_d=-4.79319)
  Step  11 | loss=0.985235 | k=0.39308 (log_k=-0.93379), d=0.00829 (log_d=-4.79311)
  Step  12 | loss=0.985173 | k=0.39310 (log_k=-0.93375), d=0.00829 (log_d=-4.79304)
  Step  13 | loss=0.985108 | k=0.39312 (log_k=-0.93370), d=0.00829 (log_d=-4.79296)
  Step  14 | loss=0.984996 | k=0.39318 (log_k=-0.93364), d=0.00829 (log_d=-4.79287)
  Step  15 | loss=0.980045 | k=0.39475 (log_k=-0.93348), d=0.00834 (log_d=-4.79254)
  Step  16 | loss=0.954933 | k=0.39476 (log_k=-0.92950), d=0.00834 (log_d=-4.78710)
  Step  17 | loss=0.954219 | k=0.39476 (log_k=-0.92947), d=0.00834 (log_d=-4.78679)
  Step  18 | loss=0.953682 | k=0.39478 (log_k=-0.92948), d=0.00834 (log_d=-4.78653)
  Step  19 | loss=0.952831 | k=0.39480 (log_k=-0.92943), d=0.00835 (log_d=-4.78619)
  Step  20 | loss=0.951898 | k=0.39483 (log_k=-0.92937), d=0.00835 (log_d=-4.78583)
Generator Loss: 0.9519 | Updated Params -> K: 0.39483, D: 0.00835

=== GAN Iteration 9/20 ===
Collecting Generated (ComFree_Warp) trajectories...
Training Discriminator for 10 epochs...
Discriminator Loss: 0.0168
Optimizing ComFree parameters to fool the Discriminator...
  Step   1 | loss=0.997910 | k=0.39483 (log_k=-0.92930), d=0.00835 (log_d=-4.78553)
  Step   2 | loss=0.997909 | k=0.39483 (log_k=-0.92930), d=0.00835 (log_d=-4.78552)
  Step   3 | loss=0.997908 | k=0.39484 (log_k=-0.92929), d=0.00835 (log_d=-4.78551)
  Step   4 | loss=0.997906 | k=0.39484 (log_k=-0.92928), d=0.00835 (log_d=-4.78550)
  Step   5 | loss=0.997905 | k=0.39484 (log_k=-0.92928), d=0.00835 (log_d=-4.78549)
  Step   6 | loss=0.997904 | k=0.39484 (log_k=-0.92927), d=0.00835 (log_d=-4.78548)
  Step   7 | loss=0.997903 | k=0.39504 (log_k=-0.92926), d=0.00835 (log_d=-4.78547)
  Step   8 | loss=0.997478 | k=0.39504 (log_k=-0.92877), d=0.00835 (log_d=-4.78546)
  Step   9 | loss=0.997476 | k=0.39505 (log_k=-0.92876), d=0.00835 (log_d=-4.78545)
  Step  10 | loss=0.997474 | k=0.39505 (log_k=-0.92875), d=0.00835 (log_d=-4.78544)
  Step  11 | loss=0.997472 | k=0.39506 (log_k=-0.92874), d=0.00835 (log_d=-4.78542)
  Step  12 | loss=0.997470 | k=0.39506 (log_k=-0.92873), d=0.00835 (log_d=-4.78541)
  Step  13 | loss=0.997468 | k=0.39506 (log_k=-0.92872), d=0.00835 (log_d=-4.78540)
  Step  14 | loss=0.997466 | k=0.39507 (log_k=-0.92871), d=0.00835 (log_d=-4.78539)
  Step  15 | loss=0.997464 | k=0.39507 (log_k=-0.92870), d=0.00835 (log_d=-4.78537)
  Step  16 | loss=0.997462 | k=0.39507 (log_k=-0.92869), d=0.00835 (log_d=-4.78536)
  Step  17 | loss=0.997460 | k=0.39508 (log_k=-0.92868), d=0.00835 (log_d=-4.78535)
  Step  18 | loss=0.997458 | k=0.39508 (log_k=-0.92867), d=0.00835 (log_d=-4.78534)
  Step  19 | loss=0.997456 | k=0.39508 (log_k=-0.92866), d=0.00835 (log_d=-4.78532)
  Step  20 | loss=0.997454 | k=0.39509 (log_k=-0.92866), d=0.00835 (log_d=-4.78531)
Generator Loss: 0.9975 | Updated Params -> K: 0.39509, D: 0.00835

=== GAN Iteration 10/20 ===
Collecting Generated (ComFree_Warp) trajectories...
Training Discriminator for 10 epochs...
Discriminator Loss: 0.0099
Optimizing ComFree parameters to fool the Discriminator...
  Step   1 | loss=0.994985 | k=0.39509 (log_k=-0.92865), d=0.00835 (log_d=-4.78530)
  Step   2 | loss=0.994983 | k=0.39510 (log_k=-0.92864), d=0.00835 (log_d=-4.78529)
  Step   3 | loss=0.994982 | k=0.39510 (log_k=-0.92863), d=0.00835 (log_d=-4.78528)
  Step   4 | loss=0.994980 | k=0.39510 (log_k=-0.92862), d=0.00835 (log_d=-4.78527)
  Step   5 | loss=0.994979 | k=0.39511 (log_k=-0.92861), d=0.00835 (log_d=-4.78526)
  Step   6 | loss=0.994980 | k=0.39511 (log_k=-0.92860), d=0.00835 (log_d=-4.78529)
  Step   7 | loss=0.994979 | k=0.39511 (log_k=-0.92859), d=0.00835 (log_d=-4.78528)
  Step   8 | loss=0.994977 | k=0.39512 (log_k=-0.92858), d=0.00835 (log_d=-4.78527)
  Step   9 | loss=0.994980 | k=0.39512 (log_k=-0.92857), d=0.00835 (log_d=-4.78531)
  Step  10 | loss=0.994978 | k=0.39512 (log_k=-0.92857), d=0.00835 (log_d=-4.78530)
  Step  11 | loss=0.994978 | k=0.39513 (log_k=-0.92856), d=0.00835 (log_d=-4.78529)
  Step  12 | loss=0.994978 | k=0.39513 (log_k=-0.92855), d=0.00835 (log_d=-4.78531)
  Step  13 | loss=0.994977 | k=0.39513 (log_k=-0.92854), d=0.00835 (log_d=-4.78530)
  Step  14 | loss=0.994979 | k=0.39514 (log_k=-0.92853), d=0.00835 (log_d=-4.78532)
  Step  15 | loss=0.994976 | k=0.39514 (log_k=-0.92852), d=0.00835 (log_d=-4.78531)
  Step  16 | loss=0.994978 | k=0.39514 (log_k=-0.92852), d=0.00835 (log_d=-4.78533)
  Step  17 | loss=0.994976 | k=0.39515 (log_k=-0.92851), d=0.00835 (log_d=-4.78532)
  Step  18 | loss=0.994979 | k=0.39515 (log_k=-0.92850), d=0.00835 (log_d=-4.78536)
  Step  19 | loss=0.994978 | k=0.39515 (log_k=-0.92849), d=0.00835 (log_d=-4.78535)
  Step  20 | loss=0.994977 | k=0.39516 (log_k=-0.92848), d=0.00835 (log_d=-4.78534)
Generator Loss: 0.9950 | Updated Params -> K: 0.39515, D: 0.00835

=== GAN Iteration 11/20 ===
Collecting Generated (ComFree_Warp) trajectories...
Training Discriminator for 10 epochs...
Discriminator Loss: 0.0176
Optimizing ComFree parameters to fool the Discriminator...
  Step   1 | loss=1.000022 | k=0.39515 (log_k=-0.92850), d=0.00835 (log_d=-4.78536)
  Step   2 | loss=1.000022 | k=0.39515 (log_k=-0.92850), d=0.00835 (log_d=-4.78536)
  Step   3 | loss=1.000022 | k=0.39515 (log_k=-0.92850), d=0.00835 (log_d=-4.78536)
  Step   4 | loss=1.000022 | k=0.39515 (log_k=-0.92850), d=0.00835 (log_d=-4.78536)
  Step   5 | loss=1.000022 | k=0.39515 (log_k=-0.92850), d=0.00835 (log_d=-4.78536)
  Step   6 | loss=1.000022 | k=0.39515 (log_k=-0.92850), d=0.00835 (log_d=-4.78536)
  Step   7 | loss=1.000022 | k=0.39515 (log_k=-0.92850), d=0.00835 (log_d=-4.78536)
  Step   8 | loss=1.000022 | k=0.39515 (log_k=-0.92850), d=0.00835 (log_d=-4.78536)
  Step   9 | loss=1.000022 | k=0.39515 (log_k=-0.92850), d=0.00835 (log_d=-4.78536)
  Step  10 | loss=1.000022 | k=0.39515 (log_k=-0.92850), d=0.00835 (log_d=-4.78536)
  Step  11 | loss=1.000022 | k=0.39515 (log_k=-0.92850), d=0.00835 (log_d=-4.78536)
  Step  12 | loss=1.000022 | k=0.39515 (log_k=-0.92850), d=0.00835 (log_d=-4.78536)
  Step  13 | loss=1.000022 | k=0.39515 (log_k=-0.92850), d=0.00835 (log_d=-4.78536)
  Step  14 | loss=1.000022 | k=0.39515 (log_k=-0.92850), d=0.00835 (log_d=-4.78536)
  Step  15 | loss=1.000022 | k=0.39515 (log_k=-0.92850), d=0.00835 (log_d=-4.78536)
  Step  16 | loss=1.000022 | k=0.39515 (log_k=-0.92850), d=0.00835 (log_d=-4.78536)
  Step  17 | loss=1.000022 | k=0.39515 (log_k=-0.92850), d=0.00835 (log_d=-4.78536)
  Step  18 | loss=1.000022 | k=0.39515 (log_k=-0.92850), d=0.00835 (log_d=-4.78536)
  Step  19 | loss=1.000022 | k=0.39515 (log_k=-0.92850), d=0.00835 (log_d=-4.78536)
  Step  20 | loss=1.000022 | k=0.39515 (log_k=-0.92850), d=0.00835 (log_d=-4.78536)
Generator Loss: 1.0000 | Updated Params -> K: 0.39515, D: 0.00835

=== GAN Iteration 12/20 ===
Collecting Generated (ComFree_Warp) trajectories...
Training Discriminator for 10 epochs...
Discriminator Loss: 0.0094
Optimizing ComFree parameters to fool the Discriminator...
  Step   1 | loss=0.998380 | k=0.39515 (log_k=-0.92850), d=0.00835 (log_d=-4.78536)
  Step   2 | loss=0.998377 | k=0.39516 (log_k=-0.92849), d=0.00835 (log_d=-4.78534)
  Step   3 | loss=0.998374 | k=0.39516 (log_k=-0.92848), d=0.00835 (log_d=-4.78533)
  Step   4 | loss=0.998372 | k=0.39516 (log_k=-0.92847), d=0.00835 (log_d=-4.78531)
  Step   5 | loss=0.998370 | k=0.39517 (log_k=-0.92846), d=0.00835 (log_d=-4.78530)
  Step   6 | loss=0.998368 | k=0.39517 (log_k=-0.92845), d=0.00835 (log_d=-4.78528)
  Step   7 | loss=0.998366 | k=0.39517 (log_k=-0.92844), d=0.00835 (log_d=-4.78527)
  Step   8 | loss=0.998364 | k=0.39517 (log_k=-0.92844), d=0.00835 (log_d=-4.78526)
  Step   9 | loss=0.998362 | k=0.39518 (log_k=-0.92843), d=0.00835 (log_d=-4.78525)
  Step  10 | loss=0.998361 | k=0.39518 (log_k=-0.92842), d=0.00835 (log_d=-4.78524)
  Step  11 | loss=0.998359 | k=0.39518 (log_k=-0.92842), d=0.00835 (log_d=-4.78523)
  Step  12 | loss=0.998358 | k=0.39518 (log_k=-0.92841), d=0.00835 (log_d=-4.78522)
  Step  13 | loss=0.998357 | k=0.39519 (log_k=-0.92840), d=0.00835 (log_d=-4.78521)
  Step  14 | loss=0.998356 | k=0.39519 (log_k=-0.92840), d=0.00836 (log_d=-4.78520)
  Step  15 | loss=0.998035 | k=0.39519 (log_k=-0.92839), d=0.00836 (log_d=-4.78482)
  Step  16 | loss=0.998034 | k=0.39519 (log_k=-0.92839), d=0.00836 (log_d=-4.78481)
  Step  17 | loss=0.998033 | k=0.39520 (log_k=-0.92838), d=0.00836 (log_d=-4.78480)
  Step  18 | loss=0.998031 | k=0.39520 (log_k=-0.92837), d=0.00836 (log_d=-4.78479)
  Step  19 | loss=0.998030 | k=0.39520 (log_k=-0.92837), d=0.00836 (log_d=-4.78478)
  Step  20 | loss=0.998029 | k=0.39520 (log_k=-0.92836), d=0.00836 (log_d=-4.78477)
Generator Loss: 0.9980 | Updated Params -> K: 0.39520, D: 0.00836

=== GAN Iteration 13/20 ===
Collecting Generated (ComFree_Warp) trajectories...
Training Discriminator for 10 epochs...
Discriminator Loss: 0.0086
Optimizing ComFree parameters to fool the Discriminator...
  Step   1 | loss=0.998277 | k=0.39521 (log_k=-0.92835), d=0.00836 (log_d=-4.78476)
  Step   2 | loss=0.998276 | k=0.39521 (log_k=-0.92835), d=0.00836 (log_d=-4.78475)
  Step   3 | loss=0.998276 | k=0.39521 (log_k=-0.92834), d=0.00836 (log_d=-4.78475)
  Step   4 | loss=0.998275 | k=0.39521 (log_k=-0.92834), d=0.00836 (log_d=-4.78474)
  Step   5 | loss=0.998275 | k=0.39521 (log_k=-0.92834), d=0.00836 (log_d=-4.78473)
  Step   6 | loss=0.998274 | k=0.39521 (log_k=-0.92833), d=0.00836 (log_d=-4.78472)
  Step   7 | loss=0.998273 | k=0.39522 (log_k=-0.92833), d=0.00836 (log_d=-4.78471)
  Step   8 | loss=0.998272 | k=0.39522 (log_k=-0.92832), d=0.00836 (log_d=-4.78471)
  Step   9 | loss=0.998272 | k=0.39522 (log_k=-0.92832), d=0.00836 (log_d=-4.78470)
  Step  10 | loss=0.998271 | k=0.39522 (log_k=-0.92831), d=0.00836 (log_d=-4.78469)
  Step  11 | loss=0.998270 | k=0.39522 (log_k=-0.92831), d=0.00836 (log_d=-4.78468)
  Step  12 | loss=0.998270 | k=0.39523 (log_k=-0.92830), d=0.00836 (log_d=-4.78467)
  Step  13 | loss=0.998269 | k=0.39523 (log_k=-0.92830), d=0.00836 (log_d=-4.78467)
  Step  14 | loss=0.998269 | k=0.39523 (log_k=-0.92829), d=0.00836 (log_d=-4.78466)
  Step  15 | loss=0.998268 | k=0.39523 (log_k=-0.92829), d=0.00836 (log_d=-4.78465)
  Step  16 | loss=0.998267 | k=0.39523 (log_k=-0.92829), d=0.00836 (log_d=-4.78464)
  Step  17 | loss=0.998266 | k=0.39523 (log_k=-0.92828), d=0.00836 (log_d=-4.78463)
  Step  18 | loss=0.998266 | k=0.39524 (log_k=-0.92828), d=0.00836 (log_d=-4.78463)
  Step  19 | loss=0.998265 | k=0.39524 (log_k=-0.92827), d=0.00836 (log_d=-4.78462)
  Step  20 | loss=0.998264 | k=0.39524 (log_k=-0.92827), d=0.00836 (log_d=-4.78461)
Generator Loss: 0.9983 | Updated Params -> K: 0.39524, D: 0.00836

=== GAN Iteration 14/20 ===
Collecting Generated (ComFree_Warp) trajectories...
Training Discriminator for 10 epochs...
Discriminator Loss: 0.0085
Optimizing ComFree parameters to fool the Discriminator...
  Step   1 | loss=0.998198 | k=0.39548 (log_k=-0.92826), d=0.00836 (log_d=-4.78460)
  Step   2 | loss=0.998284 | k=0.39547 (log_k=-0.92766), d=0.00836 (log_d=-4.78464)
  Step   3 | loss=0.997752 | k=0.39521 (log_k=-0.92768), d=0.00835 (log_d=-4.78470)
  Step   4 | loss=0.998142 | k=0.39545 (log_k=-0.92833), d=0.00835 (log_d=-4.78538)
  Step   5 | loss=0.998124 | k=0.39546 (log_k=-0.92772), d=0.00835 (log_d=-4.78537)
  Step   6 | loss=0.998124 | k=0.39546 (log_k=-0.92772), d=0.00835 (log_d=-4.78537)
  Step   7 | loss=0.998124 | k=0.39546 (log_k=-0.92772), d=0.00835 (log_d=-4.78538)
  Step   8 | loss=0.997633 | k=0.39521 (log_k=-0.92772), d=0.00835 (log_d=-4.78538)
  Step   9 | loss=0.998184 | k=0.39522 (log_k=-0.92833), d=0.00835 (log_d=-4.78600)
  Step  10 | loss=0.998184 | k=0.39522 (log_k=-0.92832), d=0.00835 (log_d=-4.78599)
  Step  11 | loss=0.998183 | k=0.39522 (log_k=-0.92832), d=0.00835 (log_d=-4.78598)
  Step  12 | loss=0.997706 | k=0.39499 (log_k=-0.92831), d=0.00834 (log_d=-4.78597)
  Step  13 | loss=0.998245 | k=0.39522 (log_k=-0.92890), d=0.00834 (log_d=-4.78656)
  Step  14 | loss=0.998222 | k=0.39522 (log_k=-0.92832), d=0.00834 (log_d=-4.78655)
  Step  15 | loss=0.998222 | k=0.39545 (log_k=-0.92831), d=0.00834 (log_d=-4.78654)
  Step  16 | loss=0.997723 | k=0.39522 (log_k=-0.92772), d=0.00834 (log_d=-4.78653)
  Step  17 | loss=0.997752 | k=0.39499 (log_k=-0.92831), d=0.00834 (log_d=-4.78652)
  Step  18 | loss=0.998242 | k=0.39522 (log_k=-0.92889), d=0.00834 (log_d=-4.78651)
  Step  19 | loss=0.998219 | k=0.39523 (log_k=-0.92830), d=0.00835 (log_d=-4.78650)
  Step  20 | loss=0.997699 | k=0.39499 (log_k=-0.92830), d=0.00834 (log_d=-4.78591)
Generator Loss: 0.9976 | Updated Params -> K: 0.39521, D: 0.00835

=== GAN Iteration 15/20 ===
Collecting Generated (ComFree_Warp) trajectories...
Training Discriminator for 10 epochs...
Discriminator Loss: 0.0086
Optimizing ComFree parameters to fool the Discriminator...
  Step   1 | loss=0.999650 | k=0.39521 (log_k=-0.92833), d=0.00835 (log_d=-4.78600)
  Step   2 | loss=0.999650 | k=0.39521 (log_k=-0.92833), d=0.00835 (log_d=-4.78600)
  Step   3 | loss=0.999650 | k=0.39521 (log_k=-0.92833), d=0.00835 (log_d=-4.78599)
  Step   4 | loss=0.999650 | k=0.39521 (log_k=-0.92833), d=0.00835 (log_d=-4.78599)
  Step   5 | loss=0.999650 | k=0.39522 (log_k=-0.92833), d=0.00835 (log_d=-4.78599)
  Step   6 | loss=0.999650 | k=0.39522 (log_k=-0.92832), d=0.00835 (log_d=-4.78599)
  Step   7 | loss=0.999650 | k=0.39522 (log_k=-0.92832), d=0.00835 (log_d=-4.78599)
  Step   8 | loss=0.999650 | k=0.39522 (log_k=-0.92832), d=0.00835 (log_d=-4.78599)
  Step   9 | loss=0.999650 | k=0.39522 (log_k=-0.92832), d=0.00835 (log_d=-4.78599)
  Step  10 | loss=0.999650 | k=0.39522 (log_k=-0.92832), d=0.00835 (log_d=-4.78599)
  Step  11 | loss=0.999650 | k=0.39522 (log_k=-0.92832), d=0.00835 (log_d=-4.78599)
  Step  12 | loss=0.999650 | k=0.39522 (log_k=-0.92832), d=0.00835 (log_d=-4.78598)
  Step  13 | loss=0.999650 | k=0.39522 (log_k=-0.92832), d=0.00835 (log_d=-4.78598)
  Step  14 | loss=0.999650 | k=0.39522 (log_k=-0.92832), d=0.00835 (log_d=-4.78598)
  Step  15 | loss=0.999650 | k=0.39522 (log_k=-0.92832), d=0.00835 (log_d=-4.78598)
  Step  16 | loss=0.999650 | k=0.39522 (log_k=-0.92832), d=0.00835 (log_d=-4.78598)
  Step  17 | loss=0.999650 | k=0.39522 (log_k=-0.92832), d=0.00835 (log_d=-4.78598)
  Step  18 | loss=0.999650 | k=0.39522 (log_k=-0.92832), d=0.00835 (log_d=-4.78598)
  Step  19 | loss=0.999650 | k=0.39522 (log_k=-0.92832), d=0.00835 (log_d=-4.78598)
  Step  20 | loss=0.999650 | k=0.39522 (log_k=-0.92832), d=0.00835 (log_d=-4.78598)
Generator Loss: 0.9996 | Updated Params -> K: 0.39522, D: 0.00835

=== GAN Iteration 16/20 ===
Collecting Generated (ComFree_Warp) trajectories...
Training Discriminator for 10 epochs...
Discriminator Loss: 0.0116
Optimizing ComFree parameters to fool the Discriminator...
  Step   1 | loss=0.995368 | k=0.39522 (log_k=-0.92832), d=0.00835 (log_d=-4.78598)
  Step   2 | loss=0.995361 | k=0.39523 (log_k=-0.92830), d=0.00835 (log_d=-4.78595)
  Step   3 | loss=0.995354 | k=0.39524 (log_k=-0.92829), d=0.00835 (log_d=-4.78593)
  Step   4 | loss=0.995347 | k=0.39524 (log_k=-0.92827), d=0.00835 (log_d=-4.78590)
  Step   5 | loss=0.995340 | k=0.39525 (log_k=-0.92825), d=0.00835 (log_d=-4.78588)
  Step   6 | loss=0.995332 | k=0.39526 (log_k=-0.92824), d=0.00835 (log_d=-4.78585)
  Step   7 | loss=0.995325 | k=0.39526 (log_k=-0.92822), d=0.00835 (log_d=-4.78582)
  Step   8 | loss=0.995318 | k=0.39527 (log_k=-0.92821), d=0.00835 (log_d=-4.78580)
  Step   9 | loss=0.995310 | k=0.39527 (log_k=-0.92819), d=0.00835 (log_d=-4.78577)
  Step  10 | loss=0.995303 | k=0.39528 (log_k=-0.92818), d=0.00835 (log_d=-4.78575)
  Step  11 | loss=0.995296 | k=0.39529 (log_k=-0.92816), d=0.00835 (log_d=-4.78572)
  Step  12 | loss=0.995289 | k=0.39529 (log_k=-0.92814), d=0.00835 (log_d=-4.78570)
  Step  13 | loss=0.995281 | k=0.39530 (log_k=-0.92813), d=0.00835 (log_d=-4.78567)
  Step  14 | loss=0.995274 | k=0.39531 (log_k=-0.92811), d=0.00835 (log_d=-4.78564)
  Step  15 | loss=0.995267 | k=0.39531 (log_k=-0.92810), d=0.00835 (log_d=-4.78562)
  Step  16 | loss=0.995260 | k=0.39532 (log_k=-0.92808), d=0.00835 (log_d=-4.78559)
  Step  17 | loss=0.995253 | k=0.39532 (log_k=-0.92806), d=0.00835 (log_d=-4.78557)
  Step  18 | loss=0.995246 | k=0.39533 (log_k=-0.92805), d=0.00835 (log_d=-4.78554)
  Step  19 | loss=0.995239 | k=0.39534 (log_k=-0.92803), d=0.00835 (log_d=-4.78552)
  Step  20 | loss=0.995232 | k=0.39534 (log_k=-0.92802), d=0.00835 (log_d=-4.78549)
Generator Loss: 0.9952 | Updated Params -> K: 0.39534, D: 0.00835

=== GAN Iteration 17/20 ===
Collecting Generated (ComFree_Warp) trajectories...
Training Discriminator for 10 epochs...
Discriminator Loss: 0.0080
Optimizing ComFree parameters to fool the Discriminator...
  Step   1 | loss=0.912499 | k=0.39538 (log_k=-0.92800), d=0.00835 (log_d=-4.78547)
  Step   2 | loss=0.912374 | k=0.39542 (log_k=-0.92791), d=0.00835 (log_d=-4.78553)
  Step   3 | loss=0.912250 | k=0.39545 (log_k=-0.92781), d=0.00835 (log_d=-4.78560)
  Step   4 | loss=0.912110 | k=0.39549 (log_k=-0.92772), d=0.00835 (log_d=-4.78568)
  Step   5 | loss=0.895067 | k=0.39553 (log_k=-0.92764), d=0.00817 (log_d=-4.78579)
  Step   6 | loss=0.889517 | k=0.39522 (log_k=-0.92754), d=0.00816 (log_d=-4.80703)
  Step   7 | loss=0.916336 | k=0.39525 (log_k=-0.92830), d=0.00816 (log_d=-4.80852)
  Step   8 | loss=0.916215 | k=0.39530 (log_k=-0.92823), d=0.00816 (log_d=-4.80844)
  Step   9 | loss=0.916077 | k=0.39534 (log_k=-0.92812), d=0.00816 (log_d=-4.80837)
  Step  10 | loss=0.915942 | k=0.39539 (log_k=-0.92801), d=0.00816 (log_d=-4.80831)
  Step  11 | loss=0.915803 | k=0.39543 (log_k=-0.92789), d=0.00816 (log_d=-4.80824)
  Step  12 | loss=0.915660 | k=0.39548 (log_k=-0.92778), d=0.00816 (log_d=-4.80817)
  Step  13 | loss=0.915452 | k=0.39551 (log_k=-0.92766), d=0.00817 (log_d=-4.80805)
  Step  14 | loss=0.909576 | k=0.39551 (log_k=-0.92757), d=0.00817 (log_d=-4.80749)
  Step  15 | loss=0.893282 | k=0.38784 (log_k=-0.92758), d=0.00821 (log_d=-4.80713)
  Step  16 | loss=0.895812 | k=0.38791 (log_k=-0.94715), d=0.00821 (log_d=-4.80219)
  Step  17 | loss=0.895547 | k=0.38798 (log_k=-0.94697), d=0.00821 (log_d=-4.80222)
  Step  18 | loss=0.895347 | k=0.38803 (log_k=-0.94681), d=0.00821 (log_d=-4.80225)
  Step  19 | loss=0.895175 | k=0.38809 (log_k=-0.94666), d=0.00821 (log_d=-4.80225)
  Step  20 | loss=0.895012 | k=0.38814 (log_k=-0.94652), d=0.00821 (log_d=-4.80223)
Generator Loss: 0.8895 | Updated Params -> K: 0.39522, D: 0.00816

=== GAN Iteration 18/20 ===
Collecting Generated (ComFree_Warp) trajectories...
Training Discriminator for 10 epochs...
Discriminator Loss: 0.0182
Optimizing ComFree parameters to fool the Discriminator...
  Step   1 | loss=0.946737 | k=0.39518 (log_k=-0.92830), d=0.00816 (log_d=-4.80852)
  Step   2 | loss=0.946596 | k=0.39513 (log_k=-0.92841), d=0.00816 (log_d=-4.80846)
  Step   3 | loss=0.946451 | k=0.39509 (log_k=-0.92853), d=0.00816 (log_d=-4.80838)
  Step   4 | loss=0.946309 | k=0.39504 (log_k=-0.92865), d=0.00816 (log_d=-4.80832)
  Step   5 | loss=0.946159 | k=0.39500 (log_k=-0.92876), d=0.00816 (log_d=-4.80824)
  Step   6 | loss=0.946015 | k=0.39495 (log_k=-0.92887), d=0.00816 (log_d=-4.80817)
  Step   7 | loss=0.945869 | k=0.39490 (log_k=-0.92899), d=0.00816 (log_d=-4.80810)
  Step   8 | loss=0.945720 | k=0.39486 (log_k=-0.92911), d=0.00816 (log_d=-4.80803)
  Step   9 | loss=0.945575 | k=0.39481 (log_k=-0.92923), d=0.00817 (log_d=-4.80796)
  Step  10 | loss=0.945425 | k=0.39477 (log_k=-0.92934), d=0.00817 (log_d=-4.80788)
  Step  11 | loss=0.945273 | k=0.39472 (log_k=-0.92945), d=0.00817 (log_d=-4.80781)
  Step  12 | loss=0.945122 | k=0.39468 (log_k=-0.92957), d=0.00817 (log_d=-4.80774)
  Step  13 | loss=0.944976 | k=0.39463 (log_k=-0.92969), d=0.00817 (log_d=-4.80767)
  Step  14 | loss=0.944820 | k=0.39459 (log_k=-0.92980), d=0.00817 (log_d=-4.80759)
  Step  15 | loss=0.944666 | k=0.39454 (log_k=-0.92992), d=0.00817 (log_d=-4.80752)
  Step  16 | loss=0.944510 | k=0.39449 (log_k=-0.93004), d=0.00817 (log_d=-4.80744)
  Step  17 | loss=0.944351 | k=0.39444 (log_k=-0.93016), d=0.00817 (log_d=-4.80737)
  Step  18 | loss=0.944196 | k=0.39440 (log_k=-0.93028), d=0.00817 (log_d=-4.80730)
  Step  19 | loss=0.944037 | k=0.39435 (log_k=-0.93040), d=0.00817 (log_d=-4.80722)
  Step  20 | loss=0.943880 | k=0.39430 (log_k=-0.93052), d=0.00817 (log_d=-4.80715)
Generator Loss: 0.9439 | Updated Params -> K: 0.39430, D: 0.00817

=== GAN Iteration 19/20 ===
Collecting Generated (ComFree_Warp) trajectories...
Training Discriminator for 10 epochs...
Discriminator Loss: 0.0201
Optimizing ComFree parameters to fool the Discriminator...
  Step   1 | loss=0.817998 | k=0.39437 (log_k=-0.93064), d=0.00817 (log_d=-4.80707)
  Step   2 | loss=0.817725 | k=0.39441 (log_k=-0.93047), d=0.00817 (log_d=-4.80699)
  Step   3 | loss=0.817532 | k=0.39445 (log_k=-0.93036), d=0.00817 (log_d=-4.80689)
  Step   4 | loss=0.817364 | k=0.39448 (log_k=-0.93027), d=0.00818 (log_d=-4.80678)
  Step   5 | loss=0.817207 | k=0.39450 (log_k=-0.93019), d=0.00818 (log_d=-4.80667)
  Step   6 | loss=0.817062 | k=0.39452 (log_k=-0.93013), d=0.00818 (log_d=-4.80655)
  Step   7 | loss=0.816920 | k=0.39454 (log_k=-0.93008), d=0.00818 (log_d=-4.80643)
  Step   8 | loss=0.816779 | k=0.39456 (log_k=-0.93003), d=0.00818 (log_d=-4.80631)
  Step   9 | loss=0.816640 | k=0.39458 (log_k=-0.92999), d=0.00818 (log_d=-4.80619)
  Step  10 | loss=0.816503 | k=0.39459 (log_k=-0.92995), d=0.00818 (log_d=-4.80607)
  Step  11 | loss=0.816368 | k=0.39461 (log_k=-0.92991), d=0.00818 (log_d=-4.80595)
  Step  12 | loss=0.816232 | k=0.39462 (log_k=-0.92987), d=0.00818 (log_d=-4.80583)
  Step  13 | loss=0.816100 | k=0.39464 (log_k=-0.92983), d=0.00818 (log_d=-4.80571)
  Step  14 | loss=0.815970 | k=0.39465 (log_k=-0.92979), d=0.00818 (log_d=-4.80559)
  Step  15 | loss=0.815842 | k=0.39467 (log_k=-0.92975), d=0.00819 (log_d=-4.80547)
  Step  16 | loss=0.815715 | k=0.39468 (log_k=-0.92972), d=0.00819 (log_d=-4.80536)
  Step  17 | loss=0.815592 | k=0.39469 (log_k=-0.92968), d=0.00819 (log_d=-4.80524)
  Step  18 | loss=0.815471 | k=0.39471 (log_k=-0.92964), d=0.00819 (log_d=-4.80513)
  Step  19 | loss=0.815350 | k=0.39472 (log_k=-0.92961), d=0.00819 (log_d=-4.80501)
  Step  20 | loss=0.815230 | k=0.39474 (log_k=-0.92957), d=0.00819 (log_d=-4.80490)
Generator Loss: 0.8152 | Updated Params -> K: 0.39474, D: 0.00819

=== GAN Iteration 20/20 ===
Collecting Generated (ComFree_Warp) trajectories...
Training Discriminator for 10 epochs...
Discriminator Loss: 0.0169
Optimizing ComFree parameters to fool the Discriminator...
  Step   1 | loss=0.999967 | k=0.39474 (log_k=-0.92954), d=0.00819 (log_d=-4.80478)
  Step   2 | loss=0.999967 | k=0.39474 (log_k=-0.92954), d=0.00819 (log_d=-4.80478)
  Step   3 | loss=0.999967 | k=0.39474 (log_k=-0.92954), d=0.00819 (log_d=-4.80478)
  Step   4 | loss=0.999967 | k=0.39474 (log_k=-0.92954), d=0.00819 (log_d=-4.80478)
  Step   5 | loss=0.999967 | k=0.39474 (log_k=-0.92954), d=0.00819 (log_d=-4.80478)
  Step   6 | loss=0.999967 | k=0.39474 (log_k=-0.92954), d=0.00819 (log_d=-4.80478)
  Step   7 | loss=0.999967 | k=0.39474 (log_k=-0.92954), d=0.00819 (log_d=-4.80478)
  Step   8 | loss=0.999967 | k=0.39474 (log_k=-0.92954), d=0.00819 (log_d=-4.80478)
  Step   9 | loss=0.999967 | k=0.39474 (log_k=-0.92954), d=0.00819 (log_d=-4.80478)
  Step  10 | loss=0.999967 | k=0.39474 (log_k=-0.92954), d=0.00819 (log_d=-4.80478)
  Step  11 | loss=0.999967 | k=0.39474 (log_k=-0.92954), d=0.00819 (log_d=-4.80478)
  Step  12 | loss=0.999967 | k=0.39474 (log_k=-0.92954), d=0.00819 (log_d=-4.80478)
  Step  13 | loss=0.999967 | k=0.39474 (log_k=-0.92954), d=0.00819 (log_d=-4.80478)
  Step  14 | loss=0.999967 | k=0.39474 (log_k=-0.92954), d=0.00819 (log_d=-4.80478)
  Step  15 | loss=0.999967 | k=0.39474 (log_k=-0.92954), d=0.00819 (log_d=-4.80478)
  Step  16 | loss=0.999967 | k=0.39474 (log_k=-0.92954), d=0.00819 (log_d=-4.80478)
  Step  17 | loss=0.999967 | k=0.39474 (log_k=-0.92954), d=0.00819 (log_d=-4.80478)
  Step  18 | loss=0.999967 | k=0.39474 (log_k=-0.92954), d=0.00819 (log_d=-4.80478)
  Step  19 | loss=0.999967 | k=0.39474 (log_k=-0.92954), d=0.00819 (log_d=-4.80478)
  Step  20 | loss=0.999967 | k=0.39474 (log_k=-0.92954), d=0.00819 (log_d=-4.80478)
Generator Loss: 1.0000 | Updated Params -> K: 0.39474, D: 0.00819

Training complete. Artifacts saved to: /home/kg878/scratch_pi_amd78/kg878/gan_training/results/run_mlp_lr_d0.0005_lr_g0.000125
