Starting Task 8: Model=mlp, LR_D=0.0000025, LR_G=0.0025
Warp 1.12.0 initialized:
   CUDA Toolkit 12.9, Driver 12.8
   Devices:
     "cpu"      : "x86_64"
     "cuda:0"   : "NVIDIA RTX 5000 Ada Generation" (31 GiB, sm_89, mempool enabled)
   Kernel cache:
     /home/kg878/.cache/warp/1.12.0
Module mujoco_warp._src.smooth f756680 load on device 'cuda:0' took 5.32 ms  (cached)
Module mujoco_warp._src.collision_driver 4d8b905 load on device 'cuda:0' took 0.61 ms  (cached)
Module _nxn_broadphase__locals__kernel_83765485 8376548 load on device 'cuda:0' took 0.51 ms  (cached)
Module _primitive_narrowphase__locals__primitive_narrowphase_799bf360 799bf36 load on device 'cuda:0' took 1.14 ms  (cached)
Module mujoco_warp._src.constraint 63c97cb load on device 'cuda:0' took 1.05 ms  (cached)
Module mujoco_warp._src.passive 7fb8524 load on device 'cuda:0' took 0.80 ms  (cached)
Module mujoco_warp._src.forward 5a5c0b5 load on device 'cuda:0' took 1.48 ms  (cached)
Module mujoco_warp._src.support 343d1ae load on device 'cuda:0' took 0.89 ms  (cached)
Module _tile_cholesky_factorize_solve__locals__cholesky_factorize_solve_31e2b081 1603efb load on device 'cuda:0' took 24.17 ms  (cached)
Module mujoco_warp._src.solver eaac975 load on device 'cuda:0' took 0.82 ms  (cached)
Module solve_init_jaref__locals__kernel_21fae504 21fae50 load on device 'cuda:0' took 0.66 ms  (cached)
Module mul_m_dense__locals___mul_m_dense_fbd74bb9 fbd74bb load on device 'cuda:0' took 1.03 ms  (cached)
Module update_constraint_efc__locals__kernel_d4ac54f8 d4ac54f load on device 'cuda:0' took 0.96 ms  (cached)
Module update_constraint_gauss_cost__locals__kernel_73299c19 73299c1 load on device 'cuda:0' took 1.01 ms  (cached)
Module update_gradient_JTDAJ_dense_tiled__locals__kernel_92d753e0 6f5ab40 load on device 'cuda:0' took 0.71 ms  (cached)
Module update_gradient_cholesky__locals__kernel_1e67b2d5 4da60ef load on device 'cuda:0' took 25.00 ms  (cached)
Module linesearch_iterative__locals__kernel_e835d44f c716e5e load on device 'cuda:0' took 0.64 ms  (cached)
Module update_constraint_efc__locals__kernel_5c3dedb8 5c3dedb load on device 'cuda:0' took 0.72 ms  (cached)
Module _tile_euler_dense__locals__euler_dense_c71389e7 8e3457a load on device 'cuda:0' took 25.15 ms  (cached)
Module comfree_warp.mujoco_warp._src.smooth c02eb38 load on device 'cuda:0' took 0.90 ms  (cached)
Module _tile_cholesky_factorize__locals__cholesky_factorize_d03d54d2 1278567 load on device 'cuda:0' took 15.02 ms  (cached)
Module comfree_warp.mujoco_warp._src.collision_driver 4d8b905 load on device 'cuda:0' took 0.52 ms  (cached)
Module _primitive_narrowphase__locals__primitive_narrowphase_fa8f2c5f fa8f2c5 load on device 'cuda:0' took 0.57 ms  (cached)
Module comfree_warp.comfree_core._src.constraint 244f68b load on device 'cuda:0' took 0.68 ms  (cached)
Module comfree_warp.mujoco_warp._src.passive 5be88d0 load on device 'cuda:0' took 0.57 ms  (cached)
Module comfree_warp.mujoco_warp._src.forward 13e94f4 load on device 'cuda:0' took 0.67 ms  (cached)
Module comfree_warp.mujoco_warp._src.support 343d1ae load on device 'cuda:0' took 0.49 ms  (cached)
Module comfree_warp.comfree_core._src.forward 7a027f4 load on device 'cuda:0' took 0.54 ms  (cached)
Module _tile_cholesky_solve__locals__cholesky_solve_612ff9f0 d6a4fa0 load on device 'cuda:0' took 17.90 ms  (cached)
Module comfree_warp.mujoco_warp._src.sensor db84035 load on device 'cuda:0' took 0.94 ms  (cached)
Running on cuda
Sampled 10 new goals.
Collecting Ground Truth (Standard MuJoCo) trajectories...

=== GAN Iteration 1/30 ===
Collecting Generated (ComFree_Warp) trajectories...
Training Discriminator for 10 epochs...
Discriminator Loss: 0.6662
Optimizing ComFree parameters...
  Step   1 | loss=0.536537 | k=[2.00e-01], d=[1.00e-02]
  Step   2 | loss=0.536533 | k=[2.00e-01], d=[1.00e-02]
Generator Loss: 0.5365 | Updated Params -> K: 2.00e-01, D: 1.00e-02

=== GAN Iteration 2/30 ===
Collecting Generated (ComFree_Warp) trajectories...
Training Discriminator for 10 epochs...
Discriminator Loss: 0.6653
Optimizing ComFree parameters...
  Step   1 | loss=0.548367 | k=[2.00e-01], d=[1.00e-02]
  Step   2 | loss=0.548364 | k=[2.00e-01], d=[1.00e-02]
Generator Loss: 0.5484 | Updated Params -> K: 2.00e-01, D: 1.00e-02

=== GAN Iteration 3/30 ===
Collecting Generated (ComFree_Warp) trajectories...
Training Discriminator for 10 epochs...
Discriminator Loss: 0.6514
Optimizing ComFree parameters...
  Step   1 | loss=0.564315 | k=[2.00e-01], d=[1.00e-02]
  Step   2 | loss=0.564311 | k=[2.00e-01], d=[1.00e-02]
Generator Loss: 0.5643 | Updated Params -> K: 2.00e-01, D: 1.00e-02

=== GAN Iteration 4/30 ===
Collecting Generated (ComFree_Warp) trajectories...
Training Discriminator for 10 epochs...
Discriminator Loss: 0.6295
Optimizing ComFree parameters...
  Step   1 | loss=0.574248 | k=[2.00e-01], d=[1.00e-02]
  Step   2 | loss=0.574246 | k=[2.00e-01], d=[1.00e-02]
Generator Loss: 0.5742 | Updated Params -> K: 2.00e-01, D: 1.00e-02

=== GAN Iteration 5/30 ===
Collecting Generated (ComFree_Warp) trajectories...
Training Discriminator for 10 epochs...
Discriminator Loss: 0.6172
Optimizing ComFree parameters...
  Step   1 | loss=0.585733 | k=[2.00e-01], d=[1.00e-02]
  Step   2 | loss=0.585709 | k=[2.00e-01], d=[9.99e-03]
Generator Loss: 0.5857 | Updated Params -> K: 2.00e-01, D: 9.99e-03

=== GAN Iteration 6/30 ===
Collecting Generated (ComFree_Warp) trajectories...
Training Discriminator for 10 epochs...
Discriminator Loss: 0.6007
Optimizing ComFree parameters...
  Step   1 | loss=0.633818 | k=[2.00e-01], d=[9.99e-03]
  Step   2 | loss=0.633797 | k=[2.00e-01], d=[9.99e-03]
Generator Loss: 0.6338 | Updated Params -> K: 2.00e-01, D: 9.99e-03

=== GAN Iteration 7/30 ===
Collecting Generated (ComFree_Warp) trajectories...
Training Discriminator for 10 epochs...
Discriminator Loss: 0.5768
Optimizing ComFree parameters...
  Step   1 | loss=0.667465 | k=[2.00e-01], d=[9.98e-03]
  Step   2 | loss=0.667368 | k=[2.00e-01], d=[9.98e-03]
Generator Loss: 0.6674 | Updated Params -> K: 2.00e-01, D: 9.98e-03

=== GAN Iteration 8/30 ===
Collecting Generated (ComFree_Warp) trajectories...
Training Discriminator for 10 epochs...
Discriminator Loss: 0.5498
Optimizing ComFree parameters...
  Step   1 | loss=0.688788 | k=[2.00e-01], d=[9.97e-03]
  Step   2 | loss=0.688700 | k=[2.00e-01], d=[9.97e-03]
Generator Loss: 0.6887 | Updated Params -> K: 2.00e-01, D: 9.97e-03

=== GAN Iteration 9/30 ===
Collecting Generated (ComFree_Warp) trajectories...
Training Discriminator for 10 epochs...
Discriminator Loss: 0.5164
Optimizing ComFree parameters...
  Step   1 | loss=0.646171 | k=[2.00e-01], d=[9.97e-03]
  Step   2 | loss=0.646370 | k=[2.00e-01], d=[9.97e-03]
Generator Loss: 0.6462 | Updated Params -> K: 2.00e-01, D: 9.97e-03

=== GAN Iteration 10/30 ===
Collecting Generated (ComFree_Warp) trajectories...
Training Discriminator for 10 epochs...
Discriminator Loss: 0.4908
Optimizing ComFree parameters...
  Step   1 | loss=0.682899 | k=[2.00e-01], d=[9.96e-03]
  Step   2 | loss=0.682702 | k=[2.00e-01], d=[9.96e-03]
Generator Loss: 0.6827 | Updated Params -> K: 2.00e-01, D: 9.96e-03

=== GAN Iteration 11/30 ===
Collecting Generated (ComFree_Warp) trajectories...
Training Discriminator for 10 epochs...
Discriminator Loss: 0.4652
Optimizing ComFree parameters...
  Step   1 | loss=0.726362 | k=[2.00e-01], d=[9.95e-03]
  Step   2 | loss=0.726240 | k=[2.00e-01], d=[9.95e-03]
Generator Loss: 0.7262 | Updated Params -> K: 2.00e-01, D: 9.95e-03

=== GAN Iteration 12/30 ===
Collecting Generated (ComFree_Warp) trajectories...
Training Discriminator for 10 epochs...
Discriminator Loss: 0.4315
Optimizing ComFree parameters...
  Step   1 | loss=0.693563 | k=[2.00e-01], d=[9.94e-03]
  Step   2 | loss=0.693355 | k=[2.00e-01], d=[9.93e-03]
Generator Loss: 0.6934 | Updated Params -> K: 2.00e-01, D: 9.93e-03

=== GAN Iteration 13/30 ===
Collecting Generated (ComFree_Warp) trajectories...
Training Discriminator for 10 epochs...
Discriminator Loss: 0.4115
Optimizing ComFree parameters...
  Step   1 | loss=0.744426 | k=[2.00e-01], d=[9.93e-03]
  Step   2 | loss=0.744342 | k=[2.00e-01], d=[9.92e-03]
Generator Loss: 0.7443 | Updated Params -> K: 2.00e-01, D: 9.92e-03

=== GAN Iteration 14/30 ===
Collecting Generated (ComFree_Warp) trajectories...
Training Discriminator for 10 epochs...
Discriminator Loss: 0.3867
Optimizing ComFree parameters...
  Step   1 | loss=0.773959 | k=[2.00e-01], d=[9.92e-03]
  Step   2 | loss=0.773744 | k=[2.00e-01], d=[9.91e-03]
Generator Loss: 0.7737 | Updated Params -> K: 2.00e-01, D: 9.91e-03

=== GAN Iteration 15/30 ===
Collecting Generated (ComFree_Warp) trajectories...
Training Discriminator for 10 epochs...
Discriminator Loss: 0.3634
Optimizing ComFree parameters...
  Step   1 | loss=0.656536 | k=[1.99e-01], d=[9.90e-03]
  Step   2 | loss=0.655978 | k=[2.00e-01], d=[9.92e-03]
Generator Loss: 0.6560 | Updated Params -> K: 2.00e-01, D: 9.92e-03

=== GAN Iteration 16/30 ===
Collecting Generated (ComFree_Warp) trajectories...
Training Discriminator for 10 epochs...
Discriminator Loss: 0.3463
Optimizing ComFree parameters...
  Step   1 | loss=0.838628 | k=[2.00e-01], d=[9.91e-03]
  Step   2 | loss=0.838549 | k=[2.00e-01], d=[9.91e-03]
Generator Loss: 0.8385 | Updated Params -> K: 2.00e-01, D: 9.91e-03

=== GAN Iteration 17/30 ===
Collecting Generated (ComFree_Warp) trajectories...
Training Discriminator for 10 epochs...
Discriminator Loss: 0.3199
Optimizing ComFree parameters...
  Step   1 | loss=0.816185 | k=[2.00e-01], d=[9.90e-03]
  Step   2 | loss=0.816057 | k=[2.00e-01], d=[9.90e-03]
Generator Loss: 0.8161 | Updated Params -> K: 2.00e-01, D: 9.90e-03

=== GAN Iteration 18/30 ===
Collecting Generated (ComFree_Warp) trajectories...
Training Discriminator for 10 epochs...
Discriminator Loss: 0.2922
Optimizing ComFree parameters...
  Step   1 | loss=0.881184 | k=[2.00e-01], d=[9.89e-03]
  Step   2 | loss=0.880167 | k=[2.00e-01], d=[9.88e-03]
Generator Loss: 0.8802 | Updated Params -> K: 2.00e-01, D: 9.88e-03

=== GAN Iteration 19/30 ===
Collecting Generated (ComFree_Warp) trajectories...
Training Discriminator for 10 epochs...
Discriminator Loss: 0.2653
Optimizing ComFree parameters...
  Step   1 | loss=0.929586 | k=[2.00e-01], d=[9.87e-03]
  Step   2 | loss=0.929421 | k=[2.00e-01], d=[9.86e-03]
Generator Loss: 0.9294 | Updated Params -> K: 2.00e-01, D: 9.86e-03

=== GAN Iteration 20/30 ===
Collecting Generated (ComFree_Warp) trajectories...
Training Discriminator for 10 epochs...
Discriminator Loss: 0.2417
Optimizing ComFree parameters...
  Step   1 | loss=0.884988 | k=[2.00e-01], d=[9.86e-03]
  Step   2 | loss=0.884933 | k=[2.00e-01], d=[9.86e-03]
Generator Loss: 0.8849 | Updated Params -> K: 2.00e-01, D: 9.86e-03

=== GAN Iteration 21/30 ===
Collecting Generated (ComFree_Warp) trajectories...
Training Discriminator for 10 epochs...
Discriminator Loss: 0.2183
Optimizing ComFree parameters...
  Step   1 | loss=0.832420 | k=[2.00e-01], d=[9.85e-03]
  Step   2 | loss=0.832044 | k=[2.00e-01], d=[9.84e-03]
Generator Loss: 0.8320 | Updated Params -> K: 2.00e-01, D: 9.84e-03

=== GAN Iteration 22/30 ===
Collecting Generated (ComFree_Warp) trajectories...
Training Discriminator for 10 epochs...
Discriminator Loss: 0.2006
Optimizing ComFree parameters...
  Step   1 | loss=0.818828 | k=[2.00e-01], d=[9.83e-03]
  Step   2 | loss=0.818602 | k=[2.00e-01], d=[9.83e-03]
Generator Loss: 0.8186 | Updated Params -> K: 2.00e-01, D: 9.83e-03

=== GAN Iteration 23/30 ===
Collecting Generated (ComFree_Warp) trajectories...
Training Discriminator for 10 epochs...
Discriminator Loss: 0.1844
Optimizing ComFree parameters...
  Step   1 | loss=0.945834 | k=[2.00e-01], d=[9.82e-03]
  Step   2 | loss=0.945797 | k=[2.00e-01], d=[9.82e-03]
Generator Loss: 0.9458 | Updated Params -> K: 2.00e-01, D: 9.82e-03

=== GAN Iteration 24/30 ===
Collecting Generated (ComFree_Warp) trajectories...
Training Discriminator for 10 epochs...
Discriminator Loss: 0.1649
Optimizing ComFree parameters...
  Step   1 | loss=0.931347 | k=[2.00e-01], d=[9.82e-03]
  Step   2 | loss=0.931198 | k=[2.00e-01], d=[9.81e-03]
Generator Loss: 0.9312 | Updated Params -> K: 2.00e-01, D: 9.81e-03

=== GAN Iteration 25/30 ===
Collecting Generated (ComFree_Warp) trajectories...
Training Discriminator for 10 epochs...
Discriminator Loss: 0.1476
Optimizing ComFree parameters...
  Step   1 | loss=0.832120 | k=[2.00e-01], d=[9.83e-03]
  Step   2 | loss=0.832719 | k=[2.00e-01], d=[9.82e-03]
Generator Loss: 0.8321 | Updated Params -> K: 2.00e-01, D: 9.83e-03

=== GAN Iteration 26/30 ===
Collecting Generated (ComFree_Warp) trajectories...
Training Discriminator for 10 epochs...
Discriminator Loss: 0.1362
Optimizing ComFree parameters...
  Step   1 | loss=0.810993 | k=[2.00e-01], d=[9.83e-03]
  Step   2 | loss=0.812297 | k=[2.00e-01], d=[9.82e-03]
Generator Loss: 0.8110 | Updated Params -> K: 2.00e-01, D: 9.83e-03

=== GAN Iteration 27/30 ===
Collecting Generated (ComFree_Warp) trajectories...
Training Discriminator for 10 epochs...
Discriminator Loss: 0.1261
Optimizing ComFree parameters...
  Step   1 | loss=0.851870 | k=[2.00e-01], d=[9.82e-03]
  Step   2 | loss=0.877682 | k=[2.00e-01], d=[9.81e-03]
Generator Loss: 0.8519 | Updated Params -> K: 2.00e-01, D: 9.82e-03

=== GAN Iteration 28/30 ===
Collecting Generated (ComFree_Warp) trajectories...
Training Discriminator for 10 epochs...
Discriminator Loss: 0.1152
Optimizing ComFree parameters...
  Step   1 | loss=0.946847 | k=[2.00e-01], d=[9.81e-03]
  Step   2 | loss=0.946815 | k=[2.00e-01], d=[9.81e-03]
Generator Loss: 0.9468 | Updated Params -> K: 2.00e-01, D: 9.81e-03

=== GAN Iteration 29/30 ===
Collecting Generated (ComFree_Warp) trajectories...
Training Discriminator for 10 epochs...
Discriminator Loss: 0.1030
Optimizing ComFree parameters...
  Step   1 | loss=0.949033 | k=[2.00e-01], d=[9.79e-03]
  Step   2 | loss=0.947848 | k=[1.99e-01], d=[9.79e-03]
Generator Loss: 0.9478 | Updated Params -> K: 1.99e-01, D: 9.79e-03

=== GAN Iteration 30/30 ===
Collecting Generated (ComFree_Warp) trajectories...
Training Discriminator for 10 epochs...
Discriminator Loss: 0.0906
Optimizing ComFree parameters...
  Step   1 | loss=0.921881 | k=[1.99e-01], d=[9.78e-03]
  Step   2 | loss=0.921620 | k=[1.99e-01], d=[9.77e-03]
Generator Loss: 0.9216 | Updated Params -> K: 1.99e-01, D: 9.77e-03

Training complete. Artifacts saved to: /home/kg878/scratch_pi_amd78/kg878/gan_training/results/run_mlp_lr_d0.0000025_lr_g0.0025
